(             libc.so[0xCBBEB000])[08 B5       ]0x0000E2F8:	PUSH	{R3, LR}	;(SP=0x100FEAA8 R3=0x00000000 LR=0x03000000 )
(             libc.so[0xCBBEB000])[00 22       ]0x0000E2FA:	MOVS	R2, #0
(             libc.so[0xCBBEB000])[1D EE 70 3F ]0x0000E2FC:	MRC	P15, #0, R3, C13, C0, #3	;(R3=0x00000000 )
(             libc.so[0xCBBEB000])[D8 68       ]0x0000E300:	LDR	R0, [R3, #0XC]	;(R3=0x02000000 )
(             libc.so[0xCBBEB000])[DA 60       ]0x0000E302:	STR	R2, [R3, #0XC]	;(R2=0x00000000 R3=0x02000000 )
(             libc.so[0xCBBEB000])[03 F0 96 FF ]0x0000E304:	BL	#0XCBBFD234	;(PC=0xCBBF9304 )
(             libc.so[0xCBBEB000])[16 4A       ]0x00012234:	LDR	R2, [PC, #0X58]	;(PC=0xCBBFD234 )
(             libc.so[0xCBBEB000])[38 B5       ]0x00012236:	PUSH	{R3, R4, R5, LR}	;(SP=0x100FEAA0 R3=0x02000000 R4=0x00000000 R5=0x00000000 LR=0xCBBF9309 )
(             libc.so[0xCBBEB000])[7A 44       ]0x00012238:	ADD	R2, PC	;(R2=0x0003C14C PC=0xCBBFD238 )
(             libc.so[0xCBBEB000])[83 68       ]0x0001223A:	LDR	R3, [R0, #8]	;(R0=0x100FEAA8 )
(             libc.so[0xCBBEB000])[04 46       ]0x0001223C:	MOV	R4, R0	;(R0=0x100FEAA8 )
(             libc.so[0xCBBEB000])[15 4D       ]0x0001223E:	LDR	R5, [PC, #0X54]	;(PC=0xCBBFD23E )
(             libc.so[0xCBBEB000])[13 60       ]0x00012240:	STR	R3, [R2]	;(R3=0x100FEAC4 R2=0xCBC39388 )
(             libc.so[0xCBBEB000])[02 F0 01 F9 ]0x00012242:	BL	#0XCBBFF448	;(PC=0xCBBFD242 )
(             libc.so[0xCBBEB000])[1D EE 70 0F ]0x00014448:	MRC	P15, #0, R0, C13, C0, #3 ; __errno	;(R0=0x100FEAA8 )
(             libc.so[0xCBBEB000])[08 30       ]0x0001444C:	ADDS	R0, #8	;(R0=0x02000000 )
(             libc.so[0xCBBEB000])[70 47       ]0x0001444E:	BX	LR	;(LR=0xCBBFD247 )
(             libc.so[0xCBBEB000])[00 21       ]0x00012246:	MOVS	R1, #0
(             libc.so[0xCBBEB000])[7D 44       ]0x00012248:	ADD	R5, PC	;(R5=0x00037D8C PC=0xCBBFD248 )
(             libc.so[0xCBBEB000])[E2 68       ]0x0001224A:	LDR	R2, [R4, #0XC]	;(R4=0x100FEAA8 )
(             libc.so[0xCBBEB000])[01 60       ]0x0001224C:	STR	R1, [R0]	;(R1=0x00000000 R0=0x02000008 )
(             libc.so[0xCBBEB000])[12 48       ]0x0001224E:	LDR	R0, [PC, #0X48]	;(PC=0xCBBFD24E )
(             libc.so[0xCBBEB000])[61 68       ]0x00012250:	LDR	R1, [R4, #4]	;(R4=0x100FEAA8 )
(             libc.so[0xCBBEB000])[2B 58       ]0x00012252:	LDR	R3, [R5, R0]	;(R5=0xCBC34FD8 R0=0xFFFFFF6C )
(             libc.so[0xCBBEB000])[1A 60       ]0x00012254:	STR	R2, [R3]	;(R2=0x100FEAF8 R3=0xCBC3937C )
(             libc.so[0xCBBEB000])[08 68       ]0x00012256:	LDR	R0, [R1]	;(R1=0x100FEABC )
(             libc.so[0xCBBEB000])[08 B9       ]0x00012258:	CBNZ	R0, #0XCBBFD25E	;(R0=0x100FEFEE )
(             libc.so[0xCBBEB000])[10 4B       ]0x0001225E:	LDR	R3, [PC, #0X40]	;(PC=0xCBBFD25E )
(             libc.so[0xCBBEB000])[10 4A       ]0x00012260:	LDR	R2, [PC, #0X40]	;(PC=0xCBBFD260 )
(             libc.so[0xCBBEB000])[7B 44       ]0x00012262:	ADD	R3, PC	;(R3=0x0003C11A PC=0xCBBFD262 )
(             libc.so[0xCBBEB000])[18 60       ]0x00012264:	STR	R0, [R3]	;(R0=0x100FEFEE R3=0xCBC39380 )
(             libc.so[0xCBBEB000])[20 69       ]0x00012266:	LDR	R0, [R4, #0X10]	;(R4=0x100FEAA8 )
(             libc.so[0xCBBEB000])[A9 58       ]0x00012268:	LDR	R1, [R5, R2]	;(R5=0xCBC34FD8 R2=0xFFFFFF70 )
(             libc.so[0xCBBEB000])[08 60       ]0x0001226A:	STR	R0, [R1]	;(R0=0x00000000 R1=0xCBC39390 )
(             libc.so[0xCBBEB000])[19 20       ]0x0001226C:	MOVS	R0, #0X19
(             libc.so[0xCBBEB000])[FF F7 93 FF ]0x0001226E:	BL	#0XCBBFD198	;(PC=0xCBBFD26E )
(             libc.so[0xCBBEB000])[06 4B       ]0x00012198:	LDR	R3, [PC, #0X18] ; getauxval	;(PC=0xCBBFD198 )
(             libc.so[0xCBBEB000])[7B 44       ]0x0001219A:	ADD	R3, PC	;(R3=0x0003C1DE PC=0xCBBFD19A )
(             libc.so[0xCBBEB000])[19 68       ]0x0001219C:	LDR	R1, [R3]	;(R3=0xCBC3937C )
(             libc.so[0xCBBEB000])[04 E0       ]0x0001219E:	B	#0XCBBFD1AA
(             libc.so[0xCBBEB000])[0A 68       ]0x000121AA:	LDR	R2, [R1]	;(R1=0x100FEAF8 )
(             libc.so[0xCBBEB000])[00 2A       ]0x000121AC:	CMP	R2, #0	;(R2=0x00000019 )
(             libc.so[0xCBBEB000])[F7 D1       ]0x000121AE:	BNE	#0XCBBFD1A0
(             libc.so[0xCBBEB000])[82 42       ]0x000121A0:	CMP	R2, R0	;(R2=0x00000019 R0=0x00000019 )
(             libc.so[0xCBBEB000])[01 D1       ]0x000121A2:	BNE	#0XCBBFD1A8
(             libc.so[0xCBBEB000])[48 68       ]0x000121A4:	LDR	R0, [R1, #4]	;(R1=0x100FEAF8 )
(             libc.so[0xCBBEB000])[70 47       ]0x000121A6:	BX	LR	;(LR=0xCBBFD273 )
(             libc.so[0xCBBEB000])[0D 4B       ]0x00012272:	LDR	R3, [PC, #0X34]	;(PC=0xCBBFD272 )
(             libc.so[0xCBBEB000])[7B 44       ]0x00012274:	ADD	R3, PC	;(R3=0x0003C10C PC=0xCBBFD274 )
(             libc.so[0xCBBEB000])[02 68       ]0x00012276:	LDR	R2, [R0]	;(R0=0x100FEFFC )
(             libc.so[0xCBBEB000])[1A 60       ]0x00012278:	STR	R2, [R3]	;(R2=0x00001000 R3=0xCBC39384 )
(             libc.so[0xCBBEB000])[00 F0 51 FE ]0x0001227A:	BL	#0XCBBFDF20	;(PC=0xCBBFD27A )
(             libc.so[0xCBBEB000])[1D EE 70 3F ]0x00012F20:	MRC	P15, #0, R3, C13, C0, #3 ; __get_thread	;(R3=0xCBC39384 )
(             libc.so[0xCBBEB000])[58 68       ]0x00012F24:	LDR	R0, [R3, #4]	;(R3=0x02000000 )
(             libc.so[0xCBBEB000])[70 47       ]0x00012F26:	BX	LR	;(LR=0xCBBFD27F )
(             libc.so[0xCBBEB000])[00 22       ]0x0001227E:	MOVS	R2, #0
(             libc.so[0xCBBEB000])[80 F8 24 20 ]0x00012280:	STRB.W	R2, [R0, #0X24]	;(R2=0x00000000 R0=0x100FF000 )
(             libc.so[0xCBBEB000])[00 F0 2C FE ]0x00012284:	BL	#0XCBBFDEE0	;(PC=0xCBBFD284 )
(             libc.so[0xCBBEB000])[10 B5       ]0x00012EE0:	PUSH	{R4, LR} ; _pthread_internal_add	;(SP=0x100FEA90 R4=0x100FEAA8 LR=0xCBBFD289 )
(             libc.so[0xCBBEB000])[04 46       ]0x00012EE2:	MOV	R4, R0	;(R0=0x100FF000 )
(             libc.so[0xCBBEB000])[0A 48       ]0x00012EE4:	LDR	R0, [PC, #0X28]	;(PC=0xCBBFDEE4 )
(             libc.so[0xCBBEB000])[78 44       ]0x00012EE6:	ADD	R0, PC	;(R0=0x0003B4B6 PC=0xCBBFDEE6 )
(             libc.so[0xCBBEB000])[FB F7 78 EC ]0x00012EE8:	BLX	#0XCBBF97DC	;(PC=0xCBBFDEE8 )
(             libc.so[0xCBBEB000])[90 FF FF EA ]0x0000E7DC:	B	#0XCBBF9624 ; pthread_mutex_lock	;(PC=0xCBBF97DC )
(             libc.so[0xCBBEB000])[F0 41 2D E9 ]0x0000E624:	PUSH	{R4, R5, R6, R7, R8, LR}	;(SP=0x100FEA88 R4=0x100FF000 R5=0xCBC34FD8 R6=0x00000000 R7=0x00000000 R8=0x00000000 LR=0xCBBFDEED )
(             libc.so[0xCBBEB000])[00 40 50 E2 ]0x0000E628:	SUBS	R4, R0, #0	;(R0=0xCBC393A0 )
(             libc.so[0xCBBEB000])[1B 00 00 0A ]0x0000E62C:	BEQ	#0XCBBF96A0	;(PC=0xCBBF962C )
(             libc.so[0xCBBEB000])[00 50 94 E5 ]0x0000E630:	LDR	R5, [R4]	;(R4=0xCBC393A0 )
(             libc.so[0xCBBEB000])[03 79 15 E2 ]0x0000E634:	ANDS	R7, R5, #0XC000	;(R5=0x00000000 )
(             libc.so[0xCBBEB000])[02 6A 05 E2 ]0x0000E638:	AND	R6, R5, #0X2000	;(R5=0x00000000 )
(             libc.so[0xCBBEB000])[19 00 00 1A ]0x0000E63C:	BNE	#0XCBBF96A8	;(PC=0xCBBF963C )
(             libc.so[0xCBBEB000])[01 00 86 E3 ]0x0000E640:	ORR	R0, R6, #1	;(R6=0x00000000 )
(             libc.so[0xCBBEB000])[9F 3F 94 E1 ]0x0000E644:	LDREX	R3, [R4]	;(R4=0xCBC393A0 )
(             libc.so[0xCBBEB000])[00 10 A0 E3 ]0x0000E648:	MOV	R1, #0
(             libc.so[0xCBBEB000])[06 00 33 E1 ]0x0000E64C:	TEQ	R3, R6	;(R3=0x00000000 R6=0x00000000 )
(             libc.so[0xCBBEB000])[90 1F 84 01 ]0x0000E650:	STREXEQ	R1, R0, [R4]	;(R0=0x00000001 R4=0xCBC393A0 )
(             libc.so[0xCBBEB000])[00 00 51 E3 ]0x0000E654:	CMP	R1, #0	;(R1=0x00000000 )
(             libc.so[0xCBBEB000])[F9 FF FF 1A ]0x0000E658:	BNE	#0XCBBF9644	;(PC=0xCBBF9658 )
(             libc.so[0xCBBEB000])[03 00 56 E1 ]0x0000E65C:	CMP	R6, R3	;(R6=0x00000000 R3=0x00000000 )
(             libc.so[0xCBBEB000])[02 50 86 13 ]0x0000E660:	ORRNE	R5, R6, #2	;(R6=0x00000000 )
(             libc.so[0xCBBEB000])[01 00 00 1A ]0x0000E664:	BNE	#0XCBBF9670	;(PC=0xCBBF9664 )
(             libc.so[0xCBBEB000])[09 00 00 EA ]0x0000E668:	B	#0XCBBF9694	;(PC=0xCBBF9668 )
(             libc.so[0xCBBEB000])[5F F0 7F F5 ]0x0000E694:	DMB	SY
(             libc.so[0xCBBEB000])[00 00 A0 E3 ]0x0000E698:	MOV	R0, #0
(             libc.so[0xCBBEB000])[F0 81 BD E8 ]0x0000E69C:	POP	{R4, R5, R6, R7, R8, PC}	;(SP=0x100FEA70 )
(             libc.so[0xCBBEB000])[09 4B       ]0x00012EEC:	LDR	R3, [PC, #0X24]	;(PC=0xCBBFDEEC )
(             libc.so[0xCBBEB000])[00 22       ]0x00012EEE:	MOVS	R2, #0
(             libc.so[0xCBBEB000])[62 60       ]0x00012EF0:	STR	R2, [R4, #4]	;(R2=0x00000000 R4=0x100FF000 )
(             libc.so[0xCBBEB000])[7B 44       ]0x00012EF2:	ADD	R3, PC	;(R3=0x0003B4A6 PC=0xCBBFDEF2 )
(             libc.so[0xCBBEB000])[18 68       ]0x00012EF4:	LDR	R0, [R3]	;(R3=0xCBC3939C )
(             libc.so[0xCBBEB000])[20 60       ]0x00012EF6:	STR	R0, [R4]	;(R0=0x00000000 R4=0x100FF000 )
(             libc.so[0xCBBEB000])[00 B1       ]0x00012EF8:	CBZ	R0, #0XCBBFDEFC	;(R0=0x00000000 )
(             libc.so[0xCBBEB000])[06 49       ]0x00012EFC:	LDR	R1, [PC, #0X18]	;(PC=0xCBBFDEFC )
(             libc.so[0xCBBEB000])[07 48       ]0x00012EFE:	LDR	R0, [PC, #0X1C]	;(PC=0xCBBFDEFE )
(             libc.so[0xCBBEB000])[79 44       ]0x00012F00:	ADD	R1, PC	;(R1=0x0003B498 PC=0xCBBFDF00 )
(             libc.so[0xCBBEB000])[78 44       ]0x00012F02:	ADD	R0, PC	;(R0=0x0003B49A PC=0xCBBFDF02 )
(             libc.so[0xCBBEB000])[0C 60       ]0x00012F04:	STR	R4, [R1]	;(R4=0x100FF000 R1=0xCBC3939C )
(             libc.so[0xCBBEB000])[BD E8 10 40 ]0x00012F06:	POP.W	{R4, LR}	;(SP=0x100FEA88 )
(             libc.so[0xCBBEB000])[2A F0 E7 BA ]0x00012F0A:	B.W	#0XCBC284DC
(             libc.so[0xCBBEB000])[78 47       ]0x0003D4DC:	BX	PC	;(PC=0xCBC284DC )
(             libc.so[0xCBBEB000])[00 C0 9F E5 ]0x0003D4E0:	LDR	IP, [PC]	;(PC=0xCBC284E0 )
(             libc.so[0xCBBEB000])[0F F0 8C E0 ]0x0003D4E4:	ADD	PC, IP, PC	;(IP=0xFFFD13F4 PC=0xCBC284E4 )
(             libc.so[0xCBBEB000])[BE FF FF EA ]0x0000E8E0:	B	#0XCBBF97E0 ; pthread_mutex_unlock	;(PC=0xCBBF98E0 )
(             libc.so[0xCBBEB000])[70 40 2D E9 ]0x0000E7E0:	PUSH	{R4, R5, R6, LR}	;(SP=0x100FEA90 R4=0x100FEAA8 R5=0xCBC34FD8 R6=0x00000000 LR=0xCBBFD289 )
(             libc.so[0xCBBEB000])[00 40 50 E2 ]0x0000E7E4:	SUBS	R4, R0, #0	;(R0=0xCBC393A0 )
(             libc.so[0xCBBEB000])[08 D0 4D E2 ]0x0000E7E8:	SUB	SP, SP, #8	;(SP=0x100FEA80 )
(             libc.so[0xCBBEB000])[2B 00 00 0A ]0x0000E7EC:	BEQ	#0XCBBF98A0	;(PC=0xCBBF97EC )
(             libc.so[0xCBBEB000])[00 50 94 E5 ]0x0000E7F0:	LDR	R5, [R4]	;(R4=0xCBC393A0 )
(             libc.so[0xCBBEB000])[03 69 15 E2 ]0x0000E7F4:	ANDS	R6, R5, #0XC000	;(R5=0x00000001 )
(             libc.so[0xCBBEB000])[02 1A 05 E2 ]0x0000E7F8:	AND	R1, R5, #0X2000	;(R5=0x00000001 )
(             libc.so[0xCBBEB000])[11 00 00 1A ]0x0000E7FC:	BNE	#0XCBBF9848	;(PC=0xCBBF97FC )
(             libc.so[0xCBBEB000])[5F F0 7F F5 ]0x0000E800:	DMB	SY
(             libc.so[0xCBBEB000])[9F 2F 94 E1 ]0x0000E804:	LDREX	R2, [R4]	;(R4=0xCBC393A0 )
(             libc.so[0xCBBEB000])[01 30 42 E2 ]0x0000E808:	SUB	R3, R2, #1	;(R2=0x00000001 )
(             libc.so[0xCBBEB000])[93 5F 84 E1 ]0x0000E80C:	STREX	R5, R3, [R4]	;(R3=0x00000000 R4=0xCBC393A0 )
(             libc.so[0xCBBEB000])[00 00 55 E3 ]0x0000E810:	CMP	R5, #0	;(R5=0x00000000 )
(             libc.so[0xCBBEB000])[FA FF FF 1A ]0x0000E814:	BNE	#0XCBBF9804	;(PC=0xCBBF9814 )
(             libc.so[0xCBBEB000])[01 C0 81 E3 ]0x0000E818:	ORR	IP, R1, #1	;(R1=0x00000000 )
(             libc.so[0xCBBEB000])[0C 00 52 E1 ]0x0000E81C:	CMP	R2, IP	;(R2=0x00000001 IP=0x00000001 )
(             libc.so[0xCBBEB000])[06 00 00 0A ]0x0000E820:	BEQ	#0XCBBF9840	;(PC=0xCBBF9820 )
(             libc.so[0xCBBEB000])[00 00 A0 E3 ]0x0000E840:	MOV	R0, #0
(             libc.so[0xCBBEB000])[FB FF FF EA ]0x0000E844:	B	#0XCBBF9838	;(PC=0xCBBF9844 )
(             libc.so[0xCBBEB000])[08 D0 8D E2 ]0x0000E838:	ADD	SP, SP, #8	;(SP=0x100FEA78 )
(             libc.so[0xCBBEB000])[70 80 BD E8 ]0x0000E83C:	POP	{R4, R5, R6, PC}	;(SP=0x100FEA80 )
(             libc.so[0xCBBEB000])[BD E8 38 40 ]0x00012288:	POP.W	{R3, R4, R5, LR}	;(SP=0x100FEA90 )
(             libc.so[0xCBBEB000])[1C F0 1A B9 ]0x0001228C:	B.W	#0XCBC194C4
(             libc.so[0xCBBEB000])[3C 48       ]0x0002E4C4:	LDR	R0, [PC, #0XF0] ; __system_properties_init	;(PC=0xCBC194C4 )
(             libc.so[0xCBBEB000])[4F F4 08 21 ]0x0002E4C6:	MOV.W	R1, #0X88000
(             libc.so[0xCBBEB000])[F0 B5       ]0x0002E4CA:	PUSH	{R4, R5, R6, R7, LR}	;(SP=0x100FEAA0 R4=0x00000000 R5=0x00000000 R6=0x00000000 R7=0x00000000 LR=0xCBBF9309 )
(             libc.so[0xCBBEB000])[78 44       ]0x0002E4CC:	ADD	R0, PC	;(R0=0x0001BE14 PC=0xCBC194CC )
(             libc.so[0xCBBEB000])[9D B0       ]0x0002E4CE:	SUB	SP, #0X74	;(SP=0x100FEA8C )
(             libc.so[0xCBBEB000])[3A 4C       ]0x0002E4D0:	LDR	R4, [PC, #0XE8]	;(PC=0xCBC194D0 )
(             libc.so[0xCBBEB000])[FF F7 37 F9 ]0x0002E4D2:	BL	#0XCBC18744	;(PC=0xCBC194D2 )
(             libc.so[0xCBBEB000])[0E B4       ]0x0002D744:	PUSH	{R1, R2, R3} ; open	;(SP=0x100FEA18 R1=0x00088000 R2=0x00000001 R3=0x02000000 )
(             libc.so[0xCBBEB000])[03 B5       ]0x0002D746:	PUSH	{R0, R1, LR}	;(SP=0x100FEA0C R0=0xCBC352E4 R1=0x00088000 LR=0xCBC194D7 )
(             libc.so[0xCBBEB000])[03 9A       ]0x0002D748:	LDR	R2, [SP, #0XC]	;(SP=0x100FEA00 )
(             libc.so[0xCBBEB000])[42 F4 00 31 ]0x0002D74A:	ORR	R1, R2, #0X20000	;(R2=0x00088000 )
(             libc.so[0xCBBEB000])[12 F0 40 02 ]0x0002D74E:	ANDS	R2, R2, #0X40	;(R2=0x00088000 )
(             libc.so[0xCBBEB000])[03 D0       ]0x0002D752:	BEQ	#0XCBC1875C
(             libc.so[0xCBBEB000])[F2 F7 F6 ED ]0x0002D75C:	BLX	#0XCBC0B34C	;(PC=0xCBC1875C )
(             libc.so[0xCBBEB000])[07 C0 A0 E1 ]0x0002034C:	MOV	IP, R7 ; __open	;(R7=0x00000000 )
(             libc.so[0xCBBEB000])[05 70 A0 E3 ]0x00020350:	MOV	R7, #5
(             libc.so[0xCBBEB000])[00 00 00 EF ]0x00020354:	SVC	#0	;(PC=0xCBC0B354 )
(             libc.so[0xCBBEB000])[0C 70 A0 E1 ]0x00020358:	MOV	R7, IP	;(IP=0x00000000 )
(             libc.so[0xCBBEB000])[01 0A 70 E3 ]0x0002035C:	CMN	R0, #0X1000	;(R0=0x0000000A )
(             libc.so[0xCBBEB000])[1E FF 2F 91 ]0x00020360:	BXLS	LR
(             libc.so[0xCBBEB000])[BD E8 0C 40 ]0x0002D760:	POP.W	{R2, R3, LR}	;(SP=0x100FEA00 )
(             libc.so[0xCBBEB000])[03 B0       ]0x0002D764:	ADD	SP, #0XC	;(SP=0x100FEA0C )
(             libc.so[0xCBBEB000])[70 47       ]0x0002D766:	BX	LR	;(LR=0xCBC194D7 )
(             libc.so[0xCBBEB000])[7C 44       ]0x0002E4D6:	ADD	R4, PC	;(R4=0x0001BAFE PC=0xCBC194D6 )
(             libc.so[0xCBBEB000])[05 1E       ]0x0002E4D8:	SUBS	R5, R0, #0	;(R0=0x0000000A )
(             libc.so[0xCBBEB000])[5D DB       ]0x0002E4DA:	BLT	#0XCBC19598
(             libc.so[0xCBBEB000])[02 21       ]0x0002E4DC:	MOVS	R1, #2
(             libc.so[0xCBBEB000])[01 22       ]0x0002E4DE:	MOVS	R2, #1
(             libc.so[0xCBBEB000])[FD F7 86 FB ]0x0002E4E0:	BL	#0XCBC16BF0	;(PC=0xCBC194E0 )
(             libc.so[0xCBBEB000])[0E B4       ]0x0002BBF0:	PUSH	{R1, R2, R3} ; fcntl	;(SP=0x100FEA18 R1=0x00000002 R2=0x00000001 R3=0x00088000 )
(             libc.so[0xCBBEB000])[03 B5       ]0x0002BBF2:	PUSH	{R0, R1, LR}	;(SP=0x100FEA0C R0=0x0000000A R1=0x00000002 LR=0xCBC194E5 )
(             libc.so[0xCBBEB000])[03 AB       ]0x0002BBF4:	ADD	R3, SP, #0XC	;(SP=0x100FEA00 )
(             libc.so[0xCBBEB000])[04 9A       ]0x0002BBF6:	LDR	R2, [SP, #0X10]	;(SP=0x100FEA00 )
(             libc.so[0xCBBEB000])[53 F8 04 1B ]0x0002BBF8:	LDR	R1, [R3], #4	;(R3=0x100FEA0C )
(             libc.so[0xCBBEB000])[01 93       ]0x0002BBFC:	STR	R3, [SP, #4]	;(R3=0x100FEA10 SP=0x100FEA00 )
(             libc.so[0xCBBEB000])[F4 F7 E6 ED ]0x0002BBFE:	BLX	#0XCBC0B7CC	;(PC=0xCBC16BFE )
(             libc.so[0xCBBEB000])[07 C0 A0 E1 ]0x000207CC:	MOV	IP, R7 ; __fcntl64	;(R7=0x00000000 )
(             libc.so[0xCBBEB000])[DD 70 A0 E3 ]0x000207D0:	MOV	R7, #0XDD
(             libc.so[0xCBBEB000])[00 00 00 EF ]0x000207D4:	SVC	#0	;(PC=0xCBC0B7D4 )
(             libc.so[0xCBBEB000])[0C 70 A0 E1 ]0x000207D8:	MOV	R7, IP	;(IP=0x00000000 )
(             libc.so[0xCBBEB000])[01 0A 70 E3 ]0x000207DC:	CMN	R0, #0X1000	;(R0=0x00000000 )
(             libc.so[0xCBBEB000])[1E FF 2F 91 ]0x000207E0:	BXLS	LR
(             libc.so[0xCBBEB000])[BD E8 0C 40 ]0x0002BC02:	POP.W	{R2, R3, LR}	;(SP=0x100FEA00 )
(             libc.so[0xCBBEB000])[03 B0       ]0x0002BC06:	ADD	SP, #0XC	;(SP=0x100FEA0C )
(             libc.so[0xCBBEB000])[70 47       ]0x0002BC08:	BX	LR	;(LR=0xCBC194E5 )
(             libc.so[0xCBBEB000])[00 28       ]0x0002E4E4:	CMP	R0, #0	;(R0=0x00000000 )
(             libc.so[0xCBBEB000])[51 DB       ]0x0002E4E6:	BLT	#0XCBC1958C
(             libc.so[0xCBBEB000])[01 26       ]0x0002E4E8:	MOVS	R6, #1
(             libc.so[0xCBBEB000])[0C E0       ]0x0002E4EA:	B	#0XCBC19506
(             libc.so[0xCBBEB000])[28 46       ]0x0002E506:	MOV	R0, R5	;(R5=0x0000000A )
(             libc.so[0xCBBEB000])[02 A9       ]0x0002E508:	ADD	R1, SP, #8	;(SP=0x100FEA18 )
(             libc.so[0xCBBEB000])[F2 F7 D8 EA ]0x0002E50A:	BLX	#0XCBC0BABC	;(PC=0xCBC1950A )
(             libc.so[0xCBBEB000])[07 C0 A0 E1 ]0x00020ABC:	MOV	IP, R7 ; fstat	;(R7=0x00000000 )
(             libc.so[0xCBBEB000])[C5 70 A0 E3 ]0x00020AC0:	MOV	R7, #0XC5
(             libc.so[0xCBBEB000])[00 00 00 EF ]0x00020AC4:	SVC	#0	;(PC=0xCBC0BAC4 )
(             libc.so[0xCBBEB000])[0C 70 A0 E1 ]0x00020AC8:	MOV	R7, IP	;(IP=0x00000000 )
(             libc.so[0xCBBEB000])[01 0A 70 E3 ]0x00020ACC:	CMN	R0, #0X1000	;(R0=0x0000000A )
(             libc.so[0xCBBEB000])[1E FF 2F 91 ]0x00020AD0:	BXLS	LR
(             libc.so[0xCBBEB000])[00 28       ]0x0002E50E:	CMP	R0, #0	;(R0=0x0000000A )
(             libc.so[0xCBBEB000])[00 DA       ]0x0002E510:	BGE	#0XCBC19514
(             libc.so[0xCBBEB000])[08 98       ]0x0002E514:	LDR	R0, [SP, #0X20]	;(SP=0x100FEA18 )
(             libc.so[0xCBBEB000])[60 BB       ]0x0002E516:	CBNZ	R0, #0XCBC19572	;(R0=0x00000000 )
(             libc.so[0xCBBEB000])[09 99       ]0x0002E518:	LDR	R1, [SP, #0X24]	;(SP=0x100FEA18 )
(             libc.so[0xCBBEB000])[51 BB       ]0x0002E51A:	CBNZ	R1, #0XCBC19572	;(R1=0x00000000 )
(             libc.so[0xCBBEB000])[06 9A       ]0x0002E51C:	LDR	R2, [SP, #0X18]	;(SP=0x100FEA18 )
(             libc.so[0xCBBEB000])[12 F0 12 00 ]0x0002E51E:	ANDS	R0, R2, #0X12	;(R2=0x000081A4 )
(             libc.so[0xCBBEB000])[26 D1       ]0x0002E522:	BNE	#0XCBC19572
(             libc.so[0xCBBEB000])[DD E9 0E 23 ]0x0002E524:	LDRD	R2, R3, [SP, #0X38]	;(SP=0x100FEA18 )
(             libc.so[0xCBBEB000])[80 2A       ]0x0002E528:	CMP	R2, #0X80	;(R2=0x00020000 )
(             libc.so[0xCBBEB000])[73 F1 00 01 ]0x0002E52A:	SBCS	R1, R3, #0	;(CPSR=0x200001F3 R3=0x00000000 )
(             libc.so[0xCBBEB000])[20 DB       ]0x0002E52E:	BLT	#0XCBC19572
(             libc.so[0xCBBEB000])[24 4F       ]0x0002E530:	LDR	R7, [PC, #0X90]	;(PC=0xCBC19530 )
(             libc.so[0xCBBEB000])[A2 F1 80 03 ]0x0002E532:	SUB.W	R3, R2, #0X80	;(R2=0x00020000 )
(             libc.so[0xCBBEB000])[DF F8 90 C0 ]0x0002E536:	LDR.W	IP, [PC, #0X90]	;(PC=0xCBC19536 )
(             libc.so[0xCBBEB000])[11 46       ]0x0002E53A:	MOV	R1, R2	;(R2=0x00020000 )
(             libc.so[0xCBBEB000])[E7 59       ]0x0002E53C:	LDR	R7, [R4, R7]	;(R4=0xCBC34FD8 R7=0xFFFFFFC8 )
(             libc.so[0xCBBEB000])[3A 60       ]0x0002E53E:	STR	R2, [R7]	;(R2=0x00020000 R7=0xCBC45F20 )
(             libc.so[0xCBBEB000])[01 22       ]0x0002E540:	MOVS	R2, #1
(             libc.so[0xCBBEB000])[54 F8 0C 40 ]0x0002E542:	LDR.W	R4, [R4, IP]	;(R4=0xCBC34FD8 IP=0xFFFFFFC4 )
(             libc.so[0xCBBEB000])[23 60       ]0x0002E546:	STR	R3, [R4]	;(R3=0x0001FF80 R4=0xCBC45F1C )
(             libc.so[0xCBBEB000])[13 46       ]0x0002E548:	MOV	R3, R2	;(R2=0x00000001 )
(             libc.so[0xCBBEB000])[00 95       ]0x0002E54A:	STR	R5, [SP]	;(R5=0x0000000A SP=0x100FEA18 )
(             libc.so[0xCBBEB000])[01 90       ]0x0002E54C:	STR	R0, [SP, #4]	;(R0=0x00000000 SP=0x100FEA18 )
(             libc.so[0xCBBEB000])[E4 F7 85 FB ]0x0002E54E:	BL	#0XCBBFDC5C	;(PC=0xCBC1954E )
(             libc.so[0xCBBEB000])[F7 B5       ]0x00012C5C:	PUSH	{R0, R1, R2, R4, R5, R6, R7, LR} ; mmap	;(SP=0x100FEA18 R0=0x00000000 R1=0x00020000 R2=0x00000001 R4=0xCBC45F1C R5=0x0000000A R6=0x00000001 R7=0xCBC45F20 LR=0xCBC19553 )
(             libc.so[0xCBBEB000])[0E 46       ]0x00012C5E:	MOV	R6, R1	;(R1=0x00020000 )
(             libc.so[0xCBBEB000])[09 9C       ]0x00012C60:	LDR	R4, [SP, #0X24]	;(SP=0x100FE9F8 )
(             libc.so[0xCBBEB000])[1F 46       ]0x00012C62:	MOV	R7, R3	;(R3=0x00000001 )
(             libc.so[0xCBBEB000])[25 05       ]0x00012C64:	LSLS	R5, R4, #0X14	;(R4=0x00000000 )
(             libc.so[0xCBBEB000])[06 D0       ]0x00012C66:	BEQ	#0XCBBFDC76
(             libc.so[0xCBBEB000])[08 9D       ]0x00012C76:	LDR	R5, [SP, #0X20]	;(SP=0x100FE9F8 )
(             libc.so[0xCBBEB000])[24 0B       ]0x00012C78:	LSRS	R4, R4, #0XC	;(R4=0x00000000 )
(             libc.so[0xCBBEB000])[01 94       ]0x00012C7A:	STR	R4, [SP, #4]	;(R4=0x00000000 SP=0x100FE9F8 )
(             libc.so[0xCBBEB000])[00 95       ]0x00012C7C:	STR	R5, [SP]	;(R5=0x0000000A SP=0x100FE9F8 )
(             libc.so[0xCBBEB000])[0D F0 CC EB ]0x00012C7E:	BLX	#0XCBC0B418	;(PC=0xCBBFDC7E )
(             libc.so[0xCBBEB000])[0D C0 A0 E1 ]0x00020418:	MOV	IP, SP ; __mmap2	;(SP=0x100FE9F8 )
(             libc.so[0xCBBEB000])[F0 00 2D E9 ]0x0002041C:	PUSH	{R4, R5, R6, R7}	;(SP=0x100FE9F8 R4=0x00000000 R5=0x0000000A R6=0x00020000 R7=0x00000001 )
(             libc.so[0xCBBEB000])[70 00 9C E8 ]0x00020420:	LDM	IP, {R4, R5, R6}	;(IP=0x100FE9F8 )
(             libc.so[0xCBBEB000])[C0 70 A0 E3 ]0x00020424:	MOV	R7, #0XC0
(             libc.so[0xCBBEB000])[00 00 00 EF ]0x00020428:	SVC	#0	;(PC=0xCBC0B428 )
(             libc.so[0xCBBEB000])[F0 00 BD E8 ]0x0002042C:	POP	{R4, R5, R6, R7}	;(SP=0x100FE9E8 )
(             libc.so[0xCBBEB000])[01 0A 70 E3 ]0x00020430:	CMN	R0, #0X1000	;(R0=0x30040000 )
(             libc.so[0xCBBEB000])[1E FF 2F 91 ]0x00020434:	BXLS	LR
(             libc.so[0xCBBEB000])[43 1C       ]0x00012C82:	ADDS	R3, R0, #1	;(R0=0x30040000 )
(             libc.so[0xCBBEB000])[04 46       ]0x00012C84:	MOV	R4, R0	;(R0=0x30040000 )
(             libc.so[0xCBBEB000])[0D D0       ]0x00012C86:	BEQ	#0XCBBFDCA4
(             libc.so[0xCBBEB000])[17 F0 22 0F ]0x00012C88:	TST.W	R7, #0X22	;(R7=0x00000001 )
(             libc.so[0xCBBEB000])[0A D0       ]0x00012C8C:	BEQ	#0XCBBFDCA4
(             libc.so[0xCBBEB000])[20 46       ]0x00012CA4:	MOV	R0, R4	;(R4=0x30040000 )
(             libc.so[0xCBBEB000])[FE BD       ]0x00012CA6:	POP	{R1, R2, R3, R4, R5, R6, R7, PC}	;(SP=0x100FE9F8 )
(             libc.so[0xCBBEB000])[42 1C       ]0x0002E552:	ADDS	R2, R0, #1	;(R0=0x30040000 )
(             libc.so[0xCBBEB000])[0D D0       ]0x0002E554:	BEQ	#0XCBC19572
(             libc.so[0xCBBEB000])[81 68       ]0x0002E556:	LDR	R1, [R0, #8]	;(R0=0x30040000 )
(             libc.so[0xCBBEB000])[14 4A       ]0x0002E558:	LDR	R2, [PC, #0X50]	;(PC=0xCBC19558 )
(             libc.so[0xCBBEB000])[91 42       ]0x0002E55A:	CMP	R1, R2	;(R1=0x504F5250 R2=0x504F5250 )
(             libc.so[0xCBBEB000])[06 D1       ]0x0002E55C:	BNE	#0XCBC1956C
(             libc.so[0xCBBEB000])[C4 68       ]0x0002E55E:	LDR	R4, [R0, #0XC]	;(R0=0x30040000 )
(             libc.so[0xCBBEB000])[13 4B       ]0x0002E560:	LDR	R3, [PC, #0X4C]	;(PC=0xCBC19560 )
(             libc.so[0xCBBEB000])[9C 42       ]0x0002E562:	CMP	R4, R3	;(R4=0xFC6ED0AB R3=0xFC6ED0AB )
(             libc.so[0xCBBEB000])[0C D0       ]0x0002E564:	BEQ	#0XCBC19580
(             libc.so[0xCBBEB000])[13 4B       ]0x0002E580:	LDR	R3, [PC, #0X4C]	;(PC=0xCBC19580 )
(             libc.so[0xCBBEB000])[00 24       ]0x0002E582:	MOVS	R4, #0
(             libc.so[0xCBBEB000])[7B 44       ]0x0002E584:	ADD	R3, PC	;(R3=0x00029F7C PC=0xCBC19584 )
(             libc.so[0xCBBEB000])[18 60       ]0x0002E586:	STR	R0, [R3]	;(R0=0x30040000 R3=0xCBC43504 )
(             libc.so[0xCBBEB000])[66 B1       ]0x0002E588:	CBZ	R6, #0XCBC195A4	;(R6=0x00000001 )
(             libc.so[0xCBBEB000])[01 E0       ]0x0002E58A:	B	#0XCBC19590
(             libc.so[0xCBBEB000])[28 46       ]0x0002E590:	MOV	R0, R5	;(R5=0x0000000A )
(             libc.so[0xCBBEB000])[F1 F7 FE EE ]0x0002E592:	BLX	#0XCBC0B390	;(PC=0xCBC19592 )
(             libc.so[0xCBBEB000])[07 C0 A0 E1 ]0x00020390:	MOV	IP, R7 ; close	;(R7=0xCBC45F20 )
(             libc.so[0xCBBEB000])[06 70 A0 E3 ]0x00020394:	MOV	R7, #6
(             libc.so[0xCBBEB000])[00 00 00 EF ]0x00020398:	SVC	#0	;(PC=0xCBC0B398 )
(             libc.so[0xCBBEB000])[0C 70 A0 E1 ]0x0002039C:	MOV	R7, IP	;(IP=0xCBC45F20 )
(             libc.so[0xCBBEB000])[01 0A 70 E3 ]0x000203A0:	CMN	R0, #0X1000	;(R0=0x00000000 )
(             libc.so[0xCBBEB000])[1E FF 2F 91 ]0x000203A4:	BXLS	LR
(             libc.so[0xCBBEB000])[05 E0       ]0x0002E596:	B	#0XCBC195A4
(             libc.so[0xCBBEB000])[20 46       ]0x0002E5A4:	MOV	R0, R4	;(R4=0x00000000 )
(             libc.so[0xCBBEB000])[1D B0       ]0x0002E5A6:	ADD	SP, #0X74	;(SP=0x100FEA18 )
(             libc.so[0xCBBEB000])[F0 BD       ]0x0002E5A8:	POP	{R4, R5, R6, R7, PC}	;(SP=0x100FEA8C )
(             libc.so[0xCBBEB000])[FF F7 B0 FF ]0x0000E308:	BL	#0XCBBF926C	;(PC=0xCBBF9308 )
(             libc.so[0xCBBEB000])[70 B5       ]0x0000E26C:	PUSH	{R4, R5, R6, LR}	;(SP=0x100FEAA0 R4=0x00000000 R5=0x00000000 R6=0x00000000 LR=0xCBBF930D )
(             libc.so[0xCBBEB000])[9A B0       ]0x0000E26E:	SUB	SP, #0X68	;(SP=0x100FEA90 )
(             libc.so[0xCBBEB000])[19 4D       ]0x0000E270:	LDR	R5, [PC, #0X64]	;(PC=0xCBBF9270 )
(             libc.so[0xCBBEB000])[02 A9       ]0x0000E272:	ADD	R1, SP, #8	;(SP=0x100FEA28 )
(             libc.so[0xCBBEB000])[19 4B       ]0x0000E274:	LDR	R3, [PC, #0X64]	;(PC=0xCBBF9274 )
(             libc.so[0xCBBEB000])[7D 44       ]0x0000E276:	ADD	R5, PC	;(R5=0x0003BD5E PC=0xCBBF9276 )
(             libc.so[0xCBBEB000])[EC 58       ]0x0000E278:	LDR	R4, [R5, R3]	;(R5=0xCBC34FD8 R3=0xFFFFFF4C )
(             libc.so[0xCBBEB000])[20 68       ]0x0000E27A:	LDR	R0, [R4]	;(R4=0xCBC39384 )
(             libc.so[0xCBBEB000])[26 46       ]0x0000E27C:	MOV	R6, R4	;(R4=0xCBC39384 )
(             libc.so[0xCBBEB000])[19 90       ]0x0000E27E:	STR	R0, [SP, #0X64]	;(R0=0x00001000 SP=0x100FEA28 )
(             libc.so[0xCBBEB000])[17 48       ]0x0000E280:	LDR	R0, [PC, #0X5C]	;(PC=0xCBBF9280 )
(             libc.so[0xCBBEB000])[78 44       ]0x0000E282:	ADD	R0, PC	;(R0=0x0003195E PC=0xCBBF9282 )
(             libc.so[0xCBBEB000])[20 F0 F2 F9 ]0x0000E284:	BL	#0XCBC1966C	;(PC=0xCBBF9284 )
(             libc.so[0xCBBEB000])[10 B5       ]0x0002E66C:	PUSH	{R4, LR}	;(SP=0x100FEA28 R4=0xCBC39384 LR=0xCBBF9289 )
(             libc.so[0xCBBEB000])[0C 46       ]0x0002E66E:	MOV	R4, R1	;(R1=0x100FEA30 )
(             libc.so[0xCBBEB000])[FF F7 B0 FF ]0x0002E670:	BL	#0XCBC195D4	;(PC=0xCBC19670 )
(             libc.so[0xCBBEB000])[0D 4B       ]0x0002E5D4:	LDR	R3, [PC, #0X34] ; __system_property_find	;(PC=0xCBC195D4 )
(             libc.so[0xCBBEB000])[73 B5       ]0x0002E5D6:	PUSH	{R0, R1, R4, R5, R6, LR}	;(SP=0x100FEA20 R0=0xCBC2ABE4 R1=0x100FEA30 R4=0x100FEA30 R5=0xCBC34FD8 R6=0xCBC39384 LR=0xCBC19675 )
(             libc.so[0xCBBEB000])[7B 44       ]0x0002E5D8:	ADD	R3, PC	;(R3=0x00029F26 PC=0xCBC195D8 )
(             libc.so[0xCBBEB000])[05 46       ]0x0002E5DA:	MOV	R5, R0	;(R0=0xCBC2ABE4 )
(             libc.so[0xCBBEB000])[1C 78       ]0x0002E5DC:	LDRB	R4, [R3]	;(R3=0xCBC43502 )
(             libc.so[0xCBBEB000])[24 B1       ]0x0002E5DE:	CBZ	R4, #0XCBC195EA	;(R4=0x00000000 )
(             libc.so[0xCBBEB000])[20 46       ]0x0002E5EA:	MOV	R0, R4	;(R4=0x00000000 )
(             libc.so[0xCBBEB000])[FF F7 F0 FD ]0x0002E5EC:	BL	#0XCBC191D0	;(PC=0xCBC195EC )
(             libc.so[0xCBBEB000])[09 4B       ]0x0002E1D0:	LDR	R3, [PC, #0X24]	;(PC=0xCBC191D0 )
(             libc.so[0xCBBEB000])[82 B0       ]0x0002E1D2:	SUB	SP, #8	;(SP=0x100FEA08 )
(             libc.so[0xCBBEB000])[09 49       ]0x0002E1D4:	LDR	R1, [PC, #0X24]	;(PC=0xCBC191D4 )
(             libc.so[0xCBBEB000])[7B 44       ]0x0002E1D6:	ADD	R3, PC	;(R3=0x0001BDFE PC=0xCBC191D6 )
(             libc.so[0xCBBEB000])[01 90       ]0x0002E1D8:	STR	R0, [SP, #4]	;(R0=0x00000000 SP=0x100FEA00 )
(             libc.so[0xCBBEB000])[01 9A       ]0x0002E1DA:	LDR	R2, [SP, #4]	;(SP=0x100FEA00 )
(             libc.so[0xCBBEB000])[5B 58       ]0x0002E1DC:	LDR	R3, [R3, R1]	;(R3=0xCBC34FD8 R1=0xFFFFFFC4 )
(             libc.so[0xCBBEB000])[18 68       ]0x0002E1DE:	LDR	R0, [R3]	;(R3=0xCBC45F1C )
(             libc.so[0xCBBEB000])[82 42       ]0x0002E1E0:	CMP	R2, R0	;(R2=0x00000000 R0=0x0001FF80 )
(             libc.so[0xCBBEB000])[06 D8       ]0x0002E1E2:	BHI	#0XCBC191F2
(             libc.so[0xCBBEB000])[06 49       ]0x0002E1E4:	LDR	R1, [PC, #0X18]	;(PC=0xCBC191E4 )
(             libc.so[0xCBBEB000])[01 9A       ]0x0002E1E6:	LDR	R2, [SP, #4]	;(SP=0x100FEA00 )
(             libc.so[0xCBBEB000])[79 44       ]0x0002E1E8:	ADD	R1, PC	;(R1=0x0002A318 PC=0xCBC191E8 )
(             libc.so[0xCBBEB000])[80 32       ]0x0002E1EA:	ADDS	R2, #0X80	;(R2=0x00000000 )
(             libc.so[0xCBBEB000])[0B 68       ]0x0002E1EC:	LDR	R3, [R1]	;(R1=0xCBC43504 )
(             libc.so[0xCBBEB000])[98 18       ]0x0002E1EE:	ADDS	R0, R3, R2	;(R3=0x30040000 R2=0x00000080 )
(             libc.so[0xCBBEB000])[00 E0       ]0x0002E1F0:	B	#0XCBC191F4
(             libc.so[0xCBBEB000])[02 B0       ]0x0002E1F4:	ADD	SP, #8	;(SP=0x100FEA00 )
(             libc.so[0xCBBEB000])[70 47       ]0x0002E1F6:	BX	LR	;(LR=0xCBC195F1 )
(             libc.so[0xCBBEB000])[06 46       ]0x0002E5F0:	MOV	R6, R0	;(R0=0x30040080 )
(             libc.so[0xCBBEB000])[28 46       ]0x0002E5F2:	MOV	R0, R5	;(R5=0xCBC2ABE4 )
(             libc.so[0xCBBEB000])[F4 F7 C6 FC ]0x0002E5F4:	BL	#0XCBC0DF84	;(PC=0xCBC195F4 )
(             libc.so[0xCBBEB000])[90 F8 00 F0 ]0x00022F84:	PLD	[R0] ; strlen	;(R0=0xCBC2ABE4 )
(             libc.so[0xCBBEB000])[01 46       ]0x00022F88:	MOV	R1, R0	;(R0=0xCBC2ABE4 )
(             libc.so[0xCBBEB000])[10 F0 07 03 ]0x00022F8A:	ANDS	R3, R0, #7	;(R0=0xCBC2ABE4 )
(             libc.so[0xCBBEB000])[00 F0 23 80 ]0x00022F8E:	BEQ.W	#0XCBC0DFD8
(             libc.so[0xCBBEB000])[C3 F1 08 03 ]0x00022F92:	RSB.W	R3, R3, #8	;(R3=0x00000004 )
(             libc.so[0xCBBEB000])[5F EA C3 7C ]0x00022F96:	LSLS.W	IP, R3, #0X1F	;(R3=0x00000004 )
(             libc.so[0xCBBEB000])[00 F0 03 80 ]0x00022F9A:	BEQ.W	#0XCBC0DFA4
(             libc.so[0xCBBEB000])[C0 F0 0A 80 ]0x00022FA4:	BLO.W	#0XCBC0DFBC
(             libc.so[0xCBBEB000])[13 F0 04 0F ]0x00022FBC:	TST.W	R3, #4	;(R3=0x00000004 )
(             libc.so[0xCBBEB000])[00 F0 0A 80 ]0x00022FC0:	BEQ.W	#0XCBC0DFD8
(             libc.so[0xCBBEB000])[51 F8 04 3B ]0x00022FC4:	LDR	R3, [R1], #4	;(R1=0xCBC2ABE4 )
(             libc.so[0xCBBEB000])[A3 F1 01 3C ]0x00022FC8:	SUB.W	IP, R3, #0X1010101	;(R3=0x75626564 )
(             libc.so[0xCBBEB000])[2C EA 03 0C ]0x00022FCC:	BIC.W	IP, IP, R3	;(IP=0x74616463 R3=0x75626564 )
(             libc.so[0xCBBEB000])[1C F0 80 3C ]0x00022FD0:	ANDS	IP, IP, #0X80808080	;(IP=0x00010003 )
(             libc.so[0xCBBEB000])[40 F0 33 80 ]0x00022FD4:	BNE.W	#0XCBC0E03E
(             libc.so[0xCBBEB000])[F1 E8 02 23 ]0x00022FD8:	LDRD	R2, R3, [R1], #8	;(R1=0xCBC2ABE8 )
(             libc.so[0xCBBEB000])[91 F8 40 F0 ]0x00022FDC:	PLD	[R1, #0X40]	;(R1=0xCBC2ABF0 )
(             libc.so[0xCBBEB000])[A2 F1 01 3C ]0x00022FE0:	SUB.W	IP, R2, #0X1010101	;(R2=0x696C2E67 )
(             libc.so[0xCBBEB000])[2C EA 02 0C ]0x00022FE4:	BIC.W	IP, IP, R2	;(IP=0x686B2D66 R2=0x696C2E67 )
(             libc.so[0xCBBEB000])[1C F0 80 3C ]0x00022FE8:	ANDS	IP, IP, #0X80808080	;(IP=0x00030100 )
(             libc.so[0xCBBEB000])[40 F0 0F 80 ]0x00022FEC:	BNE.W	#0XCBC0E00E
(             libc.so[0xCBBEB000])[A3 F1 01 3C ]0x00022FF0:	SUB.W	IP, R3, #0X1010101	;(R3=0x702E6362 )
(             libc.so[0xCBBEB000])[2C EA 03 0C ]0x00022FF4:	BIC.W	IP, IP, R3	;(IP=0x6F2D6261 R3=0x702E6362 )
(             libc.so[0xCBBEB000])[1C F0 80 3C ]0x00022FF8:	ANDS	IP, IP, #0X80808080	;(IP=0x0F010001 )
(             libc.so[0xCBBEB000])[40 F0 1F 80 ]0x00022FFC:	BNE.W	#0XCBC0E03E
(             libc.so[0xCBBEB000])[FF F7 EA BF ]0x00023000:	B.W	#0XCBC0DFD8
(             libc.so[0xCBBEB000])[F1 E8 02 23 ]0x00022FD8:	LDRD	R2, R3, [R1], #8	;(R1=0xCBC2ABF0 )
(             libc.so[0xCBBEB000])[91 F8 40 F0 ]0x00022FDC:	PLD	[R1, #0X40]	;(R1=0xCBC2ABF8 )
(             libc.so[0xCBBEB000])[A2 F1 01 3C ]0x00022FE0:	SUB.W	IP, R2, #0X1010101	;(R2=0x65726874 )
(             libc.so[0xCBBEB000])[2C EA 02 0C ]0x00022FE4:	BIC.W	IP, IP, R2	;(IP=0x64716773 R2=0x65726874 )
(             libc.so[0xCBBEB000])[1C F0 80 3C ]0x00022FE8:	ANDS	IP, IP, #0X80808080	;(IP=0x00010703 )
(             libc.so[0xCBBEB000])[40 F0 0F 80 ]0x00022FEC:	BNE.W	#0XCBC0E00E
(             libc.so[0xCBBEB000])[A3 F1 01 3C ]0x00022FF0:	SUB.W	IP, R3, #0X1010101	;(R3=0x70006461 )
(             libc.so[0xCBBEB000])[2C EA 03 0C ]0x00022FF4:	BIC.W	IP, IP, R3	;(IP=0x6EFF6360 R3=0x70006461 )
(             libc.so[0xCBBEB000])[1C F0 80 3C ]0x00022FF8:	ANDS	IP, IP, #0X80808080	;(IP=0x0EFF0300 )
(             libc.so[0xCBBEB000])[40 F0 1F 80 ]0x00022FFC:	BNE.W	#0XCBC0E03E
(             libc.so[0xCBBEB000])[A1 EB 00 00 ]0x0002303E:	SUB.W	R0, R1, R0	;(R1=0xCBC2ABF8 R0=0xCBC2ABE4 )
(             libc.so[0xCBBEB000])[5F EA 4C 43 ]0x00023042:	LSLS.W	R3, IP, #0X11	;(IP=0x00800000 )
(             libc.so[0xCBBEB000])[40 F0 09 80 ]0x00023046:	BNE.W	#0XCBC0E05C
(             libc.so[0xCBBEB000])[80 F0 0A 80 ]0x0002304A:	BHS.W	#0XCBC0E062
(             libc.so[0xCBBEB000])[5F EA 4C 0C ]0x0002304E:	LSLS.W	IP, IP, #1	;(IP=0x00800000 )
(             libc.so[0xCBBEB000])[40 F0 09 80 ]0x00023052:	BNE.W	#0XCBC0E068
(             libc.so[0xCBBEB000])[A0 F1 02 00 ]0x00023068:	SUB.W	R0, R0, #2	;(R0=0x00000014 )
(             libc.so[0xCBBEB000])[70 47       ]0x0002306C:	BX	LR	;(LR=0xCBC195F9 )
(             libc.so[0xCBBEB000])[00 94       ]0x0002E5F8:	STR	R4, [SP]	;(R4=0x00000000 SP=0x100FEA08 )
(             libc.so[0xCBBEB000])[01 94       ]0x0002E5FA:	STR	R4, [SP, #4]	;(R4=0x00000000 SP=0x100FEA08 )
(             libc.so[0xCBBEB000])[29 46       ]0x0002E5FC:	MOV	R1, R5	;(R5=0xCBC2ABE4 )
(             libc.so[0xCBBEB000])[23 46       ]0x0002E5FE:	MOV	R3, R4	;(R4=0x00000000 )
(             libc.so[0xCBBEB000])[C2 B2       ]0x0002E600:	UXTB	R2, R0	;(R0=0x00000012 )
(             libc.so[0xCBBEB000])[30 46       ]0x0002E602:	MOV	R0, R6	;(R6=0x30040080 )
(             libc.so[0xCBBEB000])[FF F7 57 FE ]0x0002E604:	BL	#0XCBC192B6	;(PC=0xCBC19604 )
(             libc.so[0xCBBEB000])[2D E9 F0 4F ]0x0002E2B6:	PUSH.W	{R4, R5, R6, R7, R8, SB, SL, FP, LR}	;(SP=0x100FEA08 R4=0x00000000 R5=0xCBC2ABE4 R6=0x30040080 R7=0x00000000 R8=0x00000000 SB=0x00000000 SL=0x00000000 FP=0x00000000 LR=0xCBC19609 )
(             libc.so[0xCBBEB000])[85 B0       ]0x0002E2BA:	SUB	SP, #0X14	;(SP=0x100FE9E4 )
(             libc.so[0xCBBEB000])[06 46       ]0x0002E2BC:	MOV	R6, R0	;(R0=0x30040080 )
(             libc.so[0xCBBEB000])[91 46       ]0x0002E2BE:	MOV	SB, R2	;(R2=0x00000012 )
(             libc.so[0xCBBEB000])[9D F8 38 80 ]0x0002E2C0:	LDRB.W	R8, [SP, #0X38]	;(SP=0x100FE9D0 )
(             libc.so[0xCBBEB000])[0C 46       ]0x0002E2C4:	MOV	R4, R1	;(R1=0xCBC2ABE4 )
(             libc.so[0xCBBEB000])[9D F8 3C 70 ]0x0002E2C6:	LDRB.W	R7, [SP, #0X3C]	;(SP=0x100FE9D0 )
(             libc.so[0xCBBEB000])[00 91       ]0x0002E2CA:	STR	R1, [SP]	;(R1=0xCBC2ABE4 SP=0x100FE9D0 )
(             libc.so[0xCBBEB000])[01 93       ]0x0002E2CC:	STR	R3, [SP, #4]	;(R3=0x00000000 SP=0x100FE9D0 )
(             libc.so[0xCBBEB000])[2E 21       ]0x0002E2CE:	MOVS	R1, #0X2E
(             libc.so[0xCBBEB000])[20 46       ]0x0002E2D0:	MOV	R0, R4	;(R4=0xCBC2ABE4 )
(             libc.so[0xCBBEB000])[F4 F7 D6 FF ]0x0002E2D2:	BL	#0XCBC0E282	;(PC=0xCBC192D2 )
(             libc.so[0xCBBEB000])[4F F0 FF 32 ]0x00023282:	MOV.W	R2, #-1 ; strchr
(             libc.so[0xCBBEB000])[FF F7 19 BF ]0x00023286:	B.W	#0XCBC0E0BC
(             libc.so[0xCBBEB000])[82 18       ]0x000230BC:	ADDS	R2, R0, R2 ; __strchr_chk	;(R0=0xCBC2ABE4 R2=0xFFFFFFFF )
(             libc.so[0xCBBEB000])[C9 B2       ]0x000230BE:	UXTB	R1, R1	;(R1=0x0000002E )
(             libc.so[0xCBBEB000])[03 46       ]0x000230C0:	MOV	R3, R0	;(R0=0xCBC2ABE4 )
(             libc.so[0xCBBEB000])[10 B5       ]0x000230C2:	PUSH	{R4, LR}	;(SP=0x100FE9D0 R4=0xCBC2ABE4 LR=0xCBC192D7 )
(             libc.so[0xCBBEB000])[93 42       ]0x000230C4:	CMP	R3, R2	;(R3=0xCBC2ABE4 R2=0xCBC2ABE3 )
(             libc.so[0xCBBEB000])[18 46       ]0x000230C6:	MOV	R0, R3	;(R3=0xCBC2ABE4 )
(             libc.so[0xCBBEB000])[09 D0       ]0x000230C8:	BEQ	#0XCBC0E0DE
(             libc.so[0xCBBEB000])[03 E0       ]0x000230CA:	B	#0XCBC0E0D4
(             libc.so[0xCBBEB000])[1C 78       ]0x000230D4:	LDRB	R4, [R3]	;(R3=0xCBC2ABE4 )
(             libc.so[0xCBBEB000])[01 33       ]0x000230D6:	ADDS	R3, #1	;(R3=0xCBC2ABE4 )
(             libc.so[0xCBBEB000])[8C 42       ]0x000230D8:	CMP	R4, R1	;(R4=0x00000064 R1=0x0000002E )
(             libc.so[0xCBBEB000])[F7 D1       ]0x000230DA:	BNE	#0XCBC0E0CC
(             libc.so[0xCBBEB000])[00 2C       ]0x000230CC:	CMP	R4, #0	;(R4=0x00000064 )
(             libc.so[0xCBBEB000])[F9 D1       ]0x000230CE:	BNE	#0XCBC0E0C4
(             libc.so[0xCBBEB000])[93 42       ]0x000230C4:	CMP	R3, R2	;(R3=0xCBC2ABE5 R2=0xCBC2ABE3 )
(             libc.so[0xCBBEB000])[18 46       ]0x000230C6:	MOV	R0, R3	;(R3=0xCBC2ABE5 )
(             libc.so[0xCBBEB000])[09 D0       ]0x000230C8:	BEQ	#0XCBC0E0DE
(             libc.so[0xCBBEB000])[03 E0       ]0x000230CA:	B	#0XCBC0E0D4
(             libc.so[0xCBBEB000])[1C 78       ]0x000230D4:	LDRB	R4, [R3]	;(R3=0xCBC2ABE5 )
(             libc.so[0xCBBEB000])[01 33       ]0x000230D6:	ADDS	R3, #1	;(R3=0xCBC2ABE5 )
(             libc.so[0xCBBEB000])[8C 42       ]0x000230D8:	CMP	R4, R1	;(R4=0x00000065 R1=0x0000002E )
(             libc.so[0xCBBEB000])[F7 D1       ]0x000230DA:	BNE	#0XCBC0E0CC
(             libc.so[0xCBBEB000])[00 2C       ]0x000230CC:	CMP	R4, #0	;(R4=0x00000065 )
(             libc.so[0xCBBEB000])[F9 D1       ]0x000230CE:	BNE	#0XCBC0E0C4
(             libc.so[0xCBBEB000])[93 42       ]0x000230C4:	CMP	R3, R2	;(R3=0xCBC2ABE6 R2=0xCBC2ABE3 )
(             libc.so[0xCBBEB000])[18 46       ]0x000230C6:	MOV	R0, R3	;(R3=0xCBC2ABE6 )
(             libc.so[0xCBBEB000])[09 D0       ]0x000230C8:	BEQ	#0XCBC0E0DE
(             libc.so[0xCBBEB000])[03 E0       ]0x000230CA:	B	#0XCBC0E0D4
(             libc.so[0xCBBEB000])[1C 78       ]0x000230D4:	LDRB	R4, [R3]	;(R3=0xCBC2ABE6 )
(             libc.so[0xCBBEB000])[01 33       ]0x000230D6:	ADDS	R3, #1	;(R3=0xCBC2ABE6 )
(             libc.so[0xCBBEB000])[8C 42       ]0x000230D8:	CMP	R4, R1	;(R4=0x00000062 R1=0x0000002E )
(             libc.so[0xCBBEB000])[F7 D1       ]0x000230DA:	BNE	#0XCBC0E0CC
(             libc.so[0xCBBEB000])[00 2C       ]0x000230CC:	CMP	R4, #0	;(R4=0x00000062 )
(             libc.so[0xCBBEB000])[F9 D1       ]0x000230CE:	BNE	#0XCBC0E0C4
(             libc.so[0xCBBEB000])[93 42       ]0x000230C4:	CMP	R3, R2	;(R3=0xCBC2ABE7 R2=0xCBC2ABE3 )
(             libc.so[0xCBBEB000])[18 46       ]0x000230C6:	MOV	R0, R3	;(R3=0xCBC2ABE7 )
(             libc.so[0xCBBEB000])[09 D0       ]0x000230C8:	BEQ	#0XCBC0E0DE
(             libc.so[0xCBBEB000])[03 E0       ]0x000230CA:	B	#0XCBC0E0D4
(             libc.so[0xCBBEB000])[1C 78       ]0x000230D4:	LDRB	R4, [R3]	;(R3=0xCBC2ABE7 )
(             libc.so[0xCBBEB000])[01 33       ]0x000230D6:	ADDS	R3, #1	;(R3=0xCBC2ABE7 )
(             libc.so[0xCBBEB000])[8C 42       ]0x000230D8:	CMP	R4, R1	;(R4=0x00000075 R1=0x0000002E )
(             libc.so[0xCBBEB000])[F7 D1       ]0x000230DA:	BNE	#0XCBC0E0CC
(             libc.so[0xCBBEB000])[00 2C       ]0x000230CC:	CMP	R4, #0	;(R4=0x00000075 )
(             libc.so[0xCBBEB000])[F9 D1       ]0x000230CE:	BNE	#0XCBC0E0C4
(             libc.so[0xCBBEB000])[93 42       ]0x000230C4:	CMP	R3, R2	;(R3=0xCBC2ABE8 R2=0xCBC2ABE3 )
(             libc.so[0xCBBEB000])[18 46       ]0x000230C6:	MOV	R0, R3	;(R3=0xCBC2ABE8 )
(             libc.so[0xCBBEB000])[09 D0       ]0x000230C8:	BEQ	#0XCBC0E0DE
(             libc.so[0xCBBEB000])[03 E0       ]0x000230CA:	B	#0XCBC0E0D4
(             libc.so[0xCBBEB000])[1C 78       ]0x000230D4:	LDRB	R4, [R3]	;(R3=0xCBC2ABE8 )
(             libc.so[0xCBBEB000])[01 33       ]0x000230D6:	ADDS	R3, #1	;(R3=0xCBC2ABE8 )
(             libc.so[0xCBBEB000])[8C 42       ]0x000230D8:	CMP	R4, R1	;(R4=0x00000067 R1=0x0000002E )
(             libc.so[0xCBBEB000])[F7 D1       ]0x000230DA:	BNE	#0XCBC0E0CC
(             libc.so[0xCBBEB000])[00 2C       ]0x000230CC:	CMP	R4, #0	;(R4=0x00000067 )
(             libc.so[0xCBBEB000])[F9 D1       ]0x000230CE:	BNE	#0XCBC0E0C4
(             libc.so[0xCBBEB000])[93 42       ]0x000230C4:	CMP	R3, R2	;(R3=0xCBC2ABE9 R2=0xCBC2ABE3 )
(             libc.so[0xCBBEB000])[18 46       ]0x000230C6:	MOV	R0, R3	;(R3=0xCBC2ABE9 )
(             libc.so[0xCBBEB000])[09 D0       ]0x000230C8:	BEQ	#0XCBC0E0DE
(             libc.so[0xCBBEB000])[03 E0       ]0x000230CA:	B	#0XCBC0E0D4
(             libc.so[0xCBBEB000])[1C 78       ]0x000230D4:	LDRB	R4, [R3]	;(R3=0xCBC2ABE9 )
(             libc.so[0xCBBEB000])[01 33       ]0x000230D6:	ADDS	R3, #1	;(R3=0xCBC2ABE9 )
(             libc.so[0xCBBEB000])[8C 42       ]0x000230D8:	CMP	R4, R1	;(R4=0x0000002E R1=0x0000002E )
(             libc.so[0xCBBEB000])[F7 D1       ]0x000230DA:	BNE	#0XCBC0E0CC
(             libc.so[0xCBBEB000])[10 BD       ]0x000230DC:	POP	{R4, PC}	;(SP=0x100FE9C8 )
(             libc.so[0xCBBEB000])[10 F1 00 0B ]0x0002E2D6:	ADDS.W	FP, R0, #0	;(R0=0xCBC2ABE9 )
(             libc.so[0xCBBEB000])[82 46       ]0x0002E2DA:	MOV	SL, R0	;(R0=0xCBC2ABE9 )
(             libc.so[0xCBBEB000])[18 BF       ]0x0002E2DC:	IT	NE
(             libc.so[0xCBBEB000])[4F F0 01 0B ]0x0002E2DE:	MOV.W	FP, #1
(             libc.so[0xCBBEB000])[BB F1 00 0F ]0x0002E2E2:	CMP.W	FP, #0	;(FP=0x00000001 )
(             libc.so[0xCBBEB000])[02 D0       ]0x0002E2E6:	BEQ	#0XCBC192EE
(             libc.so[0xCBBEB000])[05 1B       ]0x0002E2E8:	SUBS	R5, R0, R4	;(R0=0xCBC2ABE9 R4=0xCBC2ABE4 )
(             libc.so[0xCBBEB000])[ED B2       ]0x0002E2EA:	UXTB	R5, R5	;(R5=0x00000005 )
(             libc.so[0xCBBEB000])[03 E0       ]0x0002E2EC:	B	#0XCBC192F6
(             libc.so[0xCBBEB000])[05 B9       ]0x0002E2F6:	CBNZ	R5, #0XCBC192FA	;(R5=0x00000005 )
(             libc.so[0xCBBEB000])[33 69       ]0x0002E2FA:	LDR	R3, [R6, #0X10]	;(R6=0x30040080 )
(             libc.so[0xCBBEB000])[0B B1       ]0x0002E2FC:	CBZ	R3, #0XCBC19302	;(R3=0x00000014 )
(             libc.so[0xCBBEB000])[30 69       ]0x0002E2FE:	LDR	R0, [R6, #0X10]	;(R6=0x30040080 )
(             libc.so[0xCBBEB000])[25 E0       ]0x0002E300:	B	#0XCBC1934E
(             libc.so[0xCBBEB000])[FF F7 3F FF ]0x0002E34E:	BL	#0XCBC191D0	;(PC=0xCBC1934E )
(             libc.so[0xCBBEB000])[09 4B       ]0x0002E1D0:	LDR	R3, [PC, #0X24]	;(PC=0xCBC191D0 )
(             libc.so[0xCBBEB000])[82 B0       ]0x0002E1D2:	SUB	SP, #8	;(SP=0x100FE9D0 )
(             libc.so[0xCBBEB000])[09 49       ]0x0002E1D4:	LDR	R1, [PC, #0X24]	;(PC=0xCBC191D4 )
(             libc.so[0xCBBEB000])[7B 44       ]0x0002E1D6:	ADD	R3, PC	;(R3=0x0001BDFE PC=0xCBC191D6 )
(             libc.so[0xCBBEB000])[01 90       ]0x0002E1D8:	STR	R0, [SP, #4]	;(R0=0x00000014 SP=0x100FE9C8 )
(             libc.so[0xCBBEB000])[01 9A       ]0x0002E1DA:	LDR	R2, [SP, #4]	;(SP=0x100FE9C8 )
(             libc.so[0xCBBEB000])[5B 58       ]0x0002E1DC:	LDR	R3, [R3, R1]	;(R3=0xCBC34FD8 R1=0xFFFFFFC4 )
(             libc.so[0xCBBEB000])[18 68       ]0x0002E1DE:	LDR	R0, [R3]	;(R3=0xCBC45F1C )
(             libc.so[0xCBBEB000])[82 42       ]0x0002E1E0:	CMP	R2, R0	;(R2=0x00000014 R0=0x0001FF80 )
(             libc.so[0xCBBEB000])[06 D8       ]0x0002E1E2:	BHI	#0XCBC191F2
(             libc.so[0xCBBEB000])[06 49       ]0x0002E1E4:	LDR	R1, [PC, #0X18]	;(PC=0xCBC191E4 )
(             libc.so[0xCBBEB000])[01 9A       ]0x0002E1E6:	LDR	R2, [SP, #4]	;(SP=0x100FE9C8 )
(             libc.so[0xCBBEB000])[79 44       ]0x0002E1E8:	ADD	R1, PC	;(R1=0x0002A318 PC=0xCBC191E8 )
(             libc.so[0xCBBEB000])[80 32       ]0x0002E1EA:	ADDS	R2, #0X80	;(R2=0x00000014 )
(             libc.so[0xCBBEB000])[0B 68       ]0x0002E1EC:	LDR	R3, [R1]	;(R1=0xCBC43504 )
(             libc.so[0xCBBEB000])[98 18       ]0x0002E1EE:	ADDS	R0, R3, R2	;(R3=0x30040000 R2=0x00000094 )
(             libc.so[0xCBBEB000])[00 E0       ]0x0002E1F0:	B	#0XCBC191F4
(             libc.so[0xCBBEB000])[02 B0       ]0x0002E1F4:	ADD	SP, #8	;(SP=0x100FE9C8 )
(             libc.so[0xCBBEB000])[70 47       ]0x0002E1F6:	BX	LR	;(LR=0xCBC19353 )
(             libc.so[0xCBBEB000])[DE E7       ]0x0002E352:	B	#0XCBC19312
(             libc.so[0xCBBEB000])[06 46       ]0x0002E312:	MOV	R6, R0	;(R0=0x30040094 )
(             libc.so[0xCBBEB000])[00 28       ]0x0002E314:	CMP	R0, #0	;(R0=0x30040094 )
(             libc.so[0xCBBEB000])[55 D0       ]0x0002E316:	BEQ	#0XCBC193C4
(             libc.so[0xCBBEB000])[02 78       ]0x0002E318:	LDRB	R2, [R0]	;(R0=0x30040094 )
(             libc.so[0xCBBEB000])[95 42       ]0x0002E31A:	CMP	R5, R2	;(R5=0x00000005 R2=0x00000002 )
(             libc.so[0xCBBEB000])[09 D3       ]0x0002E31C:	BLO	#0XCBC19332
(             libc.so[0xCBBEB000])[13 D8       ]0x0002E31E:	BHI	#0XCBC19348
(             libc.so[0xCBBEB000])[F1 68       ]0x0002E348:	LDR	R1, [R6, #0XC]	;(R6=0x30040094 )
(             libc.so[0xCBBEB000])[19 B1       ]0x0002E34A:	CBZ	R1, #0XCBC19354	;(R1=0x00000A80 )
(             libc.so[0xCBBEB000])[F0 68       ]0x0002E34C:	LDR	R0, [R6, #0XC]	;(R6=0x30040094 )
(             libc.so[0xCBBEB000])[FF F7 3F FF ]0x0002E34E:	BL	#0XCBC191D0	;(PC=0xCBC1934E )
(             libc.so[0xCBBEB000])[09 4B       ]0x0002E1D0:	LDR	R3, [PC, #0X24]	;(PC=0xCBC191D0 )
(             libc.so[0xCBBEB000])[82 B0       ]0x0002E1D2:	SUB	SP, #8	;(SP=0x100FE9D0 )
(             libc.so[0xCBBEB000])[09 49       ]0x0002E1D4:	LDR	R1, [PC, #0X24]	;(PC=0xCBC191D4 )
(             libc.so[0xCBBEB000])[7B 44       ]0x0002E1D6:	ADD	R3, PC	;(R3=0x0001BDFE PC=0xCBC191D6 )
(             libc.so[0xCBBEB000])[01 90       ]0x0002E1D8:	STR	R0, [SP, #4]	;(R0=0x00000A80 SP=0x100FE9C8 )
(             libc.so[0xCBBEB000])[01 9A       ]0x0002E1DA:	LDR	R2, [SP, #4]	;(SP=0x100FE9C8 )
(             libc.so[0xCBBEB000])[5B 58       ]0x0002E1DC:	LDR	R3, [R3, R1]	;(R3=0xCBC34FD8 R1=0xFFFFFFC4 )
(             libc.so[0xCBBEB000])[18 68       ]0x0002E1DE:	LDR	R0, [R3]	;(R3=0xCBC45F1C )
(             libc.so[0xCBBEB000])[82 42       ]0x0002E1E0:	CMP	R2, R0	;(R2=0x00000A80 R0=0x0001FF80 )
(             libc.so[0xCBBEB000])[06 D8       ]0x0002E1E2:	BHI	#0XCBC191F2
(             libc.so[0xCBBEB000])[06 49       ]0x0002E1E4:	LDR	R1, [PC, #0X18]	;(PC=0xCBC191E4 )
(             libc.so[0xCBBEB000])[01 9A       ]0x0002E1E6:	LDR	R2, [SP, #4]	;(SP=0x100FE9C8 )
(             libc.so[0xCBBEB000])[79 44       ]0x0002E1E8:	ADD	R1, PC	;(R1=0x0002A318 PC=0xCBC191E8 )
(             libc.so[0xCBBEB000])[80 32       ]0x0002E1EA:	ADDS	R2, #0X80	;(R2=0x00000A80 )
(             libc.so[0xCBBEB000])[0B 68       ]0x0002E1EC:	LDR	R3, [R1]	;(R1=0xCBC43504 )
(             libc.so[0xCBBEB000])[98 18       ]0x0002E1EE:	ADDS	R0, R3, R2	;(R3=0x30040000 R2=0x00000B00 )
(             libc.so[0xCBBEB000])[00 E0       ]0x0002E1F0:	B	#0XCBC191F4
(             libc.so[0xCBBEB000])[02 B0       ]0x0002E1F4:	ADD	SP, #8	;(SP=0x100FE9C8 )
(             libc.so[0xCBBEB000])[70 47       ]0x0002E1F6:	BX	LR	;(LR=0xCBC19353 )
(             libc.so[0xCBBEB000])[DE E7       ]0x0002E352:	B	#0XCBC19312
(             libc.so[0xCBBEB000])[06 46       ]0x0002E312:	MOV	R6, R0	;(R0=0x30040B00 )
(             libc.so[0xCBBEB000])[00 28       ]0x0002E314:	CMP	R0, #0	;(R0=0x30040B00 )
(             libc.so[0xCBBEB000])[55 D0       ]0x0002E316:	BEQ	#0XCBC193C4
(             libc.so[0xCBBEB000])[02 78       ]0x0002E318:	LDRB	R2, [R0]	;(R0=0x30040B00 )
(             libc.so[0xCBBEB000])[95 42       ]0x0002E31A:	CMP	R5, R2	;(R5=0x00000005 R2=0x00000008 )
(             libc.so[0xCBBEB000])[09 D3       ]0x0002E31C:	BLO	#0XCBC19332
(             libc.so[0xCBBEB000])[B3 68       ]0x0002E332:	LDR	R3, [R6, #8]	;(R6=0x30040B00 )
(             libc.so[0xCBBEB000])[0B B1       ]0x0002E334:	CBZ	R3, #0XCBC1933A	;(R3=0x00000D20 )
(             libc.so[0xCBBEB000])[B0 68       ]0x0002E336:	LDR	R0, [R6, #8]	;(R6=0x30040B00 )
(             libc.so[0xCBBEB000])[09 E0       ]0x0002E338:	B	#0XCBC1934E
(             libc.so[0xCBBEB000])[FF F7 3F FF ]0x0002E34E:	BL	#0XCBC191D0	;(PC=0xCBC1934E )
(             libc.so[0xCBBEB000])[09 4B       ]0x0002E1D0:	LDR	R3, [PC, #0X24]	;(PC=0xCBC191D0 )
(             libc.so[0xCBBEB000])[82 B0       ]0x0002E1D2:	SUB	SP, #8	;(SP=0x100FE9D0 )
(             libc.so[0xCBBEB000])[09 49       ]0x0002E1D4:	LDR	R1, [PC, #0X24]	;(PC=0xCBC191D4 )
(             libc.so[0xCBBEB000])[7B 44       ]0x0002E1D6:	ADD	R3, PC	;(R3=0x0001BDFE PC=0xCBC191D6 )
(             libc.so[0xCBBEB000])[01 90       ]0x0002E1D8:	STR	R0, [SP, #4]	;(R0=0x00000D20 SP=0x100FE9C8 )
(             libc.so[0xCBBEB000])[01 9A       ]0x0002E1DA:	LDR	R2, [SP, #4]	;(SP=0x100FE9C8 )
(             libc.so[0xCBBEB000])[5B 58       ]0x0002E1DC:	LDR	R3, [R3, R1]	;(R3=0xCBC34FD8 R1=0xFFFFFFC4 )
(             libc.so[0xCBBEB000])[18 68       ]0x0002E1DE:	LDR	R0, [R3]	;(R3=0xCBC45F1C )
(             libc.so[0xCBBEB000])[82 42       ]0x0002E1E0:	CMP	R2, R0	;(R2=0x00000D20 R0=0x0001FF80 )
(             libc.so[0xCBBEB000])[06 D8       ]0x0002E1E2:	BHI	#0XCBC191F2
(             libc.so[0xCBBEB000])[06 49       ]0x0002E1E4:	LDR	R1, [PC, #0X18]	;(PC=0xCBC191E4 )
(             libc.so[0xCBBEB000])[01 9A       ]0x0002E1E6:	LDR	R2, [SP, #4]	;(SP=0x100FE9C8 )
(             libc.so[0xCBBEB000])[79 44       ]0x0002E1E8:	ADD	R1, PC	;(R1=0x0002A318 PC=0xCBC191E8 )
(             libc.so[0xCBBEB000])[80 32       ]0x0002E1EA:	ADDS	R2, #0X80	;(R2=0x00000D20 )
(             libc.so[0xCBBEB000])[0B 68       ]0x0002E1EC:	LDR	R3, [R1]	;(R1=0xCBC43504 )
(             libc.so[0xCBBEB000])[98 18       ]0x0002E1EE:	ADDS	R0, R3, R2	;(R3=0x30040000 R2=0x00000DA0 )
(             libc.so[0xCBBEB000])[00 E0       ]0x0002E1F0:	B	#0XCBC191F4
(             libc.so[0xCBBEB000])[02 B0       ]0x0002E1F4:	ADD	SP, #8	;(SP=0x100FE9C8 )
(             libc.so[0xCBBEB000])[70 47       ]0x0002E1F6:	BX	LR	;(LR=0xCBC19353 )
(             libc.so[0xCBBEB000])[DE E7       ]0x0002E352:	B	#0XCBC19312
(             libc.so[0xCBBEB000])[06 46       ]0x0002E312:	MOV	R6, R0	;(R0=0x30040DA0 )
(             libc.so[0xCBBEB000])[00 28       ]0x0002E314:	CMP	R0, #0	;(R0=0x30040DA0 )
(             libc.so[0xCBBEB000])[55 D0       ]0x0002E316:	BEQ	#0XCBC193C4
(             libc.so[0xCBBEB000])[02 78       ]0x0002E318:	LDRB	R2, [R0]	;(R0=0x30040DA0 )
(             libc.so[0xCBBEB000])[95 42       ]0x0002E31A:	CMP	R5, R2	;(R5=0x00000005 R2=0x00000006 )
(             libc.so[0xCBBEB000])[09 D3       ]0x0002E31C:	BLO	#0XCBC19332
(             libc.so[0xCBBEB000])[B3 68       ]0x0002E332:	LDR	R3, [R6, #8]	;(R6=0x30040DA0 )
(             libc.so[0xCBBEB000])[0B B1       ]0x0002E334:	CBZ	R3, #0XCBC1933A	;(R3=0x000010B4 )
(             libc.so[0xCBBEB000])[B0 68       ]0x0002E336:	LDR	R0, [R6, #8]	;(R6=0x30040DA0 )
(             libc.so[0xCBBEB000])[09 E0       ]0x0002E338:	B	#0XCBC1934E
(             libc.so[0xCBBEB000])[FF F7 3F FF ]0x0002E34E:	BL	#0XCBC191D0	;(PC=0xCBC1934E )
(             libc.so[0xCBBEB000])[09 4B       ]0x0002E1D0:	LDR	R3, [PC, #0X24]	;(PC=0xCBC191D0 )
(             libc.so[0xCBBEB000])[82 B0       ]0x0002E1D2:	SUB	SP, #8	;(SP=0x100FE9D0 )
(             libc.so[0xCBBEB000])[09 49       ]0x0002E1D4:	LDR	R1, [PC, #0X24]	;(PC=0xCBC191D4 )
(             libc.so[0xCBBEB000])[7B 44       ]0x0002E1D6:	ADD	R3, PC	;(R3=0x0001BDFE PC=0xCBC191D6 )
(             libc.so[0xCBBEB000])[01 90       ]0x0002E1D8:	STR	R0, [SP, #4]	;(R0=0x000010B4 SP=0x100FE9C8 )
(             libc.so[0xCBBEB000])[01 9A       ]0x0002E1DA:	LDR	R2, [SP, #4]	;(SP=0x100FE9C8 )
(             libc.so[0xCBBEB000])[5B 58       ]0x0002E1DC:	LDR	R3, [R3, R1]	;(R3=0xCBC34FD8 R1=0xFFFFFFC4 )
(             libc.so[0xCBBEB000])[18 68       ]0x0002E1DE:	LDR	R0, [R3]	;(R3=0xCBC45F1C )
(             libc.so[0xCBBEB000])[82 42       ]0x0002E1E0:	CMP	R2, R0	;(R2=0x000010B4 R0=0x0001FF80 )
(             libc.so[0xCBBEB000])[06 D8       ]0x0002E1E2:	BHI	#0XCBC191F2
(             libc.so[0xCBBEB000])[06 49       ]0x0002E1E4:	LDR	R1, [PC, #0X18]	;(PC=0xCBC191E4 )
(             libc.so[0xCBBEB000])[01 9A       ]0x0002E1E6:	LDR	R2, [SP, #4]	;(SP=0x100FE9C8 )
(             libc.so[0xCBBEB000])[79 44       ]0x0002E1E8:	ADD	R1, PC	;(R1=0x0002A318 PC=0xCBC191E8 )
(             libc.so[0xCBBEB000])[80 32       ]0x0002E1EA:	ADDS	R2, #0X80	;(R2=0x000010B4 )
(             libc.so[0xCBBEB000])[0B 68       ]0x0002E1EC:	LDR	R3, [R1]	;(R1=0xCBC43504 )
(             libc.so[0xCBBEB000])[98 18       ]0x0002E1EE:	ADDS	R0, R3, R2	;(R3=0x30040000 R2=0x00001134 )
(             libc.so[0xCBBEB000])[00 E0       ]0x0002E1F0:	B	#0XCBC191F4
(             libc.so[0xCBBEB000])[02 B0       ]0x0002E1F4:	ADD	SP, #8	;(SP=0x100FE9C8 )
(             libc.so[0xCBBEB000])[70 47       ]0x0002E1F6:	BX	LR	;(LR=0xCBC19353 )
(             libc.so[0xCBBEB000])[DE E7       ]0x0002E352:	B	#0XCBC19312
(             libc.so[0xCBBEB000])[06 46       ]0x0002E312:	MOV	R6, R0	;(R0=0x30041134 )
(             libc.so[0xCBBEB000])[00 28       ]0x0002E314:	CMP	R0, #0	;(R0=0x30041134 )
(             libc.so[0xCBBEB000])[55 D0       ]0x0002E316:	BEQ	#0XCBC193C4
(             libc.so[0xCBBEB000])[02 78       ]0x0002E318:	LDRB	R2, [R0]	;(R0=0x30041134 )
(             libc.so[0xCBBEB000])[95 42       ]0x0002E31A:	CMP	R5, R2	;(R5=0x00000005 R2=0x00000005 )
(             libc.so[0xCBBEB000])[09 D3       ]0x0002E31C:	BLO	#0XCBC19332
(             libc.so[0xCBBEB000])[13 D8       ]0x0002E31E:	BHI	#0XCBC19348
(             libc.so[0xCBBEB000])[20 46       ]0x0002E320:	MOV	R0, R4	;(R4=0xCBC2ABE4 )
(             libc.so[0xCBBEB000])[06 F1 14 01 ]0x0002E322:	ADD.W	R1, R6, #0X14	;(R6=0x30041134 )
(             libc.so[0xCBBEB000])[2A 46       ]0x0002E326:	MOV	R2, R5	;(R5=0x00000005 )
(             libc.so[0xCBBEB000])[0B F0 B2 FD ]0x0002E328:	BL	#0XCBC24E90	;(PC=0xCBC19328 )
(             libc.so[0xCBBEB000])[30 B5       ]0x00039E90:	PUSH	{R4, R5, LR} ; strncmp	;(SP=0x100FE9D0 R4=0xCBC2ABE4 R5=0x00000005 LR=0xCBC1932D )
(             libc.so[0xCBBEB000])[62 B1       ]0x00039E92:	CBZ	R2, #0XCBC24EAE	;(R2=0x00000005 )
(             libc.so[0xCBBEB000])[00 23       ]0x00039E94:	MOVS	R3, #0
(             libc.so[0xCBBEB000])[C4 5C       ]0x00039E96:	LDRB	R4, [R0, R3]	;(R0=0xCBC2ABE4 R3=0x00000000 )
(             libc.so[0xCBBEB000])[CD 5C       ]0x00039E98:	LDRB	R5, [R1, R3]	;(R1=0x30041148 R3=0x00000000 )
(             libc.so[0xCBBEB000])[AC 42       ]0x00039E9A:	CMP	R4, R5	;(R4=0x00000064 R5=0x00000064 )
(             libc.so[0xCBBEB000])[01 D0       ]0x00039E9C:	BEQ	#0XCBC24EA2
(             libc.so[0xCBBEB000])[34 B1       ]0x00039EA2:	CBZ	R4, #0XCBC24EB2	;(R4=0x00000064 )
(             libc.so[0xCBBEB000])[01 33       ]0x00039EA4:	ADDS	R3, #1	;(R3=0x00000000 )
(             libc.so[0xCBBEB000])[9A 42       ]0x00039EA6:	CMP	R2, R3	;(R2=0x00000005 R3=0x00000001 )
(             libc.so[0xCBBEB000])[F5 D1       ]0x00039EA8:	BNE	#0XCBC24E96
(             libc.so[0xCBBEB000])[C4 5C       ]0x00039E96:	LDRB	R4, [R0, R3]	;(R0=0xCBC2ABE4 R3=0x00000001 )
(             libc.so[0xCBBEB000])[CD 5C       ]0x00039E98:	LDRB	R5, [R1, R3]	;(R1=0x30041148 R3=0x00000001 )
(             libc.so[0xCBBEB000])[AC 42       ]0x00039E9A:	CMP	R4, R5	;(R4=0x00000065 R5=0x00000065 )
(             libc.so[0xCBBEB000])[01 D0       ]0x00039E9C:	BEQ	#0XCBC24EA2
(             libc.so[0xCBBEB000])[34 B1       ]0x00039EA2:	CBZ	R4, #0XCBC24EB2	;(R4=0x00000065 )
(             libc.so[0xCBBEB000])[01 33       ]0x00039EA4:	ADDS	R3, #1	;(R3=0x00000001 )
(             libc.so[0xCBBEB000])[9A 42       ]0x00039EA6:	CMP	R2, R3	;(R2=0x00000005 R3=0x00000002 )
(             libc.so[0xCBBEB000])[F5 D1       ]0x00039EA8:	BNE	#0XCBC24E96
(             libc.so[0xCBBEB000])[C4 5C       ]0x00039E96:	LDRB	R4, [R0, R3]	;(R0=0xCBC2ABE4 R3=0x00000002 )
(             libc.so[0xCBBEB000])[CD 5C       ]0x00039E98:	LDRB	R5, [R1, R3]	;(R1=0x30041148 R3=0x00000002 )
(             libc.so[0xCBBEB000])[AC 42       ]0x00039E9A:	CMP	R4, R5	;(R4=0x00000062 R5=0x00000062 )
(             libc.so[0xCBBEB000])[01 D0       ]0x00039E9C:	BEQ	#0XCBC24EA2
(             libc.so[0xCBBEB000])[34 B1       ]0x00039EA2:	CBZ	R4, #0XCBC24EB2	;(R4=0x00000062 )
(             libc.so[0xCBBEB000])[01 33       ]0x00039EA4:	ADDS	R3, #1	;(R3=0x00000002 )
(             libc.so[0xCBBEB000])[9A 42       ]0x00039EA6:	CMP	R2, R3	;(R2=0x00000005 R3=0x00000003 )
(             libc.so[0xCBBEB000])[F5 D1       ]0x00039EA8:	BNE	#0XCBC24E96
(             libc.so[0xCBBEB000])[C4 5C       ]0x00039E96:	LDRB	R4, [R0, R3]	;(R0=0xCBC2ABE4 R3=0x00000003 )
(             libc.so[0xCBBEB000])[CD 5C       ]0x00039E98:	LDRB	R5, [R1, R3]	;(R1=0x30041148 R3=0x00000003 )
(             libc.so[0xCBBEB000])[AC 42       ]0x00039E9A:	CMP	R4, R5	;(R4=0x00000075 R5=0x00000075 )
(             libc.so[0xCBBEB000])[01 D0       ]0x00039E9C:	BEQ	#0XCBC24EA2
(             libc.so[0xCBBEB000])[34 B1       ]0x00039EA2:	CBZ	R4, #0XCBC24EB2	;(R4=0x00000075 )
(             libc.so[0xCBBEB000])[01 33       ]0x00039EA4:	ADDS	R3, #1	;(R3=0x00000003 )
(             libc.so[0xCBBEB000])[9A 42       ]0x00039EA6:	CMP	R2, R3	;(R2=0x00000005 R3=0x00000004 )
(             libc.so[0xCBBEB000])[F5 D1       ]0x00039EA8:	BNE	#0XCBC24E96
(             libc.so[0xCBBEB000])[C4 5C       ]0x00039E96:	LDRB	R4, [R0, R3]	;(R0=0xCBC2ABE4 R3=0x00000004 )
(             libc.so[0xCBBEB000])[CD 5C       ]0x00039E98:	LDRB	R5, [R1, R3]	;(R1=0x30041148 R3=0x00000004 )
(             libc.so[0xCBBEB000])[AC 42       ]0x00039E9A:	CMP	R4, R5	;(R4=0x00000067 R5=0x00000067 )
(             libc.so[0xCBBEB000])[01 D0       ]0x00039E9C:	BEQ	#0XCBC24EA2
(             libc.so[0xCBBEB000])[34 B1       ]0x00039EA2:	CBZ	R4, #0XCBC24EB2	;(R4=0x00000067 )
(             libc.so[0xCBBEB000])[01 33       ]0x00039EA4:	ADDS	R3, #1	;(R3=0x00000004 )
(             libc.so[0xCBBEB000])[9A 42       ]0x00039EA6:	CMP	R2, R3	;(R2=0x00000005 R3=0x00000005 )
(             libc.so[0xCBBEB000])[F5 D1       ]0x00039EA8:	BNE	#0XCBC24E96
(             libc.so[0xCBBEB000])[00 20       ]0x00039EAA:	MOVS	R0, #0
(             libc.so[0xCBBEB000])[30 BD       ]0x00039EAC:	POP	{R4, R5, PC}	;(SP=0x100FE9C4 )
(             libc.so[0xCBBEB000])[00 28       ]0x0002E32C:	CMP	R0, #0	;(R0=0x00000000 )
(             libc.so[0xCBBEB000])[18 D0       ]0x0002E32E:	BEQ	#0XCBC19362
(             libc.so[0xCBBEB000])[BB F1 00 0F ]0x0002E362:	CMP.W	FP, #0	;(FP=0x00000001 )
(             libc.so[0xCBBEB000])[02 D0       ]0x0002E366:	BEQ	#0XCBC1936E
(             libc.so[0xCBBEB000])[0A F1 01 04 ]0x0002E368:	ADD.W	R4, SL, #1	;(SL=0xCBC2ABE9 )
(             libc.so[0xCBBEB000])[AF E7       ]0x0002E36C:	B	#0XCBC192CE
(             libc.so[0xCBBEB000])[2E 21       ]0x0002E2CE:	MOVS	R1, #0X2E
(             libc.so[0xCBBEB000])[20 46       ]0x0002E2D0:	MOV	R0, R4	;(R4=0xCBC2ABEA )
(             libc.so[0xCBBEB000])[F4 F7 D6 FF ]0x0002E2D2:	BL	#0XCBC0E282	;(PC=0xCBC192D2 )
(             libc.so[0xCBBEB000])[4F F0 FF 32 ]0x00023282:	MOV.W	R2, #-1 ; strchr
(             libc.so[0xCBBEB000])[FF F7 19 BF ]0x00023286:	B.W	#0XCBC0E0BC
(             libc.so[0xCBBEB000])[82 18       ]0x000230BC:	ADDS	R2, R0, R2 ; __strchr_chk	;(R0=0xCBC2ABEA R2=0xFFFFFFFF )
(             libc.so[0xCBBEB000])[C9 B2       ]0x000230BE:	UXTB	R1, R1	;(R1=0x0000002E )
(             libc.so[0xCBBEB000])[03 46       ]0x000230C0:	MOV	R3, R0	;(R0=0xCBC2ABEA )
(             libc.so[0xCBBEB000])[10 B5       ]0x000230C2:	PUSH	{R4, LR}	;(SP=0x100FE9D0 R4=0xCBC2ABEA LR=0xCBC192D7 )
(             libc.so[0xCBBEB000])[93 42       ]0x000230C4:	CMP	R3, R2	;(R3=0xCBC2ABEA R2=0xCBC2ABE9 )
(             libc.so[0xCBBEB000])[18 46       ]0x000230C6:	MOV	R0, R3	;(R3=0xCBC2ABEA )
(             libc.so[0xCBBEB000])[09 D0       ]0x000230C8:	BEQ	#0XCBC0E0DE
(             libc.so[0xCBBEB000])[03 E0       ]0x000230CA:	B	#0XCBC0E0D4
(             libc.so[0xCBBEB000])[1C 78       ]0x000230D4:	LDRB	R4, [R3]	;(R3=0xCBC2ABEA )
(             libc.so[0xCBBEB000])[01 33       ]0x000230D6:	ADDS	R3, #1	;(R3=0xCBC2ABEA )
(             libc.so[0xCBBEB000])[8C 42       ]0x000230D8:	CMP	R4, R1	;(R4=0x0000006C R1=0x0000002E )
(             libc.so[0xCBBEB000])[F7 D1       ]0x000230DA:	BNE	#0XCBC0E0CC
(             libc.so[0xCBBEB000])[00 2C       ]0x000230CC:	CMP	R4, #0	;(R4=0x0000006C )
(             libc.so[0xCBBEB000])[F9 D1       ]0x000230CE:	BNE	#0XCBC0E0C4
(             libc.so[0xCBBEB000])[93 42       ]0x000230C4:	CMP	R3, R2	;(R3=0xCBC2ABEB R2=0xCBC2ABE9 )
(             libc.so[0xCBBEB000])[18 46       ]0x000230C6:	MOV	R0, R3	;(R3=0xCBC2ABEB )
(             libc.so[0xCBBEB000])[09 D0       ]0x000230C8:	BEQ	#0XCBC0E0DE
(             libc.so[0xCBBEB000])[03 E0       ]0x000230CA:	B	#0XCBC0E0D4
(             libc.so[0xCBBEB000])[1C 78       ]0x000230D4:	LDRB	R4, [R3]	;(R3=0xCBC2ABEB )
(             libc.so[0xCBBEB000])[01 33       ]0x000230D6:	ADDS	R3, #1	;(R3=0xCBC2ABEB )
(             libc.so[0xCBBEB000])[8C 42       ]0x000230D8:	CMP	R4, R1	;(R4=0x00000069 R1=0x0000002E )
(             libc.so[0xCBBEB000])[F7 D1       ]0x000230DA:	BNE	#0XCBC0E0CC
(             libc.so[0xCBBEB000])[00 2C       ]0x000230CC:	CMP	R4, #0	;(R4=0x00000069 )
(             libc.so[0xCBBEB000])[F9 D1       ]0x000230CE:	BNE	#0XCBC0E0C4
(             libc.so[0xCBBEB000])[93 42       ]0x000230C4:	CMP	R3, R2	;(R3=0xCBC2ABEC R2=0xCBC2ABE9 )
(             libc.so[0xCBBEB000])[18 46       ]0x000230C6:	MOV	R0, R3	;(R3=0xCBC2ABEC )
(             libc.so[0xCBBEB000])[09 D0       ]0x000230C8:	BEQ	#0XCBC0E0DE
(             libc.so[0xCBBEB000])[03 E0       ]0x000230CA:	B	#0XCBC0E0D4
(             libc.so[0xCBBEB000])[1C 78       ]0x000230D4:	LDRB	R4, [R3]	;(R3=0xCBC2ABEC )
(             libc.so[0xCBBEB000])[01 33       ]0x000230D6:	ADDS	R3, #1	;(R3=0xCBC2ABEC )
(             libc.so[0xCBBEB000])[8C 42       ]0x000230D8:	CMP	R4, R1	;(R4=0x00000062 R1=0x0000002E )
(             libc.so[0xCBBEB000])[F7 D1       ]0x000230DA:	BNE	#0XCBC0E0CC
(             libc.so[0xCBBEB000])[00 2C       ]0x000230CC:	CMP	R4, #0	;(R4=0x00000062 )
(             libc.so[0xCBBEB000])[F9 D1       ]0x000230CE:	BNE	#0XCBC0E0C4
(             libc.so[0xCBBEB000])[93 42       ]0x000230C4:	CMP	R3, R2	;(R3=0xCBC2ABED R2=0xCBC2ABE9 )
(             libc.so[0xCBBEB000])[18 46       ]0x000230C6:	MOV	R0, R3	;(R3=0xCBC2ABED )
(             libc.so[0xCBBEB000])[09 D0       ]0x000230C8:	BEQ	#0XCBC0E0DE
(             libc.so[0xCBBEB000])[03 E0       ]0x000230CA:	B	#0XCBC0E0D4
(             libc.so[0xCBBEB000])[1C 78       ]0x000230D4:	LDRB	R4, [R3]	;(R3=0xCBC2ABED )
(             libc.so[0xCBBEB000])[01 33       ]0x000230D6:	ADDS	R3, #1	;(R3=0xCBC2ABED )
(             libc.so[0xCBBEB000])[8C 42       ]0x000230D8:	CMP	R4, R1	;(R4=0x00000063 R1=0x0000002E )
(             libc.so[0xCBBEB000])[F7 D1       ]0x000230DA:	BNE	#0XCBC0E0CC
(             libc.so[0xCBBEB000])[00 2C       ]0x000230CC:	CMP	R4, #0	;(R4=0x00000063 )
(             libc.so[0xCBBEB000])[F9 D1       ]0x000230CE:	BNE	#0XCBC0E0C4
(             libc.so[0xCBBEB000])[93 42       ]0x000230C4:	CMP	R3, R2	;(R3=0xCBC2ABEE R2=0xCBC2ABE9 )
(             libc.so[0xCBBEB000])[18 46       ]0x000230C6:	MOV	R0, R3	;(R3=0xCBC2ABEE )
(             libc.so[0xCBBEB000])[09 D0       ]0x000230C8:	BEQ	#0XCBC0E0DE
(             libc.so[0xCBBEB000])[03 E0       ]0x000230CA:	B	#0XCBC0E0D4
(             libc.so[0xCBBEB000])[1C 78       ]0x000230D4:	LDRB	R4, [R3]	;(R3=0xCBC2ABEE )
(             libc.so[0xCBBEB000])[01 33       ]0x000230D6:	ADDS	R3, #1	;(R3=0xCBC2ABEE )
(             libc.so[0xCBBEB000])[8C 42       ]0x000230D8:	CMP	R4, R1	;(R4=0x0000002E R1=0x0000002E )
(             libc.so[0xCBBEB000])[F7 D1       ]0x000230DA:	BNE	#0XCBC0E0CC
(             libc.so[0xCBBEB000])[10 BD       ]0x000230DC:	POP	{R4, PC}	;(SP=0x100FE9C8 )
(             libc.so[0xCBBEB000])[10 F1 00 0B ]0x0002E2D6:	ADDS.W	FP, R0, #0	;(R0=0xCBC2ABEE )
(             libc.so[0xCBBEB000])[82 46       ]0x0002E2DA:	MOV	SL, R0	;(R0=0xCBC2ABEE )
(             libc.so[0xCBBEB000])[18 BF       ]0x0002E2DC:	IT	NE
(             libc.so[0xCBBEB000])[4F F0 01 0B ]0x0002E2DE:	MOV.W	FP, #1
(             libc.so[0xCBBEB000])[BB F1 00 0F ]0x0002E2E2:	CMP.W	FP, #0	;(FP=0x00000001 )
(             libc.so[0xCBBEB000])[02 D0       ]0x0002E2E6:	BEQ	#0XCBC192EE
(             libc.so[0xCBBEB000])[05 1B       ]0x0002E2E8:	SUBS	R5, R0, R4	;(R0=0xCBC2ABEE R4=0xCBC2ABEA )
(             libc.so[0xCBBEB000])[ED B2       ]0x0002E2EA:	UXTB	R5, R5	;(R5=0x00000004 )
(             libc.so[0xCBBEB000])[03 E0       ]0x0002E2EC:	B	#0XCBC192F6
(             libc.so[0xCBBEB000])[05 B9       ]0x0002E2F6:	CBNZ	R5, #0XCBC192FA	;(R5=0x00000004 )
(             libc.so[0xCBBEB000])[33 69       ]0x0002E2FA:	LDR	R3, [R6, #0X10]	;(R6=0x30041134 )
(             libc.so[0xCBBEB000])[0B B1       ]0x0002E2FC:	CBZ	R3, #0XCBC19302	;(R3=0x000010D0 )
(             libc.so[0xCBBEB000])[30 69       ]0x0002E2FE:	LDR	R0, [R6, #0X10]	;(R6=0x30041134 )
(             libc.so[0xCBBEB000])[25 E0       ]0x0002E300:	B	#0XCBC1934E
(             libc.so[0xCBBEB000])[FF F7 3F FF ]0x0002E34E:	BL	#0XCBC191D0	;(PC=0xCBC1934E )
(             libc.so[0xCBBEB000])[09 4B       ]0x0002E1D0:	LDR	R3, [PC, #0X24]	;(PC=0xCBC191D0 )
(             libc.so[0xCBBEB000])[82 B0       ]0x0002E1D2:	SUB	SP, #8	;(SP=0x100FE9D0 )
(             libc.so[0xCBBEB000])[09 49       ]0x0002E1D4:	LDR	R1, [PC, #0X24]	;(PC=0xCBC191D4 )
(             libc.so[0xCBBEB000])[7B 44       ]0x0002E1D6:	ADD	R3, PC	;(R3=0x0001BDFE PC=0xCBC191D6 )
(             libc.so[0xCBBEB000])[01 90       ]0x0002E1D8:	STR	R0, [SP, #4]	;(R0=0x000010D0 SP=0x100FE9C8 )
(             libc.so[0xCBBEB000])[01 9A       ]0x0002E1DA:	LDR	R2, [SP, #4]	;(SP=0x100FE9C8 )
(             libc.so[0xCBBEB000])[5B 58       ]0x0002E1DC:	LDR	R3, [R3, R1]	;(R3=0xCBC34FD8 R1=0xFFFFFFC4 )
(             libc.so[0xCBBEB000])[18 68       ]0x0002E1DE:	LDR	R0, [R3]	;(R3=0xCBC45F1C )
(             libc.so[0xCBBEB000])[82 42       ]0x0002E1E0:	CMP	R2, R0	;(R2=0x000010D0 R0=0x0001FF80 )
(             libc.so[0xCBBEB000])[06 D8       ]0x0002E1E2:	BHI	#0XCBC191F2
(             libc.so[0xCBBEB000])[06 49       ]0x0002E1E4:	LDR	R1, [PC, #0X18]	;(PC=0xCBC191E4 )
(             libc.so[0xCBBEB000])[01 9A       ]0x0002E1E6:	LDR	R2, [SP, #4]	;(SP=0x100FE9C8 )
(             libc.so[0xCBBEB000])[79 44       ]0x0002E1E8:	ADD	R1, PC	;(R1=0x0002A318 PC=0xCBC191E8 )
(             libc.so[0xCBBEB000])[80 32       ]0x0002E1EA:	ADDS	R2, #0X80	;(R2=0x000010D0 )
(             libc.so[0xCBBEB000])[0B 68       ]0x0002E1EC:	LDR	R3, [R1]	;(R1=0xCBC43504 )
(             libc.so[0xCBBEB000])[98 18       ]0x0002E1EE:	ADDS	R0, R3, R2	;(R3=0x30040000 R2=0x00001150 )
(             libc.so[0xCBBEB000])[00 E0       ]0x0002E1F0:	B	#0XCBC191F4
(             libc.so[0xCBBEB000])[02 B0       ]0x0002E1F4:	ADD	SP, #8	;(SP=0x100FE9C8 )
(             libc.so[0xCBBEB000])[70 47       ]0x0002E1F6:	BX	LR	;(LR=0xCBC19353 )
(             libc.so[0xCBBEB000])[DE E7       ]0x0002E352:	B	#0XCBC19312
(             libc.so[0xCBBEB000])[06 46       ]0x0002E312:	MOV	R6, R0	;(R0=0x30041150 )
(             libc.so[0xCBBEB000])[00 28       ]0x0002E314:	CMP	R0, #0	;(R0=0x30041150 )
(             libc.so[0xCBBEB000])[55 D0       ]0x0002E316:	BEQ	#0XCBC193C4
(             libc.so[0xCBBEB000])[02 78       ]0x0002E318:	LDRB	R2, [R0]	;(R0=0x30041150 )
(             libc.so[0xCBBEB000])[95 42       ]0x0002E31A:	CMP	R5, R2	;(R5=0x00000004 R2=0x00000006 )
(             libc.so[0xCBBEB000])[09 D3       ]0x0002E31C:	BLO	#0XCBC19332
(             libc.so[0xCBBEB000])[B3 68       ]0x0002E332:	LDR	R3, [R6, #8]	;(R6=0x30041150 )
(             libc.so[0xCBBEB000])[0B B1       ]0x0002E334:	CBZ	R3, #0XCBC1933A	;(R3=0x00004E48 )
(             libc.so[0xCBBEB000])[B0 68       ]0x0002E336:	LDR	R0, [R6, #8]	;(R6=0x30041150 )
(             libc.so[0xCBBEB000])[09 E0       ]0x0002E338:	B	#0XCBC1934E
(             libc.so[0xCBBEB000])[FF F7 3F FF ]0x0002E34E:	BL	#0XCBC191D0	;(PC=0xCBC1934E )
(             libc.so[0xCBBEB000])[09 4B       ]0x0002E1D0:	LDR	R3, [PC, #0X24]	;(PC=0xCBC191D0 )
(             libc.so[0xCBBEB000])[82 B0       ]0x0002E1D2:	SUB	SP, #8	;(SP=0x100FE9D0 )
(             libc.so[0xCBBEB000])[09 49       ]0x0002E1D4:	LDR	R1, [PC, #0X24]	;(PC=0xCBC191D4 )
(             libc.so[0xCBBEB000])[7B 44       ]0x0002E1D6:	ADD	R3, PC	;(R3=0x0001BDFE PC=0xCBC191D6 )
(             libc.so[0xCBBEB000])[01 90       ]0x0002E1D8:	STR	R0, [SP, #4]	;(R0=0x00004E48 SP=0x100FE9C8 )
(             libc.so[0xCBBEB000])[01 9A       ]0x0002E1DA:	LDR	R2, [SP, #4]	;(SP=0x100FE9C8 )
(             libc.so[0xCBBEB000])[5B 58       ]0x0002E1DC:	LDR	R3, [R3, R1]	;(R3=0xCBC34FD8 R1=0xFFFFFFC4 )
(             libc.so[0xCBBEB000])[18 68       ]0x0002E1DE:	LDR	R0, [R3]	;(R3=0xCBC45F1C )
(             libc.so[0xCBBEB000])[82 42       ]0x0002E1E0:	CMP	R2, R0	;(R2=0x00004E48 R0=0x0001FF80 )
(             libc.so[0xCBBEB000])[06 D8       ]0x0002E1E2:	BHI	#0XCBC191F2
(             libc.so[0xCBBEB000])[06 49       ]0x0002E1E4:	LDR	R1, [PC, #0X18]	;(PC=0xCBC191E4 )
(             libc.so[0xCBBEB000])[01 9A       ]0x0002E1E6:	LDR	R2, [SP, #4]	;(SP=0x100FE9C8 )
(             libc.so[0xCBBEB000])[79 44       ]0x0002E1E8:	ADD	R1, PC	;(R1=0x0002A318 PC=0xCBC191E8 )
(             libc.so[0xCBBEB000])[80 32       ]0x0002E1EA:	ADDS	R2, #0X80	;(R2=0x00004E48 )
(             libc.so[0xCBBEB000])[0B 68       ]0x0002E1EC:	LDR	R3, [R1]	;(R1=0xCBC43504 )
(             libc.so[0xCBBEB000])[98 18       ]0x0002E1EE:	ADDS	R0, R3, R2	;(R3=0x30040000 R2=0x00004EC8 )
(             libc.so[0xCBBEB000])[00 E0       ]0x0002E1F0:	B	#0XCBC191F4
(             libc.so[0xCBBEB000])[02 B0       ]0x0002E1F4:	ADD	SP, #8	;(SP=0x100FE9C8 )
(             libc.so[0xCBBEB000])[70 47       ]0x0002E1F6:	BX	LR	;(LR=0xCBC19353 )
(             libc.so[0xCBBEB000])[DE E7       ]0x0002E352:	B	#0XCBC19312
(             libc.so[0xCBBEB000])[06 46       ]0x0002E312:	MOV	R6, R0	;(R0=0x30044EC8 )
(             libc.so[0xCBBEB000])[00 28       ]0x0002E314:	CMP	R0, #0	;(R0=0x30044EC8 )
(             libc.so[0xCBBEB000])[55 D0       ]0x0002E316:	BEQ	#0XCBC193C4
(             libc.so[0xCBBEB000])[02 78       ]0x0002E318:	LDRB	R2, [R0]	;(R0=0x30044EC8 )
(             libc.so[0xCBBEB000])[95 42       ]0x0002E31A:	CMP	R5, R2	;(R5=0x00000004 R2=0x00000003 )
(             libc.so[0xCBBEB000])[09 D3       ]0x0002E31C:	BLO	#0XCBC19332
(             libc.so[0xCBBEB000])[13 D8       ]0x0002E31E:	BHI	#0XCBC19348
(             libc.so[0xCBBEB000])[F1 68       ]0x0002E348:	LDR	R1, [R6, #0XC]	;(R6=0x30044EC8 )
(             libc.so[0xCBBEB000])[19 B1       ]0x0002E34A:	CBZ	R1, #0XCBC19354	;(R1=0x00000000 )
(             libc.so[0xCBBEB000])[00 2F       ]0x0002E354:	CMP	R7, #0	;(R7=0x00000000 )
(             libc.so[0xCBBEB000])[35 D0       ]0x0002E356:	BEQ	#0XCBC193C4
(             libc.so[0xCBBEB000])[00 24       ]0x0002E3C4:	MOVS	R4, #0
(             libc.so[0xCBBEB000])[20 46       ]0x0002E3C6:	MOV	R0, R4	;(R4=0x00000000 )
(             libc.so[0xCBBEB000])[05 B0       ]0x0002E3C8:	ADD	SP, #0X14	;(SP=0x100FE9D0 )
(             libc.so[0xCBBEB000])[BD E8 F0 8F ]0x0002E3CA:	POP.W	{R4, R5, R6, R7, R8, SB, SL, FP, PC}	;(SP=0x100FE9E4 )
(             libc.so[0xCBBEB000])[02 B0       ]0x0002E608:	ADD	SP, #8	;(SP=0x100FEA08 )
(             libc.so[0xCBBEB000])[70 BD       ]0x0002E60A:	POP	{R4, R5, R6, PC}	;(SP=0x100FEA10 )
(             libc.so[0xCBBEB000])[28 B1       ]0x0002E674:	CBZ	R0, #0XCBC19682	;(R0=0x00000000 )
(             libc.so[0xCBBEB000])[20 70       ]0x0002E682:	STRB	R0, [R4]	;(R0=0x00000000 R4=0x100FEA30 )
(             libc.so[0xCBBEB000])[10 BD       ]0x0002E684:	POP	{R4, PC}	;(SP=0x100FEA20 )
(             libc.so[0xCBBEB000])[E8 B1       ]0x0000E288:	CBZ	R0, #0XCBBF92C6	;(R0=0x00000000 )
(             libc.so[0xCBBEB000])[19 99       ]0x0000E2C6:	LDR	R1, [SP, #0X64]	;(SP=0x100FEA28 )
(             libc.so[0xCBBEB000])[32 68       ]0x0000E2C8:	LDR	R2, [R6]	;(R6=0xCBC39384 )
(             libc.so[0xCBBEB000])[91 42       ]0x0000E2CA:	CMP	R1, R2	;(R1=0x00001000 R2=0x00001000 )
(             libc.so[0xCBBEB000])[01 D0       ]0x0000E2CC:	BEQ	#0XCBBF92D2
(             libc.so[0xCBBEB000])[1A B0       ]0x0000E2D2:	ADD	SP, #0X68	;(SP=0x100FEA28 )
(             libc.so[0xCBBEB000])[70 BD       ]0x0000E2D4:	POP	{R4, R5, R6, PC}	;(SP=0x100FEA90 )
(             libc.so[0xCBBEB000])[BD E8 08 40 ]0x0000E30C:	POP.W	{R3, LR}	;(SP=0x100FEAA0 )
(             libc.so[0xCBBEB000])[FF F7 A8 BC ]0x0000E310:	B.W	#0XCBBF8C64
(             libc.so[0xCBBEB000])[08 48       ]0x0000DC64:	LDR	R0, [PC, #0X20]	;(PC=0xCBBF8C64 )
(             libc.so[0xCBBEB000])[09 49       ]0x0000DC66:	LDR	R1, [PC, #0X24]	;(PC=0xCBBF8C66 )
(             libc.so[0xCBBEB000])[08 B5       ]0x0000DC68:	PUSH	{R3, LR}	;(SP=0x100FEAA8 R3=0x00000000 LR=0x03000000 )
(             libc.so[0xCBBEB000])[78 44       ]0x0000DC6A:	ADD	R0, PC	;(R0=0x0003E8D2 PC=0xCBBF8C6A )
(             libc.so[0xCBBEB000])[79 44       ]0x0000DC6C:	ADD	R1, PC	;(R1=0x00000295 PC=0xCBBF8C6C )
(             libc.so[0xCBBEB000])[01 F0 92 E9 ]0x0000DC6E:	BLX	#0XCBBF9F94	;(PC=0xCBBF8C6E )
(             libc.so[0xCBBEB000])[00 30 90 E5 ]0x0000EF94:	LDR	R3, [R0] ; pthread_once	;(R0=0xCBC37540 )
(             libc.so[0xCBBEB000])[70 40 2D E9 ]0x0000EF98:	PUSH	{R4, R5, R6, LR}	;(SP=0x100FEAA0 R4=0x00000000 R5=0x00000000 R6=0x00000000 LR=0xCBBF8C73 )
(             libc.so[0xCBBEB000])[02 00 13 E3 ]0x0000EF9C:	TST	R3, #2	;(R3=0x00000000 )
(             libc.so[0xCBBEB000])[00 40 A0 E1 ]0x0000EFA0:	MOV	R4, R0	;(R0=0xCBC37540 )
(             libc.so[0xCBBEB000])[01 50 A0 E1 ]0x0000EFA4:	MOV	R5, R1	;(R1=0xCBBF8F05 )
(             libc.so[0xCBBEB000])[07 00 00 0A ]0x0000EFA8:	BEQ	#0XCBBF9FCC	;(PC=0xCBBF9FA8 )
(             libc.so[0xCBBEB000])[00 20 94 E5 ]0x0000EFCC:	LDR	R2, [R4]	;(R4=0xCBC37540 )
(             libc.so[0xCBBEB000])[02 00 12 E3 ]0x0000EFD0:	TST	R2, #2	;(R2=0x00000000 )
(             libc.so[0xCBBEB000])[F4 FF FF 1A ]0x0000EFD4:	BNE	#0XCBBF9FAC	;(PC=0xCBBF9FD4 )
(             libc.so[0xCBBEB000])[01 C0 82 E3 ]0x0000EFD8:	ORR	IP, R2, #1	;(R2=0x00000000 )
(             libc.so[0xCBBEB000])[9F 0F 94 E1 ]0x0000EFDC:	LDREX	R0, [R4]	;(R4=0xCBC37540 )
(             libc.so[0xCBBEB000])[00 10 A0 E3 ]0x0000EFE0:	MOV	R1, #0
(             libc.so[0xCBBEB000])[02 00 30 E1 ]0x0000EFE4:	TEQ	R0, R2	;(R0=0x00000000 R2=0x00000000 )
(             libc.so[0xCBBEB000])[9C 1F 84 01 ]0x0000EFE8:	STREXEQ	R1, IP, [R4]	;(IP=0x00000001 R4=0xCBC37540 )
(             libc.so[0xCBBEB000])[00 00 51 E3 ]0x0000EFEC:	CMP	R1, #0	;(R1=0x00000000 )
(             libc.so[0xCBBEB000])[F9 FF FF 1A ]0x0000EFF0:	BNE	#0XCBBF9FDC	;(PC=0xCBBF9FF0 )
(             libc.so[0xCBBEB000])[00 00 52 E1 ]0x0000EFF4:	CMP	R2, R0	;(R2=0x00000000 R0=0x00000000 )
(             libc.so[0xCBBEB000])[F3 FF FF 1A ]0x0000EFF8:	BNE	#0XCBBF9FCC	;(PC=0xCBBF9FF8 )
(             libc.so[0xCBBEB000])[ED FF FF EA ]0x0000EFFC:	B	#0XCBBF9FB8	;(PC=0xCBBF9FFC )
(             libc.so[0xCBBEB000])[01 60 12 E2 ]0x0000EFB8:	ANDS	R6, R2, #1	;(R2=0x00000000 )
(             libc.so[0xCBBEB000])[0F 00 00 0A ]0x0000EFBC:	BEQ	#0XCBBFA000	;(PC=0xCBBF9FBC )
(             libc.so[0xCBBEB000])[35 FF 2F E1 ]0x0000F000:	BLX	R5	;(PC=0xCBBFA000 R5=0xCBBF8F05 )
(             libc.so[0xCBBEB000])[2D E9 F0 43 ]0x0000DF04:	PUSH.W	{R4, R5, R6, R7, R8, SB, LR}	;(SP=0x100FEA90 R4=0xCBC37540 R5=0xCBBF8F05 R6=0x00000000 R7=0x00000000 R8=0x00000000 SB=0x00000000 LR=0xCBBFA004 )
(             libc.so[0xCBBEB000])[E3 B0       ]0x0000DF08:	SUB	SP, #0X18C	;(SP=0x100FEA74 )
(             libc.so[0xCBBEB000])[A9 4C       ]0x0000DF0A:	LDR	R4, [PC, #0X2A4]	;(PC=0xCBBF8F0A )
(             libc.so[0xCBBEB000])[05 A9       ]0x0000DF0C:	ADD	R1, SP, #0X14	;(SP=0x100FE8E8 )
(             libc.so[0xCBBEB000])[A9 4B       ]0x0000DF0E:	LDR	R3, [PC, #0X2A4]	;(PC=0xCBBF8F0E )
(             libc.so[0xCBBEB000])[7C 44       ]0x0000DF10:	ADD	R4, PC	;(R4=0x0003C0C4 PC=0xCBBF8F10 )
(             libc.so[0xCBBEB000])[E6 58       ]0x0000DF12:	LDR	R6, [R4, R3]	;(R4=0xCBC34FD8 R3=0xFFFFFF4C )
(             libc.so[0xCBBEB000])[30 68       ]0x0000DF14:	LDR	R0, [R6]	;(R6=0xCBC39384 )
(             libc.so[0xCBBEB000])[B0 46       ]0x0000DF16:	MOV	R8, R6	;(R6=0xCBC39384 )
(             libc.so[0xCBBEB000])[61 90       ]0x0000DF18:	STR	R0, [SP, #0X184]	;(R0=0x00001000 SP=0x100FE8E8 )
(             libc.so[0xCBBEB000])[A7 48       ]0x0000DF1A:	LDR	R0, [PC, #0X29C]	;(PC=0xCBBF8F1A )
(             libc.so[0xCBBEB000])[78 44       ]0x0000DF1C:	ADD	R0, PC	;(R0=0x00031946 PC=0xCBBF8F1C )
(             libc.so[0xCBBEB000])[20 F0 A5 FB ]0x0000DF1E:	BL	#0XCBC1966C	;(PC=0xCBBF8F1E )
(             libc.so[0xCBBEB000])[10 B5       ]0x0002E66C:	PUSH	{R4, LR}	;(SP=0x100FE8E8 R4=0xCBC34FD8 LR=0xCBBF8F23 )
(             libc.so[0xCBBEB000])[0C 46       ]0x0002E66E:	MOV	R4, R1	;(R1=0x100FE8FC )
(             libc.so[0xCBBEB000])[FF F7 B0 FF ]0x0002E670:	BL	#0XCBC195D4	;(PC=0xCBC19670 )
(             libc.so[0xCBBEB000])[0D 4B       ]0x0002E5D4:	LDR	R3, [PC, #0X34] ; __system_property_find	;(PC=0xCBC195D4 )
(             libc.so[0xCBBEB000])[73 B5       ]0x0002E5D6:	PUSH	{R0, R1, R4, R5, R6, LR}	;(SP=0x100FE8E0 R0=0xCBC2A866 R1=0x100FE8FC R4=0x100FE8FC R5=0xCBBF8F05 R6=0xCBC39384 LR=0xCBC19675 )
(             libc.so[0xCBBEB000])[7B 44       ]0x0002E5D8:	ADD	R3, PC	;(R3=0x00029F26 PC=0xCBC195D8 )
(             libc.so[0xCBBEB000])[05 46       ]0x0002E5DA:	MOV	R5, R0	;(R0=0xCBC2A866 )
(             libc.so[0xCBBEB000])[1C 78       ]0x0002E5DC:	LDRB	R4, [R3]	;(R3=0xCBC43502 )
(             libc.so[0xCBBEB000])[24 B1       ]0x0002E5DE:	CBZ	R4, #0XCBC195EA	;(R4=0x00000000 )
(             libc.so[0xCBBEB000])[20 46       ]0x0002E5EA:	MOV	R0, R4	;(R4=0x00000000 )
(             libc.so[0xCBBEB000])[FF F7 F0 FD ]0x0002E5EC:	BL	#0XCBC191D0	;(PC=0xCBC195EC )
(             libc.so[0xCBBEB000])[09 4B       ]0x0002E1D0:	LDR	R3, [PC, #0X24]	;(PC=0xCBC191D0 )
(             libc.so[0xCBBEB000])[82 B0       ]0x0002E1D2:	SUB	SP, #8	;(SP=0x100FE8C8 )
(             libc.so[0xCBBEB000])[09 49       ]0x0002E1D4:	LDR	R1, [PC, #0X24]	;(PC=0xCBC191D4 )
(             libc.so[0xCBBEB000])[7B 44       ]0x0002E1D6:	ADD	R3, PC	;(R3=0x0001BDFE PC=0xCBC191D6 )
(             libc.so[0xCBBEB000])[01 90       ]0x0002E1D8:	STR	R0, [SP, #4]	;(R0=0x00000000 SP=0x100FE8C0 )
(             libc.so[0xCBBEB000])[01 9A       ]0x0002E1DA:	LDR	R2, [SP, #4]	;(SP=0x100FE8C0 )
(             libc.so[0xCBBEB000])[5B 58       ]0x0002E1DC:	LDR	R3, [R3, R1]	;(R3=0xCBC34FD8 R1=0xFFFFFFC4 )
(             libc.so[0xCBBEB000])[18 68       ]0x0002E1DE:	LDR	R0, [R3]	;(R3=0xCBC45F1C )
(             libc.so[0xCBBEB000])[82 42       ]0x0002E1E0:	CMP	R2, R0	;(R2=0x00000000 R0=0x0001FF80 )
(             libc.so[0xCBBEB000])[06 D8       ]0x0002E1E2:	BHI	#0XCBC191F2
(             libc.so[0xCBBEB000])[06 49       ]0x0002E1E4:	LDR	R1, [PC, #0X18]	;(PC=0xCBC191E4 )
(             libc.so[0xCBBEB000])[01 9A       ]0x0002E1E6:	LDR	R2, [SP, #4]	;(SP=0x100FE8C0 )
(             libc.so[0xCBBEB000])[79 44       ]0x0002E1E8:	ADD	R1, PC	;(R1=0x0002A318 PC=0xCBC191E8 )
(             libc.so[0xCBBEB000])[80 32       ]0x0002E1EA:	ADDS	R2, #0X80	;(R2=0x00000000 )
(             libc.so[0xCBBEB000])[0B 68       ]0x0002E1EC:	LDR	R3, [R1]	;(R1=0xCBC43504 )
(             libc.so[0xCBBEB000])[98 18       ]0x0002E1EE:	ADDS	R0, R3, R2	;(R3=0x30040000 R2=0x00000080 )
(             libc.so[0xCBBEB000])[00 E0       ]0x0002E1F0:	B	#0XCBC191F4
(             libc.so[0xCBBEB000])[02 B0       ]0x0002E1F4:	ADD	SP, #8	;(SP=0x100FE8C0 )
(             libc.so[0xCBBEB000])[70 47       ]0x0002E1F6:	BX	LR	;(LR=0xCBC195F1 )
(             libc.so[0xCBBEB000])[06 46       ]0x0002E5F0:	MOV	R6, R0	;(R0=0x30040080 )
(             libc.so[0xCBBEB000])[28 46       ]0x0002E5F2:	MOV	R0, R5	;(R5=0xCBC2A866 )
(             libc.so[0xCBBEB000])[F4 F7 C6 FC ]0x0002E5F4:	BL	#0XCBC0DF84	;(PC=0xCBC195F4 )
(             libc.so[0xCBBEB000])[90 F8 00 F0 ]0x00022F84:	PLD	[R0] ; strlen	;(R0=0xCBC2A866 )
(             libc.so[0xCBBEB000])[01 46       ]0x00022F88:	MOV	R1, R0	;(R0=0xCBC2A866 )
(             libc.so[0xCBBEB000])[10 F0 07 03 ]0x00022F8A:	ANDS	R3, R0, #7	;(R0=0xCBC2A866 )
(             libc.so[0xCBBEB000])[00 F0 23 80 ]0x00022F8E:	BEQ.W	#0XCBC0DFD8
(             libc.so[0xCBBEB000])[C3 F1 08 03 ]0x00022F92:	RSB.W	R3, R3, #8	;(R3=0x00000006 )
(             libc.so[0xCBBEB000])[5F EA C3 7C ]0x00022F96:	LSLS.W	IP, R3, #0X1F	;(R3=0x00000002 )
(             libc.so[0xCBBEB000])[00 F0 03 80 ]0x00022F9A:	BEQ.W	#0XCBC0DFA4
(             libc.so[0xCBBEB000])[C0 F0 0A 80 ]0x00022FA4:	BLO.W	#0XCBC0DFBC
(             libc.so[0xCBBEB000])[13 F0 02 0C ]0x00022FA8:	ANDS	IP, R3, #2	;(R3=0x00000002 )
(             libc.so[0xCBBEB000])[00 F0 06 80 ]0x00022FAC:	BEQ.W	#0XCBC0DFBC
(             libc.so[0xCBBEB000])[11 F8 01 2B ]0x00022FB0:	LDRB	R2, [R1], #1	;(R1=0xCBC2A866 )
(             libc.so[0xCBBEB000])[32 B3       ]0x00022FB4:	CBZ	R2, #0XCBC0E004	;(R2=0x00000072 )
(             libc.so[0xCBBEB000])[11 F8 01 2B ]0x00022FB6:	LDRB	R2, [R1], #1	;(R1=0xCBC2A867 )
(             libc.so[0xCBBEB000])[1A B3       ]0x00022FBA:	CBZ	R2, #0XCBC0E004	;(R2=0x0000006F )
(             libc.so[0xCBBEB000])[13 F0 04 0F ]0x00022FBC:	TST.W	R3, #4	;(R3=0x00000002 )
(             libc.so[0xCBBEB000])[00 F0 0A 80 ]0x00022FC0:	BEQ.W	#0XCBC0DFD8
(             libc.so[0xCBBEB000])[F1 E8 02 23 ]0x00022FD8:	LDRD	R2, R3, [R1], #8	;(R1=0xCBC2A868 )
(             libc.so[0xCBBEB000])[91 F8 40 F0 ]0x00022FDC:	PLD	[R1, #0X40]	;(R1=0xCBC2A870 )
(             libc.so[0xCBBEB000])[A2 F1 01 3C ]0x00022FE0:	SUB.W	IP, R2, #0X1010101	;(R2=0x72656B2E )
(             libc.so[0xCBBEB000])[2C EA 02 0C ]0x00022FE4:	BIC.W	IP, IP, R2	;(IP=0x71646A2D R2=0x72656B2E )
(             libc.so[0xCBBEB000])[1C F0 80 3C ]0x00022FE8:	ANDS	IP, IP, #0X80808080	;(IP=0x01000001 )
(             libc.so[0xCBBEB000])[40 F0 0F 80 ]0x00022FEC:	BNE.W	#0XCBC0E00E
(             libc.so[0xCBBEB000])[A3 F1 01 3C ]0x00022FF0:	SUB.W	IP, R3, #0X1010101	;(R3=0x2E6C656E )
(             libc.so[0xCBBEB000])[2C EA 03 0C ]0x00022FF4:	BIC.W	IP, IP, R3	;(IP=0x2D6B646D R3=0x2E6C656E )
(             libc.so[0xCBBEB000])[1C F0 80 3C ]0x00022FF8:	ANDS	IP, IP, #0X80808080	;(IP=0x01030001 )
(             libc.so[0xCBBEB000])[40 F0 1F 80 ]0x00022FFC:	BNE.W	#0XCBC0E03E
(             libc.so[0xCBBEB000])[FF F7 EA BF ]0x00023000:	B.W	#0XCBC0DFD8
(             libc.so[0xCBBEB000])[F1 E8 02 23 ]0x00022FD8:	LDRD	R2, R3, [R1], #8	;(R1=0xCBC2A870 )
(             libc.so[0xCBBEB000])[91 F8 40 F0 ]0x00022FDC:	PLD	[R1, #0X40]	;(R1=0xCBC2A878 )
(             libc.so[0xCBBEB000])[A2 F1 01 3C ]0x00022FE0:	SUB.W	IP, R2, #0X1010101	;(R2=0x756D6571 )
(             libc.so[0xCBBEB000])[2C EA 02 0C ]0x00022FE4:	BIC.W	IP, IP, R2	;(IP=0x746C6470 R2=0x756D6571 )
(             libc.so[0xCBBEB000])[1C F0 80 3C ]0x00022FE8:	ANDS	IP, IP, #0X80808080	;(IP=0x00000000 )
(             libc.so[0xCBBEB000])[40 F0 0F 80 ]0x00022FEC:	BNE.W	#0XCBC0E00E
(             libc.so[0xCBBEB000])[A3 F1 01 3C ]0x00022FF0:	SUB.W	IP, R3, #0X1010101	;(R3=0x62696C00 )
(             libc.so[0xCBBEB000])[2C EA 03 0C ]0x00022FF4:	BIC.W	IP, IP, R3	;(IP=0x61686AFF R3=0x62696C00 )
(             libc.so[0xCBBEB000])[1C F0 80 3C ]0x00022FF8:	ANDS	IP, IP, #0X80808080	;(IP=0x010002FF )
(             libc.so[0xCBBEB000])[40 F0 1F 80 ]0x00022FFC:	BNE.W	#0XCBC0E03E
(             libc.so[0xCBBEB000])[A1 EB 00 00 ]0x0002303E:	SUB.W	R0, R1, R0	;(R1=0xCBC2A878 R0=0xCBC2A866 )
(             libc.so[0xCBBEB000])[5F EA 4C 43 ]0x00023042:	LSLS.W	R3, IP, #0X11	;(IP=0x00000080 )
(             libc.so[0xCBBEB000])[40 F0 09 80 ]0x00023046:	BNE.W	#0XCBC0E05C
(             libc.so[0xCBBEB000])[A0 F1 04 00 ]0x0002305C:	SUB.W	R0, R0, #4	;(R0=0x00000012 )
(             libc.so[0xCBBEB000])[70 47       ]0x00023060:	BX	LR	;(LR=0xCBC195F9 )
(             libc.so[0xCBBEB000])[00 94       ]0x0002E5F8:	STR	R4, [SP]	;(R4=0x00000000 SP=0x100FE8C8 )
(             libc.so[0xCBBEB000])[01 94       ]0x0002E5FA:	STR	R4, [SP, #4]	;(R4=0x00000000 SP=0x100FE8C8 )
(             libc.so[0xCBBEB000])[29 46       ]0x0002E5FC:	MOV	R1, R5	;(R5=0xCBC2A866 )
(             libc.so[0xCBBEB000])[23 46       ]0x0002E5FE:	MOV	R3, R4	;(R4=0x00000000 )
(             libc.so[0xCBBEB000])[C2 B2       ]0x0002E600:	UXTB	R2, R0	;(R0=0x0000000E )
(             libc.so[0xCBBEB000])[30 46       ]0x0002E602:	MOV	R0, R6	;(R6=0x30040080 )
(             libc.so[0xCBBEB000])[FF F7 57 FE ]0x0002E604:	BL	#0XCBC192B6	;(PC=0xCBC19604 )
(             libc.so[0xCBBEB000])[2D E9 F0 4F ]0x0002E2B6:	PUSH.W	{R4, R5, R6, R7, R8, SB, SL, FP, LR}	;(SP=0x100FE8C8 R4=0x00000000 R5=0xCBC2A866 R6=0x30040080 R7=0x00000000 R8=0xCBC39384 SB=0x00000000 SL=0x00000000 FP=0x00000000 LR=0xCBC19609 )
(             libc.so[0xCBBEB000])[85 B0       ]0x0002E2BA:	SUB	SP, #0X14	;(SP=0x100FE8A4 )
(             libc.so[0xCBBEB000])[06 46       ]0x0002E2BC:	MOV	R6, R0	;(R0=0x30040080 )
(             libc.so[0xCBBEB000])[91 46       ]0x0002E2BE:	MOV	SB, R2	;(R2=0x0000000E )
(             libc.so[0xCBBEB000])[9D F8 38 80 ]0x0002E2C0:	LDRB.W	R8, [SP, #0X38]	;(SP=0x100FE890 )
(             libc.so[0xCBBEB000])[0C 46       ]0x0002E2C4:	MOV	R4, R1	;(R1=0xCBC2A866 )
(             libc.so[0xCBBEB000])[9D F8 3C 70 ]0x0002E2C6:	LDRB.W	R7, [SP, #0X3C]	;(SP=0x100FE890 )
(             libc.so[0xCBBEB000])[00 91       ]0x0002E2CA:	STR	R1, [SP]	;(R1=0xCBC2A866 SP=0x100FE890 )
(             libc.so[0xCBBEB000])[01 93       ]0x0002E2CC:	STR	R3, [SP, #4]	;(R3=0x00000000 SP=0x100FE890 )
(             libc.so[0xCBBEB000])[2E 21       ]0x0002E2CE:	MOVS	R1, #0X2E
(             libc.so[0xCBBEB000])[20 46       ]0x0002E2D0:	MOV	R0, R4	;(R4=0xCBC2A866 )
(             libc.so[0xCBBEB000])[F4 F7 D6 FF ]0x0002E2D2:	BL	#0XCBC0E282	;(PC=0xCBC192D2 )
(             libc.so[0xCBBEB000])[4F F0 FF 32 ]0x00023282:	MOV.W	R2, #-1 ; strchr
(             libc.so[0xCBBEB000])[FF F7 19 BF ]0x00023286:	B.W	#0XCBC0E0BC
(             libc.so[0xCBBEB000])[82 18       ]0x000230BC:	ADDS	R2, R0, R2 ; __strchr_chk	;(R0=0xCBC2A866 R2=0xFFFFFFFF )
(             libc.so[0xCBBEB000])[C9 B2       ]0x000230BE:	UXTB	R1, R1	;(R1=0x0000002E )
(             libc.so[0xCBBEB000])[03 46       ]0x000230C0:	MOV	R3, R0	;(R0=0xCBC2A866 )
(             libc.so[0xCBBEB000])[10 B5       ]0x000230C2:	PUSH	{R4, LR}	;(SP=0x100FE890 R4=0xCBC2A866 LR=0xCBC192D7 )
(             libc.so[0xCBBEB000])[93 42       ]0x000230C4:	CMP	R3, R2	;(R3=0xCBC2A866 R2=0xCBC2A865 )
(             libc.so[0xCBBEB000])[18 46       ]0x000230C6:	MOV	R0, R3	;(R3=0xCBC2A866 )
(             libc.so[0xCBBEB000])[09 D0       ]0x000230C8:	BEQ	#0XCBC0E0DE
(             libc.so[0xCBBEB000])[03 E0       ]0x000230CA:	B	#0XCBC0E0D4
(             libc.so[0xCBBEB000])[1C 78       ]0x000230D4:	LDRB	R4, [R3]	;(R3=0xCBC2A866 )
(             libc.so[0xCBBEB000])[01 33       ]0x000230D6:	ADDS	R3, #1	;(R3=0xCBC2A866 )
(             libc.so[0xCBBEB000])[8C 42       ]0x000230D8:	CMP	R4, R1	;(R4=0x00000072 R1=0x0000002E )
(             libc.so[0xCBBEB000])[F7 D1       ]0x000230DA:	BNE	#0XCBC0E0CC
(             libc.so[0xCBBEB000])[00 2C       ]0x000230CC:	CMP	R4, #0	;(R4=0x00000072 )
(             libc.so[0xCBBEB000])[F9 D1       ]0x000230CE:	BNE	#0XCBC0E0C4
(             libc.so[0xCBBEB000])[93 42       ]0x000230C4:	CMP	R3, R2	;(R3=0xCBC2A867 R2=0xCBC2A865 )
(             libc.so[0xCBBEB000])[18 46       ]0x000230C6:	MOV	R0, R3	;(R3=0xCBC2A867 )
(             libc.so[0xCBBEB000])[09 D0       ]0x000230C8:	BEQ	#0XCBC0E0DE
(             libc.so[0xCBBEB000])[03 E0       ]0x000230CA:	B	#0XCBC0E0D4
(             libc.so[0xCBBEB000])[1C 78       ]0x000230D4:	LDRB	R4, [R3]	;(R3=0xCBC2A867 )
(             libc.so[0xCBBEB000])[01 33       ]0x000230D6:	ADDS	R3, #1	;(R3=0xCBC2A867 )
(             libc.so[0xCBBEB000])[8C 42       ]0x000230D8:	CMP	R4, R1	;(R4=0x0000006F R1=0x0000002E )
(             libc.so[0xCBBEB000])[F7 D1       ]0x000230DA:	BNE	#0XCBC0E0CC
(             libc.so[0xCBBEB000])[00 2C       ]0x000230CC:	CMP	R4, #0	;(R4=0x0000006F )
(             libc.so[0xCBBEB000])[F9 D1       ]0x000230CE:	BNE	#0XCBC0E0C4
(             libc.so[0xCBBEB000])[93 42       ]0x000230C4:	CMP	R3, R2	;(R3=0xCBC2A868 R2=0xCBC2A865 )
(             libc.so[0xCBBEB000])[18 46       ]0x000230C6:	MOV	R0, R3	;(R3=0xCBC2A868 )
(             libc.so[0xCBBEB000])[09 D0       ]0x000230C8:	BEQ	#0XCBC0E0DE
(             libc.so[0xCBBEB000])[03 E0       ]0x000230CA:	B	#0XCBC0E0D4
(             libc.so[0xCBBEB000])[1C 78       ]0x000230D4:	LDRB	R4, [R3]	;(R3=0xCBC2A868 )
(             libc.so[0xCBBEB000])[01 33       ]0x000230D6:	ADDS	R3, #1	;(R3=0xCBC2A868 )
(             libc.so[0xCBBEB000])[8C 42       ]0x000230D8:	CMP	R4, R1	;(R4=0x0000002E R1=0x0000002E )
(             libc.so[0xCBBEB000])[F7 D1       ]0x000230DA:	BNE	#0XCBC0E0CC
(             libc.so[0xCBBEB000])[10 BD       ]0x000230DC:	POP	{R4, PC}	;(SP=0x100FE888 )
(             libc.so[0xCBBEB000])[10 F1 00 0B ]0x0002E2D6:	ADDS.W	FP, R0, #0	;(R0=0xCBC2A868 )
(             libc.so[0xCBBEB000])[82 46       ]0x0002E2DA:	MOV	SL, R0	;(R0=0xCBC2A868 )
(             libc.so[0xCBBEB000])[18 BF       ]0x0002E2DC:	IT	NE
(             libc.so[0xCBBEB000])[4F F0 01 0B ]0x0002E2DE:	MOV.W	FP, #1
(             libc.so[0xCBBEB000])[BB F1 00 0F ]0x0002E2E2:	CMP.W	FP, #0	;(FP=0x00000001 )
(             libc.so[0xCBBEB000])[02 D0       ]0x0002E2E6:	BEQ	#0XCBC192EE
(             libc.so[0xCBBEB000])[05 1B       ]0x0002E2E8:	SUBS	R5, R0, R4	;(R0=0xCBC2A868 R4=0xCBC2A866 )
(             libc.so[0xCBBEB000])[ED B2       ]0x0002E2EA:	UXTB	R5, R5	;(R5=0x00000002 )
(             libc.so[0xCBBEB000])[03 E0       ]0x0002E2EC:	B	#0XCBC192F6
(             libc.so[0xCBBEB000])[05 B9       ]0x0002E2F6:	CBNZ	R5, #0XCBC192FA	;(R5=0x00000002 )
(             libc.so[0xCBBEB000])[33 69       ]0x0002E2FA:	LDR	R3, [R6, #0X10]	;(R6=0x30040080 )
(             libc.so[0xCBBEB000])[0B B1       ]0x0002E2FC:	CBZ	R3, #0XCBC19302	;(R3=0x00000014 )
(             libc.so[0xCBBEB000])[30 69       ]0x0002E2FE:	LDR	R0, [R6, #0X10]	;(R6=0x30040080 )
(             libc.so[0xCBBEB000])[25 E0       ]0x0002E300:	B	#0XCBC1934E
(             libc.so[0xCBBEB000])[FF F7 3F FF ]0x0002E34E:	BL	#0XCBC191D0	;(PC=0xCBC1934E )
(             libc.so[0xCBBEB000])[09 4B       ]0x0002E1D0:	LDR	R3, [PC, #0X24]	;(PC=0xCBC191D0 )
(             libc.so[0xCBBEB000])[82 B0       ]0x0002E1D2:	SUB	SP, #8	;(SP=0x100FE890 )
(             libc.so[0xCBBEB000])[09 49       ]0x0002E1D4:	LDR	R1, [PC, #0X24]	;(PC=0xCBC191D4 )
(             libc.so[0xCBBEB000])[7B 44       ]0x0002E1D6:	ADD	R3, PC	;(R3=0x0001BDFE PC=0xCBC191D6 )
(             libc.so[0xCBBEB000])[01 90       ]0x0002E1D8:	STR	R0, [SP, #4]	;(R0=0x00000014 SP=0x100FE888 )
(             libc.so[0xCBBEB000])[01 9A       ]0x0002E1DA:	LDR	R2, [SP, #4]	;(SP=0x100FE888 )
(             libc.so[0xCBBEB000])[5B 58       ]0x0002E1DC:	LDR	R3, [R3, R1]	;(R3=0xCBC34FD8 R1=0xFFFFFFC4 )
(             libc.so[0xCBBEB000])[18 68       ]0x0002E1DE:	LDR	R0, [R3]	;(R3=0xCBC45F1C )
(             libc.so[0xCBBEB000])[82 42       ]0x0002E1E0:	CMP	R2, R0	;(R2=0x00000014 R0=0x0001FF80 )
(             libc.so[0xCBBEB000])[06 D8       ]0x0002E1E2:	BHI	#0XCBC191F2
(             libc.so[0xCBBEB000])[06 49       ]0x0002E1E4:	LDR	R1, [PC, #0X18]	;(PC=0xCBC191E4 )
(             libc.so[0xCBBEB000])[01 9A       ]0x0002E1E6:	LDR	R2, [SP, #4]	;(SP=0x100FE888 )
(             libc.so[0xCBBEB000])[79 44       ]0x0002E1E8:	ADD	R1, PC	;(R1=0x0002A318 PC=0xCBC191E8 )
(             libc.so[0xCBBEB000])[80 32       ]0x0002E1EA:	ADDS	R2, #0X80	;(R2=0x00000014 )
(             libc.so[0xCBBEB000])[0B 68       ]0x0002E1EC:	LDR	R3, [R1]	;(R1=0xCBC43504 )
(             libc.so[0xCBBEB000])[98 18       ]0x0002E1EE:	ADDS	R0, R3, R2	;(R3=0x30040000 R2=0x00000094 )
(             libc.so[0xCBBEB000])[00 E0       ]0x0002E1F0:	B	#0XCBC191F4
(             libc.so[0xCBBEB000])[02 B0       ]0x0002E1F4:	ADD	SP, #8	;(SP=0x100FE888 )
(             libc.so[0xCBBEB000])[70 47       ]0x0002E1F6:	BX	LR	;(LR=0xCBC19353 )
(             libc.so[0xCBBEB000])[DE E7       ]0x0002E352:	B	#0XCBC19312
(             libc.so[0xCBBEB000])[06 46       ]0x0002E312:	MOV	R6, R0	;(R0=0x30040094 )
(             libc.so[0xCBBEB000])[00 28       ]0x0002E314:	CMP	R0, #0	;(R0=0x30040094 )
(             libc.so[0xCBBEB000])[55 D0       ]0x0002E316:	BEQ	#0XCBC193C4
(             libc.so[0xCBBEB000])[02 78       ]0x0002E318:	LDRB	R2, [R0]	;(R0=0x30040094 )
(             libc.so[0xCBBEB000])[95 42       ]0x0002E31A:	CMP	R5, R2	;(R5=0x00000002 R2=0x00000002 )
(             libc.so[0xCBBEB000])[09 D3       ]0x0002E31C:	BLO	#0XCBC19332
(             libc.so[0xCBBEB000])[13 D8       ]0x0002E31E:	BHI	#0XCBC19348
(             libc.so[0xCBBEB000])[20 46       ]0x0002E320:	MOV	R0, R4	;(R4=0xCBC2A866 )
(             libc.so[0xCBBEB000])[06 F1 14 01 ]0x0002E322:	ADD.W	R1, R6, #0X14	;(R6=0x30040094 )
(             libc.so[0xCBBEB000])[2A 46       ]0x0002E326:	MOV	R2, R5	;(R5=0x00000002 )
(             libc.so[0xCBBEB000])[0B F0 B2 FD ]0x0002E328:	BL	#0XCBC24E90	;(PC=0xCBC19328 )
(             libc.so[0xCBBEB000])[30 B5       ]0x00039E90:	PUSH	{R4, R5, LR} ; strncmp	;(SP=0x100FE890 R4=0xCBC2A866 R5=0x00000002 LR=0xCBC1932D )
(             libc.so[0xCBBEB000])[62 B1       ]0x00039E92:	CBZ	R2, #0XCBC24EAE	;(R2=0x00000002 )
(             libc.so[0xCBBEB000])[00 23       ]0x00039E94:	MOVS	R3, #0
(             libc.so[0xCBBEB000])[C4 5C       ]0x00039E96:	LDRB	R4, [R0, R3]	;(R0=0xCBC2A866 R3=0x00000000 )
(             libc.so[0xCBBEB000])[CD 5C       ]0x00039E98:	LDRB	R5, [R1, R3]	;(R1=0x300400A8 R3=0x00000000 )
(             libc.so[0xCBBEB000])[AC 42       ]0x00039E9A:	CMP	R4, R5	;(R4=0x00000072 R5=0x00000072 )
(             libc.so[0xCBBEB000])[01 D0       ]0x00039E9C:	BEQ	#0XCBC24EA2
(             libc.so[0xCBBEB000])[34 B1       ]0x00039EA2:	CBZ	R4, #0XCBC24EB2	;(R4=0x00000072 )
(             libc.so[0xCBBEB000])[01 33       ]0x00039EA4:	ADDS	R3, #1	;(R3=0x00000000 )
(             libc.so[0xCBBEB000])[9A 42       ]0x00039EA6:	CMP	R2, R3	;(R2=0x00000002 R3=0x00000001 )
(             libc.so[0xCBBEB000])[F5 D1       ]0x00039EA8:	BNE	#0XCBC24E96
(             libc.so[0xCBBEB000])[C4 5C       ]0x00039E96:	LDRB	R4, [R0, R3]	;(R0=0xCBC2A866 R3=0x00000001 )
(             libc.so[0xCBBEB000])[CD 5C       ]0x00039E98:	LDRB	R5, [R1, R3]	;(R1=0x300400A8 R3=0x00000001 )
(             libc.so[0xCBBEB000])[AC 42       ]0x00039E9A:	CMP	R4, R5	;(R4=0x0000006F R5=0x0000006F )
(             libc.so[0xCBBEB000])[01 D0       ]0x00039E9C:	BEQ	#0XCBC24EA2
(             libc.so[0xCBBEB000])[34 B1       ]0x00039EA2:	CBZ	R4, #0XCBC24EB2	;(R4=0x0000006F )
(             libc.so[0xCBBEB000])[01 33       ]0x00039EA4:	ADDS	R3, #1	;(R3=0x00000001 )
(             libc.so[0xCBBEB000])[9A 42       ]0x00039EA6:	CMP	R2, R3	;(R2=0x00000002 R3=0x00000002 )
(             libc.so[0xCBBEB000])[F5 D1       ]0x00039EA8:	BNE	#0XCBC24E96
(             libc.so[0xCBBEB000])[00 20       ]0x00039EAA:	MOVS	R0, #0
(             libc.so[0xCBBEB000])[30 BD       ]0x00039EAC:	POP	{R4, R5, PC}	;(SP=0x100FE884 )
(             libc.so[0xCBBEB000])[00 28       ]0x0002E32C:	CMP	R0, #0	;(R0=0x00000000 )
(             libc.so[0xCBBEB000])[18 D0       ]0x0002E32E:	BEQ	#0XCBC19362
(             libc.so[0xCBBEB000])[BB F1 00 0F ]0x0002E362:	CMP.W	FP, #0	;(FP=0x00000001 )
(             libc.so[0xCBBEB000])[02 D0       ]0x0002E366:	BEQ	#0XCBC1936E
(             libc.so[0xCBBEB000])[0A F1 01 04 ]0x0002E368:	ADD.W	R4, SL, #1	;(SL=0xCBC2A868 )
(             libc.so[0xCBBEB000])[AF E7       ]0x0002E36C:	B	#0XCBC192CE
(             libc.so[0xCBBEB000])[2E 21       ]0x0002E2CE:	MOVS	R1, #0X2E
(             libc.so[0xCBBEB000])[20 46       ]0x0002E2D0:	MOV	R0, R4	;(R4=0xCBC2A869 )
(             libc.so[0xCBBEB000])[F4 F7 D6 FF ]0x0002E2D2:	BL	#0XCBC0E282	;(PC=0xCBC192D2 )
(             libc.so[0xCBBEB000])[4F F0 FF 32 ]0x00023282:	MOV.W	R2, #-1 ; strchr
(             libc.so[0xCBBEB000])[FF F7 19 BF ]0x00023286:	B.W	#0XCBC0E0BC
(             libc.so[0xCBBEB000])[82 18       ]0x000230BC:	ADDS	R2, R0, R2 ; __strchr_chk	;(R0=0xCBC2A869 R2=0xFFFFFFFF )
(             libc.so[0xCBBEB000])[C9 B2       ]0x000230BE:	UXTB	R1, R1	;(R1=0x0000002E )
(             libc.so[0xCBBEB000])[03 46       ]0x000230C0:	MOV	R3, R0	;(R0=0xCBC2A869 )
(             libc.so[0xCBBEB000])[10 B5       ]0x000230C2:	PUSH	{R4, LR}	;(SP=0x100FE890 R4=0xCBC2A869 LR=0xCBC192D7 )
(             libc.so[0xCBBEB000])[93 42       ]0x000230C4:	CMP	R3, R2	;(R3=0xCBC2A869 R2=0xCBC2A868 )
(             libc.so[0xCBBEB000])[18 46       ]0x000230C6:	MOV	R0, R3	;(R3=0xCBC2A869 )
(             libc.so[0xCBBEB000])[09 D0       ]0x000230C8:	BEQ	#0XCBC0E0DE
(             libc.so[0xCBBEB000])[03 E0       ]0x000230CA:	B	#0XCBC0E0D4
(             libc.so[0xCBBEB000])[1C 78       ]0x000230D4:	LDRB	R4, [R3]	;(R3=0xCBC2A869 )
(             libc.so[0xCBBEB000])[01 33       ]0x000230D6:	ADDS	R3, #1	;(R3=0xCBC2A869 )
(             libc.so[0xCBBEB000])[8C 42       ]0x000230D8:	CMP	R4, R1	;(R4=0x0000006B R1=0x0000002E )
(             libc.so[0xCBBEB000])[F7 D1       ]0x000230DA:	BNE	#0XCBC0E0CC
(             libc.so[0xCBBEB000])[00 2C       ]0x000230CC:	CMP	R4, #0	;(R4=0x0000006B )
(             libc.so[0xCBBEB000])[F9 D1       ]0x000230CE:	BNE	#0XCBC0E0C4
(             libc.so[0xCBBEB000])[93 42       ]0x000230C4:	CMP	R3, R2	;(R3=0xCBC2A86A R2=0xCBC2A868 )
(             libc.so[0xCBBEB000])[18 46       ]0x000230C6:	MOV	R0, R3	;(R3=0xCBC2A86A )
(             libc.so[0xCBBEB000])[09 D0       ]0x000230C8:	BEQ	#0XCBC0E0DE
(             libc.so[0xCBBEB000])[03 E0       ]0x000230CA:	B	#0XCBC0E0D4
(             libc.so[0xCBBEB000])[1C 78       ]0x000230D4:	LDRB	R4, [R3]	;(R3=0xCBC2A86A )
(             libc.so[0xCBBEB000])[01 33       ]0x000230D6:	ADDS	R3, #1	;(R3=0xCBC2A86A )
(             libc.so[0xCBBEB000])[8C 42       ]0x000230D8:	CMP	R4, R1	;(R4=0x00000065 R1=0x0000002E )
(             libc.so[0xCBBEB000])[F7 D1       ]0x000230DA:	BNE	#0XCBC0E0CC
(             libc.so[0xCBBEB000])[00 2C       ]0x000230CC:	CMP	R4, #0	;(R4=0x00000065 )
(             libc.so[0xCBBEB000])[F9 D1       ]0x000230CE:	BNE	#0XCBC0E0C4
(             libc.so[0xCBBEB000])[93 42       ]0x000230C4:	CMP	R3, R2	;(R3=0xCBC2A86B R2=0xCBC2A868 )
(             libc.so[0xCBBEB000])[18 46       ]0x000230C6:	MOV	R0, R3	;(R3=0xCBC2A86B )
(             libc.so[0xCBBEB000])[09 D0       ]0x000230C8:	BEQ	#0XCBC0E0DE
(             libc.so[0xCBBEB000])[03 E0       ]0x000230CA:	B	#0XCBC0E0D4
(             libc.so[0xCBBEB000])[1C 78       ]0x000230D4:	LDRB	R4, [R3]	;(R3=0xCBC2A86B )
(             libc.so[0xCBBEB000])[01 33       ]0x000230D6:	ADDS	R3, #1	;(R3=0xCBC2A86B )
(             libc.so[0xCBBEB000])[8C 42       ]0x000230D8:	CMP	R4, R1	;(R4=0x00000072 R1=0x0000002E )
(             libc.so[0xCBBEB000])[F7 D1       ]0x000230DA:	BNE	#0XCBC0E0CC
(             libc.so[0xCBBEB000])[00 2C       ]0x000230CC:	CMP	R4, #0	;(R4=0x00000072 )
(             libc.so[0xCBBEB000])[F9 D1       ]0x000230CE:	BNE	#0XCBC0E0C4
(             libc.so[0xCBBEB000])[93 42       ]0x000230C4:	CMP	R3, R2	;(R3=0xCBC2A86C R2=0xCBC2A868 )
(             libc.so[0xCBBEB000])[18 46       ]0x000230C6:	MOV	R0, R3	;(R3=0xCBC2A86C )
(             libc.so[0xCBBEB000])[09 D0       ]0x000230C8:	BEQ	#0XCBC0E0DE
(             libc.so[0xCBBEB000])[03 E0       ]0x000230CA:	B	#0XCBC0E0D4
(             libc.so[0xCBBEB000])[1C 78       ]0x000230D4:	LDRB	R4, [R3]	;(R3=0xCBC2A86C )
(             libc.so[0xCBBEB000])[01 33       ]0x000230D6:	ADDS	R3, #1	;(R3=0xCBC2A86C )
(             libc.so[0xCBBEB000])[8C 42       ]0x000230D8:	CMP	R4, R1	;(R4=0x0000006E R1=0x0000002E )
(             libc.so[0xCBBEB000])[F7 D1       ]0x000230DA:	BNE	#0XCBC0E0CC
(             libc.so[0xCBBEB000])[00 2C       ]0x000230CC:	CMP	R4, #0	;(R4=0x0000006E )
(             libc.so[0xCBBEB000])[F9 D1       ]0x000230CE:	BNE	#0XCBC0E0C4
(             libc.so[0xCBBEB000])[93 42       ]0x000230C4:	CMP	R3, R2	;(R3=0xCBC2A86D R2=0xCBC2A868 )
(             libc.so[0xCBBEB000])[18 46       ]0x000230C6:	MOV	R0, R3	;(R3=0xCBC2A86D )
(             libc.so[0xCBBEB000])[09 D0       ]0x000230C8:	BEQ	#0XCBC0E0DE
(             libc.so[0xCBBEB000])[03 E0       ]0x000230CA:	B	#0XCBC0E0D4
(             libc.so[0xCBBEB000])[1C 78       ]0x000230D4:	LDRB	R4, [R3]	;(R3=0xCBC2A86D )
(             libc.so[0xCBBEB000])[01 33       ]0x000230D6:	ADDS	R3, #1	;(R3=0xCBC2A86D )
(             libc.so[0xCBBEB000])[8C 42       ]0x000230D8:	CMP	R4, R1	;(R4=0x00000065 R1=0x0000002E )
(             libc.so[0xCBBEB000])[F7 D1       ]0x000230DA:	BNE	#0XCBC0E0CC
(             libc.so[0xCBBEB000])[00 2C       ]0x000230CC:	CMP	R4, #0	;(R4=0x00000065 )
(             libc.so[0xCBBEB000])[F9 D1       ]0x000230CE:	BNE	#0XCBC0E0C4
(             libc.so[0xCBBEB000])[93 42       ]0x000230C4:	CMP	R3, R2	;(R3=0xCBC2A86E R2=0xCBC2A868 )
(             libc.so[0xCBBEB000])[18 46       ]0x000230C6:	MOV	R0, R3	;(R3=0xCBC2A86E )
(             libc.so[0xCBBEB000])[09 D0       ]0x000230C8:	BEQ	#0XCBC0E0DE
(             libc.so[0xCBBEB000])[03 E0       ]0x000230CA:	B	#0XCBC0E0D4
(             libc.so[0xCBBEB000])[1C 78       ]0x000230D4:	LDRB	R4, [R3]	;(R3=0xCBC2A86E )
(             libc.so[0xCBBEB000])[01 33       ]0x000230D6:	ADDS	R3, #1	;(R3=0xCBC2A86E )
(             libc.so[0xCBBEB000])[8C 42       ]0x000230D8:	CMP	R4, R1	;(R4=0x0000006C R1=0x0000002E )
(             libc.so[0xCBBEB000])[F7 D1       ]0x000230DA:	BNE	#0XCBC0E0CC
(             libc.so[0xCBBEB000])[00 2C       ]0x000230CC:	CMP	R4, #0	;(R4=0x0000006C )
(             libc.so[0xCBBEB000])[F9 D1       ]0x000230CE:	BNE	#0XCBC0E0C4
(             libc.so[0xCBBEB000])[93 42       ]0x000230C4:	CMP	R3, R2	;(R3=0xCBC2A86F R2=0xCBC2A868 )
(             libc.so[0xCBBEB000])[18 46       ]0x000230C6:	MOV	R0, R3	;(R3=0xCBC2A86F )
(             libc.so[0xCBBEB000])[09 D0       ]0x000230C8:	BEQ	#0XCBC0E0DE
(             libc.so[0xCBBEB000])[03 E0       ]0x000230CA:	B	#0XCBC0E0D4
(             libc.so[0xCBBEB000])[1C 78       ]0x000230D4:	LDRB	R4, [R3]	;(R3=0xCBC2A86F )
(             libc.so[0xCBBEB000])[01 33       ]0x000230D6:	ADDS	R3, #1	;(R3=0xCBC2A86F )
(             libc.so[0xCBBEB000])[8C 42       ]0x000230D8:	CMP	R4, R1	;(R4=0x0000002E R1=0x0000002E )
(             libc.so[0xCBBEB000])[F7 D1       ]0x000230DA:	BNE	#0XCBC0E0CC
(             libc.so[0xCBBEB000])[10 BD       ]0x000230DC:	POP	{R4, PC}	;(SP=0x100FE888 )
(             libc.so[0xCBBEB000])[10 F1 00 0B ]0x0002E2D6:	ADDS.W	FP, R0, #0	;(R0=0xCBC2A86F )
(             libc.so[0xCBBEB000])[82 46       ]0x0002E2DA:	MOV	SL, R0	;(R0=0xCBC2A86F )
(             libc.so[0xCBBEB000])[18 BF       ]0x0002E2DC:	IT	NE
(             libc.so[0xCBBEB000])[4F F0 01 0B ]0x0002E2DE:	MOV.W	FP, #1
(             libc.so[0xCBBEB000])[BB F1 00 0F ]0x0002E2E2:	CMP.W	FP, #0	;(FP=0x00000001 )
(             libc.so[0xCBBEB000])[02 D0       ]0x0002E2E6:	BEQ	#0XCBC192EE
(             libc.so[0xCBBEB000])[05 1B       ]0x0002E2E8:	SUBS	R5, R0, R4	;(R0=0xCBC2A86F R4=0xCBC2A869 )
(             libc.so[0xCBBEB000])[ED B2       ]0x0002E2EA:	UXTB	R5, R5	;(R5=0x00000006 )
(             libc.so[0xCBBEB000])[03 E0       ]0x0002E2EC:	B	#0XCBC192F6
(             libc.so[0xCBBEB000])[05 B9       ]0x0002E2F6:	CBNZ	R5, #0XCBC192FA	;(R5=0x00000006 )
(             libc.so[0xCBBEB000])[33 69       ]0x0002E2FA:	LDR	R3, [R6, #0X10]	;(R6=0x30040094 )
(             libc.so[0xCBBEB000])[0B B1       ]0x0002E2FC:	CBZ	R3, #0XCBC19302	;(R3=0x0000002C )
(             libc.so[0xCBBEB000])[30 69       ]0x0002E2FE:	LDR	R0, [R6, #0X10]	;(R6=0x30040094 )
(             libc.so[0xCBBEB000])[25 E0       ]0x0002E300:	B	#0XCBC1934E
(             libc.so[0xCBBEB000])[FF F7 3F FF ]0x0002E34E:	BL	#0XCBC191D0	;(PC=0xCBC1934E )
(             libc.so[0xCBBEB000])[09 4B       ]0x0002E1D0:	LDR	R3, [PC, #0X24]	;(PC=0xCBC191D0 )
(             libc.so[0xCBBEB000])[82 B0       ]0x0002E1D2:	SUB	SP, #8	;(SP=0x100FE890 )
(             libc.so[0xCBBEB000])[09 49       ]0x0002E1D4:	LDR	R1, [PC, #0X24]	;(PC=0xCBC191D4 )
(             libc.so[0xCBBEB000])[7B 44       ]0x0002E1D6:	ADD	R3, PC	;(R3=0x0001BDFE PC=0xCBC191D6 )
(             libc.so[0xCBBEB000])[01 90       ]0x0002E1D8:	STR	R0, [SP, #4]	;(R0=0x0000002C SP=0x100FE888 )
(             libc.so[0xCBBEB000])[01 9A       ]0x0002E1DA:	LDR	R2, [SP, #4]	;(SP=0x100FE888 )
(             libc.so[0xCBBEB000])[5B 58       ]0x0002E1DC:	LDR	R3, [R3, R1]	;(R3=0xCBC34FD8 R1=0xFFFFFFC4 )
(             libc.so[0xCBBEB000])[18 68       ]0x0002E1DE:	LDR	R0, [R3]	;(R3=0xCBC45F1C )
(             libc.so[0xCBBEB000])[82 42       ]0x0002E1E0:	CMP	R2, R0	;(R2=0x0000002C R0=0x0001FF80 )
(             libc.so[0xCBBEB000])[06 D8       ]0x0002E1E2:	BHI	#0XCBC191F2
(             libc.so[0xCBBEB000])[06 49       ]0x0002E1E4:	LDR	R1, [PC, #0X18]	;(PC=0xCBC191E4 )
(             libc.so[0xCBBEB000])[01 9A       ]0x0002E1E6:	LDR	R2, [SP, #4]	;(SP=0x100FE888 )
(             libc.so[0xCBBEB000])[79 44       ]0x0002E1E8:	ADD	R1, PC	;(R1=0x0002A318 PC=0xCBC191E8 )
(             libc.so[0xCBBEB000])[80 32       ]0x0002E1EA:	ADDS	R2, #0X80	;(R2=0x0000002C )
(             libc.so[0xCBBEB000])[0B 68       ]0x0002E1EC:	LDR	R3, [R1]	;(R1=0xCBC43504 )
(             libc.so[0xCBBEB000])[98 18       ]0x0002E1EE:	ADDS	R0, R3, R2	;(R3=0x30040000 R2=0x000000AC )
(             libc.so[0xCBBEB000])[00 E0       ]0x0002E1F0:	B	#0XCBC191F4
(             libc.so[0xCBBEB000])[02 B0       ]0x0002E1F4:	ADD	SP, #8	;(SP=0x100FE888 )
(             libc.so[0xCBBEB000])[70 47       ]0x0002E1F6:	BX	LR	;(LR=0xCBC19353 )
(             libc.so[0xCBBEB000])[DE E7       ]0x0002E352:	B	#0XCBC19312
(             libc.so[0xCBBEB000])[06 46       ]0x0002E312:	MOV	R6, R0	;(R0=0x300400AC )
(             libc.so[0xCBBEB000])[00 28       ]0x0002E314:	CMP	R0, #0	;(R0=0x300400AC )
(             libc.so[0xCBBEB000])[55 D0       ]0x0002E316:	BEQ	#0XCBC193C4
(             libc.so[0xCBBEB000])[02 78       ]0x0002E318:	LDRB	R2, [R0]	;(R0=0x300400AC )
(             libc.so[0xCBBEB000])[95 42       ]0x0002E31A:	CMP	R5, R2	;(R5=0x00000006 R2=0x00000004 )
(             libc.so[0xCBBEB000])[09 D3       ]0x0002E31C:	BLO	#0XCBC19332
(             libc.so[0xCBBEB000])[13 D8       ]0x0002E31E:	BHI	#0XCBC19348
(             libc.so[0xCBBEB000])[F1 68       ]0x0002E348:	LDR	R1, [R6, #0XC]	;(R6=0x300400AC )
(             libc.so[0xCBBEB000])[19 B1       ]0x0002E34A:	CBZ	R1, #0XCBC19354	;(R1=0x00000608 )
(             libc.so[0xCBBEB000])[F0 68       ]0x0002E34C:	LDR	R0, [R6, #0XC]	;(R6=0x300400AC )
(             libc.so[0xCBBEB000])[FF F7 3F FF ]0x0002E34E:	BL	#0XCBC191D0	;(PC=0xCBC1934E )
(             libc.so[0xCBBEB000])[09 4B       ]0x0002E1D0:	LDR	R3, [PC, #0X24]	;(PC=0xCBC191D0 )
(             libc.so[0xCBBEB000])[82 B0       ]0x0002E1D2:	SUB	SP, #8	;(SP=0x100FE890 )
(             libc.so[0xCBBEB000])[09 49       ]0x0002E1D4:	LDR	R1, [PC, #0X24]	;(PC=0xCBC191D4 )
(             libc.so[0xCBBEB000])[7B 44       ]0x0002E1D6:	ADD	R3, PC	;(R3=0x0001BDFE PC=0xCBC191D6 )
(             libc.so[0xCBBEB000])[01 90       ]0x0002E1D8:	STR	R0, [SP, #4]	;(R0=0x00000608 SP=0x100FE888 )
(             libc.so[0xCBBEB000])[01 9A       ]0x0002E1DA:	LDR	R2, [SP, #4]	;(SP=0x100FE888 )
(             libc.so[0xCBBEB000])[5B 58       ]0x0002E1DC:	LDR	R3, [R3, R1]	;(R3=0xCBC34FD8 R1=0xFFFFFFC4 )
(             libc.so[0xCBBEB000])[18 68       ]0x0002E1DE:	LDR	R0, [R3]	;(R3=0xCBC45F1C )
(             libc.so[0xCBBEB000])[82 42       ]0x0002E1E0:	CMP	R2, R0	;(R2=0x00000608 R0=0x0001FF80 )
(             libc.so[0xCBBEB000])[06 D8       ]0x0002E1E2:	BHI	#0XCBC191F2
(             libc.so[0xCBBEB000])[06 49       ]0x0002E1E4:	LDR	R1, [PC, #0X18]	;(PC=0xCBC191E4 )
(             libc.so[0xCBBEB000])[01 9A       ]0x0002E1E6:	LDR	R2, [SP, #4]	;(SP=0x100FE888 )
(             libc.so[0xCBBEB000])[79 44       ]0x0002E1E8:	ADD	R1, PC	;(R1=0x0002A318 PC=0xCBC191E8 )
(             libc.so[0xCBBEB000])[80 32       ]0x0002E1EA:	ADDS	R2, #0X80	;(R2=0x00000608 )
(             libc.so[0xCBBEB000])[0B 68       ]0x0002E1EC:	LDR	R3, [R1]	;(R1=0xCBC43504 )
(             libc.so[0xCBBEB000])[98 18       ]0x0002E1EE:	ADDS	R0, R3, R2	;(R3=0x30040000 R2=0x00000688 )
(             libc.so[0xCBBEB000])[00 E0       ]0x0002E1F0:	B	#0XCBC191F4
(             libc.so[0xCBBEB000])[02 B0       ]0x0002E1F4:	ADD	SP, #8	;(SP=0x100FE888 )
(             libc.so[0xCBBEB000])[70 47       ]0x0002E1F6:	BX	LR	;(LR=0xCBC19353 )
(             libc.so[0xCBBEB000])[DE E7       ]0x0002E352:	B	#0XCBC19312
(             libc.so[0xCBBEB000])[06 46       ]0x0002E312:	MOV	R6, R0	;(R0=0x30040688 )
(             libc.so[0xCBBEB000])[00 28       ]0x0002E314:	CMP	R0, #0	;(R0=0x30040688 )
(             libc.so[0xCBBEB000])[55 D0       ]0x0002E316:	BEQ	#0XCBC193C4
(             libc.so[0xCBBEB000])[02 78       ]0x0002E318:	LDRB	R2, [R0]	;(R0=0x30040688 )
(             libc.so[0xCBBEB000])[95 42       ]0x0002E31A:	CMP	R5, R2	;(R5=0x00000006 R2=0x00000008 )
(             libc.so[0xCBBEB000])[09 D3       ]0x0002E31C:	BLO	#0XCBC19332
(             libc.so[0xCBBEB000])[B3 68       ]0x0002E332:	LDR	R3, [R6, #8]	;(R6=0x30040688 )
(             libc.so[0xCBBEB000])[0B B1       ]0x0002E334:	CBZ	R3, #0XCBC1933A	;(R3=0x00000694 )
(             libc.so[0xCBBEB000])[B0 68       ]0x0002E336:	LDR	R0, [R6, #8]	;(R6=0x30040688 )
(             libc.so[0xCBBEB000])[09 E0       ]0x0002E338:	B	#0XCBC1934E
(             libc.so[0xCBBEB000])[FF F7 3F FF ]0x0002E34E:	BL	#0XCBC191D0	;(PC=0xCBC1934E )
(             libc.so[0xCBBEB000])[09 4B       ]0x0002E1D0:	LDR	R3, [PC, #0X24]	;(PC=0xCBC191D0 )
(             libc.so[0xCBBEB000])[82 B0       ]0x0002E1D2:	SUB	SP, #8	;(SP=0x100FE890 )
(             libc.so[0xCBBEB000])[09 49       ]0x0002E1D4:	LDR	R1, [PC, #0X24]	;(PC=0xCBC191D4 )
(             libc.so[0xCBBEB000])[7B 44       ]0x0002E1D6:	ADD	R3, PC	;(R3=0x0001BDFE PC=0xCBC191D6 )
(             libc.so[0xCBBEB000])[01 90       ]0x0002E1D8:	STR	R0, [SP, #4]	;(R0=0x00000694 SP=0x100FE888 )
(             libc.so[0xCBBEB000])[01 9A       ]0x0002E1DA:	LDR	R2, [SP, #4]	;(SP=0x100FE888 )
(             libc.so[0xCBBEB000])[5B 58       ]0x0002E1DC:	LDR	R3, [R3, R1]	;(R3=0xCBC34FD8 R1=0xFFFFFFC4 )
(             libc.so[0xCBBEB000])[18 68       ]0x0002E1DE:	LDR	R0, [R3]	;(R3=0xCBC45F1C )
(             libc.so[0xCBBEB000])[82 42       ]0x0002E1E0:	CMP	R2, R0	;(R2=0x00000694 R0=0x0001FF80 )
(             libc.so[0xCBBEB000])[06 D8       ]0x0002E1E2:	BHI	#0XCBC191F2
(             libc.so[0xCBBEB000])[06 49       ]0x0002E1E4:	LDR	R1, [PC, #0X18]	;(PC=0xCBC191E4 )
(             libc.so[0xCBBEB000])[01 9A       ]0x0002E1E6:	LDR	R2, [SP, #4]	;(SP=0x100FE888 )
(             libc.so[0xCBBEB000])[79 44       ]0x0002E1E8:	ADD	R1, PC	;(R1=0x0002A318 PC=0xCBC191E8 )
(             libc.so[0xCBBEB000])[80 32       ]0x0002E1EA:	ADDS	R2, #0X80	;(R2=0x00000694 )
(             libc.so[0xCBBEB000])[0B 68       ]0x0002E1EC:	LDR	R3, [R1]	;(R1=0xCBC43504 )
(             libc.so[0xCBBEB000])[98 18       ]0x0002E1EE:	ADDS	R0, R3, R2	;(R3=0x30040000 R2=0x00000714 )
(             libc.so[0xCBBEB000])[00 E0       ]0x0002E1F0:	B	#0XCBC191F4
(             libc.so[0xCBBEB000])[02 B0       ]0x0002E1F4:	ADD	SP, #8	;(SP=0x100FE888 )
(             libc.so[0xCBBEB000])[70 47       ]0x0002E1F6:	BX	LR	;(LR=0xCBC19353 )
(             libc.so[0xCBBEB000])[DE E7       ]0x0002E352:	B	#0XCBC19312
(             libc.so[0xCBBEB000])[06 46       ]0x0002E312:	MOV	R6, R0	;(R0=0x30040714 )
(             libc.so[0xCBBEB000])[00 28       ]0x0002E314:	CMP	R0, #0	;(R0=0x30040714 )
(             libc.so[0xCBBEB000])[55 D0       ]0x0002E316:	BEQ	#0XCBC193C4
(             libc.so[0xCBBEB000])[02 78       ]0x0002E318:	LDRB	R2, [R0]	;(R0=0x30040714 )
(             libc.so[0xCBBEB000])[95 42       ]0x0002E31A:	CMP	R5, R2	;(R5=0x00000006 R2=0x00000008 )
(             libc.so[0xCBBEB000])[09 D3       ]0x0002E31C:	BLO	#0XCBC19332
(             libc.so[0xCBBEB000])[B3 68       ]0x0002E332:	LDR	R3, [R6, #8]	;(R6=0x30040714 )
(             libc.so[0xCBBEB000])[0B B1       ]0x0002E334:	CBZ	R3, #0XCBC1933A	;(R3=0x00000720 )
(             libc.so[0xCBBEB000])[B0 68       ]0x0002E336:	LDR	R0, [R6, #8]	;(R6=0x30040714 )
(             libc.so[0xCBBEB000])[09 E0       ]0x0002E338:	B	#0XCBC1934E
(             libc.so[0xCBBEB000])[FF F7 3F FF ]0x0002E34E:	BL	#0XCBC191D0	;(PC=0xCBC1934E )
(             libc.so[0xCBBEB000])[09 4B       ]0x0002E1D0:	LDR	R3, [PC, #0X24]	;(PC=0xCBC191D0 )
(             libc.so[0xCBBEB000])[82 B0       ]0x0002E1D2:	SUB	SP, #8	;(SP=0x100FE890 )
(             libc.so[0xCBBEB000])[09 49       ]0x0002E1D4:	LDR	R1, [PC, #0X24]	;(PC=0xCBC191D4 )
(             libc.so[0xCBBEB000])[7B 44       ]0x0002E1D6:	ADD	R3, PC	;(R3=0x0001BDFE PC=0xCBC191D6 )
(             libc.so[0xCBBEB000])[01 90       ]0x0002E1D8:	STR	R0, [SP, #4]	;(R0=0x00000720 SP=0x100FE888 )
(             libc.so[0xCBBEB000])[01 9A       ]0x0002E1DA:	LDR	R2, [SP, #4]	;(SP=0x100FE888 )
(             libc.so[0xCBBEB000])[5B 58       ]0x0002E1DC:	LDR	R3, [R3, R1]	;(R3=0xCBC34FD8 R1=0xFFFFFFC4 )
(             libc.so[0xCBBEB000])[18 68       ]0x0002E1DE:	LDR	R0, [R3]	;(R3=0xCBC45F1C )
(             libc.so[0xCBBEB000])[82 42       ]0x0002E1E0:	CMP	R2, R0	;(R2=0x00000720 R0=0x0001FF80 )
(             libc.so[0xCBBEB000])[06 D8       ]0x0002E1E2:	BHI	#0XCBC191F2
(             libc.so[0xCBBEB000])[06 49       ]0x0002E1E4:	LDR	R1, [PC, #0X18]	;(PC=0xCBC191E4 )
(             libc.so[0xCBBEB000])[01 9A       ]0x0002E1E6:	LDR	R2, [SP, #4]	;(SP=0x100FE888 )
(             libc.so[0xCBBEB000])[79 44       ]0x0002E1E8:	ADD	R1, PC	;(R1=0x0002A318 PC=0xCBC191E8 )
(             libc.so[0xCBBEB000])[80 32       ]0x0002E1EA:	ADDS	R2, #0X80	;(R2=0x00000720 )
(             libc.so[0xCBBEB000])[0B 68       ]0x0002E1EC:	LDR	R3, [R1]	;(R1=0xCBC43504 )
(             libc.so[0xCBBEB000])[98 18       ]0x0002E1EE:	ADDS	R0, R3, R2	;(R3=0x30040000 R2=0x000007A0 )
(             libc.so[0xCBBEB000])[00 E0       ]0x0002E1F0:	B	#0XCBC191F4
(             libc.so[0xCBBEB000])[02 B0       ]0x0002E1F4:	ADD	SP, #8	;(SP=0x100FE888 )
(             libc.so[0xCBBEB000])[70 47       ]0x0002E1F6:	BX	LR	;(LR=0xCBC19353 )
(             libc.so[0xCBBEB000])[DE E7       ]0x0002E352:	B	#0XCBC19312
(             libc.so[0xCBBEB000])[06 46       ]0x0002E312:	MOV	R6, R0	;(R0=0x300407A0 )
(             libc.so[0xCBBEB000])[00 28       ]0x0002E314:	CMP	R0, #0	;(R0=0x300407A0 )
(             libc.so[0xCBBEB000])[55 D0       ]0x0002E316:	BEQ	#0XCBC193C4
(             libc.so[0xCBBEB000])[02 78       ]0x0002E318:	LDRB	R2, [R0]	;(R0=0x300407A0 )
(             libc.so[0xCBBEB000])[95 42       ]0x0002E31A:	CMP	R5, R2	;(R5=0x00000006 R2=0x00000008 )
(             libc.so[0xCBBEB000])[09 D3       ]0x0002E31C:	BLO	#0XCBC19332
(             libc.so[0xCBBEB000])[B3 68       ]0x0002E332:	LDR	R3, [R6, #8]	;(R6=0x300407A0 )
(             libc.so[0xCBBEB000])[0B B1       ]0x0002E334:	CBZ	R3, #0XCBC1933A	;(R3=0x000009F8 )
(             libc.so[0xCBBEB000])[B0 68       ]0x0002E336:	LDR	R0, [R6, #8]	;(R6=0x300407A0 )
(             libc.so[0xCBBEB000])[09 E0       ]0x0002E338:	B	#0XCBC1934E
(             libc.so[0xCBBEB000])[FF F7 3F FF ]0x0002E34E:	BL	#0XCBC191D0	;(PC=0xCBC1934E )
(             libc.so[0xCBBEB000])[09 4B       ]0x0002E1D0:	LDR	R3, [PC, #0X24]	;(PC=0xCBC191D0 )
(             libc.so[0xCBBEB000])[82 B0       ]0x0002E1D2:	SUB	SP, #8	;(SP=0x100FE890 )
(             libc.so[0xCBBEB000])[09 49       ]0x0002E1D4:	LDR	R1, [PC, #0X24]	;(PC=0xCBC191D4 )
(             libc.so[0xCBBEB000])[7B 44       ]0x0002E1D6:	ADD	R3, PC	;(R3=0x0001BDFE PC=0xCBC191D6 )
(             libc.so[0xCBBEB000])[01 90       ]0x0002E1D8:	STR	R0, [SP, #4]	;(R0=0x000009F8 SP=0x100FE888 )
(             libc.so[0xCBBEB000])[01 9A       ]0x0002E1DA:	LDR	R2, [SP, #4]	;(SP=0x100FE888 )
(             libc.so[0xCBBEB000])[5B 58       ]0x0002E1DC:	LDR	R3, [R3, R1]	;(R3=0xCBC34FD8 R1=0xFFFFFFC4 )
(             libc.so[0xCBBEB000])[18 68       ]0x0002E1DE:	LDR	R0, [R3]	;(R3=0xCBC45F1C )
(             libc.so[0xCBBEB000])[82 42       ]0x0002E1E0:	CMP	R2, R0	;(R2=0x000009F8 R0=0x0001FF80 )
(             libc.so[0xCBBEB000])[06 D8       ]0x0002E1E2:	BHI	#0XCBC191F2
(             libc.so[0xCBBEB000])[06 49       ]0x0002E1E4:	LDR	R1, [PC, #0X18]	;(PC=0xCBC191E4 )
(             libc.so[0xCBBEB000])[01 9A       ]0x0002E1E6:	LDR	R2, [SP, #4]	;(SP=0x100FE888 )
(             libc.so[0xCBBEB000])[79 44       ]0x0002E1E8:	ADD	R1, PC	;(R1=0x0002A318 PC=0xCBC191E8 )
(             libc.so[0xCBBEB000])[80 32       ]0x0002E1EA:	ADDS	R2, #0X80	;(R2=0x000009F8 )
(             libc.so[0xCBBEB000])[0B 68       ]0x0002E1EC:	LDR	R3, [R1]	;(R1=0xCBC43504 )
(             libc.so[0xCBBEB000])[98 18       ]0x0002E1EE:	ADDS	R0, R3, R2	;(R3=0x30040000 R2=0x00000A78 )
(             libc.so[0xCBBEB000])[00 E0       ]0x0002E1F0:	B	#0XCBC191F4
(             libc.so[0xCBBEB000])[02 B0       ]0x0002E1F4:	ADD	SP, #8	;(SP=0x100FE888 )
(             libc.so[0xCBBEB000])[70 47       ]0x0002E1F6:	BX	LR	;(LR=0xCBC19353 )
(             libc.so[0xCBBEB000])[DE E7       ]0x0002E352:	B	#0XCBC19312
(             libc.so[0xCBBEB000])[06 46       ]0x0002E312:	MOV	R6, R0	;(R0=0x30040A78 )
(             libc.so[0xCBBEB000])[00 28       ]0x0002E314:	CMP	R0, #0	;(R0=0x30040A78 )
(             libc.so[0xCBBEB000])[55 D0       ]0x0002E316:	BEQ	#0XCBC193C4
(             libc.so[0xCBBEB000])[02 78       ]0x0002E318:	LDRB	R2, [R0]	;(R0=0x30040A78 )
(             libc.so[0xCBBEB000])[95 42       ]0x0002E31A:	CMP	R5, R2	;(R5=0x00000006 R2=0x00000006 )
(             libc.so[0xCBBEB000])[09 D3       ]0x0002E31C:	BLO	#0XCBC19332
(             libc.so[0xCBBEB000])[13 D8       ]0x0002E31E:	BHI	#0XCBC19348
(             libc.so[0xCBBEB000])[20 46       ]0x0002E320:	MOV	R0, R4	;(R4=0xCBC2A869 )
(             libc.so[0xCBBEB000])[06 F1 14 01 ]0x0002E322:	ADD.W	R1, R6, #0X14	;(R6=0x30040A78 )
(             libc.so[0xCBBEB000])[2A 46       ]0x0002E326:	MOV	R2, R5	;(R5=0x00000006 )
(             libc.so[0xCBBEB000])[0B F0 B2 FD ]0x0002E328:	BL	#0XCBC24E90	;(PC=0xCBC19328 )
(             libc.so[0xCBBEB000])[30 B5       ]0x00039E90:	PUSH	{R4, R5, LR} ; strncmp	;(SP=0x100FE890 R4=0xCBC2A869 R5=0x00000006 LR=0xCBC1932D )
(             libc.so[0xCBBEB000])[62 B1       ]0x00039E92:	CBZ	R2, #0XCBC24EAE	;(R2=0x00000006 )
(             libc.so[0xCBBEB000])[00 23       ]0x00039E94:	MOVS	R3, #0
(             libc.so[0xCBBEB000])[C4 5C       ]0x00039E96:	LDRB	R4, [R0, R3]	;(R0=0xCBC2A869 R3=0x00000000 )
(             libc.so[0xCBBEB000])[CD 5C       ]0x00039E98:	LDRB	R5, [R1, R3]	;(R1=0x30040A8C R3=0x00000000 )
(             libc.so[0xCBBEB000])[AC 42       ]0x00039E9A:	CMP	R4, R5	;(R4=0x0000006B R5=0x00000073 )
(             libc.so[0xCBBEB000])[01 D0       ]0x00039E9C:	BEQ	#0XCBC24EA2
(             libc.so[0xCBBEB000])[60 1B       ]0x00039E9E:	SUBS	R0, R4, R5	;(R4=0x0000006B R5=0x00000073 )
(             libc.so[0xCBBEB000])[30 BD       ]0x00039EA0:	POP	{R4, R5, PC}	;(SP=0x100FE884 )
(             libc.so[0xCBBEB000])[00 28       ]0x0002E32C:	CMP	R0, #0	;(R0=0xFFFFFFF8 )
(             libc.so[0xCBBEB000])[18 D0       ]0x0002E32E:	BEQ	#0XCBC19362
(             libc.so[0xCBBEB000])[0A DA       ]0x0002E330:	BGE	#0XCBC19348
(             libc.so[0xCBBEB000])[B3 68       ]0x0002E332:	LDR	R3, [R6, #8]	;(R6=0x30040A78 )
(             libc.so[0xCBBEB000])[0B B1       ]0x0002E334:	CBZ	R3, #0XCBC1933A	;(R3=0x00000B38 )
(             libc.so[0xCBBEB000])[B0 68       ]0x0002E336:	LDR	R0, [R6, #8]	;(R6=0x30040A78 )
(             libc.so[0xCBBEB000])[09 E0       ]0x0002E338:	B	#0XCBC1934E
(             libc.so[0xCBBEB000])[FF F7 3F FF ]0x0002E34E:	BL	#0XCBC191D0	;(PC=0xCBC1934E )
(             libc.so[0xCBBEB000])[09 4B       ]0x0002E1D0:	LDR	R3, [PC, #0X24]	;(PC=0xCBC191D0 )
(             libc.so[0xCBBEB000])[82 B0       ]0x0002E1D2:	SUB	SP, #8	;(SP=0x100FE890 )
(             libc.so[0xCBBEB000])[09 49       ]0x0002E1D4:	LDR	R1, [PC, #0X24]	;(PC=0xCBC191D4 )
(             libc.so[0xCBBEB000])[7B 44       ]0x0002E1D6:	ADD	R3, PC	;(R3=0x0001BDFE PC=0xCBC191D6 )
(             libc.so[0xCBBEB000])[01 90       ]0x0002E1D8:	STR	R0, [SP, #4]	;(R0=0x00000B38 SP=0x100FE888 )
(             libc.so[0xCBBEB000])[01 9A       ]0x0002E1DA:	LDR	R2, [SP, #4]	;(SP=0x100FE888 )
(             libc.so[0xCBBEB000])[5B 58       ]0x0002E1DC:	LDR	R3, [R3, R1]	;(R3=0xCBC34FD8 R1=0xFFFFFFC4 )
(             libc.so[0xCBBEB000])[18 68       ]0x0002E1DE:	LDR	R0, [R3]	;(R3=0xCBC45F1C )
(             libc.so[0xCBBEB000])[82 42       ]0x0002E1E0:	CMP	R2, R0	;(R2=0x00000B38 R0=0x0001FF80 )
(             libc.so[0xCBBEB000])[06 D8       ]0x0002E1E2:	BHI	#0XCBC191F2
(             libc.so[0xCBBEB000])[06 49       ]0x0002E1E4:	LDR	R1, [PC, #0X18]	;(PC=0xCBC191E4 )
(             libc.so[0xCBBEB000])[01 9A       ]0x0002E1E6:	LDR	R2, [SP, #4]	;(SP=0x100FE888 )
(             libc.so[0xCBBEB000])[79 44       ]0x0002E1E8:	ADD	R1, PC	;(R1=0x0002A318 PC=0xCBC191E8 )
(             libc.so[0xCBBEB000])[80 32       ]0x0002E1EA:	ADDS	R2, #0X80	;(R2=0x00000B38 )
(             libc.so[0xCBBEB000])[0B 68       ]0x0002E1EC:	LDR	R3, [R1]	;(R1=0xCBC43504 )
(             libc.so[0xCBBEB000])[98 18       ]0x0002E1EE:	ADDS	R0, R3, R2	;(R3=0x30040000 R2=0x00000BB8 )
(             libc.so[0xCBBEB000])[00 E0       ]0x0002E1F0:	B	#0XCBC191F4
(             libc.so[0xCBBEB000])[02 B0       ]0x0002E1F4:	ADD	SP, #8	;(SP=0x100FE888 )
(             libc.so[0xCBBEB000])[70 47       ]0x0002E1F6:	BX	LR	;(LR=0xCBC19353 )
(             libc.so[0xCBBEB000])[DE E7       ]0x0002E352:	B	#0XCBC19312
(             libc.so[0xCBBEB000])[06 46       ]0x0002E312:	MOV	R6, R0	;(R0=0x30040BB8 )
(             libc.so[0xCBBEB000])[00 28       ]0x0002E314:	CMP	R0, #0	;(R0=0x30040BB8 )
(             libc.so[0xCBBEB000])[55 D0       ]0x0002E316:	BEQ	#0XCBC193C4
(             libc.so[0xCBBEB000])[02 78       ]0x0002E318:	LDRB	R2, [R0]	;(R0=0x30040BB8 )
(             libc.so[0xCBBEB000])[95 42       ]0x0002E31A:	CMP	R5, R2	;(R5=0x00000006 R2=0x00000005 )
(             libc.so[0xCBBEB000])[09 D3       ]0x0002E31C:	BLO	#0XCBC19332
(             libc.so[0xCBBEB000])[13 D8       ]0x0002E31E:	BHI	#0XCBC19348
(             libc.so[0xCBBEB000])[F1 68       ]0x0002E348:	LDR	R1, [R6, #0XC]	;(R6=0x30040BB8 )
(             libc.so[0xCBBEB000])[19 B1       ]0x0002E34A:	CBZ	R1, #0XCBC19354	;(R1=0x00000FCC )
(             libc.so[0xCBBEB000])[F0 68       ]0x0002E34C:	LDR	R0, [R6, #0XC]	;(R6=0x30040BB8 )
(             libc.so[0xCBBEB000])[FF F7 3F FF ]0x0002E34E:	BL	#0XCBC191D0	;(PC=0xCBC1934E )
(             libc.so[0xCBBEB000])[09 4B       ]0x0002E1D0:	LDR	R3, [PC, #0X24]	;(PC=0xCBC191D0 )
(             libc.so[0xCBBEB000])[82 B0       ]0x0002E1D2:	SUB	SP, #8	;(SP=0x100FE890 )
(             libc.so[0xCBBEB000])[09 49       ]0x0002E1D4:	LDR	R1, [PC, #0X24]	;(PC=0xCBC191D4 )
(             libc.so[0xCBBEB000])[7B 44       ]0x0002E1D6:	ADD	R3, PC	;(R3=0x0001BDFE PC=0xCBC191D6 )
(             libc.so[0xCBBEB000])[01 90       ]0x0002E1D8:	STR	R0, [SP, #4]	;(R0=0x00000FCC SP=0x100FE888 )
(             libc.so[0xCBBEB000])[01 9A       ]0x0002E1DA:	LDR	R2, [SP, #4]	;(SP=0x100FE888 )
(             libc.so[0xCBBEB000])[5B 58       ]0x0002E1DC:	LDR	R3, [R3, R1]	;(R3=0xCBC34FD8 R1=0xFFFFFFC4 )
(             libc.so[0xCBBEB000])[18 68       ]0x0002E1DE:	LDR	R0, [R3]	;(R3=0xCBC45F1C )
(             libc.so[0xCBBEB000])[82 42       ]0x0002E1E0:	CMP	R2, R0	;(R2=0x00000FCC R0=0x0001FF80 )
(             libc.so[0xCBBEB000])[06 D8       ]0x0002E1E2:	BHI	#0XCBC191F2
(             libc.so[0xCBBEB000])[06 49       ]0x0002E1E4:	LDR	R1, [PC, #0X18]	;(PC=0xCBC191E4 )
(             libc.so[0xCBBEB000])[01 9A       ]0x0002E1E6:	LDR	R2, [SP, #4]	;(SP=0x100FE888 )
(             libc.so[0xCBBEB000])[79 44       ]0x0002E1E8:	ADD	R1, PC	;(R1=0x0002A318 PC=0xCBC191E8 )
(             libc.so[0xCBBEB000])[80 32       ]0x0002E1EA:	ADDS	R2, #0X80	;(R2=0x00000FCC )
(             libc.so[0xCBBEB000])[0B 68       ]0x0002E1EC:	LDR	R3, [R1]	;(R1=0xCBC43504 )
(             libc.so[0xCBBEB000])[98 18       ]0x0002E1EE:	ADDS	R0, R3, R2	;(R3=0x30040000 R2=0x0000104C )
(             libc.so[0xCBBEB000])[00 E0       ]0x0002E1F0:	B	#0XCBC191F4
(             libc.so[0xCBBEB000])[02 B0       ]0x0002E1F4:	ADD	SP, #8	;(SP=0x100FE888 )
(             libc.so[0xCBBEB000])[70 47       ]0x0002E1F6:	BX	LR	;(LR=0xCBC19353 )
(             libc.so[0xCBBEB000])[DE E7       ]0x0002E352:	B	#0XCBC19312
(             libc.so[0xCBBEB000])[06 46       ]0x0002E312:	MOV	R6, R0	;(R0=0x3004104C )
(             libc.so[0xCBBEB000])[00 28       ]0x0002E314:	CMP	R0, #0	;(R0=0x3004104C )
(             libc.so[0xCBBEB000])[55 D0       ]0x0002E316:	BEQ	#0XCBC193C4
(             libc.so[0xCBBEB000])[02 78       ]0x0002E318:	LDRB	R2, [R0]	;(R0=0x3004104C )
(             libc.so[0xCBBEB000])[95 42       ]0x0002E31A:	CMP	R5, R2	;(R5=0x00000006 R2=0x00000006 )
(             libc.so[0xCBBEB000])[09 D3       ]0x0002E31C:	BLO	#0XCBC19332
(             libc.so[0xCBBEB000])[13 D8       ]0x0002E31E:	BHI	#0XCBC19348
(             libc.so[0xCBBEB000])[20 46       ]0x0002E320:	MOV	R0, R4	;(R4=0xCBC2A869 )
(             libc.so[0xCBBEB000])[06 F1 14 01 ]0x0002E322:	ADD.W	R1, R6, #0X14	;(R6=0x3004104C )
(             libc.so[0xCBBEB000])[2A 46       ]0x0002E326:	MOV	R2, R5	;(R5=0x00000006 )
(             libc.so[0xCBBEB000])[0B F0 B2 FD ]0x0002E328:	BL	#0XCBC24E90	;(PC=0xCBC19328 )
(             libc.so[0xCBBEB000])[30 B5       ]0x00039E90:	PUSH	{R4, R5, LR} ; strncmp	;(SP=0x100FE890 R4=0xCBC2A869 R5=0x00000006 LR=0xCBC1932D )
(             libc.so[0xCBBEB000])[62 B1       ]0x00039E92:	CBZ	R2, #0XCBC24EAE	;(R2=0x00000006 )
(             libc.so[0xCBBEB000])[00 23       ]0x00039E94:	MOVS	R3, #0
(             libc.so[0xCBBEB000])[C4 5C       ]0x00039E96:	LDRB	R4, [R0, R3]	;(R0=0xCBC2A869 R3=0x00000000 )
(             libc.so[0xCBBEB000])[CD 5C       ]0x00039E98:	LDRB	R5, [R1, R3]	;(R1=0x30041060 R3=0x00000000 )
(             libc.so[0xCBBEB000])[AC 42       ]0x00039E9A:	CMP	R4, R5	;(R4=0x0000006B R5=0x00000064 )
(             libc.so[0xCBBEB000])[01 D0       ]0x00039E9C:	BEQ	#0XCBC24EA2
(             libc.so[0xCBBEB000])[60 1B       ]0x00039E9E:	SUBS	R0, R4, R5	;(R4=0x0000006B R5=0x00000064 )
(             libc.so[0xCBBEB000])[30 BD       ]0x00039EA0:	POP	{R4, R5, PC}	;(SP=0x100FE884 )
(             libc.so[0xCBBEB000])[00 28       ]0x0002E32C:	CMP	R0, #0	;(R0=0x00000007 )
(             libc.so[0xCBBEB000])[18 D0       ]0x0002E32E:	BEQ	#0XCBC19362
(             libc.so[0xCBBEB000])[0A DA       ]0x0002E330:	BGE	#0XCBC19348
(             libc.so[0xCBBEB000])[F1 68       ]0x0002E348:	LDR	R1, [R6, #0XC]	;(R6=0x3004104C )
(             libc.so[0xCBBEB000])[19 B1       ]0x0002E34A:	CBZ	R1, #0XCBC19354	;(R1=0x00009834 )
(             libc.so[0xCBBEB000])[F0 68       ]0x0002E34C:	LDR	R0, [R6, #0XC]	;(R6=0x3004104C )
(             libc.so[0xCBBEB000])[FF F7 3F FF ]0x0002E34E:	BL	#0XCBC191D0	;(PC=0xCBC1934E )
(             libc.so[0xCBBEB000])[09 4B       ]0x0002E1D0:	LDR	R3, [PC, #0X24]	;(PC=0xCBC191D0 )
(             libc.so[0xCBBEB000])[82 B0       ]0x0002E1D2:	SUB	SP, #8	;(SP=0x100FE890 )
(             libc.so[0xCBBEB000])[09 49       ]0x0002E1D4:	LDR	R1, [PC, #0X24]	;(PC=0xCBC191D4 )
(             libc.so[0xCBBEB000])[7B 44       ]0x0002E1D6:	ADD	R3, PC	;(R3=0x0001BDFE PC=0xCBC191D6 )
(             libc.so[0xCBBEB000])[01 90       ]0x0002E1D8:	STR	R0, [SP, #4]	;(R0=0x00009834 SP=0x100FE888 )
(             libc.so[0xCBBEB000])[01 9A       ]0x0002E1DA:	LDR	R2, [SP, #4]	;(SP=0x100FE888 )
(             libc.so[0xCBBEB000])[5B 58       ]0x0002E1DC:	LDR	R3, [R3, R1]	;(R3=0xCBC34FD8 R1=0xFFFFFFC4 )
(             libc.so[0xCBBEB000])[18 68       ]0x0002E1DE:	LDR	R0, [R3]	;(R3=0xCBC45F1C )
(             libc.so[0xCBBEB000])[82 42       ]0x0002E1E0:	CMP	R2, R0	;(R2=0x00009834 R0=0x0001FF80 )
(             libc.so[0xCBBEB000])[06 D8       ]0x0002E1E2:	BHI	#0XCBC191F2
(             libc.so[0xCBBEB000])[06 49       ]0x0002E1E4:	LDR	R1, [PC, #0X18]	;(PC=0xCBC191E4 )
(             libc.so[0xCBBEB000])[01 9A       ]0x0002E1E6:	LDR	R2, [SP, #4]	;(SP=0x100FE888 )
(             libc.so[0xCBBEB000])[79 44       ]0x0002E1E8:	ADD	R1, PC	;(R1=0x0002A318 PC=0xCBC191E8 )
(             libc.so[0xCBBEB000])[80 32       ]0x0002E1EA:	ADDS	R2, #0X80	;(R2=0x00009834 )
(             libc.so[0xCBBEB000])[0B 68       ]0x0002E1EC:	LDR	R3, [R1]	;(R1=0xCBC43504 )
(             libc.so[0xCBBEB000])[98 18       ]0x0002E1EE:	ADDS	R0, R3, R2	;(R3=0x30040000 R2=0x000098B4 )
(             libc.so[0xCBBEB000])[00 E0       ]0x0002E1F0:	B	#0XCBC191F4
(             libc.so[0xCBBEB000])[02 B0       ]0x0002E1F4:	ADD	SP, #8	;(SP=0x100FE888 )
(             libc.so[0xCBBEB000])[70 47       ]0x0002E1F6:	BX	LR	;(LR=0xCBC19353 )
(             libc.so[0xCBBEB000])[DE E7       ]0x0002E352:	B	#0XCBC19312
(             libc.so[0xCBBEB000])[06 46       ]0x0002E312:	MOV	R6, R0	;(R0=0x300498B4 )
(             libc.so[0xCBBEB000])[00 28       ]0x0002E314:	CMP	R0, #0	;(R0=0x300498B4 )
(             libc.so[0xCBBEB000])[55 D0       ]0x0002E316:	BEQ	#0XCBC193C4
(             libc.so[0xCBBEB000])[02 78       ]0x0002E318:	LDRB	R2, [R0]	;(R0=0x300498B4 )
(             libc.so[0xCBBEB000])[95 42       ]0x0002E31A:	CMP	R5, R2	;(R5=0x00000006 R2=0x00000006 )
(             libc.so[0xCBBEB000])[09 D3       ]0x0002E31C:	BLO	#0XCBC19332
(             libc.so[0xCBBEB000])[13 D8       ]0x0002E31E:	BHI	#0XCBC19348
(             libc.so[0xCBBEB000])[20 46       ]0x0002E320:	MOV	R0, R4	;(R4=0xCBC2A869 )
(             libc.so[0xCBBEB000])[06 F1 14 01 ]0x0002E322:	ADD.W	R1, R6, #0X14	;(R6=0x300498B4 )
(             libc.so[0xCBBEB000])[2A 46       ]0x0002E326:	MOV	R2, R5	;(R5=0x00000006 )
(             libc.so[0xCBBEB000])[0B F0 B2 FD ]0x0002E328:	BL	#0XCBC24E90	;(PC=0xCBC19328 )
(             libc.so[0xCBBEB000])[30 B5       ]0x00039E90:	PUSH	{R4, R5, LR} ; strncmp	;(SP=0x100FE890 R4=0xCBC2A869 R5=0x00000006 LR=0xCBC1932D )
(             libc.so[0xCBBEB000])[62 B1       ]0x00039E92:	CBZ	R2, #0XCBC24EAE	;(R2=0x00000006 )
(             libc.so[0xCBBEB000])[00 23       ]0x00039E94:	MOVS	R3, #0
(             libc.so[0xCBBEB000])[C4 5C       ]0x00039E96:	LDRB	R4, [R0, R3]	;(R0=0xCBC2A869 R3=0x00000000 )
(             libc.so[0xCBBEB000])[CD 5C       ]0x00039E98:	LDRB	R5, [R1, R3]	;(R1=0x300498C8 R3=0x00000000 )
(             libc.so[0xCBBEB000])[AC 42       ]0x00039E9A:	CMP	R4, R5	;(R4=0x0000006B R5=0x00000065 )
(             libc.so[0xCBBEB000])[01 D0       ]0x00039E9C:	BEQ	#0XCBC24EA2
(             libc.so[0xCBBEB000])[60 1B       ]0x00039E9E:	SUBS	R0, R4, R5	;(R4=0x0000006B R5=0x00000065 )
(             libc.so[0xCBBEB000])[30 BD       ]0x00039EA0:	POP	{R4, R5, PC}	;(SP=0x100FE884 )
(             libc.so[0xCBBEB000])[00 28       ]0x0002E32C:	CMP	R0, #0	;(R0=0x00000006 )
(             libc.so[0xCBBEB000])[18 D0       ]0x0002E32E:	BEQ	#0XCBC19362
(             libc.so[0xCBBEB000])[0A DA       ]0x0002E330:	BGE	#0XCBC19348
(             libc.so[0xCBBEB000])[F1 68       ]0x0002E348:	LDR	R1, [R6, #0XC]	;(R6=0x300498B4 )
(             libc.so[0xCBBEB000])[19 B1       ]0x0002E34A:	CBZ	R1, #0XCBC19354	;(R1=0x00000000 )
(             libc.so[0xCBBEB000])[00 2F       ]0x0002E354:	CMP	R7, #0	;(R7=0x00000000 )
(             libc.so[0xCBBEB000])[35 D0       ]0x0002E356:	BEQ	#0XCBC193C4
(             libc.so[0xCBBEB000])[00 24       ]0x0002E3C4:	MOVS	R4, #0
(             libc.so[0xCBBEB000])[20 46       ]0x0002E3C6:	MOV	R0, R4	;(R4=0x00000000 )
(             libc.so[0xCBBEB000])[05 B0       ]0x0002E3C8:	ADD	SP, #0X14	;(SP=0x100FE890 )
(             libc.so[0xCBBEB000])[BD E8 F0 8F ]0x0002E3CA:	POP.W	{R4, R5, R6, R7, R8, SB, SL, FP, PC}	;(SP=0x100FE8A4 )
(             libc.so[0xCBBEB000])[02 B0       ]0x0002E608:	ADD	SP, #8	;(SP=0x100FE8C8 )
(             libc.so[0xCBBEB000])[70 BD       ]0x0002E60A:	POP	{R4, R5, R6, PC}	;(SP=0x100FE8D0 )
(             libc.so[0xCBBEB000])[28 B1       ]0x0002E674:	CBZ	R0, #0XCBC19682	;(R0=0x00000000 )
(             libc.so[0xCBBEB000])[20 70       ]0x0002E682:	STRB	R0, [R4]	;(R0=0x00000000 R4=0x100FE8FC )
(             libc.so[0xCBBEB000])[10 BD       ]0x0002E684:	POP	{R4, PC}	;(SP=0x100FE8E0 )
(             libc.so[0xCBBEB000])[80 B1       ]0x0000DF22:	CBZ	R0, #0XCBBF8F46	;(R0=0x00000000 )
(             libc.so[0xCBBEB000])[05 46       ]0x0000DF46:	MOV	R5, R0	;(R0=0x00000000 )
(             libc.so[0xCBBEB000])[07 46       ]0x0000DF48:	MOV	R7, R0	;(R0=0x00000000 )
(             libc.so[0xCBBEB000])[01 E0       ]0x0000DF4A:	B	#0XCBBF8F50
(             libc.so[0xCBBEB000])[9B 4E       ]0x0000DF50:	LDR	R6, [PC, #0X26C]	;(PC=0xCBBF8F50 )
(             libc.so[0xCBBEB000])[7E 44       ]0x0000DF52:	ADD	R6, PC	;(R6=0x0003E5F6 PC=0xCBBF8F52 )
(             libc.so[0xCBBEB000])[33 68       ]0x0000DF54:	LDR	R3, [R6]	;(R6=0xCBC3754C )
(             libc.so[0xCBBEB000])[3B B9       ]0x0000DF56:	CBNZ	R3, #0XCBBF8F68	;(R3=0x00000000 )
(             libc.so[0xCBBEB000])[9A 48       ]0x0000DF58:	LDR	R0, [PC, #0X268]	;(PC=0xCBBF8F58 )
(             libc.so[0xCBBEB000])[05 A9       ]0x0000DF5A:	ADD	R1, SP, #0X14	;(SP=0x100FE8E8 )
(             libc.so[0xCBBEB000])[78 44       ]0x0000DF5C:	ADD	R0, PC	;(R0=0x00031915 PC=0xCBBF8F5C )
(             libc.so[0xCBBEB000])[20 F0 85 FB ]0x0000DF5E:	BL	#0XCBC1966C	;(PC=0xCBBF8F5E )
(             libc.so[0xCBBEB000])[10 B5       ]0x0002E66C:	PUSH	{R4, LR}	;(SP=0x100FE8E8 R4=0xCBC34FD8 LR=0xCBBF8F63 )
(             libc.so[0xCBBEB000])[0C 46       ]0x0002E66E:	MOV	R4, R1	;(R1=0x100FE8FC )
(             libc.so[0xCBBEB000])[FF F7 B0 FF ]0x0002E670:	BL	#0XCBC195D4	;(PC=0xCBC19670 )
(             libc.so[0xCBBEB000])[0D 4B       ]0x0002E5D4:	LDR	R3, [PC, #0X34] ; __system_property_find	;(PC=0xCBC195D4 )
(             libc.so[0xCBBEB000])[73 B5       ]0x0002E5D6:	PUSH	{R0, R1, R4, R5, R6, LR}	;(SP=0x100FE8E0 R0=0xCBC2A875 R1=0x100FE8FC R4=0x100FE8FC R5=0x00000000 R6=0xCBC3754C LR=0xCBC19675 )
(             libc.so[0xCBBEB000])[7B 44       ]0x0002E5D8:	ADD	R3, PC	;(R3=0x00029F26 PC=0xCBC195D8 )
(             libc.so[0xCBBEB000])[05 46       ]0x0002E5DA:	MOV	R5, R0	;(R0=0xCBC2A875 )
(             libc.so[0xCBBEB000])[1C 78       ]0x0002E5DC:	LDRB	R4, [R3]	;(R3=0xCBC43502 )
(             libc.so[0xCBBEB000])[24 B1       ]0x0002E5DE:	CBZ	R4, #0XCBC195EA	;(R4=0x00000000 )
(             libc.so[0xCBBEB000])[20 46       ]0x0002E5EA:	MOV	R0, R4	;(R4=0x00000000 )
(             libc.so[0xCBBEB000])[FF F7 F0 FD ]0x0002E5EC:	BL	#0XCBC191D0	;(PC=0xCBC195EC )
(             libc.so[0xCBBEB000])[09 4B       ]0x0002E1D0:	LDR	R3, [PC, #0X24]	;(PC=0xCBC191D0 )
(             libc.so[0xCBBEB000])[82 B0       ]0x0002E1D2:	SUB	SP, #8	;(SP=0x100FE8C8 )
(             libc.so[0xCBBEB000])[09 49       ]0x0002E1D4:	LDR	R1, [PC, #0X24]	;(PC=0xCBC191D4 )
(             libc.so[0xCBBEB000])[7B 44       ]0x0002E1D6:	ADD	R3, PC	;(R3=0x0001BDFE PC=0xCBC191D6 )
(             libc.so[0xCBBEB000])[01 90       ]0x0002E1D8:	STR	R0, [SP, #4]	;(R0=0x00000000 SP=0x100FE8C0 )
(             libc.so[0xCBBEB000])[01 9A       ]0x0002E1DA:	LDR	R2, [SP, #4]	;(SP=0x100FE8C0 )
(             libc.so[0xCBBEB000])[5B 58       ]0x0002E1DC:	LDR	R3, [R3, R1]	;(R3=0xCBC34FD8 R1=0xFFFFFFC4 )
(             libc.so[0xCBBEB000])[18 68       ]0x0002E1DE:	LDR	R0, [R3]	;(R3=0xCBC45F1C )
(             libc.so[0xCBBEB000])[82 42       ]0x0002E1E0:	CMP	R2, R0	;(R2=0x00000000 R0=0x0001FF80 )
(             libc.so[0xCBBEB000])[06 D8       ]0x0002E1E2:	BHI	#0XCBC191F2
(             libc.so[0xCBBEB000])[06 49       ]0x0002E1E4:	LDR	R1, [PC, #0X18]	;(PC=0xCBC191E4 )
(             libc.so[0xCBBEB000])[01 9A       ]0x0002E1E6:	LDR	R2, [SP, #4]	;(SP=0x100FE8C0 )
(             libc.so[0xCBBEB000])[79 44       ]0x0002E1E8:	ADD	R1, PC	;(R1=0x0002A318 PC=0xCBC191E8 )
(             libc.so[0xCBBEB000])[80 32       ]0x0002E1EA:	ADDS	R2, #0X80	;(R2=0x00000000 )
(             libc.so[0xCBBEB000])[0B 68       ]0x0002E1EC:	LDR	R3, [R1]	;(R1=0xCBC43504 )
(             libc.so[0xCBBEB000])[98 18       ]0x0002E1EE:	ADDS	R0, R3, R2	;(R3=0x30040000 R2=0x00000080 )
(             libc.so[0xCBBEB000])[00 E0       ]0x0002E1F0:	B	#0XCBC191F4
(             libc.so[0xCBBEB000])[02 B0       ]0x0002E1F4:	ADD	SP, #8	;(SP=0x100FE8C0 )
(             libc.so[0xCBBEB000])[70 47       ]0x0002E1F6:	BX	LR	;(LR=0xCBC195F1 )
(             libc.so[0xCBBEB000])[06 46       ]0x0002E5F0:	MOV	R6, R0	;(R0=0x30040080 )
(             libc.so[0xCBBEB000])[28 46       ]0x0002E5F2:	MOV	R0, R5	;(R5=0xCBC2A875 )
(             libc.so[0xCBBEB000])[F4 F7 C6 FC ]0x0002E5F4:	BL	#0XCBC0DF84	;(PC=0xCBC195F4 )
(             libc.so[0xCBBEB000])[90 F8 00 F0 ]0x00022F84:	PLD	[R0] ; strlen	;(R0=0xCBC2A875 )
(             libc.so[0xCBBEB000])[01 46       ]0x00022F88:	MOV	R1, R0	;(R0=0xCBC2A875 )
(             libc.so[0xCBBEB000])[10 F0 07 03 ]0x00022F8A:	ANDS	R3, R0, #7	;(R0=0xCBC2A875 )
(             libc.so[0xCBBEB000])[00 F0 23 80 ]0x00022F8E:	BEQ.W	#0XCBC0DFD8
(             libc.so[0xCBBEB000])[C3 F1 08 03 ]0x00022F92:	RSB.W	R3, R3, #8	;(R3=0x00000005 )
(             libc.so[0xCBBEB000])[5F EA C3 7C ]0x00022F96:	LSLS.W	IP, R3, #0X1F	;(R3=0x00000003 )
(             libc.so[0xCBBEB000])[00 F0 03 80 ]0x00022F9A:	BEQ.W	#0XCBC0DFA4
(             libc.so[0xCBBEB000])[11 F8 01 2B ]0x00022F9E:	LDRB	R2, [R1], #1	;(R1=0xCBC2A875 )
(             libc.so[0xCBBEB000])[7A B3       ]0x00022FA2:	CBZ	R2, #0XCBC0E004	;(R2=0x0000006C )
(             libc.so[0xCBBEB000])[C0 F0 0A 80 ]0x00022FA4:	BLO.W	#0XCBC0DFBC
(             libc.so[0xCBBEB000])[13 F0 02 0C ]0x00022FA8:	ANDS	IP, R3, #2	;(R3=0x00000003 )
(             libc.so[0xCBBEB000])[00 F0 06 80 ]0x00022FAC:	BEQ.W	#0XCBC0DFBC
(             libc.so[0xCBBEB000])[11 F8 01 2B ]0x00022FB0:	LDRB	R2, [R1], #1	;(R1=0xCBC2A876 )
(             libc.so[0xCBBEB000])[32 B3       ]0x00022FB4:	CBZ	R2, #0XCBC0E004	;(R2=0x00000069 )
(             libc.so[0xCBBEB000])[11 F8 01 2B ]0x00022FB6:	LDRB	R2, [R1], #1	;(R1=0xCBC2A877 )
(             libc.so[0xCBBEB000])[1A B3       ]0x00022FBA:	CBZ	R2, #0XCBC0E004	;(R2=0x00000062 )
(             libc.so[0xCBBEB000])[13 F0 04 0F ]0x00022FBC:	TST.W	R3, #4	;(R3=0x00000003 )
(             libc.so[0xCBBEB000])[00 F0 0A 80 ]0x00022FC0:	BEQ.W	#0XCBC0DFD8
(             libc.so[0xCBBEB000])[F1 E8 02 23 ]0x00022FD8:	LDRD	R2, R3, [R1], #8	;(R1=0xCBC2A878 )
(             libc.so[0xCBBEB000])[91 F8 40 F0 ]0x00022FDC:	PLD	[R1, #0X40]	;(R1=0xCBC2A880 )
(             libc.so[0xCBBEB000])[A2 F1 01 3C ]0x00022FE0:	SUB.W	IP, R2, #0X1010101	;(R2=0x65642E63 )
(             libc.so[0xCBBEB000])[2C EA 02 0C ]0x00022FE4:	BIC.W	IP, IP, R2	;(IP=0x64632D62 R2=0x65642E63 )
(             libc.so[0xCBBEB000])[1C F0 80 3C ]0x00022FE8:	ANDS	IP, IP, #0X80808080	;(IP=0x00030100 )
(             libc.so[0xCBBEB000])[40 F0 0F 80 ]0x00022FEC:	BNE.W	#0XCBC0E00E
(             libc.so[0xCBBEB000])[A3 F1 01 3C ]0x00022FF0:	SUB.W	IP, R3, #0X1010101	;(R3=0x2E677562 )
(             libc.so[0xCBBEB000])[2C EA 03 0C ]0x00022FF4:	BIC.W	IP, IP, R3	;(IP=0x2D667461 R3=0x2E677562 )
(             libc.so[0xCBBEB000])[1C F0 80 3C ]0x00022FF8:	ANDS	IP, IP, #0X80808080	;(IP=0x01000001 )
(             libc.so[0xCBBEB000])[40 F0 1F 80 ]0x00022FFC:	BNE.W	#0XCBC0E03E
(             libc.so[0xCBBEB000])[FF F7 EA BF ]0x00023000:	B.W	#0XCBC0DFD8
(             libc.so[0xCBBEB000])[F1 E8 02 23 ]0x00022FD8:	LDRD	R2, R3, [R1], #8	;(R1=0xCBC2A880 )
(             libc.so[0xCBBEB000])[91 F8 40 F0 ]0x00022FDC:	PLD	[R1, #0X40]	;(R1=0xCBC2A888 )
(             libc.so[0xCBBEB000])[A2 F1 01 3C ]0x00022FE0:	SUB.W	IP, R2, #0X1010101	;(R2=0x6C6C616D )
(             libc.so[0xCBBEB000])[2C EA 02 0C ]0x00022FE4:	BIC.W	IP, IP, R2	;(IP=0x6B6B606C R2=0x6C6C616D )
(             libc.so[0xCBBEB000])[1C F0 80 3C ]0x00022FE8:	ANDS	IP, IP, #0X80808080	;(IP=0x03030000 )
(             libc.so[0xCBBEB000])[40 F0 0F 80 ]0x00022FEC:	BNE.W	#0XCBC0E00E
(             libc.so[0xCBBEB000])[A3 F1 01 3C ]0x00022FF0:	SUB.W	IP, R3, #0X1010101	;(R3=0x6C00636F )
(             libc.so[0xCBBEB000])[2C EA 03 0C ]0x00022FF4:	BIC.W	IP, IP, R3	;(IP=0x6AFF626E R3=0x6C00636F )
(             libc.so[0xCBBEB000])[1C F0 80 3C ]0x00022FF8:	ANDS	IP, IP, #0X80808080	;(IP=0x02FF0000 )
(             libc.so[0xCBBEB000])[40 F0 1F 80 ]0x00022FFC:	BNE.W	#0XCBC0E03E
(             libc.so[0xCBBEB000])[A1 EB 00 00 ]0x0002303E:	SUB.W	R0, R1, R0	;(R1=0xCBC2A888 R0=0xCBC2A875 )
(             libc.so[0xCBBEB000])[5F EA 4C 43 ]0x00023042:	LSLS.W	R3, IP, #0X11	;(IP=0x00800000 )
(             libc.so[0xCBBEB000])[40 F0 09 80 ]0x00023046:	BNE.W	#0XCBC0E05C
(             libc.so[0xCBBEB000])[80 F0 0A 80 ]0x0002304A:	BHS.W	#0XCBC0E062
(             libc.so[0xCBBEB000])[5F EA 4C 0C ]0x0002304E:	LSLS.W	IP, IP, #1	;(IP=0x00800000 )
(             libc.so[0xCBBEB000])[40 F0 09 80 ]0x00023052:	BNE.W	#0XCBC0E068
(             libc.so[0xCBBEB000])[A0 F1 02 00 ]0x00023068:	SUB.W	R0, R0, #2	;(R0=0x00000013 )
(             libc.so[0xCBBEB000])[70 47       ]0x0002306C:	BX	LR	;(LR=0xCBC195F9 )
(             libc.so[0xCBBEB000])[00 94       ]0x0002E5F8:	STR	R4, [SP]	;(R4=0x00000000 SP=0x100FE8C8 )
(             libc.so[0xCBBEB000])[01 94       ]0x0002E5FA:	STR	R4, [SP, #4]	;(R4=0x00000000 SP=0x100FE8C8 )
(             libc.so[0xCBBEB000])[29 46       ]0x0002E5FC:	MOV	R1, R5	;(R5=0xCBC2A875 )
(             libc.so[0xCBBEB000])[23 46       ]0x0002E5FE:	MOV	R3, R4	;(R4=0x00000000 )
(             libc.so[0xCBBEB000])[C2 B2       ]0x0002E600:	UXTB	R2, R0	;(R0=0x00000011 )
(             libc.so[0xCBBEB000])[30 46       ]0x0002E602:	MOV	R0, R6	;(R6=0x30040080 )
(             libc.so[0xCBBEB000])[FF F7 57 FE ]0x0002E604:	BL	#0XCBC192B6	;(PC=0xCBC19604 )
(             libc.so[0xCBBEB000])[2D E9 F0 4F ]0x0002E2B6:	PUSH.W	{R4, R5, R6, R7, R8, SB, SL, FP, LR}	;(SP=0x100FE8C8 R4=0x00000000 R5=0xCBC2A875 R6=0x30040080 R7=0x00000000 R8=0xCBC39384 SB=0x00000000 SL=0x00000000 FP=0x00000000 LR=0xCBC19609 )
(             libc.so[0xCBBEB000])[85 B0       ]0x0002E2BA:	SUB	SP, #0X14	;(SP=0x100FE8A4 )
(             libc.so[0xCBBEB000])[06 46       ]0x0002E2BC:	MOV	R6, R0	;(R0=0x30040080 )
(             libc.so[0xCBBEB000])[91 46       ]0x0002E2BE:	MOV	SB, R2	;(R2=0x00000011 )
(             libc.so[0xCBBEB000])[9D F8 38 80 ]0x0002E2C0:	LDRB.W	R8, [SP, #0X38]	;(SP=0x100FE890 )
(             libc.so[0xCBBEB000])[0C 46       ]0x0002E2C4:	MOV	R4, R1	;(R1=0xCBC2A875 )
(             libc.so[0xCBBEB000])[9D F8 3C 70 ]0x0002E2C6:	LDRB.W	R7, [SP, #0X3C]	;(SP=0x100FE890 )
(             libc.so[0xCBBEB000])[00 91       ]0x0002E2CA:	STR	R1, [SP]	;(R1=0xCBC2A875 SP=0x100FE890 )
(             libc.so[0xCBBEB000])[01 93       ]0x0002E2CC:	STR	R3, [SP, #4]	;(R3=0x00000000 SP=0x100FE890 )
(             libc.so[0xCBBEB000])[2E 21       ]0x0002E2CE:	MOVS	R1, #0X2E
(             libc.so[0xCBBEB000])[20 46       ]0x0002E2D0:	MOV	R0, R4	;(R4=0xCBC2A875 )
(             libc.so[0xCBBEB000])[F4 F7 D6 FF ]0x0002E2D2:	BL	#0XCBC0E282	;(PC=0xCBC192D2 )
(             libc.so[0xCBBEB000])[4F F0 FF 32 ]0x00023282:	MOV.W	R2, #-1 ; strchr
(             libc.so[0xCBBEB000])[FF F7 19 BF ]0x00023286:	B.W	#0XCBC0E0BC
(             libc.so[0xCBBEB000])[82 18       ]0x000230BC:	ADDS	R2, R0, R2 ; __strchr_chk	;(R0=0xCBC2A875 R2=0xFFFFFFFF )
(             libc.so[0xCBBEB000])[C9 B2       ]0x000230BE:	UXTB	R1, R1	;(R1=0x0000002E )
(             libc.so[0xCBBEB000])[03 46       ]0x000230C0:	MOV	R3, R0	;(R0=0xCBC2A875 )
(             libc.so[0xCBBEB000])[10 B5       ]0x000230C2:	PUSH	{R4, LR}	;(SP=0x100FE890 R4=0xCBC2A875 LR=0xCBC192D7 )
(             libc.so[0xCBBEB000])[93 42       ]0x000230C4:	CMP	R3, R2	;(R3=0xCBC2A875 R2=0xCBC2A874 )
(             libc.so[0xCBBEB000])[18 46       ]0x000230C6:	MOV	R0, R3	;(R3=0xCBC2A875 )
(             libc.so[0xCBBEB000])[09 D0       ]0x000230C8:	BEQ	#0XCBC0E0DE
(             libc.so[0xCBBEB000])[03 E0       ]0x000230CA:	B	#0XCBC0E0D4
(             libc.so[0xCBBEB000])[1C 78       ]0x000230D4:	LDRB	R4, [R3]	;(R3=0xCBC2A875 )
(             libc.so[0xCBBEB000])[01 33       ]0x000230D6:	ADDS	R3, #1	;(R3=0xCBC2A875 )
(             libc.so[0xCBBEB000])[8C 42       ]0x000230D8:	CMP	R4, R1	;(R4=0x0000006C R1=0x0000002E )
(             libc.so[0xCBBEB000])[F7 D1       ]0x000230DA:	BNE	#0XCBC0E0CC
(             libc.so[0xCBBEB000])[00 2C       ]0x000230CC:	CMP	R4, #0	;(R4=0x0000006C )
(             libc.so[0xCBBEB000])[F9 D1       ]0x000230CE:	BNE	#0XCBC0E0C4
(             libc.so[0xCBBEB000])[93 42       ]0x000230C4:	CMP	R3, R2	;(R3=0xCBC2A876 R2=0xCBC2A874 )
(             libc.so[0xCBBEB000])[18 46       ]0x000230C6:	MOV	R0, R3	;(R3=0xCBC2A876 )
(             libc.so[0xCBBEB000])[09 D0       ]0x000230C8:	BEQ	#0XCBC0E0DE
(             libc.so[0xCBBEB000])[03 E0       ]0x000230CA:	B	#0XCBC0E0D4
(             libc.so[0xCBBEB000])[1C 78       ]0x000230D4:	LDRB	R4, [R3]	;(R3=0xCBC2A876 )
(             libc.so[0xCBBEB000])[01 33       ]0x000230D6:	ADDS	R3, #1	;(R3=0xCBC2A876 )
(             libc.so[0xCBBEB000])[8C 42       ]0x000230D8:	CMP	R4, R1	;(R4=0x00000069 R1=0x0000002E )
(             libc.so[0xCBBEB000])[F7 D1       ]0x000230DA:	BNE	#0XCBC0E0CC
(             libc.so[0xCBBEB000])[00 2C       ]0x000230CC:	CMP	R4, #0	;(R4=0x00000069 )
(             libc.so[0xCBBEB000])[F9 D1       ]0x000230CE:	BNE	#0XCBC0E0C4
(             libc.so[0xCBBEB000])[93 42       ]0x000230C4:	CMP	R3, R2	;(R3=0xCBC2A877 R2=0xCBC2A874 )
(             libc.so[0xCBBEB000])[18 46       ]0x000230C6:	MOV	R0, R3	;(R3=0xCBC2A877 )
(             libc.so[0xCBBEB000])[09 D0       ]0x000230C8:	BEQ	#0XCBC0E0DE
(             libc.so[0xCBBEB000])[03 E0       ]0x000230CA:	B	#0XCBC0E0D4
(             libc.so[0xCBBEB000])[1C 78       ]0x000230D4:	LDRB	R4, [R3]	;(R3=0xCBC2A877 )
(             libc.so[0xCBBEB000])[01 33       ]0x000230D6:	ADDS	R3, #1	;(R3=0xCBC2A877 )
(             libc.so[0xCBBEB000])[8C 42       ]0x000230D8:	CMP	R4, R1	;(R4=0x00000062 R1=0x0000002E )
(             libc.so[0xCBBEB000])[F7 D1       ]0x000230DA:	BNE	#0XCBC0E0CC
(             libc.so[0xCBBEB000])[00 2C       ]0x000230CC:	CMP	R4, #0	;(R4=0x00000062 )
(             libc.so[0xCBBEB000])[F9 D1       ]0x000230CE:	BNE	#0XCBC0E0C4
(             libc.so[0xCBBEB000])[93 42       ]0x000230C4:	CMP	R3, R2	;(R3=0xCBC2A878 R2=0xCBC2A874 )
(             libc.so[0xCBBEB000])[18 46       ]0x000230C6:	MOV	R0, R3	;(R3=0xCBC2A878 )
(             libc.so[0xCBBEB000])[09 D0       ]0x000230C8:	BEQ	#0XCBC0E0DE
(             libc.so[0xCBBEB000])[03 E0       ]0x000230CA:	B	#0XCBC0E0D4
(             libc.so[0xCBBEB000])[1C 78       ]0x000230D4:	LDRB	R4, [R3]	;(R3=0xCBC2A878 )
(             libc.so[0xCBBEB000])[01 33       ]0x000230D6:	ADDS	R3, #1	;(R3=0xCBC2A878 )
(             libc.so[0xCBBEB000])[8C 42       ]0x000230D8:	CMP	R4, R1	;(R4=0x00000063 R1=0x0000002E )
(             libc.so[0xCBBEB000])[F7 D1       ]0x000230DA:	BNE	#0XCBC0E0CC
(             libc.so[0xCBBEB000])[00 2C       ]0x000230CC:	CMP	R4, #0	;(R4=0x00000063 )
(             libc.so[0xCBBEB000])[F9 D1       ]0x000230CE:	BNE	#0XCBC0E0C4
(             libc.so[0xCBBEB000])[93 42       ]0x000230C4:	CMP	R3, R2	;(R3=0xCBC2A879 R2=0xCBC2A874 )
(             libc.so[0xCBBEB000])[18 46       ]0x000230C6:	MOV	R0, R3	;(R3=0xCBC2A879 )
(             libc.so[0xCBBEB000])[09 D0       ]0x000230C8:	BEQ	#0XCBC0E0DE
(             libc.so[0xCBBEB000])[03 E0       ]0x000230CA:	B	#0XCBC0E0D4
(             libc.so[0xCBBEB000])[1C 78       ]0x000230D4:	LDRB	R4, [R3]	;(R3=0xCBC2A879 )
(             libc.so[0xCBBEB000])[01 33       ]0x000230D6:	ADDS	R3, #1	;(R3=0xCBC2A879 )
(             libc.so[0xCBBEB000])[8C 42       ]0x000230D8:	CMP	R4, R1	;(R4=0x0000002E R1=0x0000002E )
(             libc.so[0xCBBEB000])[F7 D1       ]0x000230DA:	BNE	#0XCBC0E0CC
(             libc.so[0xCBBEB000])[10 BD       ]0x000230DC:	POP	{R4, PC}	;(SP=0x100FE888 )
(             libc.so[0xCBBEB000])[10 F1 00 0B ]0x0002E2D6:	ADDS.W	FP, R0, #0	;(R0=0xCBC2A879 )
(             libc.so[0xCBBEB000])[82 46       ]0x0002E2DA:	MOV	SL, R0	;(R0=0xCBC2A879 )
(             libc.so[0xCBBEB000])[18 BF       ]0x0002E2DC:	IT	NE
(             libc.so[0xCBBEB000])[4F F0 01 0B ]0x0002E2DE:	MOV.W	FP, #1
(             libc.so[0xCBBEB000])[BB F1 00 0F ]0x0002E2E2:	CMP.W	FP, #0	;(FP=0x00000001 )
(             libc.so[0xCBBEB000])[02 D0       ]0x0002E2E6:	BEQ	#0XCBC192EE
(             libc.so[0xCBBEB000])[05 1B       ]0x0002E2E8:	SUBS	R5, R0, R4	;(R0=0xCBC2A879 R4=0xCBC2A875 )
(             libc.so[0xCBBEB000])[ED B2       ]0x0002E2EA:	UXTB	R5, R5	;(R5=0x00000004 )
(             libc.so[0xCBBEB000])[03 E0       ]0x0002E2EC:	B	#0XCBC192F6
(             libc.so[0xCBBEB000])[05 B9       ]0x0002E2F6:	CBNZ	R5, #0XCBC192FA	;(R5=0x00000004 )
(             libc.so[0xCBBEB000])[33 69       ]0x0002E2FA:	LDR	R3, [R6, #0X10]	;(R6=0x30040080 )
(             libc.so[0xCBBEB000])[0B B1       ]0x0002E2FC:	CBZ	R3, #0XCBC19302	;(R3=0x00000014 )
(             libc.so[0xCBBEB000])[30 69       ]0x0002E2FE:	LDR	R0, [R6, #0X10]	;(R6=0x30040080 )
(             libc.so[0xCBBEB000])[25 E0       ]0x0002E300:	B	#0XCBC1934E
(             libc.so[0xCBBEB000])[FF F7 3F FF ]0x0002E34E:	BL	#0XCBC191D0	;(PC=0xCBC1934E )
(             libc.so[0xCBBEB000])[09 4B       ]0x0002E1D0:	LDR	R3, [PC, #0X24]	;(PC=0xCBC191D0 )
(             libc.so[0xCBBEB000])[82 B0       ]0x0002E1D2:	SUB	SP, #8	;(SP=0x100FE890 )
(             libc.so[0xCBBEB000])[09 49       ]0x0002E1D4:	LDR	R1, [PC, #0X24]	;(PC=0xCBC191D4 )
(             libc.so[0xCBBEB000])[7B 44       ]0x0002E1D6:	ADD	R3, PC	;(R3=0x0001BDFE PC=0xCBC191D6 )
(             libc.so[0xCBBEB000])[01 90       ]0x0002E1D8:	STR	R0, [SP, #4]	;(R0=0x00000014 SP=0x100FE888 )
(             libc.so[0xCBBEB000])[01 9A       ]0x0002E1DA:	LDR	R2, [SP, #4]	;(SP=0x100FE888 )
(             libc.so[0xCBBEB000])[5B 58       ]0x0002E1DC:	LDR	R3, [R3, R1]	;(R3=0xCBC34FD8 R1=0xFFFFFFC4 )
(             libc.so[0xCBBEB000])[18 68       ]0x0002E1DE:	LDR	R0, [R3]	;(R3=0xCBC45F1C )
(             libc.so[0xCBBEB000])[82 42       ]0x0002E1E0:	CMP	R2, R0	;(R2=0x00000014 R0=0x0001FF80 )
(             libc.so[0xCBBEB000])[06 D8       ]0x0002E1E2:	BHI	#0XCBC191F2
(             libc.so[0xCBBEB000])[06 49       ]0x0002E1E4:	LDR	R1, [PC, #0X18]	;(PC=0xCBC191E4 )
(             libc.so[0xCBBEB000])[01 9A       ]0x0002E1E6:	LDR	R2, [SP, #4]	;(SP=0x100FE888 )
(             libc.so[0xCBBEB000])[79 44       ]0x0002E1E8:	ADD	R1, PC	;(R1=0x0002A318 PC=0xCBC191E8 )
(             libc.so[0xCBBEB000])[80 32       ]0x0002E1EA:	ADDS	R2, #0X80	;(R2=0x00000014 )
(             libc.so[0xCBBEB000])[0B 68       ]0x0002E1EC:	LDR	R3, [R1]	;(R1=0xCBC43504 )
(             libc.so[0xCBBEB000])[98 18       ]0x0002E1EE:	ADDS	R0, R3, R2	;(R3=0x30040000 R2=0x00000094 )
(             libc.so[0xCBBEB000])[00 E0       ]0x0002E1F0:	B	#0XCBC191F4
(             libc.so[0xCBBEB000])[02 B0       ]0x0002E1F4:	ADD	SP, #8	;(SP=0x100FE888 )
(             libc.so[0xCBBEB000])[70 47       ]0x0002E1F6:	BX	LR	;(LR=0xCBC19353 )
(             libc.so[0xCBBEB000])[DE E7       ]0x0002E352:	B	#0XCBC19312
(             libc.so[0xCBBEB000])[06 46       ]0x0002E312:	MOV	R6, R0	;(R0=0x30040094 )
(             libc.so[0xCBBEB000])[00 28       ]0x0002E314:	CMP	R0, #0	;(R0=0x30040094 )
(             libc.so[0xCBBEB000])[55 D0       ]0x0002E316:	BEQ	#0XCBC193C4
(             libc.so[0xCBBEB000])[02 78       ]0x0002E318:	LDRB	R2, [R0]	;(R0=0x30040094 )
(             libc.so[0xCBBEB000])[95 42       ]0x0002E31A:	CMP	R5, R2	;(R5=0x00000004 R2=0x00000002 )
(             libc.so[0xCBBEB000])[09 D3       ]0x0002E31C:	BLO	#0XCBC19332
(             libc.so[0xCBBEB000])[13 D8       ]0x0002E31E:	BHI	#0XCBC19348
(             libc.so[0xCBBEB000])[F1 68       ]0x0002E348:	LDR	R1, [R6, #0XC]	;(R6=0x30040094 )
(             libc.so[0xCBBEB000])[19 B1       ]0x0002E34A:	CBZ	R1, #0XCBC19354	;(R1=0x00000A80 )
(             libc.so[0xCBBEB000])[F0 68       ]0x0002E34C:	LDR	R0, [R6, #0XC]	;(R6=0x30040094 )
(             libc.so[0xCBBEB000])[FF F7 3F FF ]0x0002E34E:	BL	#0XCBC191D0	;(PC=0xCBC1934E )
(             libc.so[0xCBBEB000])[09 4B       ]0x0002E1D0:	LDR	R3, [PC, #0X24]	;(PC=0xCBC191D0 )
(             libc.so[0xCBBEB000])[82 B0       ]0x0002E1D2:	SUB	SP, #8	;(SP=0x100FE890 )
(             libc.so[0xCBBEB000])[09 49       ]0x0002E1D4:	LDR	R1, [PC, #0X24]	;(PC=0xCBC191D4 )
(             libc.so[0xCBBEB000])[7B 44       ]0x0002E1D6:	ADD	R3, PC	;(R3=0x0001BDFE PC=0xCBC191D6 )
(             libc.so[0xCBBEB000])[01 90       ]0x0002E1D8:	STR	R0, [SP, #4]	;(R0=0x00000A80 SP=0x100FE888 )
(             libc.so[0xCBBEB000])[01 9A       ]0x0002E1DA:	LDR	R2, [SP, #4]	;(SP=0x100FE888 )
(             libc.so[0xCBBEB000])[5B 58       ]0x0002E1DC:	LDR	R3, [R3, R1]	;(R3=0xCBC34FD8 R1=0xFFFFFFC4 )
(             libc.so[0xCBBEB000])[18 68       ]0x0002E1DE:	LDR	R0, [R3]	;(R3=0xCBC45F1C )
(             libc.so[0xCBBEB000])[82 42       ]0x0002E1E0:	CMP	R2, R0	;(R2=0x00000A80 R0=0x0001FF80 )
(             libc.so[0xCBBEB000])[06 D8       ]0x0002E1E2:	BHI	#0XCBC191F2
(             libc.so[0xCBBEB000])[06 49       ]0x0002E1E4:	LDR	R1, [PC, #0X18]	;(PC=0xCBC191E4 )
(             libc.so[0xCBBEB000])[01 9A       ]0x0002E1E6:	LDR	R2, [SP, #4]	;(SP=0x100FE888 )
(             libc.so[0xCBBEB000])[79 44       ]0x0002E1E8:	ADD	R1, PC	;(R1=0x0002A318 PC=0xCBC191E8 )
(             libc.so[0xCBBEB000])[80 32       ]0x0002E1EA:	ADDS	R2, #0X80	;(R2=0x00000A80 )
(             libc.so[0xCBBEB000])[0B 68       ]0x0002E1EC:	LDR	R3, [R1]	;(R1=0xCBC43504 )
(             libc.so[0xCBBEB000])[98 18       ]0x0002E1EE:	ADDS	R0, R3, R2	;(R3=0x30040000 R2=0x00000B00 )
(             libc.so[0xCBBEB000])[00 E0       ]0x0002E1F0:	B	#0XCBC191F4
(             libc.so[0xCBBEB000])[02 B0       ]0x0002E1F4:	ADD	SP, #8	;(SP=0x100FE888 )
(             libc.so[0xCBBEB000])[70 47       ]0x0002E1F6:	BX	LR	;(LR=0xCBC19353 )
(             libc.so[0xCBBEB000])[DE E7       ]0x0002E352:	B	#0XCBC19312
(             libc.so[0xCBBEB000])[06 46       ]0x0002E312:	MOV	R6, R0	;(R0=0x30040B00 )
(             libc.so[0xCBBEB000])[00 28       ]0x0002E314:	CMP	R0, #0	;(R0=0x30040B00 )
(             libc.so[0xCBBEB000])[55 D0       ]0x0002E316:	BEQ	#0XCBC193C4
(             libc.so[0xCBBEB000])[02 78       ]0x0002E318:	LDRB	R2, [R0]	;(R0=0x30040B00 )
(             libc.so[0xCBBEB000])[95 42       ]0x0002E31A:	CMP	R5, R2	;(R5=0x00000004 R2=0x00000008 )
(             libc.so[0xCBBEB000])[09 D3       ]0x0002E31C:	BLO	#0XCBC19332
(             libc.so[0xCBBEB000])[B3 68       ]0x0002E332:	LDR	R3, [R6, #8]	;(R6=0x30040B00 )
(             libc.so[0xCBBEB000])[0B B1       ]0x0002E334:	CBZ	R3, #0XCBC1933A	;(R3=0x00000D20 )
(             libc.so[0xCBBEB000])[B0 68       ]0x0002E336:	LDR	R0, [R6, #8]	;(R6=0x30040B00 )
(             libc.so[0xCBBEB000])[09 E0       ]0x0002E338:	B	#0XCBC1934E
(             libc.so[0xCBBEB000])[FF F7 3F FF ]0x0002E34E:	BL	#0XCBC191D0	;(PC=0xCBC1934E )
(             libc.so[0xCBBEB000])[09 4B       ]0x0002E1D0:	LDR	R3, [PC, #0X24]	;(PC=0xCBC191D0 )
(             libc.so[0xCBBEB000])[82 B0       ]0x0002E1D2:	SUB	SP, #8	;(SP=0x100FE890 )
(             libc.so[0xCBBEB000])[09 49       ]0x0002E1D4:	LDR	R1, [PC, #0X24]	;(PC=0xCBC191D4 )
(             libc.so[0xCBBEB000])[7B 44       ]0x0002E1D6:	ADD	R3, PC	;(R3=0x0001BDFE PC=0xCBC191D6 )
(             libc.so[0xCBBEB000])[01 90       ]0x0002E1D8:	STR	R0, [SP, #4]	;(R0=0x00000D20 SP=0x100FE888 )
(             libc.so[0xCBBEB000])[01 9A       ]0x0002E1DA:	LDR	R2, [SP, #4]	;(SP=0x100FE888 )
(             libc.so[0xCBBEB000])[5B 58       ]0x0002E1DC:	LDR	R3, [R3, R1]	;(R3=0xCBC34FD8 R1=0xFFFFFFC4 )
(             libc.so[0xCBBEB000])[18 68       ]0x0002E1DE:	LDR	R0, [R3]	;(R3=0xCBC45F1C )
(             libc.so[0xCBBEB000])[82 42       ]0x0002E1E0:	CMP	R2, R0	;(R2=0x00000D20 R0=0x0001FF80 )
(             libc.so[0xCBBEB000])[06 D8       ]0x0002E1E2:	BHI	#0XCBC191F2
(             libc.so[0xCBBEB000])[06 49       ]0x0002E1E4:	LDR	R1, [PC, #0X18]	;(PC=0xCBC191E4 )
(             libc.so[0xCBBEB000])[01 9A       ]0x0002E1E6:	LDR	R2, [SP, #4]	;(SP=0x100FE888 )
(             libc.so[0xCBBEB000])[79 44       ]0x0002E1E8:	ADD	R1, PC	;(R1=0x0002A318 PC=0xCBC191E8 )
(             libc.so[0xCBBEB000])[80 32       ]0x0002E1EA:	ADDS	R2, #0X80	;(R2=0x00000D20 )
(             libc.so[0xCBBEB000])[0B 68       ]0x0002E1EC:	LDR	R3, [R1]	;(R1=0xCBC43504 )
(             libc.so[0xCBBEB000])[98 18       ]0x0002E1EE:	ADDS	R0, R3, R2	;(R3=0x30040000 R2=0x00000DA0 )
(             libc.so[0xCBBEB000])[00 E0       ]0x0002E1F0:	B	#0XCBC191F4
(             libc.so[0xCBBEB000])[02 B0       ]0x0002E1F4:	ADD	SP, #8	;(SP=0x100FE888 )
(             libc.so[0xCBBEB000])[70 47       ]0x0002E1F6:	BX	LR	;(LR=0xCBC19353 )
(             libc.so[0xCBBEB000])[DE E7       ]0x0002E352:	B	#0XCBC19312
(             libc.so[0xCBBEB000])[06 46       ]0x0002E312:	MOV	R6, R0	;(R0=0x30040DA0 )
(             libc.so[0xCBBEB000])[00 28       ]0x0002E314:	CMP	R0, #0	;(R0=0x30040DA0 )
(             libc.so[0xCBBEB000])[55 D0       ]0x0002E316:	BEQ	#0XCBC193C4
(             libc.so[0xCBBEB000])[02 78       ]0x0002E318:	LDRB	R2, [R0]	;(R0=0x30040DA0 )
(             libc.so[0xCBBEB000])[95 42       ]0x0002E31A:	CMP	R5, R2	;(R5=0x00000004 R2=0x00000006 )
(             libc.so[0xCBBEB000])[09 D3       ]0x0002E31C:	BLO	#0XCBC19332
(             libc.so[0xCBBEB000])[B3 68       ]0x0002E332:	LDR	R3, [R6, #8]	;(R6=0x30040DA0 )
(             libc.so[0xCBBEB000])[0B B1       ]0x0002E334:	CBZ	R3, #0XCBC1933A	;(R3=0x000010B4 )
(             libc.so[0xCBBEB000])[B0 68       ]0x0002E336:	LDR	R0, [R6, #8]	;(R6=0x30040DA0 )
(             libc.so[0xCBBEB000])[09 E0       ]0x0002E338:	B	#0XCBC1934E
(             libc.so[0xCBBEB000])[FF F7 3F FF ]0x0002E34E:	BL	#0XCBC191D0	;(PC=0xCBC1934E )
(             libc.so[0xCBBEB000])[09 4B       ]0x0002E1D0:	LDR	R3, [PC, #0X24]	;(PC=0xCBC191D0 )
(             libc.so[0xCBBEB000])[82 B0       ]0x0002E1D2:	SUB	SP, #8	;(SP=0x100FE890 )
(             libc.so[0xCBBEB000])[09 49       ]0x0002E1D4:	LDR	R1, [PC, #0X24]	;(PC=0xCBC191D4 )
(             libc.so[0xCBBEB000])[7B 44       ]0x0002E1D6:	ADD	R3, PC	;(R3=0x0001BDFE PC=0xCBC191D6 )
(             libc.so[0xCBBEB000])[01 90       ]0x0002E1D8:	STR	R0, [SP, #4]	;(R0=0x000010B4 SP=0x100FE888 )
(             libc.so[0xCBBEB000])[01 9A       ]0x0002E1DA:	LDR	R2, [SP, #4]	;(SP=0x100FE888 )
(             libc.so[0xCBBEB000])[5B 58       ]0x0002E1DC:	LDR	R3, [R3, R1]	;(R3=0xCBC34FD8 R1=0xFFFFFFC4 )
(             libc.so[0xCBBEB000])[18 68       ]0x0002E1DE:	LDR	R0, [R3]	;(R3=0xCBC45F1C )
(             libc.so[0xCBBEB000])[82 42       ]0x0002E1E0:	CMP	R2, R0	;(R2=0x000010B4 R0=0x0001FF80 )
(             libc.so[0xCBBEB000])[06 D8       ]0x0002E1E2:	BHI	#0XCBC191F2
(             libc.so[0xCBBEB000])[06 49       ]0x0002E1E4:	LDR	R1, [PC, #0X18]	;(PC=0xCBC191E4 )
(             libc.so[0xCBBEB000])[01 9A       ]0x0002E1E6:	LDR	R2, [SP, #4]	;(SP=0x100FE888 )
(             libc.so[0xCBBEB000])[79 44       ]0x0002E1E8:	ADD	R1, PC	;(R1=0x0002A318 PC=0xCBC191E8 )
(             libc.so[0xCBBEB000])[80 32       ]0x0002E1EA:	ADDS	R2, #0X80	;(R2=0x000010B4 )
(             libc.so[0xCBBEB000])[0B 68       ]0x0002E1EC:	LDR	R3, [R1]	;(R1=0xCBC43504 )
(             libc.so[0xCBBEB000])[98 18       ]0x0002E1EE:	ADDS	R0, R3, R2	;(R3=0x30040000 R2=0x00001134 )
(             libc.so[0xCBBEB000])[00 E0       ]0x0002E1F0:	B	#0XCBC191F4
(             libc.so[0xCBBEB000])[02 B0       ]0x0002E1F4:	ADD	SP, #8	;(SP=0x100FE888 )
(             libc.so[0xCBBEB000])[70 47       ]0x0002E1F6:	BX	LR	;(LR=0xCBC19353 )
(             libc.so[0xCBBEB000])[DE E7       ]0x0002E352:	B	#0XCBC19312
(             libc.so[0xCBBEB000])[06 46       ]0x0002E312:	MOV	R6, R0	;(R0=0x30041134 )
(             libc.so[0xCBBEB000])[00 28       ]0x0002E314:	CMP	R0, #0	;(R0=0x30041134 )
(             libc.so[0xCBBEB000])[55 D0       ]0x0002E316:	BEQ	#0XCBC193C4
(             libc.so[0xCBBEB000])[02 78       ]0x0002E318:	LDRB	R2, [R0]	;(R0=0x30041134 )
(             libc.so[0xCBBEB000])[95 42       ]0x0002E31A:	CMP	R5, R2	;(R5=0x00000004 R2=0x00000005 )
(             libc.so[0xCBBEB000])[09 D3       ]0x0002E31C:	BLO	#0XCBC19332
(             libc.so[0xCBBEB000])[B3 68       ]0x0002E332:	LDR	R3, [R6, #8]	;(R6=0x30041134 )
(             libc.so[0xCBBEB000])[0B B1       ]0x0002E334:	CBZ	R3, #0XCBC1933A	;(R3=0x0000148C )
(             libc.so[0xCBBEB000])[B0 68       ]0x0002E336:	LDR	R0, [R6, #8]	;(R6=0x30041134 )
(             libc.so[0xCBBEB000])[09 E0       ]0x0002E338:	B	#0XCBC1934E
(             libc.so[0xCBBEB000])[FF F7 3F FF ]0x0002E34E:	BL	#0XCBC191D0	;(PC=0xCBC1934E )
(             libc.so[0xCBBEB000])[09 4B       ]0x0002E1D0:	LDR	R3, [PC, #0X24]	;(PC=0xCBC191D0 )
(             libc.so[0xCBBEB000])[82 B0       ]0x0002E1D2:	SUB	SP, #8	;(SP=0x100FE890 )
(             libc.so[0xCBBEB000])[09 49       ]0x0002E1D4:	LDR	R1, [PC, #0X24]	;(PC=0xCBC191D4 )
(             libc.so[0xCBBEB000])[7B 44       ]0x0002E1D6:	ADD	R3, PC	;(R3=0x0001BDFE PC=0xCBC191D6 )
(             libc.so[0xCBBEB000])[01 90       ]0x0002E1D8:	STR	R0, [SP, #4]	;(R0=0x0000148C SP=0x100FE888 )
(             libc.so[0xCBBEB000])[01 9A       ]0x0002E1DA:	LDR	R2, [SP, #4]	;(SP=0x100FE888 )
(             libc.so[0xCBBEB000])[5B 58       ]0x0002E1DC:	LDR	R3, [R3, R1]	;(R3=0xCBC34FD8 R1=0xFFFFFFC4 )
(             libc.so[0xCBBEB000])[18 68       ]0x0002E1DE:	LDR	R0, [R3]	;(R3=0xCBC45F1C )
(             libc.so[0xCBBEB000])[82 42       ]0x0002E1E0:	CMP	R2, R0	;(R2=0x0000148C R0=0x0001FF80 )
(             libc.so[0xCBBEB000])[06 D8       ]0x0002E1E2:	BHI	#0XCBC191F2
(             libc.so[0xCBBEB000])[06 49       ]0x0002E1E4:	LDR	R1, [PC, #0X18]	;(PC=0xCBC191E4 )
(             libc.so[0xCBBEB000])[01 9A       ]0x0002E1E6:	LDR	R2, [SP, #4]	;(SP=0x100FE888 )
(             libc.so[0xCBBEB000])[79 44       ]0x0002E1E8:	ADD	R1, PC	;(R1=0x0002A318 PC=0xCBC191E8 )
(             libc.so[0xCBBEB000])[80 32       ]0x0002E1EA:	ADDS	R2, #0X80	;(R2=0x0000148C )
(             libc.so[0xCBBEB000])[0B 68       ]0x0002E1EC:	LDR	R3, [R1]	;(R1=0xCBC43504 )
(             libc.so[0xCBBEB000])[98 18       ]0x0002E1EE:	ADDS	R0, R3, R2	;(R3=0x30040000 R2=0x0000150C )
(             libc.so[0xCBBEB000])[00 E0       ]0x0002E1F0:	B	#0XCBC191F4
(             libc.so[0xCBBEB000])[02 B0       ]0x0002E1F4:	ADD	SP, #8	;(SP=0x100FE888 )
(             libc.so[0xCBBEB000])[70 47       ]0x0002E1F6:	BX	LR	;(LR=0xCBC19353 )
(             libc.so[0xCBBEB000])[DE E7       ]0x0002E352:	B	#0XCBC19312
(             libc.so[0xCBBEB000])[06 46       ]0x0002E312:	MOV	R6, R0	;(R0=0x3004150C )
(             libc.so[0xCBBEB000])[00 28       ]0x0002E314:	CMP	R0, #0	;(R0=0x3004150C )
(             libc.so[0xCBBEB000])[55 D0       ]0x0002E316:	BEQ	#0XCBC193C4
(             libc.so[0xCBBEB000])[02 78       ]0x0002E318:	LDRB	R2, [R0]	;(R0=0x3004150C )
(             libc.so[0xCBBEB000])[95 42       ]0x0002E31A:	CMP	R5, R2	;(R5=0x00000004 R2=0x00000004 )
(             libc.so[0xCBBEB000])[09 D3       ]0x0002E31C:	BLO	#0XCBC19332
(             libc.so[0xCBBEB000])[13 D8       ]0x0002E31E:	BHI	#0XCBC19348
(             libc.so[0xCBBEB000])[20 46       ]0x0002E320:	MOV	R0, R4	;(R4=0xCBC2A875 )
(             libc.so[0xCBBEB000])[06 F1 14 01 ]0x0002E322:	ADD.W	R1, R6, #0X14	;(R6=0x3004150C )
(             libc.so[0xCBBEB000])[2A 46       ]0x0002E326:	MOV	R2, R5	;(R5=0x00000004 )
(             libc.so[0xCBBEB000])[0B F0 B2 FD ]0x0002E328:	BL	#0XCBC24E90	;(PC=0xCBC19328 )
(             libc.so[0xCBBEB000])[30 B5       ]0x00039E90:	PUSH	{R4, R5, LR} ; strncmp	;(SP=0x100FE890 R4=0xCBC2A875 R5=0x00000004 LR=0xCBC1932D )
(             libc.so[0xCBBEB000])[62 B1       ]0x00039E92:	CBZ	R2, #0XCBC24EAE	;(R2=0x00000004 )
(             libc.so[0xCBBEB000])[00 23       ]0x00039E94:	MOVS	R3, #0
(             libc.so[0xCBBEB000])[C4 5C       ]0x00039E96:	LDRB	R4, [R0, R3]	;(R0=0xCBC2A875 R3=0x00000000 )
(             libc.so[0xCBBEB000])[CD 5C       ]0x00039E98:	LDRB	R5, [R1, R3]	;(R1=0x30041520 R3=0x00000000 )
(             libc.so[0xCBBEB000])[AC 42       ]0x00039E9A:	CMP	R4, R5	;(R4=0x0000006C R5=0x00000069 )
(             libc.so[0xCBBEB000])[01 D0       ]0x00039E9C:	BEQ	#0XCBC24EA2
(             libc.so[0xCBBEB000])[60 1B       ]0x00039E9E:	SUBS	R0, R4, R5	;(R4=0x0000006C R5=0x00000069 )
(             libc.so[0xCBBEB000])[30 BD       ]0x00039EA0:	POP	{R4, R5, PC}	;(SP=0x100FE884 )
(             libc.so[0xCBBEB000])[00 28       ]0x0002E32C:	CMP	R0, #0	;(R0=0x00000003 )
(             libc.so[0xCBBEB000])[18 D0       ]0x0002E32E:	BEQ	#0XCBC19362
(             libc.so[0xCBBEB000])[0A DA       ]0x0002E330:	BGE	#0XCBC19348
(             libc.so[0xCBBEB000])[F1 68       ]0x0002E348:	LDR	R1, [R6, #0XC]	;(R6=0x3004150C )
(             libc.so[0xCBBEB000])[19 B1       ]0x0002E34A:	CBZ	R1, #0XCBC19354	;(R1=0x0000309C )
(             libc.so[0xCBBEB000])[F0 68       ]0x0002E34C:	LDR	R0, [R6, #0XC]	;(R6=0x3004150C )
(             libc.so[0xCBBEB000])[FF F7 3F FF ]0x0002E34E:	BL	#0XCBC191D0	;(PC=0xCBC1934E )
(             libc.so[0xCBBEB000])[09 4B       ]0x0002E1D0:	LDR	R3, [PC, #0X24]	;(PC=0xCBC191D0 )
(             libc.so[0xCBBEB000])[82 B0       ]0x0002E1D2:	SUB	SP, #8	;(SP=0x100FE890 )
(             libc.so[0xCBBEB000])[09 49       ]0x0002E1D4:	LDR	R1, [PC, #0X24]	;(PC=0xCBC191D4 )
(             libc.so[0xCBBEB000])[7B 44       ]0x0002E1D6:	ADD	R3, PC	;(R3=0x0001BDFE PC=0xCBC191D6 )
(             libc.so[0xCBBEB000])[01 90       ]0x0002E1D8:	STR	R0, [SP, #4]	;(R0=0x0000309C SP=0x100FE888 )
(             libc.so[0xCBBEB000])[01 9A       ]0x0002E1DA:	LDR	R2, [SP, #4]	;(SP=0x100FE888 )
(             libc.so[0xCBBEB000])[5B 58       ]0x0002E1DC:	LDR	R3, [R3, R1]	;(R3=0xCBC34FD8 R1=0xFFFFFFC4 )
(             libc.so[0xCBBEB000])[18 68       ]0x0002E1DE:	LDR	R0, [R3]	;(R3=0xCBC45F1C )
(             libc.so[0xCBBEB000])[82 42       ]0x0002E1E0:	CMP	R2, R0	;(R2=0x0000309C R0=0x0001FF80 )
(             libc.so[0xCBBEB000])[06 D8       ]0x0002E1E2:	BHI	#0XCBC191F2
(             libc.so[0xCBBEB000])[06 49       ]0x0002E1E4:	LDR	R1, [PC, #0X18]	;(PC=0xCBC191E4 )
(             libc.so[0xCBBEB000])[01 9A       ]0x0002E1E6:	LDR	R2, [SP, #4]	;(SP=0x100FE888 )
(             libc.so[0xCBBEB000])[79 44       ]0x0002E1E8:	ADD	R1, PC	;(R1=0x0002A318 PC=0xCBC191E8 )
(             libc.so[0xCBBEB000])[80 32       ]0x0002E1EA:	ADDS	R2, #0X80	;(R2=0x0000309C )
(             libc.so[0xCBBEB000])[0B 68       ]0x0002E1EC:	LDR	R3, [R1]	;(R1=0xCBC43504 )
(             libc.so[0xCBBEB000])[98 18       ]0x0002E1EE:	ADDS	R0, R3, R2	;(R3=0x30040000 R2=0x0000311C )
(             libc.so[0xCBBEB000])[00 E0       ]0x0002E1F0:	B	#0XCBC191F4
(             libc.so[0xCBBEB000])[02 B0       ]0x0002E1F4:	ADD	SP, #8	;(SP=0x100FE888 )
(             libc.so[0xCBBEB000])[70 47       ]0x0002E1F6:	BX	LR	;(LR=0xCBC19353 )
(             libc.so[0xCBBEB000])[DE E7       ]0x0002E352:	B	#0XCBC19312
(             libc.so[0xCBBEB000])[06 46       ]0x0002E312:	MOV	R6, R0	;(R0=0x3004311C )
(             libc.so[0xCBBEB000])[00 28       ]0x0002E314:	CMP	R0, #0	;(R0=0x3004311C )
(             libc.so[0xCBBEB000])[55 D0       ]0x0002E316:	BEQ	#0XCBC193C4
(             libc.so[0xCBBEB000])[02 78       ]0x0002E318:	LDRB	R2, [R0]	;(R0=0x3004311C )
(             libc.so[0xCBBEB000])[95 42       ]0x0002E31A:	CMP	R5, R2	;(R5=0x00000004 R2=0x00000005 )
(             libc.so[0xCBBEB000])[09 D3       ]0x0002E31C:	BLO	#0XCBC19332
(             libc.so[0xCBBEB000])[B3 68       ]0x0002E332:	LDR	R3, [R6, #8]	;(R6=0x3004311C )
(             libc.so[0xCBBEB000])[0B B1       ]0x0002E334:	CBZ	R3, #0XCBC1933A	;(R3=0x000046C0 )
(             libc.so[0xCBBEB000])[B0 68       ]0x0002E336:	LDR	R0, [R6, #8]	;(R6=0x3004311C )
(             libc.so[0xCBBEB000])[09 E0       ]0x0002E338:	B	#0XCBC1934E
(             libc.so[0xCBBEB000])[FF F7 3F FF ]0x0002E34E:	BL	#0XCBC191D0	;(PC=0xCBC1934E )
(             libc.so[0xCBBEB000])[09 4B       ]0x0002E1D0:	LDR	R3, [PC, #0X24]	;(PC=0xCBC191D0 )
(             libc.so[0xCBBEB000])[82 B0       ]0x0002E1D2:	SUB	SP, #8	;(SP=0x100FE890 )
(             libc.so[0xCBBEB000])[09 49       ]0x0002E1D4:	LDR	R1, [PC, #0X24]	;(PC=0xCBC191D4 )
(             libc.so[0xCBBEB000])[7B 44       ]0x0002E1D6:	ADD	R3, PC	;(R3=0x0001BDFE PC=0xCBC191D6 )
(             libc.so[0xCBBEB000])[01 90       ]0x0002E1D8:	STR	R0, [SP, #4]	;(R0=0x000046C0 SP=0x100FE888 )
(             libc.so[0xCBBEB000])[01 9A       ]0x0002E1DA:	LDR	R2, [SP, #4]	;(SP=0x100FE888 )
(             libc.so[0xCBBEB000])[5B 58       ]0x0002E1DC:	LDR	R3, [R3, R1]	;(R3=0xCBC34FD8 R1=0xFFFFFFC4 )
(             libc.so[0xCBBEB000])[18 68       ]0x0002E1DE:	LDR	R0, [R3]	;(R3=0xCBC45F1C )
(             libc.so[0xCBBEB000])[82 42       ]0x0002E1E0:	CMP	R2, R0	;(R2=0x000046C0 R0=0x0001FF80 )
(             libc.so[0xCBBEB000])[06 D8       ]0x0002E1E2:	BHI	#0XCBC191F2
(             libc.so[0xCBBEB000])[06 49       ]0x0002E1E4:	LDR	R1, [PC, #0X18]	;(PC=0xCBC191E4 )
(             libc.so[0xCBBEB000])[01 9A       ]0x0002E1E6:	LDR	R2, [SP, #4]	;(SP=0x100FE888 )
(             libc.so[0xCBBEB000])[79 44       ]0x0002E1E8:	ADD	R1, PC	;(R1=0x0002A318 PC=0xCBC191E8 )
(             libc.so[0xCBBEB000])[80 32       ]0x0002E1EA:	ADDS	R2, #0X80	;(R2=0x000046C0 )
(             libc.so[0xCBBEB000])[0B 68       ]0x0002E1EC:	LDR	R3, [R1]	;(R1=0xCBC43504 )
(             libc.so[0xCBBEB000])[98 18       ]0x0002E1EE:	ADDS	R0, R3, R2	;(R3=0x30040000 R2=0x00004740 )
(             libc.so[0xCBBEB000])[00 E0       ]0x0002E1F0:	B	#0XCBC191F4
(             libc.so[0xCBBEB000])[02 B0       ]0x0002E1F4:	ADD	SP, #8	;(SP=0x100FE888 )
(             libc.so[0xCBBEB000])[70 47       ]0x0002E1F6:	BX	LR	;(LR=0xCBC19353 )
(             libc.so[0xCBBEB000])[DE E7       ]0x0002E352:	B	#0XCBC19312
(             libc.so[0xCBBEB000])[06 46       ]0x0002E312:	MOV	R6, R0	;(R0=0x30044740 )
(             libc.so[0xCBBEB000])[00 28       ]0x0002E314:	CMP	R0, #0	;(R0=0x30044740 )
(             libc.so[0xCBBEB000])[55 D0       ]0x0002E316:	BEQ	#0XCBC193C4
(             libc.so[0xCBBEB000])[02 78       ]0x0002E318:	LDRB	R2, [R0]	;(R0=0x30044740 )
(             libc.so[0xCBBEB000])[95 42       ]0x0002E31A:	CMP	R5, R2	;(R5=0x00000004 R2=0x00000004 )
(             libc.so[0xCBBEB000])[09 D3       ]0x0002E31C:	BLO	#0XCBC19332
(             libc.so[0xCBBEB000])[13 D8       ]0x0002E31E:	BHI	#0XCBC19348
(             libc.so[0xCBBEB000])[20 46       ]0x0002E320:	MOV	R0, R4	;(R4=0xCBC2A875 )
(             libc.so[0xCBBEB000])[06 F1 14 01 ]0x0002E322:	ADD.W	R1, R6, #0X14	;(R6=0x30044740 )
(             libc.so[0xCBBEB000])[2A 46       ]0x0002E326:	MOV	R2, R5	;(R5=0x00000004 )
(             libc.so[0xCBBEB000])[0B F0 B2 FD ]0x0002E328:	BL	#0XCBC24E90	;(PC=0xCBC19328 )
(             libc.so[0xCBBEB000])[30 B5       ]0x00039E90:	PUSH	{R4, R5, LR} ; strncmp	;(SP=0x100FE890 R4=0xCBC2A875 R5=0x00000004 LR=0xCBC1932D )
(             libc.so[0xCBBEB000])[62 B1       ]0x00039E92:	CBZ	R2, #0XCBC24EAE	;(R2=0x00000004 )
(             libc.so[0xCBBEB000])[00 23       ]0x00039E94:	MOVS	R3, #0
(             libc.so[0xCBBEB000])[C4 5C       ]0x00039E96:	LDRB	R4, [R0, R3]	;(R0=0xCBC2A875 R3=0x00000000 )
(             libc.so[0xCBBEB000])[CD 5C       ]0x00039E98:	LDRB	R5, [R1, R3]	;(R1=0x30044754 R3=0x00000000 )
(             libc.so[0xCBBEB000])[AC 42       ]0x00039E9A:	CMP	R4, R5	;(R4=0x0000006C R5=0x00000076 )
(             libc.so[0xCBBEB000])[01 D0       ]0x00039E9C:	BEQ	#0XCBC24EA2
(             libc.so[0xCBBEB000])[60 1B       ]0x00039E9E:	SUBS	R0, R4, R5	;(R4=0x0000006C R5=0x00000076 )
(             libc.so[0xCBBEB000])[30 BD       ]0x00039EA0:	POP	{R4, R5, PC}	;(SP=0x100FE884 )
(             libc.so[0xCBBEB000])[00 28       ]0x0002E32C:	CMP	R0, #0	;(R0=0xFFFFFFF6 )
(             libc.so[0xCBBEB000])[18 D0       ]0x0002E32E:	BEQ	#0XCBC19362
(             libc.so[0xCBBEB000])[0A DA       ]0x0002E330:	BGE	#0XCBC19348
(             libc.so[0xCBBEB000])[B3 68       ]0x0002E332:	LDR	R3, [R6, #8]	;(R6=0x30044740 )
(             libc.so[0xCBBEB000])[0B B1       ]0x0002E334:	CBZ	R3, #0XCBC1933A	;(R3=0x00005DC8 )
(             libc.so[0xCBBEB000])[B0 68       ]0x0002E336:	LDR	R0, [R6, #8]	;(R6=0x30044740 )
(             libc.so[0xCBBEB000])[09 E0       ]0x0002E338:	B	#0XCBC1934E
(             libc.so[0xCBBEB000])[FF F7 3F FF ]0x0002E34E:	BL	#0XCBC191D0	;(PC=0xCBC1934E )
(             libc.so[0xCBBEB000])[09 4B       ]0x0002E1D0:	LDR	R3, [PC, #0X24]	;(PC=0xCBC191D0 )
(             libc.so[0xCBBEB000])[82 B0       ]0x0002E1D2:	SUB	SP, #8	;(SP=0x100FE890 )
(             libc.so[0xCBBEB000])[09 49       ]0x0002E1D4:	LDR	R1, [PC, #0X24]	;(PC=0xCBC191D4 )
(             libc.so[0xCBBEB000])[7B 44       ]0x0002E1D6:	ADD	R3, PC	;(R3=0x0001BDFE PC=0xCBC191D6 )
(             libc.so[0xCBBEB000])[01 90       ]0x0002E1D8:	STR	R0, [SP, #4]	;(R0=0x00005DC8 SP=0x100FE888 )
(             libc.so[0xCBBEB000])[01 9A       ]0x0002E1DA:	LDR	R2, [SP, #4]	;(SP=0x100FE888 )
(             libc.so[0xCBBEB000])[5B 58       ]0x0002E1DC:	LDR	R3, [R3, R1]	;(R3=0xCBC34FD8 R1=0xFFFFFFC4 )
(             libc.so[0xCBBEB000])[18 68       ]0x0002E1DE:	LDR	R0, [R3]	;(R3=0xCBC45F1C )
(             libc.so[0xCBBEB000])[82 42       ]0x0002E1E0:	CMP	R2, R0	;(R2=0x00005DC8 R0=0x0001FF80 )
(             libc.so[0xCBBEB000])[06 D8       ]0x0002E1E2:	BHI	#0XCBC191F2
(             libc.so[0xCBBEB000])[06 49       ]0x0002E1E4:	LDR	R1, [PC, #0X18]	;(PC=0xCBC191E4 )
(             libc.so[0xCBBEB000])[01 9A       ]0x0002E1E6:	LDR	R2, [SP, #4]	;(SP=0x100FE888 )
(             libc.so[0xCBBEB000])[79 44       ]0x0002E1E8:	ADD	R1, PC	;(R1=0x0002A318 PC=0xCBC191E8 )
(             libc.so[0xCBBEB000])[80 32       ]0x0002E1EA:	ADDS	R2, #0X80	;(R2=0x00005DC8 )
(             libc.so[0xCBBEB000])[0B 68       ]0x0002E1EC:	LDR	R3, [R1]	;(R1=0xCBC43504 )
(             libc.so[0xCBBEB000])[98 18       ]0x0002E1EE:	ADDS	R0, R3, R2	;(R3=0x30040000 R2=0x00005E48 )
(             libc.so[0xCBBEB000])[00 E0       ]0x0002E1F0:	B	#0XCBC191F4
(             libc.so[0xCBBEB000])[02 B0       ]0x0002E1F4:	ADD	SP, #8	;(SP=0x100FE888 )
(             libc.so[0xCBBEB000])[70 47       ]0x0002E1F6:	BX	LR	;(LR=0xCBC19353 )
(             libc.so[0xCBBEB000])[DE E7       ]0x0002E352:	B	#0XCBC19312
(             libc.so[0xCBBEB000])[06 46       ]0x0002E312:	MOV	R6, R0	;(R0=0x30045E48 )
(             libc.so[0xCBBEB000])[00 28       ]0x0002E314:	CMP	R0, #0	;(R0=0x30045E48 )
(             libc.so[0xCBBEB000])[55 D0       ]0x0002E316:	BEQ	#0XCBC193C4
(             libc.so[0xCBBEB000])[02 78       ]0x0002E318:	LDRB	R2, [R0]	;(R0=0x30045E48 )
(             libc.so[0xCBBEB000])[95 42       ]0x0002E31A:	CMP	R5, R2	;(R5=0x00000004 R2=0x00000004 )
(             libc.so[0xCBBEB000])[09 D3       ]0x0002E31C:	BLO	#0XCBC19332
(             libc.so[0xCBBEB000])[13 D8       ]0x0002E31E:	BHI	#0XCBC19348
(             libc.so[0xCBBEB000])[20 46       ]0x0002E320:	MOV	R0, R4	;(R4=0xCBC2A875 )
(             libc.so[0xCBBEB000])[06 F1 14 01 ]0x0002E322:	ADD.W	R1, R6, #0X14	;(R6=0x30045E48 )
(             libc.so[0xCBBEB000])[2A 46       ]0x0002E326:	MOV	R2, R5	;(R5=0x00000004 )
(             libc.so[0xCBBEB000])[0B F0 B2 FD ]0x0002E328:	BL	#0XCBC24E90	;(PC=0xCBC19328 )
(             libc.so[0xCBBEB000])[30 B5       ]0x00039E90:	PUSH	{R4, R5, LR} ; strncmp	;(SP=0x100FE890 R4=0xCBC2A875 R5=0x00000004 LR=0xCBC1932D )
(             libc.so[0xCBBEB000])[62 B1       ]0x00039E92:	CBZ	R2, #0XCBC24EAE	;(R2=0x00000004 )
(             libc.so[0xCBBEB000])[00 23       ]0x00039E94:	MOVS	R3, #0
(             libc.so[0xCBBEB000])[C4 5C       ]0x00039E96:	LDRB	R4, [R0, R3]	;(R0=0xCBC2A875 R3=0x00000000 )
(             libc.so[0xCBBEB000])[CD 5C       ]0x00039E98:	LDRB	R5, [R1, R3]	;(R1=0x30045E5C R3=0x00000000 )
(             libc.so[0xCBBEB000])[AC 42       ]0x00039E9A:	CMP	R4, R5	;(R4=0x0000006C R5=0x00000071 )
(             libc.so[0xCBBEB000])[01 D0       ]0x00039E9C:	BEQ	#0XCBC24EA2
(             libc.so[0xCBBEB000])[60 1B       ]0x00039E9E:	SUBS	R0, R4, R5	;(R4=0x0000006C R5=0x00000071 )
(             libc.so[0xCBBEB000])[30 BD       ]0x00039EA0:	POP	{R4, R5, PC}	;(SP=0x100FE884 )
(             libc.so[0xCBBEB000])[00 28       ]0x0002E32C:	CMP	R0, #0	;(R0=0xFFFFFFFB )
(             libc.so[0xCBBEB000])[18 D0       ]0x0002E32E:	BEQ	#0XCBC19362
(             libc.so[0xCBBEB000])[0A DA       ]0x0002E330:	BGE	#0XCBC19348
(             libc.so[0xCBBEB000])[B3 68       ]0x0002E332:	LDR	R3, [R6, #8]	;(R6=0x30045E48 )
(             libc.so[0xCBBEB000])[0B B1       ]0x0002E334:	CBZ	R3, #0XCBC1933A	;(R3=0x00000000 )
(             libc.so[0xCBBEB000])[00 2F       ]0x0002E33A:	CMP	R7, #0	;(R7=0x00000000 )
(             libc.so[0xCBBEB000])[42 D0       ]0x0002E33C:	BEQ	#0XCBC193C4
(             libc.so[0xCBBEB000])[00 24       ]0x0002E3C4:	MOVS	R4, #0
(             libc.so[0xCBBEB000])[20 46       ]0x0002E3C6:	MOV	R0, R4	;(R4=0x00000000 )
(             libc.so[0xCBBEB000])[05 B0       ]0x0002E3C8:	ADD	SP, #0X14	;(SP=0x100FE890 )
(             libc.so[0xCBBEB000])[BD E8 F0 8F ]0x0002E3CA:	POP.W	{R4, R5, R6, R7, R8, SB, SL, FP, PC}	;(SP=0x100FE8A4 )
(             libc.so[0xCBBEB000])[02 B0       ]0x0002E608:	ADD	SP, #8	;(SP=0x100FE8C8 )
(             libc.so[0xCBBEB000])[70 BD       ]0x0002E60A:	POP	{R4, R5, R6, PC}	;(SP=0x100FE8D0 )
(             libc.so[0xCBBEB000])[28 B1       ]0x0002E674:	CBZ	R0, #0XCBC19682	;(R0=0x00000000 )
(             libc.so[0xCBBEB000])[20 70       ]0x0002E682:	STRB	R0, [R4]	;(R0=0x00000000 R4=0x100FE8FC )
(             libc.so[0xCBBEB000])[10 BD       ]0x0002E684:	POP	{R4, PC}	;(SP=0x100FE8E0 )
(             libc.so[0xCBBEB000])[00 28       ]0x0000DF62:	CMP	R0, #0	;(R0=0x00000000 )
(             libc.so[0xCBBEB000])[40 F0 14 81 ]0x0000DF64:	BNE.W	#0XCBBF9190
(             libc.so[0xCBBEB000])[97 48       ]0x0000DF68:	LDR	R0, [PC, #0X25C]	;(PC=0xCBBF8F68 )
(             libc.so[0xCBBEB000])[78 44       ]0x0000DF6A:	ADD	R0, PC	;(R0=0x0003E5DE PC=0xCBBF8F6A )
(             libc.so[0xCBBEB000])[01 68       ]0x0000DF6C:	LDR	R1, [R0]	;(R0=0xCBC3754C )
(             libc.so[0xCBBEB000])[00 29       ]0x0000DF6E:	CMP	R1, #0	;(R1=0x00000000 )
(             libc.so[0xCBBEB000])[00 F0 13 81 ]0x0000DF70:	BEQ.W	#0XCBBF919A
(             libc.so[0xCBBEB000])[61 9A       ]0x0000E19A:	LDR	R2, [SP, #0X184]	;(SP=0x100FE8E8 )
(             libc.so[0xCBBEB000])[D8 F8 00 00 ]0x0000E19C:	LDR.W	R0, [R8]	;(R8=0xCBC39384 )
(             libc.so[0xCBBEB000])[82 42       ]0x0000E1A0:	CMP	R2, R0	;(R2=0x00001000 R0=0x00001000 )
(             libc.so[0xCBBEB000])[01 D0       ]0x0000E1A2:	BEQ	#0XCBBF91A8
(             libc.so[0xCBBEB000])[63 B0       ]0x0000E1A8:	ADD	SP, #0X18C	;(SP=0x100FE8E8 )
(             libc.so[0xCBBEB000])[BD E8 F0 83 ]0x0000E1AA:	POP.W	{R4, R5, R6, R7, R8, SB, PC}	;(SP=0x100FEA74 )
(             libc.so[0xCBBEB000])[5F F0 7F F5 ]0x0000F004:	DMB	SY
(             libc.so[0xCBBEB000])[02 10 A0 E3 ]0x0000F008:	MOV	R1, #2
(             libc.so[0xCBBEB000])[04 00 A0 E1 ]0x0000F00C:	MOV	R0, R4	;(R4=0xCBC37540 )
(             libc.so[0xCBBEB000])[00 10 84 E5 ]0x0000F010:	STR	R1, [R4]	;(R1=0x00000002 R4=0xCBC37540 )
(             libc.so[0xCBBEB000])[02 21 E0 E3 ]0x0000F014:	MVN	R2, #0X80000000
(             libc.so[0xCBBEB000])[06 10 A0 E1 ]0x0000F018:	MOV	R1, R6	;(R6=0x00000000 )
(             libc.so[0xCBBEB000])[EB FC FF EB ]0x0000F01C:	BL	#0XCBBF93D0	;(PC=0xCBBFA01C )
(             libc.so[0xCBBEB000])[00 00 51 E3 ]0x0000E3D0:	CMP	R1, #0 ; __futex_wake_ex	;(R1=0x00000000 )
(             libc.so[0xCBBEB000])[81 10 A0 03 ]0x0000E3D4:	MOVEQ	R1, #0X81
(             libc.so[0xCBBEB000])[01 10 A0 13 ]0x0000E3D8:	MOVNE	R1, #1
(             libc.so[0xCBBEB000])[46 4D 00 EA ]0x0000E3DC:	B	#0XCBC0C8FC	;(PC=0xCBBF93DC )
(             libc.so[0xCBBEB000])[07 C0 A0 E1 ]0x000218FC:	MOV	IP, R7 ; __futex_syscall3	;(R7=0x00000000 )
(             libc.so[0xCBBEB000])[F0 70 A0 E3 ]0x00021900:	MOV	R7, #0XF0
(             libc.so[0xCBBEB000])[00 00 00 EF ]0x00021904:	SVC	#0	;(PC=0xCBC0C904 )
(             libc.so[0xCBBEB000])[0C 70 A0 E1 ]0x00021908:	MOV	R7, IP	;(IP=0x00000000 )
(             libc.so[0xCBBEB000])[1E FF 2F E1 ]0x0002190C:	BX	LR
(             libc.so[0xCBBEB000])[E2 FF FF EA ]0x0000F020:	B	#0XCBBF9FB0	;(PC=0xCBBFA020 )
(             libc.so[0xCBBEB000])[00 00 A0 E3 ]0x0000EFB0:	MOV	R0, #0
(             libc.so[0xCBBEB000])[70 80 BD E8 ]0x0000EFB4:	POP	{R4, R5, R6, PC}	;(SP=0x100FEA90 )
(             libc.so[0xCBBEB000])[40 B1       ]0x0000DC72:	CBZ	R0, #0XCBBF8C86	;(R0=0x00000000 )
(             libc.so[0xCBBEB000])[08 BD       ]0x0000DC86:	POP	{R3, PC}	;(SP=0x100FEAA0 )
(             libc.so[0xCBBEB000])[02 48       ]0x00012A50:	LDR	R0, [PC, #8]	;(PC=0xCBBFDA50 )
(             libc.so[0xCBBEB000])[03 49       ]0x00012A52:	LDR	R1, [PC, #0XC]	;(PC=0xCBBFDA52 )
(             libc.so[0xCBBEB000])[78 44       ]0x00012A54:	ADD	R0, PC	;(R0=0x0003B93C PC=0xCBBFDA54 )
(             libc.so[0xCBBEB000])[79 44       ]0x00012A56:	ADD	R1, PC	;(R1=0xFFFFFFF3 PC=0xCBBFDA56 )
(             libc.so[0xCBBEB000])[2A F0 68 BD ]0x00012A58:	B.W	#0XCBC2852C
(             libc.so[0xCBBEB000])[78 47       ]0x0003D52C:	BX	PC	;(PC=0xCBC2852C )
(             libc.so[0xCBBEB000])[00 C0 9F E5 ]0x0003D530:	LDR	IP, [PC]	;(PC=0xCBC28530 )
(             libc.so[0xCBBEB000])[0F F0 8C E0 ]0x0003D534:	ADD	PC, IP, PC	;(IP=0xFFFD0178 PC=0xCBC28534 )
(             libc.so[0xCBBEB000])[F8 40 2D E9 ]0x0000D6B4:	PUSH	{R3, R4, R5, R6, R7, LR} ; pthread_key_create	;(SP=0x100FEAA8 R3=0x00000000 R4=0x00000000 R5=0x00000000 R6=0x00000000 R7=0x00000000 LR=0x03000000 )
(             libc.so[0xCBBEB000])[00 40 A0 E1 ]0x0000D6B8:	MOV	R4, R0	;(R0=0xCBC39394 )
(             libc.so[0xCBBEB000])[D4 00 9F E5 ]0x0000D6BC:	LDR	R0, [PC, #0XD4]	;(PC=0xCBBF86BC )
(             libc.so[0xCBBEB000])[01 50 A0 E1 ]0x0000D6C0:	MOV	R5, R1	;(R1=0xCBBFDA4D )
(             libc.so[0xCBBEB000])[00 00 8F E0 ]0x0000D6C4:	ADD	R0, PC, R0	;(PC=0xCBBF86C4 R0=0x0003EE6C )
(             libc.so[0xCBBEB000])[43 04 00 EB ]0x0000D6C8:	BL	#0XCBBF97DC	;(PC=0xCBBF86C8 )
(             libc.so[0xCBBEB000])[90 FF FF EA ]0x0000E7DC:	B	#0XCBBF9624 ; pthread_mutex_lock	;(PC=0xCBBF97DC )
(             libc.so[0xCBBEB000])[F0 41 2D E9 ]0x0000E624:	PUSH	{R4, R5, R6, R7, R8, LR}	;(SP=0x100FEA90 R4=0xCBC39394 R5=0xCBBFDA4D R6=0x00000000 R7=0x00000000 R8=0x00000000 LR=0xCBBF86CC )
(             libc.so[0xCBBEB000])[00 40 50 E2 ]0x0000E628:	SUBS	R4, R0, #0	;(R0=0xCBC37538 )
(             libc.so[0xCBBEB000])[1B 00 00 0A ]0x0000E62C:	BEQ	#0XCBBF96A0	;(PC=0xCBBF962C )
(             libc.so[0xCBBEB000])[00 50 94 E5 ]0x0000E630:	LDR	R5, [R4]	;(R4=0xCBC37538 )
(             libc.so[0xCBBEB000])[03 79 15 E2 ]0x0000E634:	ANDS	R7, R5, #0XC000	;(R5=0x00000000 )
(             libc.so[0xCBBEB000])[02 6A 05 E2 ]0x0000E638:	AND	R6, R5, #0X2000	;(R5=0x00000000 )
(             libc.so[0xCBBEB000])[19 00 00 1A ]0x0000E63C:	BNE	#0XCBBF96A8	;(PC=0xCBBF963C )
(             libc.so[0xCBBEB000])[01 00 86 E3 ]0x0000E640:	ORR	R0, R6, #1	;(R6=0x00000000 )
(             libc.so[0xCBBEB000])[9F 3F 94 E1 ]0x0000E644:	LDREX	R3, [R4]	;(R4=0xCBC37538 )
(             libc.so[0xCBBEB000])[00 10 A0 E3 ]0x0000E648:	MOV	R1, #0
(             libc.so[0xCBBEB000])[06 00 33 E1 ]0x0000E64C:	TEQ	R3, R6	;(R3=0x00000000 R6=0x00000000 )
(             libc.so[0xCBBEB000])[90 1F 84 01 ]0x0000E650:	STREXEQ	R1, R0, [R4]	;(R0=0x00000001 R4=0xCBC37538 )
(             libc.so[0xCBBEB000])[00 00 51 E3 ]0x0000E654:	CMP	R1, #0	;(R1=0x00000000 )
(             libc.so[0xCBBEB000])[F9 FF FF 1A ]0x0000E658:	BNE	#0XCBBF9644	;(PC=0xCBBF9658 )
(             libc.so[0xCBBEB000])[03 00 56 E1 ]0x0000E65C:	CMP	R6, R3	;(R6=0x00000000 R3=0x00000000 )
(             libc.so[0xCBBEB000])[02 50 86 13 ]0x0000E660:	ORRNE	R5, R6, #2	;(R6=0x00000000 )
(             libc.so[0xCBBEB000])[01 00 00 1A ]0x0000E664:	BNE	#0XCBBF9670	;(PC=0xCBBF9664 )
(             libc.so[0xCBBEB000])[09 00 00 EA ]0x0000E668:	B	#0XCBBF9694	;(PC=0xCBBF9668 )
(             libc.so[0xCBBEB000])[5F F0 7F F5 ]0x0000E694:	DMB	SY
(             libc.so[0xCBBEB000])[00 00 A0 E3 ]0x0000E698:	MOV	R0, #0
(             libc.so[0xCBBEB000])[F0 81 BD E8 ]0x0000E69C:	POP	{R4, R5, R6, R7, R8, PC}	;(SP=0x100FEA78 )
(             libc.so[0xCBBEB000])[C8 20 9F E5 ]0x0000D6CC:	LDR	R2, [PC, #0XC8]	;(PC=0xCBBF86CC )
(             libc.so[0xCBBEB000])[02 10 8F E0 ]0x0000D6D0:	ADD	R1, PC, R2	;(PC=0xCBBF86D0 R2=0x0003EC18 )
(             libc.so[0xCBBEB000])[00 30 D1 E5 ]0x0000D6D4:	LDRB	R3, [R1]	;(R1=0xCBC372F0 )
(             libc.so[0xCBBEB000])[04 C0 91 E5 ]0x0000D6D8:	LDR	IP, [R1, #4]	;(R1=0xCBC372F0 )
(             libc.so[0xCBBEB000])[00 00 53 E3 ]0x0000D6DC:	CMP	R3, #0	;(R3=0x00000000 )
(             libc.so[0xCBBEB000])[0C 00 00 1A ]0x0000D6E0:	BNE	#0XCBBF8718	;(PC=0xCBBF86E0 )
(             libc.so[0xCBBEB000])[14 E0 81 E2 ]0x0000D6E4:	ADD	LR, R1, #0X14	;(R1=0xCBC372F0 )
(             libc.so[0xCBBEB000])[01 00 A0 E3 ]0x0000D6E8:	MOV	R0, #1
(             libc.so[0xCBBEB000])[03 20 A0 E1 ]0x0000D6EC:	MOV	R2, R3	;(R3=0x00000000 )
(             libc.so[0xCBBEB000])[10 C3 8C E1 ]0x0000D6F0:	ORR	IP, IP, R0, LSL R3	;(IP=0x00000000 R0=0x00000001 )
(             libc.so[0xCBBEB000])[01 30 83 E2 ]0x0000D6F4:	ADD	R3, R3, #1	;(R3=0x00000000 )
(             libc.so[0xCBBEB000])[07 00 53 E3 ]0x0000D6F8:	CMP	R3, #7	;(R3=0x00000001 )
(             libc.so[0xCBBEB000])[04 20 AE E5 ]0x0000D6FC:	STR	R2, [LR, #4]!	;(R2=0x00000000 LR=0xCBC37304 )
(             libc.so[0xCBBEB000])[FA FF FF 1A ]0x0000D700:	BNE	#0XCBBF86F0	;(PC=0xCBBF8700 )
(             libc.so[0xCBBEB000])[10 C3 8C E1 ]0x0000D6F0:	ORR	IP, IP, R0, LSL R3	;(IP=0x00000001 R0=0x00000001 )
(             libc.so[0xCBBEB000])[01 30 83 E2 ]0x0000D6F4:	ADD	R3, R3, #1	;(R3=0x00000001 )
(             libc.so[0xCBBEB000])[07 00 53 E3 ]0x0000D6F8:	CMP	R3, #7	;(R3=0x00000002 )
(             libc.so[0xCBBEB000])[04 20 AE E5 ]0x0000D6FC:	STR	R2, [LR, #4]!	;(R2=0x00000000 LR=0xCBC37308 )
(             libc.so[0xCBBEB000])[FA FF FF 1A ]0x0000D700:	BNE	#0XCBBF86F0	;(PC=0xCBBF8700 )
(             libc.so[0xCBBEB000])[10 C3 8C E1 ]0x0000D6F0:	ORR	IP, IP, R0, LSL R3	;(IP=0x00000003 R0=0x00000001 )
(             libc.so[0xCBBEB000])[01 30 83 E2 ]0x0000D6F4:	ADD	R3, R3, #1	;(R3=0x00000002 )
(             libc.so[0xCBBEB000])[07 00 53 E3 ]0x0000D6F8:	CMP	R3, #7	;(R3=0x00000003 )
(             libc.so[0xCBBEB000])[04 20 AE E5 ]0x0000D6FC:	STR	R2, [LR, #4]!	;(R2=0x00000000 LR=0xCBC3730C )
(             libc.so[0xCBBEB000])[FA FF FF 1A ]0x0000D700:	BNE	#0XCBBF86F0	;(PC=0xCBBF8700 )
(             libc.so[0xCBBEB000])[10 C3 8C E1 ]0x0000D6F0:	ORR	IP, IP, R0, LSL R3	;(IP=0x00000007 R0=0x00000001 )
(             libc.so[0xCBBEB000])[01 30 83 E2 ]0x0000D6F4:	ADD	R3, R3, #1	;(R3=0x00000003 )
(             libc.so[0xCBBEB000])[07 00 53 E3 ]0x0000D6F8:	CMP	R3, #7	;(R3=0x00000004 )
(             libc.so[0xCBBEB000])[04 20 AE E5 ]0x0000D6FC:	STR	R2, [LR, #4]!	;(R2=0x00000000 LR=0xCBC37310 )
(             libc.so[0xCBBEB000])[FA FF FF 1A ]0x0000D700:	BNE	#0XCBBF86F0	;(PC=0xCBBF8700 )
(             libc.so[0xCBBEB000])[10 C3 8C E1 ]0x0000D6F0:	ORR	IP, IP, R0, LSL R3	;(IP=0x0000000F R0=0x00000001 )
(             libc.so[0xCBBEB000])[01 30 83 E2 ]0x0000D6F4:	ADD	R3, R3, #1	;(R3=0x00000004 )
(             libc.so[0xCBBEB000])[07 00 53 E3 ]0x0000D6F8:	CMP	R3, #7	;(R3=0x00000005 )
(             libc.so[0xCBBEB000])[04 20 AE E5 ]0x0000D6FC:	STR	R2, [LR, #4]!	;(R2=0x00000000 LR=0xCBC37314 )
(             libc.so[0xCBBEB000])[FA FF FF 1A ]0x0000D700:	BNE	#0XCBBF86F0	;(PC=0xCBBF8700 )
(             libc.so[0xCBBEB000])[10 C3 8C E1 ]0x0000D6F0:	ORR	IP, IP, R0, LSL R3	;(IP=0x0000001F R0=0x00000001 )
(             libc.so[0xCBBEB000])[01 30 83 E2 ]0x0000D6F4:	ADD	R3, R3, #1	;(R3=0x00000005 )
(             libc.so[0xCBBEB000])[07 00 53 E3 ]0x0000D6F8:	CMP	R3, #7	;(R3=0x00000006 )
(             libc.so[0xCBBEB000])[04 20 AE E5 ]0x0000D6FC:	STR	R2, [LR, #4]!	;(R2=0x00000000 LR=0xCBC37318 )
(             libc.so[0xCBBEB000])[FA FF FF 1A ]0x0000D700:	BNE	#0XCBBF86F0	;(PC=0xCBBF8700 )
(             libc.so[0xCBBEB000])[10 C3 8C E1 ]0x0000D6F0:	ORR	IP, IP, R0, LSL R3	;(IP=0x0000003F R0=0x00000001 )
(             libc.so[0xCBBEB000])[01 30 83 E2 ]0x0000D6F4:	ADD	R3, R3, #1	;(R3=0x00000006 )
(             libc.so[0xCBBEB000])[07 00 53 E3 ]0x0000D6F8:	CMP	R3, #7	;(R3=0x00000007 )
(             libc.so[0xCBBEB000])[04 20 AE E5 ]0x0000D6FC:	STR	R2, [LR, #4]!	;(R2=0x00000000 LR=0xCBC3731C )
(             libc.so[0xCBBEB000])[FA FF FF 1A ]0x0000D700:	BNE	#0XCBBF86F0	;(PC=0xCBBF8700 )
(             libc.so[0xCBBEB000])[94 10 9F E5 ]0x0000D704:	LDR	R1, [PC, #0X94]	;(PC=0xCBBF8704 )
(             libc.so[0xCBBEB000])[01 00 A0 E3 ]0x0000D708:	MOV	R0, #1
(             libc.so[0xCBBEB000])[01 E0 8F E0 ]0x0000D70C:	ADD	LR, PC, R1	;(PC=0xCBBF870C R1=0x0003EBDC )
(             libc.so[0xCBBEB000])[04 C0 8E E5 ]0x0000D710:	STR	IP, [LR, #4]	;(IP=0x0000007F LR=0xCBC372F0 )
(             libc.so[0xCBBEB000])[00 00 CE E5 ]0x0000D714:	STRB	R0, [LR]	;(R0=0x00000001 LR=0xCBC372F0 )
(             libc.so[0xCBBEB000])[84 20 9F E5 ]0x0000D718:	LDR	R2, [PC, #0X84]	;(PC=0xCBBF8718 )
(             libc.so[0xCBBEB000])[00 30 A0 E3 ]0x0000D71C:	MOV	R3, #0
(             libc.so[0xCBBEB000])[02 10 8F E0 ]0x0000D720:	ADD	R1, PC, R2	;(PC=0xCBBF8720 R2=0x0003EBC8 )
(             libc.so[0xCBBEB000])[05 00 00 EA ]0x0000D724:	B	#0XCBBF8740	;(PC=0xCBBF8724 )
(             libc.so[0xCBBEB000])[1F E0 03 E2 ]0x0000D740:	AND	LR, R3, #0X1F	;(R3=0x00000000 )
(             libc.so[0xCBBEB000])[3C 0E A0 E1 ]0x0000D744:	LSR	R0, IP, LR	;(IP=0x0000007F LR=0x00000000 )
(             libc.so[0xCBBEB000])[01 20 10 E2 ]0x0000D748:	ANDS	R2, R0, #1	;(R0=0x0000007F )
(             libc.so[0xCBBEB000])[F5 FF FF 1A ]0x0000D74C:	BNE	#0XCBBF8728	;(PC=0xCBBF874C )
(             libc.so[0xCBBEB000])[01 30 83 E2 ]0x0000D728:	ADD	R3, R3, #1	;(R3=0x00000000 )
(             libc.so[0xCBBEB000])[8C 00 53 E3 ]0x0000D72C:	CMP	R3, #0X8C	;(R3=0x00000001 )
(             libc.so[0xCBBEB000])[C3 C2 A0 E1 ]0x0000D730:	ASR	IP, R3, #5	;(R3=0x00000001 )
(             libc.so[0xCBBEB000])[15 00 00 0A ]0x0000D734:	BEQ	#0XCBBF8790	;(PC=0xCBBF8734 )
(             libc.so[0xCBBEB000])[0C E1 81 E0 ]0x0000D738:	ADD	LR, R1, IP, LSL #2	;(R1=0xCBC372F0 IP=0x00000000 )
(             libc.so[0xCBBEB000])[04 C0 9E E5 ]0x0000D73C:	LDR	IP, [LR, #4]	;(LR=0xCBC372F0 )
(             libc.so[0xCBBEB000])[1F E0 03 E2 ]0x0000D740:	AND	LR, R3, #0X1F	;(R3=0x00000001 )
(             libc.so[0xCBBEB000])[3C 0E A0 E1 ]0x0000D744:	LSR	R0, IP, LR	;(IP=0x0000007F LR=0x00000001 )
(             libc.so[0xCBBEB000])[01 20 10 E2 ]0x0000D748:	ANDS	R2, R0, #1	;(R0=0x0000003F )
(             libc.so[0xCBBEB000])[F5 FF FF 1A ]0x0000D74C:	BNE	#0XCBBF8728	;(PC=0xCBBF874C )
(             libc.so[0xCBBEB000])[01 30 83 E2 ]0x0000D728:	ADD	R3, R3, #1	;(R3=0x00000001 )
(             libc.so[0xCBBEB000])[8C 00 53 E3 ]0x0000D72C:	CMP	R3, #0X8C	;(R3=0x00000002 )
(             libc.so[0xCBBEB000])[C3 C2 A0 E1 ]0x0000D730:	ASR	IP, R3, #5	;(R3=0x00000002 )
(             libc.so[0xCBBEB000])[15 00 00 0A ]0x0000D734:	BEQ	#0XCBBF8790	;(PC=0xCBBF8734 )
(             libc.so[0xCBBEB000])[0C E1 81 E0 ]0x0000D738:	ADD	LR, R1, IP, LSL #2	;(R1=0xCBC372F0 IP=0x00000000 )
(             libc.so[0xCBBEB000])[04 C0 9E E5 ]0x0000D73C:	LDR	IP, [LR, #4]	;(LR=0xCBC372F0 )
(             libc.so[0xCBBEB000])[1F E0 03 E2 ]0x0000D740:	AND	LR, R3, #0X1F	;(R3=0x00000002 )
(             libc.so[0xCBBEB000])[3C 0E A0 E1 ]0x0000D744:	LSR	R0, IP, LR	;(IP=0x0000007F LR=0x00000002 )
(             libc.so[0xCBBEB000])[01 20 10 E2 ]0x0000D748:	ANDS	R2, R0, #1	;(R0=0x0000001F )
(             libc.so[0xCBBEB000])[F5 FF FF 1A ]0x0000D74C:	BNE	#0XCBBF8728	;(PC=0xCBBF874C )
(             libc.so[0xCBBEB000])[01 30 83 E2 ]0x0000D728:	ADD	R3, R3, #1	;(R3=0x00000002 )
(             libc.so[0xCBBEB000])[8C 00 53 E3 ]0x0000D72C:	CMP	R3, #0X8C	;(R3=0x00000003 )
(             libc.so[0xCBBEB000])[C3 C2 A0 E1 ]0x0000D730:	ASR	IP, R3, #5	;(R3=0x00000003 )
(             libc.so[0xCBBEB000])[15 00 00 0A ]0x0000D734:	BEQ	#0XCBBF8790	;(PC=0xCBBF8734 )
(             libc.so[0xCBBEB000])[0C E1 81 E0 ]0x0000D738:	ADD	LR, R1, IP, LSL #2	;(R1=0xCBC372F0 IP=0x00000000 )
(             libc.so[0xCBBEB000])[04 C0 9E E5 ]0x0000D73C:	LDR	IP, [LR, #4]	;(LR=0xCBC372F0 )
(             libc.so[0xCBBEB000])[1F E0 03 E2 ]0x0000D740:	AND	LR, R3, #0X1F	;(R3=0x00000003 )
(             libc.so[0xCBBEB000])[3C 0E A0 E1 ]0x0000D744:	LSR	R0, IP, LR	;(IP=0x0000007F LR=0x00000003 )
(             libc.so[0xCBBEB000])[01 20 10 E2 ]0x0000D748:	ANDS	R2, R0, #1	;(R0=0x0000000F )
(             libc.so[0xCBBEB000])[F5 FF FF 1A ]0x0000D74C:	BNE	#0XCBBF8728	;(PC=0xCBBF874C )
(             libc.so[0xCBBEB000])[01 30 83 E2 ]0x0000D728:	ADD	R3, R3, #1	;(R3=0x00000003 )
(             libc.so[0xCBBEB000])[8C 00 53 E3 ]0x0000D72C:	CMP	R3, #0X8C	;(R3=0x00000004 )
(             libc.so[0xCBBEB000])[C3 C2 A0 E1 ]0x0000D730:	ASR	IP, R3, #5	;(R3=0x00000004 )
(             libc.so[0xCBBEB000])[15 00 00 0A ]0x0000D734:	BEQ	#0XCBBF8790	;(PC=0xCBBF8734 )
(             libc.so[0xCBBEB000])[0C E1 81 E0 ]0x0000D738:	ADD	LR, R1, IP, LSL #2	;(R1=0xCBC372F0 IP=0x00000000 )
(             libc.so[0xCBBEB000])[04 C0 9E E5 ]0x0000D73C:	LDR	IP, [LR, #4]	;(LR=0xCBC372F0 )
(             libc.so[0xCBBEB000])[1F E0 03 E2 ]0x0000D740:	AND	LR, R3, #0X1F	;(R3=0x00000004 )
(             libc.so[0xCBBEB000])[3C 0E A0 E1 ]0x0000D744:	LSR	R0, IP, LR	;(IP=0x0000007F LR=0x00000004 )
(             libc.so[0xCBBEB000])[01 20 10 E2 ]0x0000D748:	ANDS	R2, R0, #1	;(R0=0x00000007 )
(             libc.so[0xCBBEB000])[F5 FF FF 1A ]0x0000D74C:	BNE	#0XCBBF8728	;(PC=0xCBBF874C )
(             libc.so[0xCBBEB000])[01 30 83 E2 ]0x0000D728:	ADD	R3, R3, #1	;(R3=0x00000004 )
(             libc.so[0xCBBEB000])[8C 00 53 E3 ]0x0000D72C:	CMP	R3, #0X8C	;(R3=0x00000005 )
(             libc.so[0xCBBEB000])[C3 C2 A0 E1 ]0x0000D730:	ASR	IP, R3, #5	;(R3=0x00000005 )
(             libc.so[0xCBBEB000])[15 00 00 0A ]0x0000D734:	BEQ	#0XCBBF8790	;(PC=0xCBBF8734 )
(             libc.so[0xCBBEB000])[0C E1 81 E0 ]0x0000D738:	ADD	LR, R1, IP, LSL #2	;(R1=0xCBC372F0 IP=0x00000000 )
(             libc.so[0xCBBEB000])[04 C0 9E E5 ]0x0000D73C:	LDR	IP, [LR, #4]	;(LR=0xCBC372F0 )
(             libc.so[0xCBBEB000])[1F E0 03 E2 ]0x0000D740:	AND	LR, R3, #0X1F	;(R3=0x00000005 )
(             libc.so[0xCBBEB000])[3C 0E A0 E1 ]0x0000D744:	LSR	R0, IP, LR	;(IP=0x0000007F LR=0x00000005 )
(             libc.so[0xCBBEB000])[01 20 10 E2 ]0x0000D748:	ANDS	R2, R0, #1	;(R0=0x00000003 )
(             libc.so[0xCBBEB000])[F5 FF FF 1A ]0x0000D74C:	BNE	#0XCBBF8728	;(PC=0xCBBF874C )
(             libc.so[0xCBBEB000])[01 30 83 E2 ]0x0000D728:	ADD	R3, R3, #1	;(R3=0x00000005 )
(             libc.so[0xCBBEB000])[8C 00 53 E3 ]0x0000D72C:	CMP	R3, #0X8C	;(R3=0x00000006 )
(             libc.so[0xCBBEB000])[C3 C2 A0 E1 ]0x0000D730:	ASR	IP, R3, #5	;(R3=0x00000006 )
(             libc.so[0xCBBEB000])[15 00 00 0A ]0x0000D734:	BEQ	#0XCBBF8790	;(PC=0xCBBF8734 )
(             libc.so[0xCBBEB000])[0C E1 81 E0 ]0x0000D738:	ADD	LR, R1, IP, LSL #2	;(R1=0xCBC372F0 IP=0x00000000 )
(             libc.so[0xCBBEB000])[04 C0 9E E5 ]0x0000D73C:	LDR	IP, [LR, #4]	;(LR=0xCBC372F0 )
(             libc.so[0xCBBEB000])[1F E0 03 E2 ]0x0000D740:	AND	LR, R3, #0X1F	;(R3=0x00000006 )
(             libc.so[0xCBBEB000])[3C 0E A0 E1 ]0x0000D744:	LSR	R0, IP, LR	;(IP=0x0000007F LR=0x00000006 )
(             libc.so[0xCBBEB000])[01 20 10 E2 ]0x0000D748:	ANDS	R2, R0, #1	;(R0=0x00000001 )
(             libc.so[0xCBBEB000])[F5 FF FF 1A ]0x0000D74C:	BNE	#0XCBBF8728	;(PC=0xCBBF874C )
(             libc.so[0xCBBEB000])[01 30 83 E2 ]0x0000D728:	ADD	R3, R3, #1	;(R3=0x00000006 )
(             libc.so[0xCBBEB000])[8C 00 53 E3 ]0x0000D72C:	CMP	R3, #0X8C	;(R3=0x00000007 )
(             libc.so[0xCBBEB000])[C3 C2 A0 E1 ]0x0000D730:	ASR	IP, R3, #5	;(R3=0x00000007 )
(             libc.so[0xCBBEB000])[15 00 00 0A ]0x0000D734:	BEQ	#0XCBBF8790	;(PC=0xCBBF8734 )
(             libc.so[0xCBBEB000])[0C E1 81 E0 ]0x0000D738:	ADD	LR, R1, IP, LSL #2	;(R1=0xCBC372F0 IP=0x00000000 )
(             libc.so[0xCBBEB000])[04 C0 9E E5 ]0x0000D73C:	LDR	IP, [LR, #4]	;(LR=0xCBC372F0 )
(             libc.so[0xCBBEB000])[1F E0 03 E2 ]0x0000D740:	AND	LR, R3, #0X1F	;(R3=0x00000007 )
(             libc.so[0xCBBEB000])[3C 0E A0 E1 ]0x0000D744:	LSR	R0, IP, LR	;(IP=0x0000007F LR=0x00000007 )
(             libc.so[0xCBBEB000])[01 20 10 E2 ]0x0000D748:	ANDS	R2, R0, #1	;(R0=0x00000000 )
(             libc.so[0xCBBEB000])[F5 FF FF 1A ]0x0000D74C:	BNE	#0XCBBF8728	;(PC=0xCBBF874C )
(             libc.so[0xCBBEB000])[50 60 9F E5 ]0x0000D750:	LDR	R6, [PC, #0X50]	;(PC=0xCBBF8750 )
(             libc.so[0xCBBEB000])[C3 72 A0 E1 ]0x0000D754:	ASR	R7, R3, #5	;(R3=0x00000007 )
(             libc.so[0xCBBEB000])[06 10 8F E0 ]0x0000D758:	ADD	R1, PC, R6	;(PC=0xCBBF8758 R6=0x0003EB90 )
(             libc.so[0xCBBEB000])[06 60 83 E2 ]0x0000D75C:	ADD	R6, R3, #6	;(R3=0x00000007 )
(             libc.so[0xCBBEB000])[07 01 81 E0 ]0x0000D760:	ADD	R0, R1, R7, LSL #2	;(R1=0xCBC372F0 R7=0x00000000 )
(             libc.so[0xCBBEB000])[01 70 A0 E3 ]0x0000D764:	MOV	R7, #1
(             libc.so[0xCBBEB000])[06 51 81 E7 ]0x0000D768:	STR	R5, [R1, R6, LSL #2]	;(R5=0xCBBFDA4D R1=0xCBC372F0 R6=0x0000000D )
(             libc.so[0xCBBEB000])[02 50 A0 E1 ]0x0000D76C:	MOV	R5, R2	;(R2=0x00000000 )
(             libc.so[0xCBBEB000])[17 EE 8C E1 ]0x0000D770:	ORR	LR, IP, R7, LSL LR	;(IP=0x0000007F R7=0x00000001 )
(             libc.so[0xCBBEB000])[04 E0 80 E5 ]0x0000D774:	STR	LR, [R0, #4]	;(LR=0x000000FF R0=0xCBC372F0 )
(             libc.so[0xCBBEB000])[00 30 84 E5 ]0x0000D778:	STR	R3, [R4]	;(R3=0x00000007 R4=0xCBC39394 )
(             libc.so[0xCBBEB000])[28 20 9F E5 ]0x0000D77C:	LDR	R2, [PC, #0X28]	;(PC=0xCBBF877C )
(             libc.so[0xCBBEB000])[02 00 8F E0 ]0x0000D780:	ADD	R0, PC, R2	;(PC=0xCBBF8780 R2=0x0003EDB0 )
(             libc.so[0xCBBEB000])[55 04 00 EB ]0x0000D784:	BL	#0XCBBF98E0	;(PC=0xCBBF8784 )
(             libc.so[0xCBBEB000])[BE FF FF EA ]0x0000E8E0:	B	#0XCBBF97E0 ; pthread_mutex_unlock	;(PC=0xCBBF98E0 )
(             libc.so[0xCBBEB000])[70 40 2D E9 ]0x0000E7E0:	PUSH	{R4, R5, R6, LR}	;(SP=0x100FEA90 R4=0xCBC39394 R5=0x00000000 R6=0x0000000D LR=0xCBBF8788 )
(             libc.so[0xCBBEB000])[00 40 50 E2 ]0x0000E7E4:	SUBS	R4, R0, #0	;(R0=0xCBC37538 )
(             libc.so[0xCBBEB000])[08 D0 4D E2 ]0x0000E7E8:	SUB	SP, SP, #8	;(SP=0x100FEA80 )
(             libc.so[0xCBBEB000])[2B 00 00 0A ]0x0000E7EC:	BEQ	#0XCBBF98A0	;(PC=0xCBBF97EC )
(             libc.so[0xCBBEB000])[00 50 94 E5 ]0x0000E7F0:	LDR	R5, [R4]	;(R4=0xCBC37538 )
(             libc.so[0xCBBEB000])[03 69 15 E2 ]0x0000E7F4:	ANDS	R6, R5, #0XC000	;(R5=0x00000001 )
(             libc.so[0xCBBEB000])[02 1A 05 E2 ]0x0000E7F8:	AND	R1, R5, #0X2000	;(R5=0x00000001 )
(             libc.so[0xCBBEB000])[11 00 00 1A ]0x0000E7FC:	BNE	#0XCBBF9848	;(PC=0xCBBF97FC )
(             libc.so[0xCBBEB000])[5F F0 7F F5 ]0x0000E800:	DMB	SY
(             libc.so[0xCBBEB000])[9F 2F 94 E1 ]0x0000E804:	LDREX	R2, [R4]	;(R4=0xCBC37538 )
(             libc.so[0xCBBEB000])[01 30 42 E2 ]0x0000E808:	SUB	R3, R2, #1	;(R2=0x00000001 )
(             libc.so[0xCBBEB000])[93 5F 84 E1 ]0x0000E80C:	STREX	R5, R3, [R4]	;(R3=0x00000000 R4=0xCBC37538 )
(             libc.so[0xCBBEB000])[00 00 55 E3 ]0x0000E810:	CMP	R5, #0	;(R5=0x00000000 )
(             libc.so[0xCBBEB000])[FA FF FF 1A ]0x0000E814:	BNE	#0XCBBF9804	;(PC=0xCBBF9814 )
(             libc.so[0xCBBEB000])[01 C0 81 E3 ]0x0000E818:	ORR	IP, R1, #1	;(R1=0x00000000 )
(             libc.so[0xCBBEB000])[0C 00 52 E1 ]0x0000E81C:	CMP	R2, IP	;(R2=0x00000001 IP=0x00000001 )
(             libc.so[0xCBBEB000])[06 00 00 0A ]0x0000E820:	BEQ	#0XCBBF9840	;(PC=0xCBBF9820 )
(             libc.so[0xCBBEB000])[00 00 A0 E3 ]0x0000E840:	MOV	R0, #0
(             libc.so[0xCBBEB000])[FB FF FF EA ]0x0000E844:	B	#0XCBBF9838	;(PC=0xCBBF9844 )
(             libc.so[0xCBBEB000])[08 D0 8D E2 ]0x0000E838:	ADD	SP, SP, #8	;(SP=0x100FEA78 )
(             libc.so[0xCBBEB000])[70 80 BD E8 ]0x0000E83C:	POP	{R4, R5, R6, PC}	;(SP=0x100FEA80 )
(             libc.so[0xCBBEB000])[05 00 A0 E1 ]0x0000D788:	MOV	R0, R5	;(R5=0x00000000 )
(             libc.so[0xCBBEB000])[F8 80 BD E8 ]0x0000D78C:	POP	{R3, R4, R5, R6, R7, PC}	;(SP=0x100FEA90 )
(             libc.so[0xCBBEB000])[02 48       ]0x00012A64:	LDR	R0, [PC, #8]	;(PC=0xCBBFDA64 )
(             libc.so[0xCBBEB000])[03 49       ]0x00012A66:	LDR	R1, [PC, #0XC]	;(PC=0xCBBFDA66 )
(             libc.so[0xCBBEB000])[78 44       ]0x00012A68:	ADD	R0, PC	;(R0=0x0003B92C PC=0xCBBFDA68 )
(             libc.so[0xCBBEB000])[79 44       ]0x00012A6A:	ADD	R1, PC	;(R1=0xFFFFFFDB PC=0xCBBFDA6A )
(             libc.so[0xCBBEB000])[2A F0 5E BD ]0x00012A6C:	B.W	#0XCBC2852C
(             libc.so[0xCBBEB000])[78 47       ]0x0003D52C:	BX	PC	;(PC=0xCBC2852C )
(             libc.so[0xCBBEB000])[00 C0 9F E5 ]0x0003D530:	LDR	IP, [PC]	;(PC=0xCBC28530 )
(             libc.so[0xCBBEB000])[0F F0 8C E0 ]0x0003D534:	ADD	PC, IP, PC	;(IP=0xFFFD0178 PC=0xCBC28534 )
(             libc.so[0xCBBEB000])[F8 40 2D E9 ]0x0000D6B4:	PUSH	{R3, R4, R5, R6, R7, LR} ; pthread_key_create	;(SP=0x100FEAA8 R3=0x00000000 R4=0x00000000 R5=0x00000000 R6=0x00000000 R7=0x00000000 LR=0x03000000 )
(             libc.so[0xCBBEB000])[00 40 A0 E1 ]0x0000D6B8:	MOV	R4, R0	;(R0=0xCBC39398 )
(             libc.so[0xCBBEB000])[D4 00 9F E5 ]0x0000D6BC:	LDR	R0, [PC, #0XD4]	;(PC=0xCBBF86BC )
(             libc.so[0xCBBEB000])[01 50 A0 E1 ]0x0000D6C0:	MOV	R5, R1	;(R1=0xCBBFDA49 )
(             libc.so[0xCBBEB000])[00 00 8F E0 ]0x0000D6C4:	ADD	R0, PC, R0	;(PC=0xCBBF86C4 R0=0x0003EE6C )
(             libc.so[0xCBBEB000])[43 04 00 EB ]0x0000D6C8:	BL	#0XCBBF97DC	;(PC=0xCBBF86C8 )
(             libc.so[0xCBBEB000])[90 FF FF EA ]0x0000E7DC:	B	#0XCBBF9624 ; pthread_mutex_lock	;(PC=0xCBBF97DC )
(             libc.so[0xCBBEB000])[F0 41 2D E9 ]0x0000E624:	PUSH	{R4, R5, R6, R7, R8, LR}	;(SP=0x100FEA90 R4=0xCBC39398 R5=0xCBBFDA49 R6=0x00000000 R7=0x00000000 R8=0x00000000 LR=0xCBBF86CC )
(             libc.so[0xCBBEB000])[00 40 50 E2 ]0x0000E628:	SUBS	R4, R0, #0	;(R0=0xCBC37538 )
(             libc.so[0xCBBEB000])[1B 00 00 0A ]0x0000E62C:	BEQ	#0XCBBF96A0	;(PC=0xCBBF962C )
(             libc.so[0xCBBEB000])[00 50 94 E5 ]0x0000E630:	LDR	R5, [R4]	;(R4=0xCBC37538 )
(             libc.so[0xCBBEB000])[03 79 15 E2 ]0x0000E634:	ANDS	R7, R5, #0XC000	;(R5=0x00000000 )
(             libc.so[0xCBBEB000])[02 6A 05 E2 ]0x0000E638:	AND	R6, R5, #0X2000	;(R5=0x00000000 )
(             libc.so[0xCBBEB000])[19 00 00 1A ]0x0000E63C:	BNE	#0XCBBF96A8	;(PC=0xCBBF963C )
(             libc.so[0xCBBEB000])[01 00 86 E3 ]0x0000E640:	ORR	R0, R6, #1	;(R6=0x00000000 )
(             libc.so[0xCBBEB000])[9F 3F 94 E1 ]0x0000E644:	LDREX	R3, [R4]	;(R4=0xCBC37538 )
(             libc.so[0xCBBEB000])[00 10 A0 E3 ]0x0000E648:	MOV	R1, #0
(             libc.so[0xCBBEB000])[06 00 33 E1 ]0x0000E64C:	TEQ	R3, R6	;(R3=0x00000000 R6=0x00000000 )
(             libc.so[0xCBBEB000])[90 1F 84 01 ]0x0000E650:	STREXEQ	R1, R0, [R4]	;(R0=0x00000001 R4=0xCBC37538 )
(             libc.so[0xCBBEB000])[00 00 51 E3 ]0x0000E654:	CMP	R1, #0	;(R1=0x00000000 )
(             libc.so[0xCBBEB000])[F9 FF FF 1A ]0x0000E658:	BNE	#0XCBBF9644	;(PC=0xCBBF9658 )
(             libc.so[0xCBBEB000])[03 00 56 E1 ]0x0000E65C:	CMP	R6, R3	;(R6=0x00000000 R3=0x00000000 )
(             libc.so[0xCBBEB000])[02 50 86 13 ]0x0000E660:	ORRNE	R5, R6, #2	;(R6=0x00000000 )
(             libc.so[0xCBBEB000])[01 00 00 1A ]0x0000E664:	BNE	#0XCBBF9670	;(PC=0xCBBF9664 )
(             libc.so[0xCBBEB000])[09 00 00 EA ]0x0000E668:	B	#0XCBBF9694	;(PC=0xCBBF9668 )
(             libc.so[0xCBBEB000])[5F F0 7F F5 ]0x0000E694:	DMB	SY
(             libc.so[0xCBBEB000])[00 00 A0 E3 ]0x0000E698:	MOV	R0, #0
(             libc.so[0xCBBEB000])[F0 81 BD E8 ]0x0000E69C:	POP	{R4, R5, R6, R7, R8, PC}	;(SP=0x100FEA78 )
(             libc.so[0xCBBEB000])[C8 20 9F E5 ]0x0000D6CC:	LDR	R2, [PC, #0XC8]	;(PC=0xCBBF86CC )
(             libc.so[0xCBBEB000])[02 10 8F E0 ]0x0000D6D0:	ADD	R1, PC, R2	;(PC=0xCBBF86D0 R2=0x0003EC18 )
(             libc.so[0xCBBEB000])[00 30 D1 E5 ]0x0000D6D4:	LDRB	R3, [R1]	;(R1=0xCBC372F0 )
(             libc.so[0xCBBEB000])[04 C0 91 E5 ]0x0000D6D8:	LDR	IP, [R1, #4]	;(R1=0xCBC372F0 )
(             libc.so[0xCBBEB000])[00 00 53 E3 ]0x0000D6DC:	CMP	R3, #0	;(R3=0x00000001 )
(             libc.so[0xCBBEB000])[0C 00 00 1A ]0x0000D6E0:	BNE	#0XCBBF8718	;(PC=0xCBBF86E0 )
(             libc.so[0xCBBEB000])[84 20 9F E5 ]0x0000D718:	LDR	R2, [PC, #0X84]	;(PC=0xCBBF8718 )
(             libc.so[0xCBBEB000])[00 30 A0 E3 ]0x0000D71C:	MOV	R3, #0
(             libc.so[0xCBBEB000])[02 10 8F E0 ]0x0000D720:	ADD	R1, PC, R2	;(PC=0xCBBF8720 R2=0x0003EBC8 )
(             libc.so[0xCBBEB000])[05 00 00 EA ]0x0000D724:	B	#0XCBBF8740	;(PC=0xCBBF8724 )
(             libc.so[0xCBBEB000])[1F E0 03 E2 ]0x0000D740:	AND	LR, R3, #0X1F	;(R3=0x00000000 )
(             libc.so[0xCBBEB000])[3C 0E A0 E1 ]0x0000D744:	LSR	R0, IP, LR	;(IP=0x000000FF LR=0x00000000 )
(             libc.so[0xCBBEB000])[01 20 10 E2 ]0x0000D748:	ANDS	R2, R0, #1	;(R0=0x000000FF )
(             libc.so[0xCBBEB000])[F5 FF FF 1A ]0x0000D74C:	BNE	#0XCBBF8728	;(PC=0xCBBF874C )
(             libc.so[0xCBBEB000])[01 30 83 E2 ]0x0000D728:	ADD	R3, R3, #1	;(R3=0x00000000 )
(             libc.so[0xCBBEB000])[8C 00 53 E3 ]0x0000D72C:	CMP	R3, #0X8C	;(R3=0x00000001 )
(             libc.so[0xCBBEB000])[C3 C2 A0 E1 ]0x0000D730:	ASR	IP, R3, #5	;(R3=0x00000001 )
(             libc.so[0xCBBEB000])[15 00 00 0A ]0x0000D734:	BEQ	#0XCBBF8790	;(PC=0xCBBF8734 )
(             libc.so[0xCBBEB000])[0C E1 81 E0 ]0x0000D738:	ADD	LR, R1, IP, LSL #2	;(R1=0xCBC372F0 IP=0x00000000 )
(             libc.so[0xCBBEB000])[04 C0 9E E5 ]0x0000D73C:	LDR	IP, [LR, #4]	;(LR=0xCBC372F0 )
(             libc.so[0xCBBEB000])[1F E0 03 E2 ]0x0000D740:	AND	LR, R3, #0X1F	;(R3=0x00000001 )
(             libc.so[0xCBBEB000])[3C 0E A0 E1 ]0x0000D744:	LSR	R0, IP, LR	;(IP=0x000000FF LR=0x00000001 )
(             libc.so[0xCBBEB000])[01 20 10 E2 ]0x0000D748:	ANDS	R2, R0, #1	;(R0=0x0000007F )
(             libc.so[0xCBBEB000])[F5 FF FF 1A ]0x0000D74C:	BNE	#0XCBBF8728	;(PC=0xCBBF874C )
(             libc.so[0xCBBEB000])[01 30 83 E2 ]0x0000D728:	ADD	R3, R3, #1	;(R3=0x00000001 )
(             libc.so[0xCBBEB000])[8C 00 53 E3 ]0x0000D72C:	CMP	R3, #0X8C	;(R3=0x00000002 )
(             libc.so[0xCBBEB000])[C3 C2 A0 E1 ]0x0000D730:	ASR	IP, R3, #5	;(R3=0x00000002 )
(             libc.so[0xCBBEB000])[15 00 00 0A ]0x0000D734:	BEQ	#0XCBBF8790	;(PC=0xCBBF8734 )
(             libc.so[0xCBBEB000])[0C E1 81 E0 ]0x0000D738:	ADD	LR, R1, IP, LSL #2	;(R1=0xCBC372F0 IP=0x00000000 )
(             libc.so[0xCBBEB000])[04 C0 9E E5 ]0x0000D73C:	LDR	IP, [LR, #4]	;(LR=0xCBC372F0 )
(             libc.so[0xCBBEB000])[1F E0 03 E2 ]0x0000D740:	AND	LR, R3, #0X1F	;(R3=0x00000002 )
(             libc.so[0xCBBEB000])[3C 0E A0 E1 ]0x0000D744:	LSR	R0, IP, LR	;(IP=0x000000FF LR=0x00000002 )
(             libc.so[0xCBBEB000])[01 20 10 E2 ]0x0000D748:	ANDS	R2, R0, #1	;(R0=0x0000003F )
(             libc.so[0xCBBEB000])[F5 FF FF 1A ]0x0000D74C:	BNE	#0XCBBF8728	;(PC=0xCBBF874C )
(             libc.so[0xCBBEB000])[01 30 83 E2 ]0x0000D728:	ADD	R3, R3, #1	;(R3=0x00000002 )
(             libc.so[0xCBBEB000])[8C 00 53 E3 ]0x0000D72C:	CMP	R3, #0X8C	;(R3=0x00000003 )
(             libc.so[0xCBBEB000])[C3 C2 A0 E1 ]0x0000D730:	ASR	IP, R3, #5	;(R3=0x00000003 )
(             libc.so[0xCBBEB000])[15 00 00 0A ]0x0000D734:	BEQ	#0XCBBF8790	;(PC=0xCBBF8734 )
(             libc.so[0xCBBEB000])[0C E1 81 E0 ]0x0000D738:	ADD	LR, R1, IP, LSL #2	;(R1=0xCBC372F0 IP=0x00000000 )
(             libc.so[0xCBBEB000])[04 C0 9E E5 ]0x0000D73C:	LDR	IP, [LR, #4]	;(LR=0xCBC372F0 )
(             libc.so[0xCBBEB000])[1F E0 03 E2 ]0x0000D740:	AND	LR, R3, #0X1F	;(R3=0x00000003 )
(             libc.so[0xCBBEB000])[3C 0E A0 E1 ]0x0000D744:	LSR	R0, IP, LR	;(IP=0x000000FF LR=0x00000003 )
(             libc.so[0xCBBEB000])[01 20 10 E2 ]0x0000D748:	ANDS	R2, R0, #1	;(R0=0x0000001F )
(             libc.so[0xCBBEB000])[F5 FF FF 1A ]0x0000D74C:	BNE	#0XCBBF8728	;(PC=0xCBBF874C )
(             libc.so[0xCBBEB000])[01 30 83 E2 ]0x0000D728:	ADD	R3, R3, #1	;(R3=0x00000003 )
(             libc.so[0xCBBEB000])[8C 00 53 E3 ]0x0000D72C:	CMP	R3, #0X8C	;(R3=0x00000004 )
(             libc.so[0xCBBEB000])[C3 C2 A0 E1 ]0x0000D730:	ASR	IP, R3, #5	;(R3=0x00000004 )
(             libc.so[0xCBBEB000])[15 00 00 0A ]0x0000D734:	BEQ	#0XCBBF8790	;(PC=0xCBBF8734 )
(             libc.so[0xCBBEB000])[0C E1 81 E0 ]0x0000D738:	ADD	LR, R1, IP, LSL #2	;(R1=0xCBC372F0 IP=0x00000000 )
(             libc.so[0xCBBEB000])[04 C0 9E E5 ]0x0000D73C:	LDR	IP, [LR, #4]	;(LR=0xCBC372F0 )
(             libc.so[0xCBBEB000])[1F E0 03 E2 ]0x0000D740:	AND	LR, R3, #0X1F	;(R3=0x00000004 )
(             libc.so[0xCBBEB000])[3C 0E A0 E1 ]0x0000D744:	LSR	R0, IP, LR	;(IP=0x000000FF LR=0x00000004 )
(             libc.so[0xCBBEB000])[01 20 10 E2 ]0x0000D748:	ANDS	R2, R0, #1	;(R0=0x0000000F )
(             libc.so[0xCBBEB000])[F5 FF FF 1A ]0x0000D74C:	BNE	#0XCBBF8728	;(PC=0xCBBF874C )
(             libc.so[0xCBBEB000])[01 30 83 E2 ]0x0000D728:	ADD	R3, R3, #1	;(R3=0x00000004 )
(             libc.so[0xCBBEB000])[8C 00 53 E3 ]0x0000D72C:	CMP	R3, #0X8C	;(R3=0x00000005 )
(             libc.so[0xCBBEB000])[C3 C2 A0 E1 ]0x0000D730:	ASR	IP, R3, #5	;(R3=0x00000005 )
(             libc.so[0xCBBEB000])[15 00 00 0A ]0x0000D734:	BEQ	#0XCBBF8790	;(PC=0xCBBF8734 )
(             libc.so[0xCBBEB000])[0C E1 81 E0 ]0x0000D738:	ADD	LR, R1, IP, LSL #2	;(R1=0xCBC372F0 IP=0x00000000 )
(             libc.so[0xCBBEB000])[04 C0 9E E5 ]0x0000D73C:	LDR	IP, [LR, #4]	;(LR=0xCBC372F0 )
(             libc.so[0xCBBEB000])[1F E0 03 E2 ]0x0000D740:	AND	LR, R3, #0X1F	;(R3=0x00000005 )
(             libc.so[0xCBBEB000])[3C 0E A0 E1 ]0x0000D744:	LSR	R0, IP, LR	;(IP=0x000000FF LR=0x00000005 )
(             libc.so[0xCBBEB000])[01 20 10 E2 ]0x0000D748:	ANDS	R2, R0, #1	;(R0=0x00000007 )
(             libc.so[0xCBBEB000])[F5 FF FF 1A ]0x0000D74C:	BNE	#0XCBBF8728	;(PC=0xCBBF874C )
(             libc.so[0xCBBEB000])[01 30 83 E2 ]0x0000D728:	ADD	R3, R3, #1	;(R3=0x00000005 )
(             libc.so[0xCBBEB000])[8C 00 53 E3 ]0x0000D72C:	CMP	R3, #0X8C	;(R3=0x00000006 )
(             libc.so[0xCBBEB000])[C3 C2 A0 E1 ]0x0000D730:	ASR	IP, R3, #5	;(R3=0x00000006 )
(             libc.so[0xCBBEB000])[15 00 00 0A ]0x0000D734:	BEQ	#0XCBBF8790	;(PC=0xCBBF8734 )
(             libc.so[0xCBBEB000])[0C E1 81 E0 ]0x0000D738:	ADD	LR, R1, IP, LSL #2	;(R1=0xCBC372F0 IP=0x00000000 )
(             libc.so[0xCBBEB000])[04 C0 9E E5 ]0x0000D73C:	LDR	IP, [LR, #4]	;(LR=0xCBC372F0 )
(             libc.so[0xCBBEB000])[1F E0 03 E2 ]0x0000D740:	AND	LR, R3, #0X1F	;(R3=0x00000006 )
(             libc.so[0xCBBEB000])[3C 0E A0 E1 ]0x0000D744:	LSR	R0, IP, LR	;(IP=0x000000FF LR=0x00000006 )
(             libc.so[0xCBBEB000])[01 20 10 E2 ]0x0000D748:	ANDS	R2, R0, #1	;(R0=0x00000003 )
(             libc.so[0xCBBEB000])[F5 FF FF 1A ]0x0000D74C:	BNE	#0XCBBF8728	;(PC=0xCBBF874C )
(             libc.so[0xCBBEB000])[01 30 83 E2 ]0x0000D728:	ADD	R3, R3, #1	;(R3=0x00000006 )
(             libc.so[0xCBBEB000])[8C 00 53 E3 ]0x0000D72C:	CMP	R3, #0X8C	;(R3=0x00000007 )
(             libc.so[0xCBBEB000])[C3 C2 A0 E1 ]0x0000D730:	ASR	IP, R3, #5	;(R3=0x00000007 )
(             libc.so[0xCBBEB000])[15 00 00 0A ]0x0000D734:	BEQ	#0XCBBF8790	;(PC=0xCBBF8734 )
(             libc.so[0xCBBEB000])[0C E1 81 E0 ]0x0000D738:	ADD	LR, R1, IP, LSL #2	;(R1=0xCBC372F0 IP=0x00000000 )
(             libc.so[0xCBBEB000])[04 C0 9E E5 ]0x0000D73C:	LDR	IP, [LR, #4]	;(LR=0xCBC372F0 )
(             libc.so[0xCBBEB000])[1F E0 03 E2 ]0x0000D740:	AND	LR, R3, #0X1F	;(R3=0x00000007 )
(             libc.so[0xCBBEB000])[3C 0E A0 E1 ]0x0000D744:	LSR	R0, IP, LR	;(IP=0x000000FF LR=0x00000007 )
(             libc.so[0xCBBEB000])[01 20 10 E2 ]0x0000D748:	ANDS	R2, R0, #1	;(R0=0x00000001 )
(             libc.so[0xCBBEB000])[F5 FF FF 1A ]0x0000D74C:	BNE	#0XCBBF8728	;(PC=0xCBBF874C )
(             libc.so[0xCBBEB000])[01 30 83 E2 ]0x0000D728:	ADD	R3, R3, #1	;(R3=0x00000007 )
(             libc.so[0xCBBEB000])[8C 00 53 E3 ]0x0000D72C:	CMP	R3, #0X8C	;(R3=0x00000008 )
(             libc.so[0xCBBEB000])[C3 C2 A0 E1 ]0x0000D730:	ASR	IP, R3, #5	;(R3=0x00000008 )
(             libc.so[0xCBBEB000])[15 00 00 0A ]0x0000D734:	BEQ	#0XCBBF8790	;(PC=0xCBBF8734 )
(             libc.so[0xCBBEB000])[0C E1 81 E0 ]0x0000D738:	ADD	LR, R1, IP, LSL #2	;(R1=0xCBC372F0 IP=0x00000000 )
(             libc.so[0xCBBEB000])[04 C0 9E E5 ]0x0000D73C:	LDR	IP, [LR, #4]	;(LR=0xCBC372F0 )
(             libc.so[0xCBBEB000])[1F E0 03 E2 ]0x0000D740:	AND	LR, R3, #0X1F	;(R3=0x00000008 )
(             libc.so[0xCBBEB000])[3C 0E A0 E1 ]0x0000D744:	LSR	R0, IP, LR	;(IP=0x000000FF LR=0x00000008 )
(             libc.so[0xCBBEB000])[01 20 10 E2 ]0x0000D748:	ANDS	R2, R0, #1	;(R0=0x00000000 )
(             libc.so[0xCBBEB000])[F5 FF FF 1A ]0x0000D74C:	BNE	#0XCBBF8728	;(PC=0xCBBF874C )
(             libc.so[0xCBBEB000])[50 60 9F E5 ]0x0000D750:	LDR	R6, [PC, #0X50]	;(PC=0xCBBF8750 )
(             libc.so[0xCBBEB000])[C3 72 A0 E1 ]0x0000D754:	ASR	R7, R3, #5	;(R3=0x00000008 )
(             libc.so[0xCBBEB000])[06 10 8F E0 ]0x0000D758:	ADD	R1, PC, R6	;(PC=0xCBBF8758 R6=0x0003EB90 )
(             libc.so[0xCBBEB000])[06 60 83 E2 ]0x0000D75C:	ADD	R6, R3, #6	;(R3=0x00000008 )
(             libc.so[0xCBBEB000])[07 01 81 E0 ]0x0000D760:	ADD	R0, R1, R7, LSL #2	;(R1=0xCBC372F0 R7=0x00000000 )
(             libc.so[0xCBBEB000])[01 70 A0 E3 ]0x0000D764:	MOV	R7, #1
(             libc.so[0xCBBEB000])[06 51 81 E7 ]0x0000D768:	STR	R5, [R1, R6, LSL #2]	;(R5=0xCBBFDA49 R1=0xCBC372F0 R6=0x0000000E )
(             libc.so[0xCBBEB000])[02 50 A0 E1 ]0x0000D76C:	MOV	R5, R2	;(R2=0x00000000 )
(             libc.so[0xCBBEB000])[17 EE 8C E1 ]0x0000D770:	ORR	LR, IP, R7, LSL LR	;(IP=0x000000FF R7=0x00000001 )
(             libc.so[0xCBBEB000])[04 E0 80 E5 ]0x0000D774:	STR	LR, [R0, #4]	;(LR=0x000001FF R0=0xCBC372F0 )
(             libc.so[0xCBBEB000])[00 30 84 E5 ]0x0000D778:	STR	R3, [R4]	;(R3=0x00000008 R4=0xCBC39398 )
(             libc.so[0xCBBEB000])[28 20 9F E5 ]0x0000D77C:	LDR	R2, [PC, #0X28]	;(PC=0xCBBF877C )
(             libc.so[0xCBBEB000])[02 00 8F E0 ]0x0000D780:	ADD	R0, PC, R2	;(PC=0xCBBF8780 R2=0x0003EDB0 )
(             libc.so[0xCBBEB000])[55 04 00 EB ]0x0000D784:	BL	#0XCBBF98E0	;(PC=0xCBBF8784 )
(             libc.so[0xCBBEB000])[BE FF FF EA ]0x0000E8E0:	B	#0XCBBF97E0 ; pthread_mutex_unlock	;(PC=0xCBBF98E0 )
(             libc.so[0xCBBEB000])[70 40 2D E9 ]0x0000E7E0:	PUSH	{R4, R5, R6, LR}	;(SP=0x100FEA90 R4=0xCBC39398 R5=0x00000000 R6=0x0000000E LR=0xCBBF8788 )
(             libc.so[0xCBBEB000])[00 40 50 E2 ]0x0000E7E4:	SUBS	R4, R0, #0	;(R0=0xCBC37538 )
(             libc.so[0xCBBEB000])[08 D0 4D E2 ]0x0000E7E8:	SUB	SP, SP, #8	;(SP=0x100FEA80 )
(             libc.so[0xCBBEB000])[2B 00 00 0A ]0x0000E7EC:	BEQ	#0XCBBF98A0	;(PC=0xCBBF97EC )
(             libc.so[0xCBBEB000])[00 50 94 E5 ]0x0000E7F0:	LDR	R5, [R4]	;(R4=0xCBC37538 )
(             libc.so[0xCBBEB000])[03 69 15 E2 ]0x0000E7F4:	ANDS	R6, R5, #0XC000	;(R5=0x00000001 )
(             libc.so[0xCBBEB000])[02 1A 05 E2 ]0x0000E7F8:	AND	R1, R5, #0X2000	;(R5=0x00000001 )
(             libc.so[0xCBBEB000])[11 00 00 1A ]0x0000E7FC:	BNE	#0XCBBF9848	;(PC=0xCBBF97FC )
(             libc.so[0xCBBEB000])[5F F0 7F F5 ]0x0000E800:	DMB	SY
(             libc.so[0xCBBEB000])[9F 2F 94 E1 ]0x0000E804:	LDREX	R2, [R4]	;(R4=0xCBC37538 )
(             libc.so[0xCBBEB000])[01 30 42 E2 ]0x0000E808:	SUB	R3, R2, #1	;(R2=0x00000001 )
(             libc.so[0xCBBEB000])[93 5F 84 E1 ]0x0000E80C:	STREX	R5, R3, [R4]	;(R3=0x00000000 R4=0xCBC37538 )
(             libc.so[0xCBBEB000])[00 00 55 E3 ]0x0000E810:	CMP	R5, #0	;(R5=0x00000000 )
(             libc.so[0xCBBEB000])[FA FF FF 1A ]0x0000E814:	BNE	#0XCBBF9804	;(PC=0xCBBF9814 )
(             libc.so[0xCBBEB000])[01 C0 81 E3 ]0x0000E818:	ORR	IP, R1, #1	;(R1=0x00000000 )
(             libc.so[0xCBBEB000])[0C 00 52 E1 ]0x0000E81C:	CMP	R2, IP	;(R2=0x00000001 IP=0x00000001 )
(             libc.so[0xCBBEB000])[06 00 00 0A ]0x0000E820:	BEQ	#0XCBBF9840	;(PC=0xCBBF9820 )
(             libc.so[0xCBBEB000])[00 00 A0 E3 ]0x0000E840:	MOV	R0, #0
(             libc.so[0xCBBEB000])[FB FF FF EA ]0x0000E844:	B	#0XCBBF9838	;(PC=0xCBBF9844 )
(             libc.so[0xCBBEB000])[08 D0 8D E2 ]0x0000E838:	ADD	SP, SP, #8	;(SP=0x100FEA78 )
(             libc.so[0xCBBEB000])[70 80 BD E8 ]0x0000E83C:	POP	{R4, R5, R6, PC}	;(SP=0x100FEA80 )
(             libc.so[0xCBBEB000])[05 00 A0 E1 ]0x0000D788:	MOV	R0, R5	;(R5=0x00000000 )
(             libc.so[0xCBBEB000])[F8 80 BD E8 ]0x0000D78C:	POP	{R3, R4, R5, R6, R7, PC}	;(SP=0x100FEA90 )
(             libc.so[0xCBBEB000])[02 48       ]0x00013400:	LDR	R0, [PC, #8]	;(PC=0xCBBFE400 )
(             libc.so[0xCBBEB000])[03 49       ]0x00013402:	LDR	R1, [PC, #0XC]	;(PC=0xCBBFE402 )
(             libc.so[0xCBBEB000])[78 44       ]0x00013404:	ADD	R0, PC	;(R0=0x0003AFA0 PC=0xCBBFE404 )
(             libc.so[0xCBBEB000])[79 44       ]0x00013406:	ADD	R1, PC	;(R1=0xFFFFFFF1 PC=0xCBBFE406 )
(             libc.so[0xCBBEB000])[2A F0 90 B8 ]0x00013408:	B.W	#0XCBC2852C
(             libc.so[0xCBBEB000])[78 47       ]0x0003D52C:	BX	PC	;(PC=0xCBC2852C )
(             libc.so[0xCBBEB000])[00 C0 9F E5 ]0x0003D530:	LDR	IP, [PC]	;(PC=0xCBC28530 )
(             libc.so[0xCBBEB000])[0F F0 8C E0 ]0x0003D534:	ADD	PC, IP, PC	;(IP=0xFFFD0178 PC=0xCBC28534 )
(             libc.so[0xCBBEB000])[F8 40 2D E9 ]0x0000D6B4:	PUSH	{R3, R4, R5, R6, R7, LR} ; pthread_key_create	;(SP=0x100FEAA8 R3=0x00000000 R4=0x00000000 R5=0x00000000 R6=0x00000000 R7=0x00000000 LR=0x03000000 )
(             libc.so[0xCBBEB000])[00 40 A0 E1 ]0x0000D6B8:	MOV	R4, R0	;(R0=0xCBC393A8 )
(             libc.so[0xCBBEB000])[D4 00 9F E5 ]0x0000D6BC:	LDR	R0, [PC, #0XD4]	;(PC=0xCBBF86BC )
(             libc.so[0xCBBEB000])[01 50 A0 E1 ]0x0000D6C0:	MOV	R5, R1	;(R1=0xCBBFE3FB )
(             libc.so[0xCBBEB000])[00 00 8F E0 ]0x0000D6C4:	ADD	R0, PC, R0	;(PC=0xCBBF86C4 R0=0x0003EE6C )
(             libc.so[0xCBBEB000])[43 04 00 EB ]0x0000D6C8:	BL	#0XCBBF97DC	;(PC=0xCBBF86C8 )
(             libc.so[0xCBBEB000])[90 FF FF EA ]0x0000E7DC:	B	#0XCBBF9624 ; pthread_mutex_lock	;(PC=0xCBBF97DC )
(             libc.so[0xCBBEB000])[F0 41 2D E9 ]0x0000E624:	PUSH	{R4, R5, R6, R7, R8, LR}	;(SP=0x100FEA90 R4=0xCBC393A8 R5=0xCBBFE3FB R6=0x00000000 R7=0x00000000 R8=0x00000000 LR=0xCBBF86CC )
(             libc.so[0xCBBEB000])[00 40 50 E2 ]0x0000E628:	SUBS	R4, R0, #0	;(R0=0xCBC37538 )
(             libc.so[0xCBBEB000])[1B 00 00 0A ]0x0000E62C:	BEQ	#0XCBBF96A0	;(PC=0xCBBF962C )
(             libc.so[0xCBBEB000])[00 50 94 E5 ]0x0000E630:	LDR	R5, [R4]	;(R4=0xCBC37538 )
(             libc.so[0xCBBEB000])[03 79 15 E2 ]0x0000E634:	ANDS	R7, R5, #0XC000	;(R5=0x00000000 )
(             libc.so[0xCBBEB000])[02 6A 05 E2 ]0x0000E638:	AND	R6, R5, #0X2000	;(R5=0x00000000 )
(             libc.so[0xCBBEB000])[19 00 00 1A ]0x0000E63C:	BNE	#0XCBBF96A8	;(PC=0xCBBF963C )
(             libc.so[0xCBBEB000])[01 00 86 E3 ]0x0000E640:	ORR	R0, R6, #1	;(R6=0x00000000 )
(             libc.so[0xCBBEB000])[9F 3F 94 E1 ]0x0000E644:	LDREX	R3, [R4]	;(R4=0xCBC37538 )
(             libc.so[0xCBBEB000])[00 10 A0 E3 ]0x0000E648:	MOV	R1, #0
(             libc.so[0xCBBEB000])[06 00 33 E1 ]0x0000E64C:	TEQ	R3, R6	;(R3=0x00000000 R6=0x00000000 )
(             libc.so[0xCBBEB000])[90 1F 84 01 ]0x0000E650:	STREXEQ	R1, R0, [R4]	;(R0=0x00000001 R4=0xCBC37538 )
(             libc.so[0xCBBEB000])[00 00 51 E3 ]0x0000E654:	CMP	R1, #0	;(R1=0x00000000 )
(             libc.so[0xCBBEB000])[F9 FF FF 1A ]0x0000E658:	BNE	#0XCBBF9644	;(PC=0xCBBF9658 )
(             libc.so[0xCBBEB000])[03 00 56 E1 ]0x0000E65C:	CMP	R6, R3	;(R6=0x00000000 R3=0x00000000 )
(             libc.so[0xCBBEB000])[02 50 86 13 ]0x0000E660:	ORRNE	R5, R6, #2	;(R6=0x00000000 )
(             libc.so[0xCBBEB000])[01 00 00 1A ]0x0000E664:	BNE	#0XCBBF9670	;(PC=0xCBBF9664 )
(             libc.so[0xCBBEB000])[09 00 00 EA ]0x0000E668:	B	#0XCBBF9694	;(PC=0xCBBF9668 )
(             libc.so[0xCBBEB000])[5F F0 7F F5 ]0x0000E694:	DMB	SY
(             libc.so[0xCBBEB000])[00 00 A0 E3 ]0x0000E698:	MOV	R0, #0
(             libc.so[0xCBBEB000])[F0 81 BD E8 ]0x0000E69C:	POP	{R4, R5, R6, R7, R8, PC}	;(SP=0x100FEA78 )
(             libc.so[0xCBBEB000])[C8 20 9F E5 ]0x0000D6CC:	LDR	R2, [PC, #0XC8]	;(PC=0xCBBF86CC )
(             libc.so[0xCBBEB000])[02 10 8F E0 ]0x0000D6D0:	ADD	R1, PC, R2	;(PC=0xCBBF86D0 R2=0x0003EC18 )
(             libc.so[0xCBBEB000])[00 30 D1 E5 ]0x0000D6D4:	LDRB	R3, [R1]	;(R1=0xCBC372F0 )
(             libc.so[0xCBBEB000])[04 C0 91 E5 ]0x0000D6D8:	LDR	IP, [R1, #4]	;(R1=0xCBC372F0 )
(             libc.so[0xCBBEB000])[00 00 53 E3 ]0x0000D6DC:	CMP	R3, #0	;(R3=0x00000001 )
(             libc.so[0xCBBEB000])[0C 00 00 1A ]0x0000D6E0:	BNE	#0XCBBF8718	;(PC=0xCBBF86E0 )
(             libc.so[0xCBBEB000])[84 20 9F E5 ]0x0000D718:	LDR	R2, [PC, #0X84]	;(PC=0xCBBF8718 )
(             libc.so[0xCBBEB000])[00 30 A0 E3 ]0x0000D71C:	MOV	R3, #0
(             libc.so[0xCBBEB000])[02 10 8F E0 ]0x0000D720:	ADD	R1, PC, R2	;(PC=0xCBBF8720 R2=0x0003EBC8 )
(             libc.so[0xCBBEB000])[05 00 00 EA ]0x0000D724:	B	#0XCBBF8740	;(PC=0xCBBF8724 )
(             libc.so[0xCBBEB000])[1F E0 03 E2 ]0x0000D740:	AND	LR, R3, #0X1F	;(R3=0x00000000 )
(             libc.so[0xCBBEB000])[3C 0E A0 E1 ]0x0000D744:	LSR	R0, IP, LR	;(IP=0x000001FF LR=0x00000000 )
(             libc.so[0xCBBEB000])[01 20 10 E2 ]0x0000D748:	ANDS	R2, R0, #1	;(R0=0x000001FF )
(             libc.so[0xCBBEB000])[F5 FF FF 1A ]0x0000D74C:	BNE	#0XCBBF8728	;(PC=0xCBBF874C )
(             libc.so[0xCBBEB000])[01 30 83 E2 ]0x0000D728:	ADD	R3, R3, #1	;(R3=0x00000000 )
(             libc.so[0xCBBEB000])[8C 00 53 E3 ]0x0000D72C:	CMP	R3, #0X8C	;(R3=0x00000001 )
(             libc.so[0xCBBEB000])[C3 C2 A0 E1 ]0x0000D730:	ASR	IP, R3, #5	;(R3=0x00000001 )
(             libc.so[0xCBBEB000])[15 00 00 0A ]0x0000D734:	BEQ	#0XCBBF8790	;(PC=0xCBBF8734 )
(             libc.so[0xCBBEB000])[0C E1 81 E0 ]0x0000D738:	ADD	LR, R1, IP, LSL #2	;(R1=0xCBC372F0 IP=0x00000000 )
(             libc.so[0xCBBEB000])[04 C0 9E E5 ]0x0000D73C:	LDR	IP, [LR, #4]	;(LR=0xCBC372F0 )
(             libc.so[0xCBBEB000])[1F E0 03 E2 ]0x0000D740:	AND	LR, R3, #0X1F	;(R3=0x00000001 )
(             libc.so[0xCBBEB000])[3C 0E A0 E1 ]0x0000D744:	LSR	R0, IP, LR	;(IP=0x000001FF LR=0x00000001 )
(             libc.so[0xCBBEB000])[01 20 10 E2 ]0x0000D748:	ANDS	R2, R0, #1	;(R0=0x000000FF )
(             libc.so[0xCBBEB000])[F5 FF FF 1A ]0x0000D74C:	BNE	#0XCBBF8728	;(PC=0xCBBF874C )
(             libc.so[0xCBBEB000])[01 30 83 E2 ]0x0000D728:	ADD	R3, R3, #1	;(R3=0x00000001 )
(             libc.so[0xCBBEB000])[8C 00 53 E3 ]0x0000D72C:	CMP	R3, #0X8C	;(R3=0x00000002 )
(             libc.so[0xCBBEB000])[C3 C2 A0 E1 ]0x0000D730:	ASR	IP, R3, #5	;(R3=0x00000002 )
(             libc.so[0xCBBEB000])[15 00 00 0A ]0x0000D734:	BEQ	#0XCBBF8790	;(PC=0xCBBF8734 )
(             libc.so[0xCBBEB000])[0C E1 81 E0 ]0x0000D738:	ADD	LR, R1, IP, LSL #2	;(R1=0xCBC372F0 IP=0x00000000 )
(             libc.so[0xCBBEB000])[04 C0 9E E5 ]0x0000D73C:	LDR	IP, [LR, #4]	;(LR=0xCBC372F0 )
(             libc.so[0xCBBEB000])[1F E0 03 E2 ]0x0000D740:	AND	LR, R3, #0X1F	;(R3=0x00000002 )
(             libc.so[0xCBBEB000])[3C 0E A0 E1 ]0x0000D744:	LSR	R0, IP, LR	;(IP=0x000001FF LR=0x00000002 )
(             libc.so[0xCBBEB000])[01 20 10 E2 ]0x0000D748:	ANDS	R2, R0, #1	;(R0=0x0000007F )
(             libc.so[0xCBBEB000])[F5 FF FF 1A ]0x0000D74C:	BNE	#0XCBBF8728	;(PC=0xCBBF874C )
(             libc.so[0xCBBEB000])[01 30 83 E2 ]0x0000D728:	ADD	R3, R3, #1	;(R3=0x00000002 )
(             libc.so[0xCBBEB000])[8C 00 53 E3 ]0x0000D72C:	CMP	R3, #0X8C	;(R3=0x00000003 )
(             libc.so[0xCBBEB000])[C3 C2 A0 E1 ]0x0000D730:	ASR	IP, R3, #5	;(R3=0x00000003 )
(             libc.so[0xCBBEB000])[15 00 00 0A ]0x0000D734:	BEQ	#0XCBBF8790	;(PC=0xCBBF8734 )
(             libc.so[0xCBBEB000])[0C E1 81 E0 ]0x0000D738:	ADD	LR, R1, IP, LSL #2	;(R1=0xCBC372F0 IP=0x00000000 )
(             libc.so[0xCBBEB000])[04 C0 9E E5 ]0x0000D73C:	LDR	IP, [LR, #4]	;(LR=0xCBC372F0 )
(             libc.so[0xCBBEB000])[1F E0 03 E2 ]0x0000D740:	AND	LR, R3, #0X1F	;(R3=0x00000003 )
(             libc.so[0xCBBEB000])[3C 0E A0 E1 ]0x0000D744:	LSR	R0, IP, LR	;(IP=0x000001FF LR=0x00000003 )
(             libc.so[0xCBBEB000])[01 20 10 E2 ]0x0000D748:	ANDS	R2, R0, #1	;(R0=0x0000003F )
(             libc.so[0xCBBEB000])[F5 FF FF 1A ]0x0000D74C:	BNE	#0XCBBF8728	;(PC=0xCBBF874C )
(             libc.so[0xCBBEB000])[01 30 83 E2 ]0x0000D728:	ADD	R3, R3, #1	;(R3=0x00000003 )
(             libc.so[0xCBBEB000])[8C 00 53 E3 ]0x0000D72C:	CMP	R3, #0X8C	;(R3=0x00000004 )
(             libc.so[0xCBBEB000])[C3 C2 A0 E1 ]0x0000D730:	ASR	IP, R3, #5	;(R3=0x00000004 )
(             libc.so[0xCBBEB000])[15 00 00 0A ]0x0000D734:	BEQ	#0XCBBF8790	;(PC=0xCBBF8734 )
(             libc.so[0xCBBEB000])[0C E1 81 E0 ]0x0000D738:	ADD	LR, R1, IP, LSL #2	;(R1=0xCBC372F0 IP=0x00000000 )
(             libc.so[0xCBBEB000])[04 C0 9E E5 ]0x0000D73C:	LDR	IP, [LR, #4]	;(LR=0xCBC372F0 )
(             libc.so[0xCBBEB000])[1F E0 03 E2 ]0x0000D740:	AND	LR, R3, #0X1F	;(R3=0x00000004 )
(             libc.so[0xCBBEB000])[3C 0E A0 E1 ]0x0000D744:	LSR	R0, IP, LR	;(IP=0x000001FF LR=0x00000004 )
(             libc.so[0xCBBEB000])[01 20 10 E2 ]0x0000D748:	ANDS	R2, R0, #1	;(R0=0x0000001F )
(             libc.so[0xCBBEB000])[F5 FF FF 1A ]0x0000D74C:	BNE	#0XCBBF8728	;(PC=0xCBBF874C )
(             libc.so[0xCBBEB000])[01 30 83 E2 ]0x0000D728:	ADD	R3, R3, #1	;(R3=0x00000004 )
(             libc.so[0xCBBEB000])[8C 00 53 E3 ]0x0000D72C:	CMP	R3, #0X8C	;(R3=0x00000005 )
(             libc.so[0xCBBEB000])[C3 C2 A0 E1 ]0x0000D730:	ASR	IP, R3, #5	;(R3=0x00000005 )
(             libc.so[0xCBBEB000])[15 00 00 0A ]0x0000D734:	BEQ	#0XCBBF8790	;(PC=0xCBBF8734 )
(             libc.so[0xCBBEB000])[0C E1 81 E0 ]0x0000D738:	ADD	LR, R1, IP, LSL #2	;(R1=0xCBC372F0 IP=0x00000000 )
(             libc.so[0xCBBEB000])[04 C0 9E E5 ]0x0000D73C:	LDR	IP, [LR, #4]	;(LR=0xCBC372F0 )
(             libc.so[0xCBBEB000])[1F E0 03 E2 ]0x0000D740:	AND	LR, R3, #0X1F	;(R3=0x00000005 )
(             libc.so[0xCBBEB000])[3C 0E A0 E1 ]0x0000D744:	LSR	R0, IP, LR	;(IP=0x000001FF LR=0x00000005 )
(             libc.so[0xCBBEB000])[01 20 10 E2 ]0x0000D748:	ANDS	R2, R0, #1	;(R0=0x0000000F )
(             libc.so[0xCBBEB000])[F5 FF FF 1A ]0x0000D74C:	BNE	#0XCBBF8728	;(PC=0xCBBF874C )
(             libc.so[0xCBBEB000])[01 30 83 E2 ]0x0000D728:	ADD	R3, R3, #1	;(R3=0x00000005 )
(             libc.so[0xCBBEB000])[8C 00 53 E3 ]0x0000D72C:	CMP	R3, #0X8C	;(R3=0x00000006 )
(             libc.so[0xCBBEB000])[C3 C2 A0 E1 ]0x0000D730:	ASR	IP, R3, #5	;(R3=0x00000006 )
(             libc.so[0xCBBEB000])[15 00 00 0A ]0x0000D734:	BEQ	#0XCBBF8790	;(PC=0xCBBF8734 )
(             libc.so[0xCBBEB000])[0C E1 81 E0 ]0x0000D738:	ADD	LR, R1, IP, LSL #2	;(R1=0xCBC372F0 IP=0x00000000 )
(             libc.so[0xCBBEB000])[04 C0 9E E5 ]0x0000D73C:	LDR	IP, [LR, #4]	;(LR=0xCBC372F0 )
(             libc.so[0xCBBEB000])[1F E0 03 E2 ]0x0000D740:	AND	LR, R3, #0X1F	;(R3=0x00000006 )
(             libc.so[0xCBBEB000])[3C 0E A0 E1 ]0x0000D744:	LSR	R0, IP, LR	;(IP=0x000001FF LR=0x00000006 )
(             libc.so[0xCBBEB000])[01 20 10 E2 ]0x0000D748:	ANDS	R2, R0, #1	;(R0=0x00000007 )
(             libc.so[0xCBBEB000])[F5 FF FF 1A ]0x0000D74C:	BNE	#0XCBBF8728	;(PC=0xCBBF874C )
(             libc.so[0xCBBEB000])[01 30 83 E2 ]0x0000D728:	ADD	R3, R3, #1	;(R3=0x00000006 )
(             libc.so[0xCBBEB000])[8C 00 53 E3 ]0x0000D72C:	CMP	R3, #0X8C	;(R3=0x00000007 )
(             libc.so[0xCBBEB000])[C3 C2 A0 E1 ]0x0000D730:	ASR	IP, R3, #5	;(R3=0x00000007 )
(             libc.so[0xCBBEB000])[15 00 00 0A ]0x0000D734:	BEQ	#0XCBBF8790	;(PC=0xCBBF8734 )
(             libc.so[0xCBBEB000])[0C E1 81 E0 ]0x0000D738:	ADD	LR, R1, IP, LSL #2	;(R1=0xCBC372F0 IP=0x00000000 )
(             libc.so[0xCBBEB000])[04 C0 9E E5 ]0x0000D73C:	LDR	IP, [LR, #4]	;(LR=0xCBC372F0 )
(             libc.so[0xCBBEB000])[1F E0 03 E2 ]0x0000D740:	AND	LR, R3, #0X1F	;(R3=0x00000007 )
(             libc.so[0xCBBEB000])[3C 0E A0 E1 ]0x0000D744:	LSR	R0, IP, LR	;(IP=0x000001FF LR=0x00000007 )
(             libc.so[0xCBBEB000])[01 20 10 E2 ]0x0000D748:	ANDS	R2, R0, #1	;(R0=0x00000003 )
(             libc.so[0xCBBEB000])[F5 FF FF 1A ]0x0000D74C:	BNE	#0XCBBF8728	;(PC=0xCBBF874C )
(             libc.so[0xCBBEB000])[01 30 83 E2 ]0x0000D728:	ADD	R3, R3, #1	;(R3=0x00000007 )
(             libc.so[0xCBBEB000])[8C 00 53 E3 ]0x0000D72C:	CMP	R3, #0X8C	;(R3=0x00000008 )
(             libc.so[0xCBBEB000])[C3 C2 A0 E1 ]0x0000D730:	ASR	IP, R3, #5	;(R3=0x00000008 )
(             libc.so[0xCBBEB000])[15 00 00 0A ]0x0000D734:	BEQ	#0XCBBF8790	;(PC=0xCBBF8734 )
(             libc.so[0xCBBEB000])[0C E1 81 E0 ]0x0000D738:	ADD	LR, R1, IP, LSL #2	;(R1=0xCBC372F0 IP=0x00000000 )
(             libc.so[0xCBBEB000])[04 C0 9E E5 ]0x0000D73C:	LDR	IP, [LR, #4]	;(LR=0xCBC372F0 )
(             libc.so[0xCBBEB000])[1F E0 03 E2 ]0x0000D740:	AND	LR, R3, #0X1F	;(R3=0x00000008 )
(             libc.so[0xCBBEB000])[3C 0E A0 E1 ]0x0000D744:	LSR	R0, IP, LR	;(IP=0x000001FF LR=0x00000008 )
(             libc.so[0xCBBEB000])[01 20 10 E2 ]0x0000D748:	ANDS	R2, R0, #1	;(R0=0x00000001 )
(             libc.so[0xCBBEB000])[F5 FF FF 1A ]0x0000D74C:	BNE	#0XCBBF8728	;(PC=0xCBBF874C )
(             libc.so[0xCBBEB000])[01 30 83 E2 ]0x0000D728:	ADD	R3, R3, #1	;(R3=0x00000008 )
(             libc.so[0xCBBEB000])[8C 00 53 E3 ]0x0000D72C:	CMP	R3, #0X8C	;(R3=0x00000009 )
(             libc.so[0xCBBEB000])[C3 C2 A0 E1 ]0x0000D730:	ASR	IP, R3, #5	;(R3=0x00000009 )
(             libc.so[0xCBBEB000])[15 00 00 0A ]0x0000D734:	BEQ	#0XCBBF8790	;(PC=0xCBBF8734 )
(             libc.so[0xCBBEB000])[0C E1 81 E0 ]0x0000D738:	ADD	LR, R1, IP, LSL #2	;(R1=0xCBC372F0 IP=0x00000000 )
(             libc.so[0xCBBEB000])[04 C0 9E E5 ]0x0000D73C:	LDR	IP, [LR, #4]	;(LR=0xCBC372F0 )
(             libc.so[0xCBBEB000])[1F E0 03 E2 ]0x0000D740:	AND	LR, R3, #0X1F	;(R3=0x00000009 )
(             libc.so[0xCBBEB000])[3C 0E A0 E1 ]0x0000D744:	LSR	R0, IP, LR	;(IP=0x000001FF LR=0x00000009 )
(             libc.so[0xCBBEB000])[01 20 10 E2 ]0x0000D748:	ANDS	R2, R0, #1	;(R0=0x00000000 )
(             libc.so[0xCBBEB000])[F5 FF FF 1A ]0x0000D74C:	BNE	#0XCBBF8728	;(PC=0xCBBF874C )
(             libc.so[0xCBBEB000])[50 60 9F E5 ]0x0000D750:	LDR	R6, [PC, #0X50]	;(PC=0xCBBF8750 )
(             libc.so[0xCBBEB000])[C3 72 A0 E1 ]0x0000D754:	ASR	R7, R3, #5	;(R3=0x00000009 )
(             libc.so[0xCBBEB000])[06 10 8F E0 ]0x0000D758:	ADD	R1, PC, R6	;(PC=0xCBBF8758 R6=0x0003EB90 )
(             libc.so[0xCBBEB000])[06 60 83 E2 ]0x0000D75C:	ADD	R6, R3, #6	;(R3=0x00000009 )
(             libc.so[0xCBBEB000])[07 01 81 E0 ]0x0000D760:	ADD	R0, R1, R7, LSL #2	;(R1=0xCBC372F0 R7=0x00000000 )
(             libc.so[0xCBBEB000])[01 70 A0 E3 ]0x0000D764:	MOV	R7, #1
(             libc.so[0xCBBEB000])[06 51 81 E7 ]0x0000D768:	STR	R5, [R1, R6, LSL #2]	;(R5=0xCBBFE3FB R1=0xCBC372F0 R6=0x0000000F )
(             libc.so[0xCBBEB000])[02 50 A0 E1 ]0x0000D76C:	MOV	R5, R2	;(R2=0x00000000 )
(             libc.so[0xCBBEB000])[17 EE 8C E1 ]0x0000D770:	ORR	LR, IP, R7, LSL LR	;(IP=0x000001FF R7=0x00000001 )
(             libc.so[0xCBBEB000])[04 E0 80 E5 ]0x0000D774:	STR	LR, [R0, #4]	;(LR=0x000003FF R0=0xCBC372F0 )
(             libc.so[0xCBBEB000])[00 30 84 E5 ]0x0000D778:	STR	R3, [R4]	;(R3=0x00000009 R4=0xCBC393A8 )
(             libc.so[0xCBBEB000])[28 20 9F E5 ]0x0000D77C:	LDR	R2, [PC, #0X28]	;(PC=0xCBBF877C )
(             libc.so[0xCBBEB000])[02 00 8F E0 ]0x0000D780:	ADD	R0, PC, R2	;(PC=0xCBBF8780 R2=0x0003EDB0 )
(             libc.so[0xCBBEB000])[55 04 00 EB ]0x0000D784:	BL	#0XCBBF98E0	;(PC=0xCBBF8784 )
(             libc.so[0xCBBEB000])[BE FF FF EA ]0x0000E8E0:	B	#0XCBBF97E0 ; pthread_mutex_unlock	;(PC=0xCBBF98E0 )
(             libc.so[0xCBBEB000])[70 40 2D E9 ]0x0000E7E0:	PUSH	{R4, R5, R6, LR}	;(SP=0x100FEA90 R4=0xCBC393A8 R5=0x00000000 R6=0x0000000F LR=0xCBBF8788 )
(             libc.so[0xCBBEB000])[00 40 50 E2 ]0x0000E7E4:	SUBS	R4, R0, #0	;(R0=0xCBC37538 )
(             libc.so[0xCBBEB000])[08 D0 4D E2 ]0x0000E7E8:	SUB	SP, SP, #8	;(SP=0x100FEA80 )
(             libc.so[0xCBBEB000])[2B 00 00 0A ]0x0000E7EC:	BEQ	#0XCBBF98A0	;(PC=0xCBBF97EC )
(             libc.so[0xCBBEB000])[00 50 94 E5 ]0x0000E7F0:	LDR	R5, [R4]	;(R4=0xCBC37538 )
(             libc.so[0xCBBEB000])[03 69 15 E2 ]0x0000E7F4:	ANDS	R6, R5, #0XC000	;(R5=0x00000001 )
(             libc.so[0xCBBEB000])[02 1A 05 E2 ]0x0000E7F8:	AND	R1, R5, #0X2000	;(R5=0x00000001 )
(             libc.so[0xCBBEB000])[11 00 00 1A ]0x0000E7FC:	BNE	#0XCBBF9848	;(PC=0xCBBF97FC )
(             libc.so[0xCBBEB000])[5F F0 7F F5 ]0x0000E800:	DMB	SY
(             libc.so[0xCBBEB000])[9F 2F 94 E1 ]0x0000E804:	LDREX	R2, [R4]	;(R4=0xCBC37538 )
(             libc.so[0xCBBEB000])[01 30 42 E2 ]0x0000E808:	SUB	R3, R2, #1	;(R2=0x00000001 )
(             libc.so[0xCBBEB000])[93 5F 84 E1 ]0x0000E80C:	STREX	R5, R3, [R4]	;(R3=0x00000000 R4=0xCBC37538 )
(             libc.so[0xCBBEB000])[00 00 55 E3 ]0x0000E810:	CMP	R5, #0	;(R5=0x00000000 )
(             libc.so[0xCBBEB000])[FA FF FF 1A ]0x0000E814:	BNE	#0XCBBF9804	;(PC=0xCBBF9814 )
(             libc.so[0xCBBEB000])[01 C0 81 E3 ]0x0000E818:	ORR	IP, R1, #1	;(R1=0x00000000 )
(             libc.so[0xCBBEB000])[0C 00 52 E1 ]0x0000E81C:	CMP	R2, IP	;(R2=0x00000001 IP=0x00000001 )
(             libc.so[0xCBBEB000])[06 00 00 0A ]0x0000E820:	BEQ	#0XCBBF9840	;(PC=0xCBBF9820 )
(             libc.so[0xCBBEB000])[00 00 A0 E3 ]0x0000E840:	MOV	R0, #0
(             libc.so[0xCBBEB000])[FB FF FF EA ]0x0000E844:	B	#0XCBBF9838	;(PC=0xCBBF9844 )
(             libc.so[0xCBBEB000])[08 D0 8D E2 ]0x0000E838:	ADD	SP, SP, #8	;(SP=0x100FEA78 )
(             libc.so[0xCBBEB000])[70 80 BD E8 ]0x0000E83C:	POP	{R4, R5, R6, PC}	;(SP=0x100FEA80 )
(             libc.so[0xCBBEB000])[05 00 A0 E1 ]0x0000D788:	MOV	R0, R5	;(R5=0x00000000 )
(             libc.so[0xCBBEB000])[F8 80 BD E8 ]0x0000D78C:	POP	{R3, R4, R5, R6, R7, PC}	;(SP=0x100FEA90 )
(             libc.so[0xCBBEB000])[02 48       ]0x00013538:	LDR	R0, [PC, #8]	;(PC=0xCBBFE538 )
(             libc.so[0xCBBEB000])[03 49       ]0x0001353A:	LDR	R1, [PC, #0XC]	;(PC=0xCBBFE53A )
(             libc.so[0xCBBEB000])[78 44       ]0x0001353C:	ADD	R0, PC	;(R0=0x0003AE6C PC=0xCBBFE53C )
(             libc.so[0xCBBEB000])[79 44       ]0x0001353E:	ADD	R1, PC	;(R1=0xFFFFFFF3 PC=0xCBBFE53E )
(             libc.so[0xCBBEB000])[29 F0 F4 BF ]0x00013540:	B.W	#0XCBC2852C
(             libc.so[0xCBBEB000])[78 47       ]0x0003D52C:	BX	PC	;(PC=0xCBC2852C )
(             libc.so[0xCBBEB000])[00 C0 9F E5 ]0x0003D530:	LDR	IP, [PC]	;(PC=0xCBC28530 )
(             libc.so[0xCBBEB000])[0F F0 8C E0 ]0x0003D534:	ADD	PC, IP, PC	;(IP=0xFFFD0178 PC=0xCBC28534 )
(             libc.so[0xCBBEB000])[F8 40 2D E9 ]0x0000D6B4:	PUSH	{R3, R4, R5, R6, R7, LR} ; pthread_key_create	;(SP=0x100FEAA8 R3=0x00000000 R4=0x00000000 R5=0x00000000 R6=0x00000000 R7=0x00000000 LR=0x03000000 )
(             libc.so[0xCBBEB000])[00 40 A0 E1 ]0x0000D6B8:	MOV	R4, R0	;(R0=0xCBC393AC )
(             libc.so[0xCBBEB000])[D4 00 9F E5 ]0x0000D6BC:	LDR	R0, [PC, #0XD4]	;(PC=0xCBBF86BC )
(             libc.so[0xCBBEB000])[01 50 A0 E1 ]0x0000D6C0:	MOV	R5, R1	;(R1=0xCBBFE535 )
(             libc.so[0xCBBEB000])[00 00 8F E0 ]0x0000D6C4:	ADD	R0, PC, R0	;(PC=0xCBBF86C4 R0=0x0003EE6C )
(             libc.so[0xCBBEB000])[43 04 00 EB ]0x0000D6C8:	BL	#0XCBBF97DC	;(PC=0xCBBF86C8 )
(             libc.so[0xCBBEB000])[90 FF FF EA ]0x0000E7DC:	B	#0XCBBF9624 ; pthread_mutex_lock	;(PC=0xCBBF97DC )
(             libc.so[0xCBBEB000])[F0 41 2D E9 ]0x0000E624:	PUSH	{R4, R5, R6, R7, R8, LR}	;(SP=0x100FEA90 R4=0xCBC393AC R5=0xCBBFE535 R6=0x00000000 R7=0x00000000 R8=0x00000000 LR=0xCBBF86CC )
(             libc.so[0xCBBEB000])[00 40 50 E2 ]0x0000E628:	SUBS	R4, R0, #0	;(R0=0xCBC37538 )
(             libc.so[0xCBBEB000])[1B 00 00 0A ]0x0000E62C:	BEQ	#0XCBBF96A0	;(PC=0xCBBF962C )
(             libc.so[0xCBBEB000])[00 50 94 E5 ]0x0000E630:	LDR	R5, [R4]	;(R4=0xCBC37538 )
(             libc.so[0xCBBEB000])[03 79 15 E2 ]0x0000E634:	ANDS	R7, R5, #0XC000	;(R5=0x00000000 )
(             libc.so[0xCBBEB000])[02 6A 05 E2 ]0x0000E638:	AND	R6, R5, #0X2000	;(R5=0x00000000 )
(             libc.so[0xCBBEB000])[19 00 00 1A ]0x0000E63C:	BNE	#0XCBBF96A8	;(PC=0xCBBF963C )
(             libc.so[0xCBBEB000])[01 00 86 E3 ]0x0000E640:	ORR	R0, R6, #1	;(R6=0x00000000 )
(             libc.so[0xCBBEB000])[9F 3F 94 E1 ]0x0000E644:	LDREX	R3, [R4]	;(R4=0xCBC37538 )
(             libc.so[0xCBBEB000])[00 10 A0 E3 ]0x0000E648:	MOV	R1, #0
(             libc.so[0xCBBEB000])[06 00 33 E1 ]0x0000E64C:	TEQ	R3, R6	;(R3=0x00000000 R6=0x00000000 )
(             libc.so[0xCBBEB000])[90 1F 84 01 ]0x0000E650:	STREXEQ	R1, R0, [R4]	;(R0=0x00000001 R4=0xCBC37538 )
(             libc.so[0xCBBEB000])[00 00 51 E3 ]0x0000E654:	CMP	R1, #0	;(R1=0x00000000 )
(             libc.so[0xCBBEB000])[F9 FF FF 1A ]0x0000E658:	BNE	#0XCBBF9644	;(PC=0xCBBF9658 )
(             libc.so[0xCBBEB000])[03 00 56 E1 ]0x0000E65C:	CMP	R6, R3	;(R6=0x00000000 R3=0x00000000 )
(             libc.so[0xCBBEB000])[02 50 86 13 ]0x0000E660:	ORRNE	R5, R6, #2	;(R6=0x00000000 )
(             libc.so[0xCBBEB000])[01 00 00 1A ]0x0000E664:	BNE	#0XCBBF9670	;(PC=0xCBBF9664 )
(             libc.so[0xCBBEB000])[09 00 00 EA ]0x0000E668:	B	#0XCBBF9694	;(PC=0xCBBF9668 )
(             libc.so[0xCBBEB000])[5F F0 7F F5 ]0x0000E694:	DMB	SY
(             libc.so[0xCBBEB000])[00 00 A0 E3 ]0x0000E698:	MOV	R0, #0
(             libc.so[0xCBBEB000])[F0 81 BD E8 ]0x0000E69C:	POP	{R4, R5, R6, R7, R8, PC}	;(SP=0x100FEA78 )
(             libc.so[0xCBBEB000])[C8 20 9F E5 ]0x0000D6CC:	LDR	R2, [PC, #0XC8]	;(PC=0xCBBF86CC )
(             libc.so[0xCBBEB000])[02 10 8F E0 ]0x0000D6D0:	ADD	R1, PC, R2	;(PC=0xCBBF86D0 R2=0x0003EC18 )
(             libc.so[0xCBBEB000])[00 30 D1 E5 ]0x0000D6D4:	LDRB	R3, [R1]	;(R1=0xCBC372F0 )
(             libc.so[0xCBBEB000])[04 C0 91 E5 ]0x0000D6D8:	LDR	IP, [R1, #4]	;(R1=0xCBC372F0 )
(             libc.so[0xCBBEB000])[00 00 53 E3 ]0x0000D6DC:	CMP	R3, #0	;(R3=0x00000001 )
(             libc.so[0xCBBEB000])[0C 00 00 1A ]0x0000D6E0:	BNE	#0XCBBF8718	;(PC=0xCBBF86E0 )
(             libc.so[0xCBBEB000])[84 20 9F E5 ]0x0000D718:	LDR	R2, [PC, #0X84]	;(PC=0xCBBF8718 )
(             libc.so[0xCBBEB000])[00 30 A0 E3 ]0x0000D71C:	MOV	R3, #0
(             libc.so[0xCBBEB000])[02 10 8F E0 ]0x0000D720:	ADD	R1, PC, R2	;(PC=0xCBBF8720 R2=0x0003EBC8 )
(             libc.so[0xCBBEB000])[05 00 00 EA ]0x0000D724:	B	#0XCBBF8740	;(PC=0xCBBF8724 )
(             libc.so[0xCBBEB000])[1F E0 03 E2 ]0x0000D740:	AND	LR, R3, #0X1F	;(R3=0x00000000 )
(             libc.so[0xCBBEB000])[3C 0E A0 E1 ]0x0000D744:	LSR	R0, IP, LR	;(IP=0x000003FF LR=0x00000000 )
(             libc.so[0xCBBEB000])[01 20 10 E2 ]0x0000D748:	ANDS	R2, R0, #1	;(R0=0x000003FF )
(             libc.so[0xCBBEB000])[F5 FF FF 1A ]0x0000D74C:	BNE	#0XCBBF8728	;(PC=0xCBBF874C )
(             libc.so[0xCBBEB000])[01 30 83 E2 ]0x0000D728:	ADD	R3, R3, #1	;(R3=0x00000000 )
(             libc.so[0xCBBEB000])[8C 00 53 E3 ]0x0000D72C:	CMP	R3, #0X8C	;(R3=0x00000001 )
(             libc.so[0xCBBEB000])[C3 C2 A0 E1 ]0x0000D730:	ASR	IP, R3, #5	;(R3=0x00000001 )
(             libc.so[0xCBBEB000])[15 00 00 0A ]0x0000D734:	BEQ	#0XCBBF8790	;(PC=0xCBBF8734 )
(             libc.so[0xCBBEB000])[0C E1 81 E0 ]0x0000D738:	ADD	LR, R1, IP, LSL #2	;(R1=0xCBC372F0 IP=0x00000000 )
(             libc.so[0xCBBEB000])[04 C0 9E E5 ]0x0000D73C:	LDR	IP, [LR, #4]	;(LR=0xCBC372F0 )
(             libc.so[0xCBBEB000])[1F E0 03 E2 ]0x0000D740:	AND	LR, R3, #0X1F	;(R3=0x00000001 )
(             libc.so[0xCBBEB000])[3C 0E A0 E1 ]0x0000D744:	LSR	R0, IP, LR	;(IP=0x000003FF LR=0x00000001 )
(             libc.so[0xCBBEB000])[01 20 10 E2 ]0x0000D748:	ANDS	R2, R0, #1	;(R0=0x000001FF )
(             libc.so[0xCBBEB000])[F5 FF FF 1A ]0x0000D74C:	BNE	#0XCBBF8728	;(PC=0xCBBF874C )
(             libc.so[0xCBBEB000])[01 30 83 E2 ]0x0000D728:	ADD	R3, R3, #1	;(R3=0x00000001 )
(             libc.so[0xCBBEB000])[8C 00 53 E3 ]0x0000D72C:	CMP	R3, #0X8C	;(R3=0x00000002 )
(             libc.so[0xCBBEB000])[C3 C2 A0 E1 ]0x0000D730:	ASR	IP, R3, #5	;(R3=0x00000002 )
(             libc.so[0xCBBEB000])[15 00 00 0A ]0x0000D734:	BEQ	#0XCBBF8790	;(PC=0xCBBF8734 )
(             libc.so[0xCBBEB000])[0C E1 81 E0 ]0x0000D738:	ADD	LR, R1, IP, LSL #2	;(R1=0xCBC372F0 IP=0x00000000 )
(             libc.so[0xCBBEB000])[04 C0 9E E5 ]0x0000D73C:	LDR	IP, [LR, #4]	;(LR=0xCBC372F0 )
(             libc.so[0xCBBEB000])[1F E0 03 E2 ]0x0000D740:	AND	LR, R3, #0X1F	;(R3=0x00000002 )
(             libc.so[0xCBBEB000])[3C 0E A0 E1 ]0x0000D744:	LSR	R0, IP, LR	;(IP=0x000003FF LR=0x00000002 )
(             libc.so[0xCBBEB000])[01 20 10 E2 ]0x0000D748:	ANDS	R2, R0, #1	;(R0=0x000000FF )
(             libc.so[0xCBBEB000])[F5 FF FF 1A ]0x0000D74C:	BNE	#0XCBBF8728	;(PC=0xCBBF874C )
(             libc.so[0xCBBEB000])[01 30 83 E2 ]0x0000D728:	ADD	R3, R3, #1	;(R3=0x00000002 )
(             libc.so[0xCBBEB000])[8C 00 53 E3 ]0x0000D72C:	CMP	R3, #0X8C	;(R3=0x00000003 )
(             libc.so[0xCBBEB000])[C3 C2 A0 E1 ]0x0000D730:	ASR	IP, R3, #5	;(R3=0x00000003 )
(             libc.so[0xCBBEB000])[15 00 00 0A ]0x0000D734:	BEQ	#0XCBBF8790	;(PC=0xCBBF8734 )
(             libc.so[0xCBBEB000])[0C E1 81 E0 ]0x0000D738:	ADD	LR, R1, IP, LSL #2	;(R1=0xCBC372F0 IP=0x00000000 )
(             libc.so[0xCBBEB000])[04 C0 9E E5 ]0x0000D73C:	LDR	IP, [LR, #4]	;(LR=0xCBC372F0 )
(             libc.so[0xCBBEB000])[1F E0 03 E2 ]0x0000D740:	AND	LR, R3, #0X1F	;(R3=0x00000003 )
(             libc.so[0xCBBEB000])[3C 0E A0 E1 ]0x0000D744:	LSR	R0, IP, LR	;(IP=0x000003FF LR=0x00000003 )
(             libc.so[0xCBBEB000])[01 20 10 E2 ]0x0000D748:	ANDS	R2, R0, #1	;(R0=0x0000007F )
(             libc.so[0xCBBEB000])[F5 FF FF 1A ]0x0000D74C:	BNE	#0XCBBF8728	;(PC=0xCBBF874C )
(             libc.so[0xCBBEB000])[01 30 83 E2 ]0x0000D728:	ADD	R3, R3, #1	;(R3=0x00000003 )
(             libc.so[0xCBBEB000])[8C 00 53 E3 ]0x0000D72C:	CMP	R3, #0X8C	;(R3=0x00000004 )
(             libc.so[0xCBBEB000])[C3 C2 A0 E1 ]0x0000D730:	ASR	IP, R3, #5	;(R3=0x00000004 )
(             libc.so[0xCBBEB000])[15 00 00 0A ]0x0000D734:	BEQ	#0XCBBF8790	;(PC=0xCBBF8734 )
(             libc.so[0xCBBEB000])[0C E1 81 E0 ]0x0000D738:	ADD	LR, R1, IP, LSL #2	;(R1=0xCBC372F0 IP=0x00000000 )
(             libc.so[0xCBBEB000])[04 C0 9E E5 ]0x0000D73C:	LDR	IP, [LR, #4]	;(LR=0xCBC372F0 )
(             libc.so[0xCBBEB000])[1F E0 03 E2 ]0x0000D740:	AND	LR, R3, #0X1F	;(R3=0x00000004 )
(             libc.so[0xCBBEB000])[3C 0E A0 E1 ]0x0000D744:	LSR	R0, IP, LR	;(IP=0x000003FF LR=0x00000004 )
(             libc.so[0xCBBEB000])[01 20 10 E2 ]0x0000D748:	ANDS	R2, R0, #1	;(R0=0x0000003F )
(             libc.so[0xCBBEB000])[F5 FF FF 1A ]0x0000D74C:	BNE	#0XCBBF8728	;(PC=0xCBBF874C )
(             libc.so[0xCBBEB000])[01 30 83 E2 ]0x0000D728:	ADD	R3, R3, #1	;(R3=0x00000004 )
(             libc.so[0xCBBEB000])[8C 00 53 E3 ]0x0000D72C:	CMP	R3, #0X8C	;(R3=0x00000005 )
(             libc.so[0xCBBEB000])[C3 C2 A0 E1 ]0x0000D730:	ASR	IP, R3, #5	;(R3=0x00000005 )
(             libc.so[0xCBBEB000])[15 00 00 0A ]0x0000D734:	BEQ	#0XCBBF8790	;(PC=0xCBBF8734 )
(             libc.so[0xCBBEB000])[0C E1 81 E0 ]0x0000D738:	ADD	LR, R1, IP, LSL #2	;(R1=0xCBC372F0 IP=0x00000000 )
(             libc.so[0xCBBEB000])[04 C0 9E E5 ]0x0000D73C:	LDR	IP, [LR, #4]	;(LR=0xCBC372F0 )
(             libc.so[0xCBBEB000])[1F E0 03 E2 ]0x0000D740:	AND	LR, R3, #0X1F	;(R3=0x00000005 )
(             libc.so[0xCBBEB000])[3C 0E A0 E1 ]0x0000D744:	LSR	R0, IP, LR	;(IP=0x000003FF LR=0x00000005 )
(             libc.so[0xCBBEB000])[01 20 10 E2 ]0x0000D748:	ANDS	R2, R0, #1	;(R0=0x0000001F )
(             libc.so[0xCBBEB000])[F5 FF FF 1A ]0x0000D74C:	BNE	#0XCBBF8728	;(PC=0xCBBF874C )
(             libc.so[0xCBBEB000])[01 30 83 E2 ]0x0000D728:	ADD	R3, R3, #1	;(R3=0x00000005 )
(             libc.so[0xCBBEB000])[8C 00 53 E3 ]0x0000D72C:	CMP	R3, #0X8C	;(R3=0x00000006 )
(             libc.so[0xCBBEB000])[C3 C2 A0 E1 ]0x0000D730:	ASR	IP, R3, #5	;(R3=0x00000006 )
(             libc.so[0xCBBEB000])[15 00 00 0A ]0x0000D734:	BEQ	#0XCBBF8790	;(PC=0xCBBF8734 )
(             libc.so[0xCBBEB000])[0C E1 81 E0 ]0x0000D738:	ADD	LR, R1, IP, LSL #2	;(R1=0xCBC372F0 IP=0x00000000 )
(             libc.so[0xCBBEB000])[04 C0 9E E5 ]0x0000D73C:	LDR	IP, [LR, #4]	;(LR=0xCBC372F0 )
(             libc.so[0xCBBEB000])[1F E0 03 E2 ]0x0000D740:	AND	LR, R3, #0X1F	;(R3=0x00000006 )
(             libc.so[0xCBBEB000])[3C 0E A0 E1 ]0x0000D744:	LSR	R0, IP, LR	;(IP=0x000003FF LR=0x00000006 )
(             libc.so[0xCBBEB000])[01 20 10 E2 ]0x0000D748:	ANDS	R2, R0, #1	;(R0=0x0000000F )
(             libc.so[0xCBBEB000])[F5 FF FF 1A ]0x0000D74C:	BNE	#0XCBBF8728	;(PC=0xCBBF874C )
(             libc.so[0xCBBEB000])[01 30 83 E2 ]0x0000D728:	ADD	R3, R3, #1	;(R3=0x00000006 )
(             libc.so[0xCBBEB000])[8C 00 53 E3 ]0x0000D72C:	CMP	R3, #0X8C	;(R3=0x00000007 )
(             libc.so[0xCBBEB000])[C3 C2 A0 E1 ]0x0000D730:	ASR	IP, R3, #5	;(R3=0x00000007 )
(             libc.so[0xCBBEB000])[15 00 00 0A ]0x0000D734:	BEQ	#0XCBBF8790	;(PC=0xCBBF8734 )
(             libc.so[0xCBBEB000])[0C E1 81 E0 ]0x0000D738:	ADD	LR, R1, IP, LSL #2	;(R1=0xCBC372F0 IP=0x00000000 )
(             libc.so[0xCBBEB000])[04 C0 9E E5 ]0x0000D73C:	LDR	IP, [LR, #4]	;(LR=0xCBC372F0 )
(             libc.so[0xCBBEB000])[1F E0 03 E2 ]0x0000D740:	AND	LR, R3, #0X1F	;(R3=0x00000007 )
(             libc.so[0xCBBEB000])[3C 0E A0 E1 ]0x0000D744:	LSR	R0, IP, LR	;(IP=0x000003FF LR=0x00000007 )
(             libc.so[0xCBBEB000])[01 20 10 E2 ]0x0000D748:	ANDS	R2, R0, #1	;(R0=0x00000007 )
(             libc.so[0xCBBEB000])[F5 FF FF 1A ]0x0000D74C:	BNE	#0XCBBF8728	;(PC=0xCBBF874C )
(             libc.so[0xCBBEB000])[01 30 83 E2 ]0x0000D728:	ADD	R3, R3, #1	;(R3=0x00000007 )
(             libc.so[0xCBBEB000])[8C 00 53 E3 ]0x0000D72C:	CMP	R3, #0X8C	;(R3=0x00000008 )
(             libc.so[0xCBBEB000])[C3 C2 A0 E1 ]0x0000D730:	ASR	IP, R3, #5	;(R3=0x00000008 )
(             libc.so[0xCBBEB000])[15 00 00 0A ]0x0000D734:	BEQ	#0XCBBF8790	;(PC=0xCBBF8734 )
(             libc.so[0xCBBEB000])[0C E1 81 E0 ]0x0000D738:	ADD	LR, R1, IP, LSL #2	;(R1=0xCBC372F0 IP=0x00000000 )
(             libc.so[0xCBBEB000])[04 C0 9E E5 ]0x0000D73C:	LDR	IP, [LR, #4]	;(LR=0xCBC372F0 )
(             libc.so[0xCBBEB000])[1F E0 03 E2 ]0x0000D740:	AND	LR, R3, #0X1F	;(R3=0x00000008 )
(             libc.so[0xCBBEB000])[3C 0E A0 E1 ]0x0000D744:	LSR	R0, IP, LR	;(IP=0x000003FF LR=0x00000008 )
(             libc.so[0xCBBEB000])[01 20 10 E2 ]0x0000D748:	ANDS	R2, R0, #1	;(R0=0x00000003 )
(             libc.so[0xCBBEB000])[F5 FF FF 1A ]0x0000D74C:	BNE	#0XCBBF8728	;(PC=0xCBBF874C )
(             libc.so[0xCBBEB000])[01 30 83 E2 ]0x0000D728:	ADD	R3, R3, #1	;(R3=0x00000008 )
(             libc.so[0xCBBEB000])[8C 00 53 E3 ]0x0000D72C:	CMP	R3, #0X8C	;(R3=0x00000009 )
(             libc.so[0xCBBEB000])[C3 C2 A0 E1 ]0x0000D730:	ASR	IP, R3, #5	;(R3=0x00000009 )
(             libc.so[0xCBBEB000])[15 00 00 0A ]0x0000D734:	BEQ	#0XCBBF8790	;(PC=0xCBBF8734 )
(             libc.so[0xCBBEB000])[0C E1 81 E0 ]0x0000D738:	ADD	LR, R1, IP, LSL #2	;(R1=0xCBC372F0 IP=0x00000000 )
(             libc.so[0xCBBEB000])[04 C0 9E E5 ]0x0000D73C:	LDR	IP, [LR, #4]	;(LR=0xCBC372F0 )
(             libc.so[0xCBBEB000])[1F E0 03 E2 ]0x0000D740:	AND	LR, R3, #0X1F	;(R3=0x00000009 )
(             libc.so[0xCBBEB000])[3C 0E A0 E1 ]0x0000D744:	LSR	R0, IP, LR	;(IP=0x000003FF LR=0x00000009 )
(             libc.so[0xCBBEB000])[01 20 10 E2 ]0x0000D748:	ANDS	R2, R0, #1	;(R0=0x00000001 )
(             libc.so[0xCBBEB000])[F5 FF FF 1A ]0x0000D74C:	BNE	#0XCBBF8728	;(PC=0xCBBF874C )
(             libc.so[0xCBBEB000])[01 30 83 E2 ]0x0000D728:	ADD	R3, R3, #1	;(R3=0x00000009 )
(             libc.so[0xCBBEB000])[8C 00 53 E3 ]0x0000D72C:	CMP	R3, #0X8C	;(R3=0x0000000A )
(             libc.so[0xCBBEB000])[C3 C2 A0 E1 ]0x0000D730:	ASR	IP, R3, #5	;(R3=0x0000000A )
(             libc.so[0xCBBEB000])[15 00 00 0A ]0x0000D734:	BEQ	#0XCBBF8790	;(PC=0xCBBF8734 )
(             libc.so[0xCBBEB000])[0C E1 81 E0 ]0x0000D738:	ADD	LR, R1, IP, LSL #2	;(R1=0xCBC372F0 IP=0x00000000 )
(             libc.so[0xCBBEB000])[04 C0 9E E5 ]0x0000D73C:	LDR	IP, [LR, #4]	;(LR=0xCBC372F0 )
(             libc.so[0xCBBEB000])[1F E0 03 E2 ]0x0000D740:	AND	LR, R3, #0X1F	;(R3=0x0000000A )
(             libc.so[0xCBBEB000])[3C 0E A0 E1 ]0x0000D744:	LSR	R0, IP, LR	;(IP=0x000003FF LR=0x0000000A )
(             libc.so[0xCBBEB000])[01 20 10 E2 ]0x0000D748:	ANDS	R2, R0, #1	;(R0=0x00000000 )
(             libc.so[0xCBBEB000])[F5 FF FF 1A ]0x0000D74C:	BNE	#0XCBBF8728	;(PC=0xCBBF874C )
(             libc.so[0xCBBEB000])[50 60 9F E5 ]0x0000D750:	LDR	R6, [PC, #0X50]	;(PC=0xCBBF8750 )
(             libc.so[0xCBBEB000])[C3 72 A0 E1 ]0x0000D754:	ASR	R7, R3, #5	;(R3=0x0000000A )
(             libc.so[0xCBBEB000])[06 10 8F E0 ]0x0000D758:	ADD	R1, PC, R6	;(PC=0xCBBF8758 R6=0x0003EB90 )
(             libc.so[0xCBBEB000])[06 60 83 E2 ]0x0000D75C:	ADD	R6, R3, #6	;(R3=0x0000000A )
(             libc.so[0xCBBEB000])[07 01 81 E0 ]0x0000D760:	ADD	R0, R1, R7, LSL #2	;(R1=0xCBC372F0 R7=0x00000000 )
(             libc.so[0xCBBEB000])[01 70 A0 E3 ]0x0000D764:	MOV	R7, #1
(             libc.so[0xCBBEB000])[06 51 81 E7 ]0x0000D768:	STR	R5, [R1, R6, LSL #2]	;(R5=0xCBBFE535 R1=0xCBC372F0 R6=0x00000010 )
(             libc.so[0xCBBEB000])[02 50 A0 E1 ]0x0000D76C:	MOV	R5, R2	;(R2=0x00000000 )
(             libc.so[0xCBBEB000])[17 EE 8C E1 ]0x0000D770:	ORR	LR, IP, R7, LSL LR	;(IP=0x000003FF R7=0x00000001 )
(             libc.so[0xCBBEB000])[04 E0 80 E5 ]0x0000D774:	STR	LR, [R0, #4]	;(LR=0x000007FF R0=0xCBC372F0 )
(             libc.so[0xCBBEB000])[00 30 84 E5 ]0x0000D778:	STR	R3, [R4]	;(R3=0x0000000A R4=0xCBC393AC )
(             libc.so[0xCBBEB000])[28 20 9F E5 ]0x0000D77C:	LDR	R2, [PC, #0X28]	;(PC=0xCBBF877C )
(             libc.so[0xCBBEB000])[02 00 8F E0 ]0x0000D780:	ADD	R0, PC, R2	;(PC=0xCBBF8780 R2=0x0003EDB0 )
(             libc.so[0xCBBEB000])[55 04 00 EB ]0x0000D784:	BL	#0XCBBF98E0	;(PC=0xCBBF8784 )
(             libc.so[0xCBBEB000])[BE FF FF EA ]0x0000E8E0:	B	#0XCBBF97E0 ; pthread_mutex_unlock	;(PC=0xCBBF98E0 )
(             libc.so[0xCBBEB000])[70 40 2D E9 ]0x0000E7E0:	PUSH	{R4, R5, R6, LR}	;(SP=0x100FEA90 R4=0xCBC393AC R5=0x00000000 R6=0x00000010 LR=0xCBBF8788 )
(             libc.so[0xCBBEB000])[00 40 50 E2 ]0x0000E7E4:	SUBS	R4, R0, #0	;(R0=0xCBC37538 )
(             libc.so[0xCBBEB000])[08 D0 4D E2 ]0x0000E7E8:	SUB	SP, SP, #8	;(SP=0x100FEA80 )
(             libc.so[0xCBBEB000])[2B 00 00 0A ]0x0000E7EC:	BEQ	#0XCBBF98A0	;(PC=0xCBBF97EC )
(             libc.so[0xCBBEB000])[00 50 94 E5 ]0x0000E7F0:	LDR	R5, [R4]	;(R4=0xCBC37538 )
(             libc.so[0xCBBEB000])[03 69 15 E2 ]0x0000E7F4:	ANDS	R6, R5, #0XC000	;(R5=0x00000001 )
(             libc.so[0xCBBEB000])[02 1A 05 E2 ]0x0000E7F8:	AND	R1, R5, #0X2000	;(R5=0x00000001 )
(             libc.so[0xCBBEB000])[11 00 00 1A ]0x0000E7FC:	BNE	#0XCBBF9848	;(PC=0xCBBF97FC )
(             libc.so[0xCBBEB000])[5F F0 7F F5 ]0x0000E800:	DMB	SY
(             libc.so[0xCBBEB000])[9F 2F 94 E1 ]0x0000E804:	LDREX	R2, [R4]	;(R4=0xCBC37538 )
(             libc.so[0xCBBEB000])[01 30 42 E2 ]0x0000E808:	SUB	R3, R2, #1	;(R2=0x00000001 )
(             libc.so[0xCBBEB000])[93 5F 84 E1 ]0x0000E80C:	STREX	R5, R3, [R4]	;(R3=0x00000000 R4=0xCBC37538 )
(             libc.so[0xCBBEB000])[00 00 55 E3 ]0x0000E810:	CMP	R5, #0	;(R5=0x00000000 )
(             libc.so[0xCBBEB000])[FA FF FF 1A ]0x0000E814:	BNE	#0XCBBF9804	;(PC=0xCBBF9814 )
(             libc.so[0xCBBEB000])[01 C0 81 E3 ]0x0000E818:	ORR	IP, R1, #1	;(R1=0x00000000 )
(             libc.so[0xCBBEB000])[0C 00 52 E1 ]0x0000E81C:	CMP	R2, IP	;(R2=0x00000001 IP=0x00000001 )
(             libc.so[0xCBBEB000])[06 00 00 0A ]0x0000E820:	BEQ	#0XCBBF9840	;(PC=0xCBBF9820 )
(             libc.so[0xCBBEB000])[00 00 A0 E3 ]0x0000E840:	MOV	R0, #0
(             libc.so[0xCBBEB000])[FB FF FF EA ]0x0000E844:	B	#0XCBBF9838	;(PC=0xCBBF9844 )
(             libc.so[0xCBBEB000])[08 D0 8D E2 ]0x0000E838:	ADD	SP, SP, #8	;(SP=0x100FEA78 )
(             libc.so[0xCBBEB000])[70 80 BD E8 ]0x0000E83C:	POP	{R4, R5, R6, PC}	;(SP=0x100FEA80 )
(             libc.so[0xCBBEB000])[05 00 A0 E1 ]0x0000D788:	MOV	R0, R5	;(R5=0x00000000 )
(             libc.so[0xCBBEB000])[F8 80 BD E8 ]0x0000D78C:	POP	{R3, R4, R5, R6, R7, PC}	;(SP=0x100FEA90 )
(             libc.so[0xCBBEB000])[08 B5       ]0x0002520C:	PUSH	{R3, LR}	;(SP=0x100FEAA8 R3=0x00000000 LR=0x03000000 )
(             libc.so[0xCBBEB000])[FF F7 CB FF ]0x0002520E:	BL	#0XCBC101A8	;(PC=0xCBC1020E )
(             libc.so[0xCBBEB000])[07 B5       ]0x000251A8:	PUSH	{R0, R1, R2, LR}	;(SP=0x100FEAA0 R0=0x00000000 R1=0x00000000 R2=0x00000001 LR=0xCBC10213 )
(             libc.so[0xCBBEB000])[01 20       ]0x000251AA:	MOVS	R0, #1
(             libc.so[0xCBBEB000])[69 46       ]0x000251AC:	MOV	R1, SP	;(SP=0x100FEA90 )
(             libc.so[0xCBBEB000])[FB F7 74 EE ]0x000251AE:	BLX	#0XCBC0BE98	;(PC=0xCBC101AE )
(             libc.so[0xCBBEB000])[07 C0 A0 E1 ]0x00020E98:	MOV	IP, R7 ; clock_gettime	;(R7=0x00000000 )
(             libc.so[0xCBBEB000])[14 70 9F E5 ]0x00020E9C:	LDR	R7, [PC, #0X14]	;(PC=0xCBC0BE9C )
(             libc.so[0xCBBEB000])[00 00 00 EF ]0x00020EA0:	SVC	#0	;(PC=0xCBC0BEA0 )
(             libc.so[0xCBBEB000])[0C 70 A0 E1 ]0x00020EA4:	MOV	R7, IP	;(IP=0x00000000 )
(             libc.so[0xCBBEB000])[01 0A 70 E3 ]0x00020EA8:	CMN	R0, #0X1000	;(R0=0x00000000 )
(             libc.so[0xCBBEB000])[1E FF 2F 91 ]0x00020EAC:	BXLS	LR
(             libc.so[0xCBBEB000])[00 9B       ]0x000251B2:	LDR	R3, [SP]	;(SP=0x100FEA90 )
(             libc.so[0xCBBEB000])[9D ED 01 0A ]0x000251B4:	VLDR	S0, [SP, #4]	;(SP=0x100FEA90 )
(             libc.so[0xCBBEB000])[0B 4A       ]0x000251B8:	LDR	R2, [PC, #0X2C]	;(PC=0xCBC101B8 )
(             libc.so[0xCBBEB000])[F8 EE C0 2B ]0x000251BA:	VCVT.F64.S32	D18, S0	;(S0=0x00000000 )
(             libc.so[0xCBBEB000])[5A 43       ]0x000251BE:	MULS	R2, R3, R2	;(R2=0x000F4240 R3=0x650FC0A7 )
(             libc.so[0xCBBEB000])[07 EE 90 2A ]0x000251C0:	VMOV	S15, R2	;(R2=0x9D6437C0 )
(             libc.so[0xCBBEB000])[DF ED 06 1B ]0x000251C4:	VLDR	D17, [PC, #0X18]	;(PC=0xCBC101C4 )
(             libc.so[0xCBBEB000])[F8 EE E7 0B ]0x000251C8:	VCVT.F64.S32	D16, S15	;(S15=0x00000000 )
(             libc.so[0xCBBEB000])[42 EE A1 0B ]0x000251CC:	VMLA.F64	D16, D18, D17	;(D16=0xC1D8A6F210000000 D18=0x00000000 D17=0x3F50624DD2F1A9FC )
(             libc.so[0xCBBEB000])[FD EE E0 0B ]0x000251D0:	VCVT.S32.F64	S1, D16	;(D16=0xC1D8A6F210000000 )
(             libc.so[0xCBBEB000])[10 EE 90 0A ]0x000251D4:	VMOV	R0, S1	;(S1=0x00000000 )
(             libc.so[0xCBBEB000])[0E BD       ]0x000251D8:	POP	{R1, R2, R3, PC}	;(SP=0x100FEA90 )
(             libc.so[0xCBBEB000])[02 4B       ]0x00025212:	LDR	R3, [PC, #8]	;(PC=0xCBC10212 )
(             libc.so[0xCBBEB000])[7B 44       ]0x00025214:	ADD	R3, PC	;(R3=0x00032A0C PC=0xCBC10214 )
(             libc.so[0xCBBEB000])[18 60       ]0x00025216:	STR	R0, [R3]	;(R0=0x9D6437C0 R3=0xCBC42C24 )
(             libc.so[0xCBBEB000])[08 BD       ]0x00025218:	POP	{R3, PC}	;(SP=0x100FEAA0 )
(libnative-lib_jni.so[0xCBBCB000])[80 B5       ]0x00007D8C:	PUSH	{R7, LR}	;(SP=0x100FEAA8 R7=0x00000000 LR=0x03000000 )
(libnative-lib_jni.so[0xCBBCB000])[6F 46       ]0x00007D8E:	MOV	R7, SP	;(SP=0x100FEAA0 )
(libnative-lib_jni.so[0xCBBCB000])[FF F7 BA FF ]0x00007D90:	BL	#0XCBBD2D08	;(PC=0xCBBD2D90 )
(libnative-lib_jni.so[0xCBBCB000])[80 B5       ]0x00007D08:	PUSH	{R7, LR}	;(SP=0x100FEAA0 R7=0x100FEAA0 LR=0xCBBD2D95 )
(libnative-lib_jni.so[0xCBBCB000])[6F 46       ]0x00007D0A:	MOV	R7, SP	;(SP=0x100FEA98 )
(libnative-lib_jni.so[0xCBBCB000])[8E B0       ]0x00007D0C:	SUB	SP, #0X38	;(SP=0x100FEA98 )
(libnative-lib_jni.so[0xCBBCB000])[0C 20       ]0x00007D0E:	MOVS	R0, #0XC
(libnative-lib_jni.so[0xCBBCB000])[FF F7 7E ED ]0x00007D10:	BLX	#0XCBBD2810	;(PC=0xCBBD2D10 )
(libnative-lib_jni.so[0xCBBCB000])[00 C6 8F E2 ]0x00007810:	ADD	IP, PC, #0, #12	;(PC=0xCBBD2810 )
(libnative-lib_jni.so[0xCBBCB000])[12 CA 8C E2 ]0x00007814:	ADD	IP, IP, #0X12000	;(IP=0xCBBD2818 )
(libnative-lib_jni.so[0xCBBCB000])[40 F6 BC E5 ]0x00007818:	LDR	PC, [IP, #0X640]!	;(IP=0xCBBE4818 )
(libnative-lib_jni.so[0xCBBCB000])[D0 B5       ]0x00008328:	PUSH	{R4, R6, R7, LR} ; _Znwj	;(SP=0x100FEA60 R4=0x00000000 R6=0x00000000 R7=0x100FEA98 LR=0xCBBD2D15 )
(libnative-lib_jni.so[0xCBBCB000])[02 AF       ]0x0000832A:	ADD	R7, SP, #8	;(SP=0x100FEA50 )
(libnative-lib_jni.so[0xCBBCB000])[04 46       ]0x0000832C:	MOV	R4, R0	;(R0=0x0000000C )
(libnative-lib_jni.so[0xCBBCB000])[00 28       ]0x0000832E:	CMP	R0, #0	;(R0=0x0000000C )
(libnative-lib_jni.so[0xCBBCB000])[08 BF       ]0x00008330:	IT	EQ
(libnative-lib_jni.so[0xCBBCB000])[03 E0       ]0x00008334:	B	#0XCBBD333E
(libnative-lib_jni.so[0xCBBCB000])[20 46       ]0x0000833E:	MOV	R0, R4	;(R4=0x0000000C )
(libnative-lib_jni.so[0xCBBCB000])[FF F7 EA EA ]0x00008340:	BLX	#0XCBBD2918	;(PC=0xCBBD3340 )
(libnative-lib_jni.so[0xCBBCB000])[00 C6 8F E2 ]0x00007918:	ADD	IP, PC, #0, #12	;(PC=0xCBBD2918 )
(libnative-lib_jni.so[0xCBBCB000])[12 CA 8C E2 ]0x0000791C:	ADD	IP, IP, #0X12000	;(IP=0xCBBD2920 )
(libnative-lib_jni.so[0xCBBCB000])[90 F5 BC E5 ]0x00007920:	LDR	PC, [IP, #0X590]!	;(IP=0xCBBE4920 )
(             libc.so[0xCBBEB000])[08 B5       ]0x0000DBEC:	PUSH	{R3, LR} ; malloc	;(SP=0x100FEA50 R3=0x00000000 LR=0xCBBD3345 )
(             libc.so[0xCBBEB000])[03 4B       ]0x0000DBEE:	LDR	R3, [PC, #0XC]	;(PC=0xCBBF8BEE )
(             libc.so[0xCBBEB000])[7B 44       ]0x0000DBF0:	ADD	R3, PC	;(R3=0x0003C40C PC=0xCBBF8BF0 )
(             libc.so[0xCBBEB000])[19 68       ]0x0000DBF2:	LDR	R1, [R3]	;(R3=0xCBC35000 )
(             libc.so[0xCBBEB000])[0A 68       ]0x0000DBF4:	LDR	R2, [R1]	;(R1=0xCBC34E00 )
(             libc.so[0xCBBEB000])[90 47       ]0x0000DBF6:	BLX	R2	;(PC=0xCBBF8BF6 R2=0xCBBFADCD )
(             libc.so[0xCBBEB000])[DF F8 A4 3B ]0x0000FDCC:	LDR.W	R3, [PC, #0XBA4] ; dlmalloc	;(PC=0xCBBFADCC )
(             libc.so[0xCBBEB000])[2D E9 F7 4F ]0x0000FDD0:	PUSH.W	{R0, R1, R2, R4, R5, R6, R7, R8, SB, SL, FP, LR}	;(SP=0x100FEA48 R0=0x0000000C R1=0xCBC34E00 R2=0xCBBFADCD R4=0x0000000C R5=0x00000000 R6=0x00000000 R7=0x100FEA58 R8=0x00000000 SB=0x00000000 SL=0x00000000 FP=0x00000000 LR=0xCBBF8BF9 )
(             libc.so[0xCBBEB000])[7B 44       ]0x0000FDD4:	ADD	R3, PC	;(R3=0x0003E588 PC=0xCBBFADD4 )
(             libc.so[0xCBBEB000])[04 46       ]0x0000FDD6:	MOV	R4, R0	;(R0=0x0000000C )
(             libc.so[0xCBBEB000])[18 68       ]0x0000FDD8:	LDR	R0, [R3]	;(R3=0xCBC39360 )
(             libc.so[0xCBBEB000])[08 B9       ]0x0000FDDA:	CBNZ	R0, #0XCBBFADE0	;(R0=0x00000000 )
(             libc.so[0xCBBEB000])[FF F7 42 FD ]0x0000FDDC:	BL	#0XCBBFA864	;(PC=0xCBBFADDC )
(             libc.so[0xCBBEB000])[38 B5       ]0x0000F864:	PUSH	{R3, R4, R5, LR}	;(SP=0x100FEA18 R3=0xCBC39360 R4=0x0000000C R5=0x00000000 LR=0xCBBFADE1 )
(             libc.so[0xCBBEB000])[1F 4C       ]0x0000F866:	LDR	R4, [PC, #0X7C]	;(PC=0xCBBFA866 )
(             libc.so[0xCBBEB000])[1F 48       ]0x0000F868:	LDR	R0, [PC, #0X7C]	;(PC=0xCBBFA868 )
(             libc.so[0xCBBEB000])[7C 44       ]0x0000F86A:	ADD	R4, PC	;(R4=0x0003EAF2 PC=0xCBBFA86A )
(             libc.so[0xCBBEB000])[78 44       ]0x0000F86C:	ADD	R0, PC	;(R0=0x0003EAEC PC=0xCBBFA86C )
(             libc.so[0xCBBEB000])[FE F7 B6 EF ]0x0000F86E:	BLX	#0XCBBF97DC	;(PC=0xCBBFA86E )
(             libc.so[0xCBBEB000])[90 FF FF EA ]0x0000E7DC:	B	#0XCBBF9624 ; pthread_mutex_lock	;(PC=0xCBBF97DC )
(             libc.so[0xCBBEB000])[F0 41 2D E9 ]0x0000E624:	PUSH	{R4, R5, R6, R7, R8, LR}	;(SP=0x100FEA08 R4=0xCBC39360 R5=0x00000000 R6=0x00000000 R7=0x100FEA58 R8=0x00000000 LR=0xCBBFA873 )
(             libc.so[0xCBBEB000])[00 40 50 E2 ]0x0000E628:	SUBS	R4, R0, #0	;(R0=0xCBC3935C )
(             libc.so[0xCBBEB000])[1B 00 00 0A ]0x0000E62C:	BEQ	#0XCBBF96A0	;(PC=0xCBBF962C )
(             libc.so[0xCBBEB000])[00 50 94 E5 ]0x0000E630:	LDR	R5, [R4]	;(R4=0xCBC3935C )
(             libc.so[0xCBBEB000])[03 79 15 E2 ]0x0000E634:	ANDS	R7, R5, #0XC000	;(R5=0x00000000 )
(             libc.so[0xCBBEB000])[02 6A 05 E2 ]0x0000E638:	AND	R6, R5, #0X2000	;(R5=0x00000000 )
(             libc.so[0xCBBEB000])[19 00 00 1A ]0x0000E63C:	BNE	#0XCBBF96A8	;(PC=0xCBBF963C )
(             libc.so[0xCBBEB000])[01 00 86 E3 ]0x0000E640:	ORR	R0, R6, #1	;(R6=0x00000000 )
(             libc.so[0xCBBEB000])[9F 3F 94 E1 ]0x0000E644:	LDREX	R3, [R4]	;(R4=0xCBC3935C )
(             libc.so[0xCBBEB000])[00 10 A0 E3 ]0x0000E648:	MOV	R1, #0
(             libc.so[0xCBBEB000])[06 00 33 E1 ]0x0000E64C:	TEQ	R3, R6	;(R3=0x00000000 R6=0x00000000 )
(             libc.so[0xCBBEB000])[90 1F 84 01 ]0x0000E650:	STREXEQ	R1, R0, [R4]	;(R0=0x00000001 R4=0xCBC3935C )
(             libc.so[0xCBBEB000])[00 00 51 E3 ]0x0000E654:	CMP	R1, #0	;(R1=0x00000000 )
(             libc.so[0xCBBEB000])[F9 FF FF 1A ]0x0000E658:	BNE	#0XCBBF9644	;(PC=0xCBBF9658 )
(             libc.so[0xCBBEB000])[03 00 56 E1 ]0x0000E65C:	CMP	R6, R3	;(R6=0x00000000 R3=0x00000000 )
(             libc.so[0xCBBEB000])[02 50 86 13 ]0x0000E660:	ORRNE	R5, R6, #2	;(R6=0x00000000 )
(             libc.so[0xCBBEB000])[01 00 00 1A ]0x0000E664:	BNE	#0XCBBF9670	;(PC=0xCBBF9664 )
(             libc.so[0xCBBEB000])[09 00 00 EA ]0x0000E668:	B	#0XCBBF9694	;(PC=0xCBBF9668 )
(             libc.so[0xCBBEB000])[5F F0 7F F5 ]0x0000E694:	DMB	SY
(             libc.so[0xCBBEB000])[00 00 A0 E3 ]0x0000E698:	MOV	R0, #0
(             libc.so[0xCBBEB000])[F0 81 BD E8 ]0x0000E69C:	POP	{R4, R5, R6, R7, R8, PC}	;(SP=0x100FE9F0 )
(             libc.so[0xCBBEB000])[23 68       ]0x0000F872:	LDR	R3, [R4]	;(R4=0xCBC39360 )
(             libc.so[0xCBBEB000])[2B BB       ]0x0000F874:	CBNZ	R3, #0XCBBFA8C2	;(R3=0x00000000 )
(             libc.so[0xCBBEB000])[28 20       ]0x0000F876:	MOVS	R0, #0X28
(             libc.so[0xCBBEB000])[04 F0 38 FA ]0x0000F878:	BL	#0XCBBFECEC	;(PC=0xCBBFA878 )
(             libc.so[0xCBBEB000])[7F B5       ]0x00013CEC:	PUSH	{R0, R1, R2, R3, R4, R5, R6, LR} ; sysconf	;(SP=0x100FEA08 R0=0x00000028 R1=0x00000000 R2=0xCBBFADCD R3=0x00000000 R4=0xCBC39360 R5=0x00000000 R6=0x00000000 LR=0xCBBFA87D )
(             libc.so[0xCBBEB000])[64 28       ]0x00013CEE:	CMP	R0, #0X64	;(R0=0x00000028 )
(             libc.so[0xCBBEB000])[00 F2 9C 80 ]0x00013CF0:	BHI.W	#0XCBBFEE2C
(             libc.so[0xCBBEB000])[DF E8 00 F0 ]0x00013CF4:	TBB	[PC, R0]	;(PC=0xCBBFECF4 R0=0x00000028 )
(             libc.so[0xCBBEB000])[4F F4 80 54 ]0x00013D5E:	MOV.W	R4, #0X1000
(             libc.so[0xCBBEB000])[71 E0       ]0x00013D62:	B	#0XCBBFEE48
(             libc.so[0xCBBEB000])[20 46       ]0x00013E48:	MOV	R0, R4	;(R4=0x00001000 )
(             libc.so[0xCBBEB000])[04 B0       ]0x00013E4A:	ADD	SP, #0X10	;(SP=0x100FE9E8 )
(             libc.so[0xCBBEB000])[70 BD       ]0x00013E4C:	POP	{R4, R5, R6, PC}	;(SP=0x100FE9F8 )
(             libc.so[0xCBBEB000])[01 46       ]0x0000F87C:	MOV	R1, R0	;(R0=0x00001000 )
(             libc.so[0xCBBEB000])[01 38       ]0x0000F87E:	SUBS	R0, #1	;(R0=0x00001000 )
(             libc.so[0xCBBEB000])[10 EA 01 05 ]0x0000F880:	ANDS.W	R5, R0, R1	;(R0=0x00000FFF R1=0x00001000 )
(             libc.so[0xCBBEB000])[01 D0       ]0x0000F884:	BEQ	#0XCBBFA88A
(             libc.so[0xCBBEB000])[18 48       ]0x0000F88A:	LDR	R0, [PC, #0X60]	;(PC=0xCBBFA88A )
(             libc.so[0xCBBEB000])[4F F4 80 32 ]0x0000F88C:	MOV.W	R2, #0X10000
(             libc.so[0xCBBEB000])[4F F4 00 13 ]0x0000F890:	MOV.W	R3, #0X200000
(             libc.so[0xCBBEB000])[E2 60       ]0x0000F894:	STR	R2, [R4, #0XC]	;(R2=0x00010000 R4=0xCBC39360 )
(             libc.so[0xCBBEB000])[78 44       ]0x0000F896:	ADD	R0, PC	;(R0=0x0003E8E6 PC=0xCBBFA896 )
(             libc.so[0xCBBEB000])[23 61       ]0x0000F898:	STR	R3, [R4, #0X10]	;(R3=0x00200000 R4=0xCBC39360 )
(             libc.so[0xCBBEB000])[A1 60       ]0x0000F89A:	STR	R1, [R4, #8]	;(R1=0x00001000 R4=0xCBC39360 )
(             libc.so[0xCBBEB000])[61 60       ]0x0000F89C:	STR	R1, [R4, #4]	;(R1=0x00001000 R4=0xCBC39360 )
(             libc.so[0xCBBEB000])[03 21       ]0x0000F89E:	MOVS	R1, #3
(             libc.so[0xCBBEB000])[61 61       ]0x0000F8A0:	STR	R1, [R4, #0X14]	;(R1=0x00000003 R4=0xCBC39360 )
(             libc.so[0xCBBEB000])[C0 F8 BC 11 ]0x0000F8A2:	STR.W	R1, [R0, #0X1BC]	;(R1=0x00000003 R0=0xCBC39180 )
(             libc.so[0xCBBEB000])[FF F7 C1 FF ]0x0000F8A6:	BL	#0XCBBFA82C	;(PC=0xCBBFA8A6 )
(             libc.so[0xCBBEB000])[07 B5       ]0x0000F82C:	PUSH	{R0, R1, R2, LR}	;(SP=0x100FEA08 R0=0xCBC39180 R1=0x00000003 R2=0x00010000 LR=0xCBBFA8AB )
(             libc.so[0xCBBEB000])[01 A8       ]0x0000F82E:	ADD	R0, SP, #4	;(SP=0x100FE9F8 )
(             libc.so[0xCBBEB000])[FE F7 3C EE ]0x0000F830:	BLX	#0XCBBF94AC	;(PC=0xCBBFA830 )
(             libc.so[0xCBBEB000])[00 30 50 E2 ]0x0000E4AC:	SUBS	R3, R0, #0 ; pthread_rwlockattr_init	;(R0=0x100FE9FC )
(             libc.so[0xCBBEB000])[00 00 A0 13 ]0x0000E4B0:	MOVNE	R0, #0
(             libc.so[0xCBBEB000])[00 00 83 15 ]0x0000E4B4:	STRNE	R0, [R3]	;(R0=0x00000000 R3=0x100FE9FC )
(             libc.so[0xCBBEB000])[16 00 A0 03 ]0x0000E4B8:	MOVEQ	R0, #0X16
(             libc.so[0xCBBEB000])[1E FF 2F E1 ]0x0000E4BC:	BX	LR
(             libc.so[0xCBBEB000])[08 B1       ]0x0000F834:	CBZ	R0, #0XCBBFA83A	;(R0=0x00000000 )
(             libc.so[0xCBBEB000])[08 48       ]0x0000F83A:	LDR	R0, [PC, #0X20]	;(PC=0xCBBFA83A )
(             libc.so[0xCBBEB000])[01 A9       ]0x0000F83C:	ADD	R1, SP, #4	;(SP=0x100FE9F8 )
(             libc.so[0xCBBEB000])[78 44       ]0x0000F83E:	ADD	R0, PC	;(R0=0x0003E93E PC=0xCBBFA83E )
(             libc.so[0xCBBEB000])[00 F5 E0 70 ]0x0000F840:	ADD.W	R0, R0, #0X1C0	;(R0=0xCBC39180 )
(             libc.so[0xCBBEB000])[FE F7 B8 EE ]0x0000F844:	BLX	#0XCBBF95B8	;(PC=0xCBBFA844 )
(             libc.so[0xCBBEB000])[00 00 50 E3 ]0x0000E5B8:	CMP	R0, #0 ; pthread_mutex_init	;(R0=0xCBC39340 )
(             libc.so[0xCBBEB000])[04 00 00 0A ]0x0000E5BC:	BEQ	#0XCBBF95D4	;(PC=0xCBBF95BC )
(             libc.so[0xCBBEB000])[00 00 51 E3 ]0x0000E5C0:	CMP	R1, #0	;(R1=0x100FE9FC )
(             libc.so[0xCBBEB000])[04 00 00 1A ]0x0000E5C4:	BNE	#0XCBBF95DC	;(PC=0xCBBF95C4 )
(             libc.so[0xCBBEB000])[00 20 91 E5 ]0x0000E5DC:	LDR	R2, [R1]	;(R1=0x100FE9FC )
(             libc.so[0xCBBEB000])[10 00 12 E3 ]0x0000E5E0:	TST	R2, #0X10	;(R2=0x00000000 )
(             libc.so[0xCBBEB000])[0F 10 02 E2 ]0x0000E5E4:	AND	R1, R2, #0XF	;(R2=0x00000000 )
(             libc.so[0xCBBEB000])[00 30 A0 03 ]0x0000E5E8:	MOVEQ	R3, #0
(             libc.so[0xCBBEB000])[02 3A A0 13 ]0x0000E5EC:	MOVNE	R3, #0X2000
(             libc.so[0xCBBEB000])[01 00 51 E3 ]0x0000E5F0:	CMP	R1, #1	;(R1=0x00000000 )
(             libc.so[0xCBBEB000])[06 00 00 0A ]0x0000E5F4:	BEQ	#0XCBBF9614	;(PC=0xCBBF95F4 )
(             libc.so[0xCBBEB000])[02 00 51 E3 ]0x0000E5F8:	CMP	R1, #2	;(R1=0x00000000 )
(             libc.so[0xCBBEB000])[06 00 00 0A ]0x0000E5FC:	BEQ	#0XCBBF961C	;(PC=0xCBBF95FC )
(             libc.so[0xCBBEB000])[00 00 51 E3 ]0x0000E600:	CMP	R1, #0	;(R1=0x00000000 )
(             libc.so[0xCBBEB000])[F2 FF FF 1A ]0x0000E604:	BNE	#0XCBBF95D4	;(PC=0xCBBF9604 )
(             libc.so[0xCBBEB000])[00 30 80 E5 ]0x0000E608:	STR	R3, [R0]	;(R3=0x00000000 R0=0xCBC39340 )
(             libc.so[0xCBBEB000])[00 00 A0 E3 ]0x0000E60C:	MOV	R0, #0
(             libc.so[0xCBBEB000])[1E FF 2F E1 ]0x0000E610:	BX	LR
(             libc.so[0xCBBEB000])[00 28       ]0x0000F848:	CMP	R0, #0	;(R0=0x00000000 )
(             libc.so[0xCBBEB000])[F4 D1       ]0x0000F84A:	BNE	#0XCBBFA836
(             libc.so[0xCBBEB000])[01 A8       ]0x0000F84C:	ADD	R0, SP, #4	;(SP=0x100FE9F8 )
(             libc.so[0xCBBEB000])[FE F7 38 EE ]0x0000F84E:	BLX	#0XCBBF94C0	;(PC=0xCBBFA84E )
(             libc.so[0xCBBEB000])[00 30 50 E2 ]0x0000E4C0:	SUBS	R3, R0, #0 ; pthread_rwlockattr_destroy	;(R0=0x100FE9FC )
(             libc.so[0xCBBEB000])[00 00 A0 13 ]0x0000E4C4:	MOVNE	R0, #0
(             libc.so[0xCBBEB000])[00 20 E0 13 ]0x0000E4C8:	MVNNE	R2, #0
(             libc.so[0xCBBEB000])[00 20 83 15 ]0x0000E4CC:	STRNE	R2, [R3]	;(R2=0xFFFFFFFF R3=0x100FE9FC )
(             libc.so[0xCBBEB000])[16 00 A0 03 ]0x0000E4D0:	MOVEQ	R0, #0X16
(             libc.so[0xCBBEB000])[1E FF 2F E1 ]0x0000E4D4:	BX	LR
(             libc.so[0xCBBEB000])[00 30       ]0x0000F852:	ADDS	R0, #0	;(R0=0x00000000 )
(             libc.so[0xCBBEB000])[18 BF       ]0x0000F854:	IT	NE
(             libc.so[0xCBBEB000])[0E BD       ]0x0000F858:	POP	{R1, R2, R3, PC}	;(SP=0x100FE9F8 )
(             libc.so[0xCBBEB000])[28 46       ]0x0000F8AA:	MOV	R0, R5	;(R5=0x00000000 )
(             libc.so[0xCBBEB000])[15 F0 A0 FC ]0x0000F8AC:	BL	#0XCBC101F0	;(PC=0xCBBFA8AC )
(             libc.so[0xCBBEB000])[13 B5       ]0x000251F0:	PUSH	{R0, R1, R4, LR} ; time	;(SP=0x100FEA08 R0=0x00000000 R1=0xCBC39180 R4=0xCBC39360 LR=0xCBBFA8B1 )
(             libc.so[0xCBBEB000])[00 21       ]0x000251F2:	MOVS	R1, #0
(             libc.so[0xCBBEB000])[04 46       ]0x000251F4:	MOV	R4, R0	;(R0=0x00000000 )
(             libc.so[0xCBBEB000])[68 46       ]0x000251F6:	MOV	R0, SP	;(SP=0x100FE9F8 )
(             libc.so[0xCBBEB000])[FB F7 0E EE ]0x000251F8:	BLX	#0XCBC0BE18	;(PC=0xCBC101F8 )
(             libc.so[0xCBBEB000])[07 C0 A0 E1 ]0x00020E18:	MOV	IP, R7 ; gettimeofday	;(R7=0x100FEA58 )
(             libc.so[0xCBBEB000])[4E 70 A0 E3 ]0x00020E1C:	MOV	R7, #0X4E
(             libc.so[0xCBBEB000])[00 00 00 EF ]0x00020E20:	SVC	#0	;(PC=0xCBC0BE20 )
(             libc.so[0xCBBEB000])[0C 70 A0 E1 ]0x00020E24:	MOV	R7, IP	;(IP=0x100FEA58 )
(             libc.so[0xCBBEB000])[01 0A 70 E3 ]0x00020E28:	CMN	R0, #0X1000	;(R0=0x00000000 )
(             libc.so[0xCBBEB000])[1E FF 2F 91 ]0x00020E2C:	BXLS	LR
(             libc.so[0xCBBEB000])[00 28       ]0x000251FC:	CMP	R0, #0	;(R0=0x00000000 )
(             libc.so[0xCBBEB000])[AC BF       ]0x000251FE:	ITE	GE
(             libc.so[0xCBBEB000])[00 98       ]0x00025200:	LDR	R0, [SP]	;(SP=0x100FE9F8 )
(             libc.so[0xCBBEB000])[04 B1       ]0x00025206:	CBZ	R4, #0XCBC1020A	;(R4=0x00000000 )
(             libc.so[0xCBBEB000])[1C BD       ]0x0002520A:	POP	{R2, R3, R4, PC}	;(SP=0x100FE9F8 )
(             libc.so[0xCBBEB000])[80 F0 55 32 ]0x0000F8B0:	EOR	R2, R0, #0X55555555	;(R0=0x650FC0A8 )
(             libc.so[0xCBBEB000])[42 F0 08 0C ]0x0000F8B4:	ORR	IP, R2, #8	;(R2=0x305A95FD )
(             libc.so[0xCBBEB000])[2C F0 07 03 ]0x0000F8B8:	BIC	R3, IP, #7	;(IP=0x305A95FD )
(             libc.so[0xCBBEB000])[23 60       ]0x0000F8BC:	STR	R3, [R4]	;(R3=0x305A95F8 R4=0xCBC39360 )
(             libc.so[0xCBBEB000])[01 24       ]0x0000F8BE:	MOVS	R4, #1
(             libc.so[0xCBBEB000])[00 E0       ]0x0000F8C0:	B	#0XCBBFA8C4
(             libc.so[0xCBBEB000])[0A 48       ]0x0000F8C4:	LDR	R0, [PC, #0X28]	;(PC=0xCBBFA8C4 )
(             libc.so[0xCBBEB000])[78 44       ]0x0000F8C6:	ADD	R0, PC	;(R0=0x0003EA92 PC=0xCBBFA8C6 )
(             libc.so[0xCBBEB000])[FF F7 0A E8 ]0x0000F8C8:	BLX	#0XCBBF98E0	;(PC=0xCBBFA8C8 )
(             libc.so[0xCBBEB000])[BE FF FF EA ]0x0000E8E0:	B	#0XCBBF97E0 ; pthread_mutex_unlock	;(PC=0xCBBF98E0 )
(             libc.so[0xCBBEB000])[70 40 2D E9 ]0x0000E7E0:	PUSH	{R4, R5, R6, LR}	;(SP=0x100FEA08 R4=0x00000001 R5=0x00000000 R6=0x00000000 LR=0xCBBFA8CD )
(             libc.so[0xCBBEB000])[00 40 50 E2 ]0x0000E7E4:	SUBS	R4, R0, #0	;(R0=0xCBC3935C )
(             libc.so[0xCBBEB000])[08 D0 4D E2 ]0x0000E7E8:	SUB	SP, SP, #8	;(SP=0x100FE9F8 )
(             libc.so[0xCBBEB000])[2B 00 00 0A ]0x0000E7EC:	BEQ	#0XCBBF98A0	;(PC=0xCBBF97EC )
(             libc.so[0xCBBEB000])[00 50 94 E5 ]0x0000E7F0:	LDR	R5, [R4]	;(R4=0xCBC3935C )
(             libc.so[0xCBBEB000])[03 69 15 E2 ]0x0000E7F4:	ANDS	R6, R5, #0XC000	;(R5=0x00000001 )
(             libc.so[0xCBBEB000])[02 1A 05 E2 ]0x0000E7F8:	AND	R1, R5, #0X2000	;(R5=0x00000001 )
(             libc.so[0xCBBEB000])[11 00 00 1A ]0x0000E7FC:	BNE	#0XCBBF9848	;(PC=0xCBBF97FC )
(             libc.so[0xCBBEB000])[5F F0 7F F5 ]0x0000E800:	DMB	SY
(             libc.so[0xCBBEB000])[9F 2F 94 E1 ]0x0000E804:	LDREX	R2, [R4]	;(R4=0xCBC3935C )
(             libc.so[0xCBBEB000])[01 30 42 E2 ]0x0000E808:	SUB	R3, R2, #1	;(R2=0x00000001 )
(             libc.so[0xCBBEB000])[93 5F 84 E1 ]0x0000E80C:	STREX	R5, R3, [R4]	;(R3=0x00000000 R4=0xCBC3935C )
(             libc.so[0xCBBEB000])[00 00 55 E3 ]0x0000E810:	CMP	R5, #0	;(R5=0x00000000 )
(             libc.so[0xCBBEB000])[FA FF FF 1A ]0x0000E814:	BNE	#0XCBBF9804	;(PC=0xCBBF9814 )
(             libc.so[0xCBBEB000])[01 C0 81 E3 ]0x0000E818:	ORR	IP, R1, #1	;(R1=0x00000000 )
(             libc.so[0xCBBEB000])[0C 00 52 E1 ]0x0000E81C:	CMP	R2, IP	;(R2=0x00000001 IP=0x00000001 )
(             libc.so[0xCBBEB000])[06 00 00 0A ]0x0000E820:	BEQ	#0XCBBF9840	;(PC=0xCBBF9820 )
(             libc.so[0xCBBEB000])[00 00 A0 E3 ]0x0000E840:	MOV	R0, #0
(             libc.so[0xCBBEB000])[FB FF FF EA ]0x0000E844:	B	#0XCBBF9838	;(PC=0xCBBF9844 )
(             libc.so[0xCBBEB000])[08 D0 8D E2 ]0x0000E838:	ADD	SP, SP, #8	;(SP=0x100FE9F0 )
(             libc.so[0xCBBEB000])[70 80 BD E8 ]0x0000E83C:	POP	{R4, R5, R6, PC}	;(SP=0x100FE9F8 )
(             libc.so[0xCBBEB000])[3C B1       ]0x0000F8CC:	CBZ	R4, #0XCBBFA8DE	;(R4=0x00000001 )
(             libc.so[0xCBBEB000])[09 48       ]0x0000F8CE:	LDR	R0, [PC, #0X24]	;(PC=0xCBBFA8CE )
(             libc.so[0xCBBEB000])[09 49       ]0x0000F8D0:	LDR	R1, [PC, #0X24]	;(PC=0xCBBFA8D0 )
(             libc.so[0xCBBEB000])[0A 4A       ]0x0000F8D2:	LDR	R2, [PC, #0X28]	;(PC=0xCBBFA8D2 )
(             libc.so[0xCBBEB000])[78 44       ]0x0000F8D4:	ADD	R0, PC	;(R0=0xFFFFF811 PC=0xCBBFA8D4 )
(             libc.so[0xCBBEB000])[79 44       ]0x0000F8D6:	ADD	R1, PC	;(R1=0xFFFFF81F PC=0xCBBFA8D6 )
(             libc.so[0xCBBEB000])[7A 44       ]0x0000F8D8:	ADD	R2, PC	;(R2=0xFFFFFF85 PC=0xCBBFA8D8 )
(             libc.so[0xCBBEB000])[13 F0 82 ED ]0x0000F8DA:	BLX	#0XCBC0E3E0	;(PC=0xCBBFA8DA )
(             libc.so[0xCBBEB000])[F8 40 2D E9 ]0x000233E0:	PUSH	{R3, R4, R5, R6, R7, LR} ; pthread_atfork	;(SP=0x100FEA08 R3=0x00000000 R4=0x00000001 R5=0x00000000 R6=0x00000000 R7=0x100FEA58 LR=0xCBBFA8DF )
(             libc.so[0xCBBEB000])[00 70 A0 E1 ]0x000233E4:	MOV	R7, R0	;(R0=0xCBBFA0E9 )
(             libc.so[0xCBBEB000])[14 00 A0 E3 ]0x000233E8:	MOV	R0, #0X14
(             libc.so[0xCBBEB000])[01 60 A0 E1 ]0x000233EC:	MOV	R6, R1	;(R1=0xCBBFA0F9 )
(             libc.so[0xCBBEB000])[02 50 A0 E1 ]0x000233F0:	MOV	R5, R2	;(R2=0xCBBFA861 )
(             libc.so[0xCBBEB000])[FC A9 FF FA ]0x000233F4:	BLX	#0XCBBF8BEC	;(PC=0xCBC0E3F4 )
(             libc.so[0xCBBEB000])[08 B5       ]0x0000DBEC:	PUSH	{R3, LR} ; malloc	;(SP=0x100FE9F0 R3=0x00000000 LR=0xCBC0E3F8 )
(             libc.so[0xCBBEB000])[03 4B       ]0x0000DBEE:	LDR	R3, [PC, #0XC]	;(PC=0xCBBF8BEE )
(             libc.so[0xCBBEB000])[7B 44       ]0x0000DBF0:	ADD	R3, PC	;(R3=0x0003C40C PC=0xCBBF8BF0 )
(             libc.so[0xCBBEB000])[19 68       ]0x0000DBF2:	LDR	R1, [R3]	;(R3=0xCBC35000 )
(             libc.so[0xCBBEB000])[0A 68       ]0x0000DBF4:	LDR	R2, [R1]	;(R1=0xCBC34E00 )
(             libc.so[0xCBBEB000])[90 47       ]0x0000DBF6:	BLX	R2	;(PC=0xCBBF8BF6 R2=0xCBBFADCD )
(             libc.so[0xCBBEB000])[DF F8 A4 3B ]0x0000FDCC:	LDR.W	R3, [PC, #0XBA4] ; dlmalloc	;(PC=0xCBBFADCC )
(             libc.so[0xCBBEB000])[2D E9 F7 4F ]0x0000FDD0:	PUSH.W	{R0, R1, R2, R4, R5, R6, R7, R8, SB, SL, FP, LR}	;(SP=0x100FE9E8 R0=0x00000014 R1=0xCBC34E00 R2=0xCBBFADCD R4=0x00000001 R5=0xCBBFA861 R6=0xCBBFA0F9 R7=0xCBBFA0E9 R8=0x00000000 SB=0x00000000 SL=0x00000000 FP=0x00000000 LR=0xCBBF8BF9 )
(             libc.so[0xCBBEB000])[7B 44       ]0x0000FDD4:	ADD	R3, PC	;(R3=0x0003E588 PC=0xCBBFADD4 )
(             libc.so[0xCBBEB000])[04 46       ]0x0000FDD6:	MOV	R4, R0	;(R0=0x00000014 )
(             libc.so[0xCBBEB000])[18 68       ]0x0000FDD8:	LDR	R0, [R3]	;(R3=0xCBC39360 )
(             libc.so[0xCBBEB000])[08 B9       ]0x0000FDDA:	CBNZ	R0, #0XCBBFADE0	;(R0=0x305A95F8 )
(             libc.so[0xCBBEB000])[DF F8 94 1B ]0x0000FDE0:	LDR.W	R1, [PC, #0XB94]	;(PC=0xCBBFADE0 )
(             libc.so[0xCBBEB000])[79 44       ]0x0000FDE4:	ADD	R1, PC	;(R1=0x0003E398 PC=0xCBBFADE4 )
(             libc.so[0xCBBEB000])[D1 F8 BC 21 ]0x0000FDE6:	LDR.W	R2, [R1, #0X1BC]	;(R1=0xCBC39180 )
(             libc.so[0xCBBEB000])[93 07       ]0x0000FDEA:	LSLS	R3, R2, #0X1E	;(R2=0x00000003 )
(             libc.so[0xCBBEB000])[02 D4       ]0x0000FDEC:	BMI	#0XCBBFADF4
(             libc.so[0xCBBEB000])[01 F5 E0 70 ]0x0000FDF4:	ADD.W	R0, R1, #0X1C0	;(R1=0xCBC39180 )
(             libc.so[0xCBBEB000])[00 26       ]0x0000FDF8:	MOVS	R6, #0
(             libc.so[0xCBBEB000])[FE F7 F0 EC ]0x0000FDFA:	BLX	#0XCBBF97DC	;(PC=0xCBBFADFA )
(             libc.so[0xCBBEB000])[90 FF FF EA ]0x0000E7DC:	B	#0XCBBF9624 ; pthread_mutex_lock	;(PC=0xCBBF97DC )
(             libc.so[0xCBBEB000])[F0 41 2D E9 ]0x0000E624:	PUSH	{R4, R5, R6, R7, R8, LR}	;(SP=0x100FE9B8 R4=0x00000014 R5=0xCBBFA861 R6=0x00000000 R7=0xCBBFA0E9 R8=0x00000000 LR=0xCBBFADFF )
(             libc.so[0xCBBEB000])[00 40 50 E2 ]0x0000E628:	SUBS	R4, R0, #0	;(R0=0xCBC39340 )
(             libc.so[0xCBBEB000])[1B 00 00 0A ]0x0000E62C:	BEQ	#0XCBBF96A0	;(PC=0xCBBF962C )
(             libc.so[0xCBBEB000])[00 50 94 E5 ]0x0000E630:	LDR	R5, [R4]	;(R4=0xCBC39340 )
(             libc.so[0xCBBEB000])[03 79 15 E2 ]0x0000E634:	ANDS	R7, R5, #0XC000	;(R5=0x00000000 )
(             libc.so[0xCBBEB000])[02 6A 05 E2 ]0x0000E638:	AND	R6, R5, #0X2000	;(R5=0x00000000 )
(             libc.so[0xCBBEB000])[19 00 00 1A ]0x0000E63C:	BNE	#0XCBBF96A8	;(PC=0xCBBF963C )
(             libc.so[0xCBBEB000])[01 00 86 E3 ]0x0000E640:	ORR	R0, R6, #1	;(R6=0x00000000 )
(             libc.so[0xCBBEB000])[9F 3F 94 E1 ]0x0000E644:	LDREX	R3, [R4]	;(R4=0xCBC39340 )
(             libc.so[0xCBBEB000])[00 10 A0 E3 ]0x0000E648:	MOV	R1, #0
(             libc.so[0xCBBEB000])[06 00 33 E1 ]0x0000E64C:	TEQ	R3, R6	;(R3=0x00000000 R6=0x00000000 )
(             libc.so[0xCBBEB000])[90 1F 84 01 ]0x0000E650:	STREXEQ	R1, R0, [R4]	;(R0=0x00000001 R4=0xCBC39340 )
(             libc.so[0xCBBEB000])[00 00 51 E3 ]0x0000E654:	CMP	R1, #0	;(R1=0x00000000 )
(             libc.so[0xCBBEB000])[F9 FF FF 1A ]0x0000E658:	BNE	#0XCBBF9644	;(PC=0xCBBF9658 )
(             libc.so[0xCBBEB000])[03 00 56 E1 ]0x0000E65C:	CMP	R6, R3	;(R6=0x00000000 R3=0x00000000 )
(             libc.so[0xCBBEB000])[02 50 86 13 ]0x0000E660:	ORRNE	R5, R6, #2	;(R6=0x00000000 )
(             libc.so[0xCBBEB000])[01 00 00 1A ]0x0000E664:	BNE	#0XCBBF9670	;(PC=0xCBBF9664 )
(             libc.so[0xCBBEB000])[09 00 00 EA ]0x0000E668:	B	#0XCBBF9694	;(PC=0xCBBF9668 )
(             libc.so[0xCBBEB000])[5F F0 7F F5 ]0x0000E694:	DMB	SY
(             libc.so[0xCBBEB000])[00 00 A0 E3 ]0x0000E698:	MOV	R0, #0
(             libc.so[0xCBBEB000])[F0 81 BD E8 ]0x0000E69C:	POP	{R4, R5, R6, R7, R8, PC}	;(SP=0x100FE9A0 )
(             libc.so[0xCBBEB000])[00 28       ]0x0000FDFE:	CMP	R0, #0	;(R0=0x00000000 )
(             libc.so[0xCBBEB000])[41 F0 6F 80 ]0x0000FE00:	BNE.W	#0XCBBFBEE2
(             libc.so[0xCBBEB000])[F3 E7       ]0x0000FE04:	B	#0XCBBFADEE
(             libc.so[0xCBBEB000])[F4 2C       ]0x0000FDEE:	CMP	R4, #0XF4	;(R4=0x00000014 )
(             libc.so[0xCBBEB000])[09 D9       ]0x0000FDF0:	BLS	#0XCBBFAE06
(             libc.so[0xCBBEB000])[0A 2C       ]0x0000FE06:	CMP	R4, #0XA	;(R4=0x00000014 )
(             libc.so[0xCBBEB000])[03 D9       ]0x0000FE08:	BLS	#0XCBBFAE12
(             libc.so[0xCBBEB000])[0B 34       ]0x0000FE0A:	ADDS	R4, #0XB	;(R4=0x00000014 )
(             libc.so[0xCBBEB000])[24 F0 07 04 ]0x0000FE0C:	BIC	R4, R4, #7	;(R4=0x0000001F )
(             libc.so[0xCBBEB000])[00 E0       ]0x0000FE10:	B	#0XCBBFAE14
(             libc.so[0xCBBEB000])[DF F8 68 3B ]0x0000FE14:	LDR.W	R3, [PC, #0XB68]	;(PC=0xCBBFAE14 )
(             libc.so[0xCBBEB000])[E2 08       ]0x0000FE18:	LSRS	R2, R4, #3	;(R4=0x00000018 )
(             libc.so[0xCBBEB000])[7B 44       ]0x0000FE1A:	ADD	R3, PC	;(R3=0x0003E362 PC=0xCBBFAE1A )
(             libc.so[0xCBBEB000])[18 68       ]0x0000FE1C:	LDR	R0, [R3]	;(R3=0xCBC39180 )
(             libc.so[0xCBBEB000])[20 FA 02 F1 ]0x0000FE1E:	LSR.W	R1, R0, R2	;(R0=0x00000000 R2=0x00000003 )
(             libc.so[0xCBBEB000])[01 90       ]0x0000FE22:	STR	R0, [SP, #4]	;(R0=0x00000000 SP=0x100FE9B8 )
(             libc.so[0xCBBEB000])[8E 07       ]0x0000FE24:	LSLS	R6, R1, #0X1E	;(R1=0x00000000 )
(             libc.so[0xCBBEB000])[21 D0       ]0x0000FE26:	BEQ	#0XCBBFAE6C
(             libc.so[0xCBBEB000])[9D 68       ]0x0000FE6C:	LDR	R5, [R3, #8]	;(R3=0xCBC39180 )
(             libc.so[0xCBBEB000])[AC 42       ]0x0000FE6E:	CMP	R4, R5	;(R4=0x00000018 R5=0x00000000 )
(             libc.so[0xCBBEB000])[40 F2 3F 83 ]0x0000FE70:	BLS.W	#0XCBBFB4F2
(             libc.so[0xCBBEB000])[00 29       ]0x0000FE74:	CMP	R1, #0	;(R1=0x00000000 )
(             libc.so[0xCBBEB000])[74 D0       ]0x0000FE76:	BEQ	#0XCBBFAF62
(             libc.so[0xCBBEB000])[D3 F8 04 80 ]0x0000FF62:	LDR.W	R8, [R3, #4]	;(R3=0xCBC39180 )
(             libc.so[0xCBBEB000])[B8 F1 00 0F ]0x0000FF66:	CMP.W	R8, #0	;(R8=0x00000000 )
(             libc.so[0xCBBEB000])[00 F0 C2 82 ]0x0000FF6A:	BEQ.W	#0XCBBFB4F2
(             libc.so[0xCBBEB000])[DF F8 E0 34 ]0x000104F2:	LDR.W	R3, [PC, #0X4E0]	;(PC=0xCBBFB4F2 )
(             libc.so[0xCBBEB000])[7B 44       ]0x000104F6:	ADD	R3, PC	;(R3=0x0003DC86 PC=0xCBBFB4F6 )
(             libc.so[0xCBBEB000])[98 68       ]0x000104F8:	LDR	R0, [R3, #8]	;(R3=0xCBC39180 )
(             libc.so[0xCBBEB000])[84 42       ]0x000104FA:	CMP	R4, R0	;(R4=0x00000018 R0=0x00000000 )
(             libc.so[0xCBBEB000])[19 D8       ]0x000104FC:	BHI	#0XCBBFB532
(             libc.so[0xCBBEB000])[DE 68       ]0x00010532:	LDR	R6, [R3, #0XC]	;(R3=0xCBC39180 )
(             libc.so[0xCBBEB000])[B4 42       ]0x00010534:	CMP	R4, R6	;(R4=0x00000018 R6=0x00000000 )
(             libc.so[0xCBBEB000])[01 D2       ]0x00010536:	BHS	#0XCBBFB53C
(             libc.so[0xCBBEB000])[DF F8 98 64 ]0x0001053C:	LDR.W	R6, [PC, #0X498]	;(PC=0xCBBFB53C )
(             libc.so[0xCBBEB000])[7E 44       ]0x00010540:	ADD	R6, PC	;(R6=0x0003DE1C PC=0xCBBFB540 )
(             libc.so[0xCBBEB000])[32 68       ]0x00010542:	LDR	R2, [R6]	;(R6=0xCBC39360 )
(             libc.so[0xCBBEB000])[0A B9       ]0x00010544:	CBNZ	R2, #0XCBBFB54A	;(R2=0x305A95F8 )
(             libc.so[0xCBBEB000])[DF F8 90 34 ]0x0001054A:	LDR.W	R3, [PC, #0X490]	;(PC=0xCBBFB54A )
(             libc.so[0xCBBEB000])[7B 44       ]0x0001054E:	ADD	R3, PC	;(R3=0x0003DC2E PC=0xCBBFB54E )
(             libc.so[0xCBBEB000])[D3 F8 BC 11 ]0x00010550:	LDR.W	R1, [R3, #0X1BC]	;(R3=0xCBC39180 )
(             libc.so[0xCBBEB000])[CA 07       ]0x00010554:	LSLS	R2, R1, #0X1F	;(R1=0x00000003 )
(             libc.so[0xCBBEB000])[54 D5       ]0x00010556:	BPL	#0XCBBFB602
(             libc.so[0xCBBEB000])[DF F8 84 04 ]0x00010558:	LDR.W	R0, [PC, #0X484]	;(PC=0xCBBFB558 )
(             libc.so[0xCBBEB000])[78 44       ]0x0001055C:	ADD	R0, PC	;(R0=0x0003DE00 PC=0xCBBFB55C )
(             libc.so[0xCBBEB000])[C6 68       ]0x0001055E:	LDR	R6, [R0, #0XC]	;(R0=0xCBC39360 )
(             libc.so[0xCBBEB000])[B4 42       ]0x00010560:	CMP	R4, R6	;(R4=0x00000018 R6=0x00010000 )
(             libc.so[0xCBBEB000])[4E D3       ]0x00010562:	BLO	#0XCBBFB602
(             libc.so[0xCBBEB000])[FB 4F       ]0x00010602:	LDR	R7, [PC, #0X3EC]	;(PC=0xCBBFB602 )
(             libc.so[0xCBBEB000])[7F 44       ]0x00010604:	ADD	R7, PC	;(R7=0x0003DD58 PC=0xCBBFB604 )
(             libc.so[0xCBBEB000])[BE 68       ]0x00010606:	LDR	R6, [R7, #8]	;(R7=0xCBC39360 )
(             libc.so[0xCBBEB000])[06 F1 2F 0C ]0x00010608:	ADD.W	IP, R6, #0X2F	;(R6=0x00001000 )
(             libc.so[0xCBBEB000])[70 42       ]0x0001060C:	RSBS	R0, R6, #0	;(R6=0x00001000 )
(             libc.so[0xCBBEB000])[0C EB 04 01 ]0x0001060E:	ADD.W	R1, IP, R4	;(IP=0x0000102F R4=0x00000018 )
(             libc.so[0xCBBEB000])[01 EA 00 07 ]0x00010612:	AND.W	R7, R1, R0	;(R1=0x00001047 R0=0xFFFFF000 )
(             libc.so[0xCBBEB000])[A7 42       ]0x00010616:	CMP	R7, R4	;(R7=0x00001000 R4=0x00000018 )
(             libc.so[0xCBBEB000])[01 D8       ]0x00010618:	BHI	#0XCBBFB61E
(             libc.so[0xCBBEB000])[F5 4A       ]0x0001061E:	LDR	R2, [PC, #0X3D4]	;(PC=0xCBBFB61E )
(             libc.so[0xCBBEB000])[7A 44       ]0x00010620:	ADD	R2, PC	;(R2=0x0003DB5C PC=0xCBBFB620 )
(             libc.so[0xCBBEB000])[D2 F8 B8 31 ]0x00010622:	LDR.W	R3, [R2, #0X1B8]	;(R2=0xCBC39180 )
(             libc.so[0xCBBEB000])[4B B1       ]0x00010626:	CBZ	R3, #0XCBBFB63C	;(R3=0x00000000 )
(             libc.so[0xCBBEB000])[EE 48       ]0x0001063C:	LDR	R0, [PC, #0X3B8]	;(PC=0xCBBFB63C )
(             libc.so[0xCBBEB000])[78 44       ]0x0001063E:	ADD	R0, PC	;(R0=0x0003DB3E PC=0xCBBFB63E )
(             libc.so[0xCBBEB000])[D0 F8 BC 21 ]0x00010640:	LDR.W	R2, [R0, #0X1BC]	;(R0=0xCBC39180 )
(             libc.so[0xCBBEB000])[51 07       ]0x00010644:	LSLS	R1, R2, #0X1D	;(R2=0x00000003 )
(             libc.so[0xCBBEB000])[08 D5       ]0x00010646:	BPL	#0XCBBFB65A
(             libc.so[0xCBBEB000])[81 69       ]0x0001065A:	LDR	R1, [R0, #0X18]	;(R0=0xCBC39180 )
(             libc.so[0xCBBEB000])[19 B1       ]0x0001065C:	CBZ	R1, #0XCBBFB666	;(R1=0x00000000 )
(             libc.so[0xCBBEB000])[88 46       ]0x00010666:	MOV	R8, R1	;(R1=0x00000000 )
(             libc.so[0xCBBEB000])[E4 48       ]0x00010668:	LDR	R0, [PC, #0X390]	;(PC=0xCBBFB668 )
(             libc.so[0xCBBEB000])[78 44       ]0x0001066A:	ADD	R0, PC	;(R0=0x0003DCEE PC=0xCBBFB66A )
(             libc.so[0xCBBEB000])[FE F7 B6 E8 ]0x0001066C:	BLX	#0XCBBF97DC	;(PC=0xCBBFB66C )
(             libc.so[0xCBBEB000])[90 FF FF EA ]0x0000E7DC:	B	#0XCBBF9624 ; pthread_mutex_lock	;(PC=0xCBBF97DC )
(             libc.so[0xCBBEB000])[F0 41 2D E9 ]0x0000E624:	PUSH	{R4, R5, R6, R7, R8, LR}	;(SP=0x100FE9B8 R4=0x00000018 R5=0x00000000 R6=0x00001000 R7=0x00001000 R8=0x00000000 LR=0xCBBFB671 )
(             libc.so[0xCBBEB000])[00 40 50 E2 ]0x0000E628:	SUBS	R4, R0, #0	;(R0=0xCBC3935C )
(             libc.so[0xCBBEB000])[1B 00 00 0A ]0x0000E62C:	BEQ	#0XCBBF96A0	;(PC=0xCBBF962C )
(             libc.so[0xCBBEB000])[00 50 94 E5 ]0x0000E630:	LDR	R5, [R4]	;(R4=0xCBC3935C )
(             libc.so[0xCBBEB000])[03 79 15 E2 ]0x0000E634:	ANDS	R7, R5, #0XC000	;(R5=0x00000000 )
(             libc.so[0xCBBEB000])[02 6A 05 E2 ]0x0000E638:	AND	R6, R5, #0X2000	;(R5=0x00000000 )
(             libc.so[0xCBBEB000])[19 00 00 1A ]0x0000E63C:	BNE	#0XCBBF96A8	;(PC=0xCBBF963C )
(             libc.so[0xCBBEB000])[01 00 86 E3 ]0x0000E640:	ORR	R0, R6, #1	;(R6=0x00000000 )
(             libc.so[0xCBBEB000])[9F 3F 94 E1 ]0x0000E644:	LDREX	R3, [R4]	;(R4=0xCBC3935C )
(             libc.so[0xCBBEB000])[00 10 A0 E3 ]0x0000E648:	MOV	R1, #0
(             libc.so[0xCBBEB000])[06 00 33 E1 ]0x0000E64C:	TEQ	R3, R6	;(R3=0x00000000 R6=0x00000000 )
(             libc.so[0xCBBEB000])[90 1F 84 01 ]0x0000E650:	STREXEQ	R1, R0, [R4]	;(R0=0x00000001 R4=0xCBC3935C )
(             libc.so[0xCBBEB000])[00 00 51 E3 ]0x0000E654:	CMP	R1, #0	;(R1=0x00000000 )
(             libc.so[0xCBBEB000])[F9 FF FF 1A ]0x0000E658:	BNE	#0XCBBF9644	;(PC=0xCBBF9658 )
(             libc.so[0xCBBEB000])[03 00 56 E1 ]0x0000E65C:	CMP	R6, R3	;(R6=0x00000000 R3=0x00000000 )
(             libc.so[0xCBBEB000])[02 50 86 13 ]0x0000E660:	ORRNE	R5, R6, #2	;(R6=0x00000000 )
(             libc.so[0xCBBEB000])[01 00 00 1A ]0x0000E664:	BNE	#0XCBBF9670	;(PC=0xCBBF9664 )
(             libc.so[0xCBBEB000])[09 00 00 EA ]0x0000E668:	B	#0XCBBF9694	;(PC=0xCBBF9668 )
(             libc.so[0xCBBEB000])[5F F0 7F F5 ]0x0000E694:	DMB	SY
(             libc.so[0xCBBEB000])[00 00 A0 E3 ]0x0000E698:	MOV	R0, #0
(             libc.so[0xCBBEB000])[F0 81 BD E8 ]0x0000E69C:	POP	{R4, R5, R6, R7, R8, PC}	;(SP=0x100FE9A0 )
(             libc.so[0xCBBEB000])[B8 F1 00 0F ]0x00010670:	CMP.W	R8, #0	;(R8=0x00000000 )
(             libc.so[0xCBBEB000])[35 D1       ]0x00010674:	BNE	#0XCBBFB6E2
(             libc.so[0xCBBEB000])[40 46       ]0x00010676:	MOV	R0, R8	;(R8=0x00000000 )
(             libc.so[0xCBBEB000])[02 F0 C8 FD ]0x00010678:	BL	#0XCBBFE20C	;(PC=0xCBBFB678 )
(             libc.so[0xCBBEB000])[70 B5       ]0x0001320C:	PUSH	{R4, R5, R6, LR} ; sbrk	;(SP=0x100FE9B8 R4=0x00000018 R5=0x00000000 R6=0x00001000 LR=0xCBBFB67D )
(             libc.so[0xCBBEB000])[06 46       ]0x0001320E:	MOV	R6, R0	;(R0=0x00000000 )
(             libc.so[0xCBBEB000])[0D 4C       ]0x00013210:	LDR	R4, [PC, #0X34]	;(PC=0xCBBFE210 )
(             libc.so[0xCBBEB000])[7C 44       ]0x00013212:	ADD	R4, PC	;(R4=0x0003B18E PC=0xCBBFE212 )
(             libc.so[0xCBBEB000])[20 68       ]0x00013214:	LDR	R0, [R4]	;(R4=0xCBC393A4 )
(             libc.so[0xCBBEB000])[10 B9       ]0x00013216:	CBNZ	R0, #0XCBBFE21E	;(R0=0x00000000 )
(             libc.so[0xCBBEB000])[0C F0 3C EF ]0x00013218:	BLX	#0XCBC0B094	;(PC=0xCBBFE218 )
(             libc.so[0xCBBEB000])[07 C0 A0 E1 ]0x00020094:	MOV	IP, R7 ; __brk	;(R7=0x00001000 )
(             libc.so[0xCBBEB000])[2D 70 A0 E3 ]0x00020098:	MOV	R7, #0X2D
(             libc.so[0xCBBEB000])[00 00 00 EF ]0x0002009C:	SVC	#0	;(PC=0xCBC0B09C )
(             libc.so[0xCBBEB000])[0C 70 A0 E1 ]0x000200A0:	MOV	R7, IP	;(IP=0x00001000 )
(             libc.so[0xCBBEB000])[01 0A 70 E3 ]0x000200A4:	CMN	R0, #0X1000	;(R0=0xFFFFFFFF )
(             libc.so[0xCBBEB000])[1E FF 2F 91 ]0x000200A8:	BXLS	LR
(             libc.so[0xCBBEB000])[00 00 60 E2 ]0x000200AC:	RSB	R0, R0, #0	;(R0=0xFFFFFFFF )
(             libc.so[0xCBBEB000])[35 75 00 EA ]0x000200B0:	B	#0XCBC2858C	;(PC=0xCBC0B0B0 )
(             libc.so[0xCBBEB000])[04 C0 9F E5 ]0x0003D58C:	LDR	IP, [PC, #4]	;(PC=0xCBC2858C )
(             libc.so[0xCBBEB000])[0C C0 8F E0 ]0x0003D590:	ADD	IP, PC, IP	;(PC=0xCBC28590 IP=0xFFFD5D77 )
(             libc.so[0xCBBEB000])[1C FF 2F E1 ]0x0003D594:	BX	IP	;(IP=0xCBBFE30F )
(             libc.so[0xCBBEB000])[10 B5       ]0x0001330E:	PUSH	{R4, LR} ; __set_errno	;(SP=0x100FE9A8 R4=0xCBC393A4 LR=0xCBBFE21D )
(             libc.so[0xCBBEB000])[04 46       ]0x00013310:	MOV	R4, R0	;(R0=0x00000001 )
(             libc.so[0xCBBEB000])[01 F0 99 F8 ]0x00013312:	BL	#0XCBBFF448	;(PC=0xCBBFE312 )
(             libc.so[0xCBBEB000])[1D EE 70 0F ]0x00014448:	MRC	P15, #0, R0, C13, C0, #3 ; __errno	;(R0=0x00000001 )
(             libc.so[0xCBBEB000])[08 30       ]0x0001444C:	ADDS	R0, #8	;(R0=0x02000000 )
(             libc.so[0xCBBEB000])[70 47       ]0x0001444E:	BX	LR	;(LR=0xCBBFE317 )
(             libc.so[0xCBBEB000])[04 60       ]0x00013316:	STR	R4, [R0]	;(R4=0x00000001 R0=0x02000008 )
(             libc.so[0xCBBEB000])[4F F0 FF 30 ]0x00013318:	MOV.W	R0, #-1
(             libc.so[0xCBBEB000])[10 BD       ]0x0001331C:	POP	{R4, PC}	;(SP=0x100FE9A0 )
(             libc.so[0xCBBEB000])[20 60       ]0x0001321C:	STR	R0, [R4]	;(R0=0xFFFFFFFF R4=0xCBC393A4 )
(             libc.so[0xCBBEB000])[0B 4D       ]0x0001321E:	LDR	R5, [PC, #0X2C]	;(PC=0xCBBFE21E )
(             libc.so[0xCBBEB000])[7D 44       ]0x00013220:	ADD	R5, PC	;(R5=0x0003B180 PC=0xCBBFE220 )
(             libc.so[0xCBBEB000])[2C 68       ]0x00013222:	LDR	R4, [R5]	;(R5=0xCBC393A4 )
(             libc.so[0xCBBEB000])[A6 19       ]0x00013224:	ADDS	R6, R4, R6	;(R4=0xFFFFFFFF R6=0x00000000 )
(             libc.so[0xCBBEB000])[30 46       ]0x00013226:	MOV	R0, R6	;(R6=0xFFFFFFFF )
(             libc.so[0xCBBEB000])[0C F0 34 EF ]0x00013228:	BLX	#0XCBC0B094	;(PC=0xCBBFE228 )
(             libc.so[0xCBBEB000])[07 C0 A0 E1 ]0x00020094:	MOV	IP, R7 ; __brk	;(R7=0x00001000 )
(             libc.so[0xCBBEB000])[2D 70 A0 E3 ]0x00020098:	MOV	R7, #0X2D
(             libc.so[0xCBBEB000])[00 00 00 EF ]0x0002009C:	SVC	#0	;(PC=0xCBC0B09C )
(             libc.so[0xCBBEB000])[0C 70 A0 E1 ]0x000200A0:	MOV	R7, IP	;(IP=0x00001000 )
(             libc.so[0xCBBEB000])[01 0A 70 E3 ]0x000200A4:	CMN	R0, #0X1000	;(R0=0xFFFFFFFF )
(             libc.so[0xCBBEB000])[1E FF 2F 91 ]0x000200A8:	BXLS	LR
(             libc.so[0xCBBEB000])[00 00 60 E2 ]0x000200AC:	RSB	R0, R0, #0	;(R0=0xFFFFFFFF )
(             libc.so[0xCBBEB000])[35 75 00 EA ]0x000200B0:	B	#0XCBC2858C	;(PC=0xCBC0B0B0 )
(             libc.so[0xCBBEB000])[04 C0 9F E5 ]0x0003D58C:	LDR	IP, [PC, #4]	;(PC=0xCBC2858C )
(             libc.so[0xCBBEB000])[0C C0 8F E0 ]0x0003D590:	ADD	IP, PC, IP	;(PC=0xCBC28590 IP=0xFFFD5D77 )
(             libc.so[0xCBBEB000])[1C FF 2F E1 ]0x0003D594:	BX	IP	;(IP=0xCBBFE30F )
(             libc.so[0xCBBEB000])[10 B5       ]0x0001330E:	PUSH	{R4, LR} ; __set_errno	;(SP=0x100FE9A8 R4=0xFFFFFFFF LR=0xCBBFE22D )
(             libc.so[0xCBBEB000])[04 46       ]0x00013310:	MOV	R4, R0	;(R0=0x00000001 )
(             libc.so[0xCBBEB000])[01 F0 99 F8 ]0x00013312:	BL	#0XCBBFF448	;(PC=0xCBBFE312 )
(             libc.so[0xCBBEB000])[1D EE 70 0F ]0x00014448:	MRC	P15, #0, R0, C13, C0, #3 ; __errno	;(R0=0x00000001 )
(             libc.so[0xCBBEB000])[08 30       ]0x0001444C:	ADDS	R0, #8	;(R0=0x02000000 )
(             libc.so[0xCBBEB000])[70 47       ]0x0001444E:	BX	LR	;(LR=0xCBBFE317 )
(             libc.so[0xCBBEB000])[04 60       ]0x00013316:	STR	R4, [R0]	;(R4=0x00000001 R0=0x02000008 )
(             libc.so[0xCBBEB000])[4F F0 FF 30 ]0x00013318:	MOV.W	R0, #-1
(             libc.so[0xCBBEB000])[10 BD       ]0x0001331C:	POP	{R4, PC}	;(SP=0x100FE9A0 )
(             libc.so[0xCBBEB000])[43 1C       ]0x0001322C:	ADDS	R3, R0, #1	;(R0=0xFFFFFFFF )
(             libc.so[0xCBBEB000])[0A D0       ]0x0001322E:	BEQ	#0XCBBFE246
(             libc.so[0xCBBEB000])[70 BD       ]0x00013246:	POP	{R4, R5, R6, PC}	;(SP=0x100FE9A8 )
(             libc.so[0xCBBEB000])[B0 F1 FF 3F ]0x0001067C:	CMP.W	R0, #-1	;(R0=0xFFFFFFFF )
(             libc.so[0xCBBEB000])[80 46       ]0x00010680:	MOV	R8, R0	;(R0=0xFFFFFFFF )
(             libc.so[0xCBBEB000])[00 F0 2C 84 ]0x00010682:	BEQ.W	#0XCBBFBEDE
(             libc.so[0xCBBEB000])[00 25       ]0x00010EDE:	MOVS	R5, #0
(             libc.so[0xCBBEB000])[D0 E7       ]0x00010EE0:	B	#0XCBBFBE84
(             libc.so[0xCBBEB000])[2A 4E       ]0x00010E84:	LDR	R6, [PC, #0XA8]	;(PC=0xCBBFBE84 )
(             libc.so[0xCBBEB000])[7E 44       ]0x00010E86:	ADD	R6, PC	;(R6=0x0003D2F6 PC=0xCBBFBE86 )
(             libc.so[0xCBBEB000])[D6 F8 BC 01 ]0x00010E88:	LDR.W	R0, [R6, #0X1BC]	;(R6=0xCBC39180 )
(             libc.so[0xCBBEB000])[40 F0 04 02 ]0x00010E8C:	ORR	R2, R0, #4	;(R0=0x00000003 )
(             libc.so[0xCBBEB000])[C6 F8 BC 21 ]0x00010E90:	STR.W	R2, [R6, #0X1BC]	;(R2=0x00000007 R6=0xCBC39180 )
(             libc.so[0xCBBEB000])[4F F0 FF 36 ]0x00010E94:	MOV.W	R6, #-1
(             libc.so[0xCBBEB000])[62 E4       ]0x00010E98:	B	#0XCBBFB760
(             libc.so[0xCBBEB000])[AC 48       ]0x00010760:	LDR	R0, [PC, #0X2B0]	;(PC=0xCBBFB760 )
(             libc.so[0xCBBEB000])[78 44       ]0x00010762:	ADD	R0, PC	;(R0=0x0003DBF6 PC=0xCBBFB762 )
(             libc.so[0xCBBEB000])[FE F7 BC E8 ]0x00010764:	BLX	#0XCBBF98E0	;(PC=0xCBBFB764 )
(             libc.so[0xCBBEB000])[BE FF FF EA ]0x0000E8E0:	B	#0XCBBF97E0 ; pthread_mutex_unlock	;(PC=0xCBBF98E0 )
(             libc.so[0xCBBEB000])[70 40 2D E9 ]0x0000E7E0:	PUSH	{R4, R5, R6, LR}	;(SP=0x100FE9B8 R4=0x00000018 R5=0x00000000 R6=0xFFFFFFFF LR=0xCBBFB769 )
(             libc.so[0xCBBEB000])[00 40 50 E2 ]0x0000E7E4:	SUBS	R4, R0, #0	;(R0=0xCBC3935C )
(             libc.so[0xCBBEB000])[08 D0 4D E2 ]0x0000E7E8:	SUB	SP, SP, #8	;(SP=0x100FE9A8 )
(             libc.so[0xCBBEB000])[2B 00 00 0A ]0x0000E7EC:	BEQ	#0XCBBF98A0	;(PC=0xCBBF97EC )
(             libc.so[0xCBBEB000])[00 50 94 E5 ]0x0000E7F0:	LDR	R5, [R4]	;(R4=0xCBC3935C )
(             libc.so[0xCBBEB000])[03 69 15 E2 ]0x0000E7F4:	ANDS	R6, R5, #0XC000	;(R5=0x00000001 )
(             libc.so[0xCBBEB000])[02 1A 05 E2 ]0x0000E7F8:	AND	R1, R5, #0X2000	;(R5=0x00000001 )
(             libc.so[0xCBBEB000])[11 00 00 1A ]0x0000E7FC:	BNE	#0XCBBF9848	;(PC=0xCBBF97FC )
(             libc.so[0xCBBEB000])[5F F0 7F F5 ]0x0000E800:	DMB	SY
(             libc.so[0xCBBEB000])[9F 2F 94 E1 ]0x0000E804:	LDREX	R2, [R4]	;(R4=0xCBC3935C )
(             libc.so[0xCBBEB000])[01 30 42 E2 ]0x0000E808:	SUB	R3, R2, #1	;(R2=0x00000001 )
(             libc.so[0xCBBEB000])[93 5F 84 E1 ]0x0000E80C:	STREX	R5, R3, [R4]	;(R3=0x00000000 R4=0xCBC3935C )
(             libc.so[0xCBBEB000])[00 00 55 E3 ]0x0000E810:	CMP	R5, #0	;(R5=0x00000000 )
(             libc.so[0xCBBEB000])[FA FF FF 1A ]0x0000E814:	BNE	#0XCBBF9804	;(PC=0xCBBF9814 )
(             libc.so[0xCBBEB000])[01 C0 81 E3 ]0x0000E818:	ORR	IP, R1, #1	;(R1=0x00000000 )
(             libc.so[0xCBBEB000])[0C 00 52 E1 ]0x0000E81C:	CMP	R2, IP	;(R2=0x00000001 IP=0x00000001 )
(             libc.so[0xCBBEB000])[06 00 00 0A ]0x0000E820:	BEQ	#0XCBBF9840	;(PC=0xCBBF9820 )
(             libc.so[0xCBBEB000])[00 00 A0 E3 ]0x0000E840:	MOV	R0, #0
(             libc.so[0xCBBEB000])[FB FF FF EA ]0x0000E844:	B	#0XCBBF9838	;(PC=0xCBBF9844 )
(             libc.so[0xCBBEB000])[08 D0 8D E2 ]0x0000E838:	ADD	SP, SP, #8	;(SP=0x100FE9A0 )
(             libc.so[0xCBBEB000])[70 80 BD E8 ]0x0000E83C:	POP	{R4, R5, R6, PC}	;(SP=0x100FE9A8 )
(             libc.so[0xCBBEB000])[70 1C       ]0x00010768:	ADDS	R0, R6, #1	;(R6=0xFFFFFFFF )
(             libc.so[0xCBBEB000])[3F F4 6D AF ]0x0001076A:	BEQ.W	#0XCBBFB648
(             libc.so[0xCBBEB000])[38 46       ]0x00010648:	MOV	R0, R7	;(R7=0x00001000 )
(             libc.so[0xCBBEB000])[FF F7 D7 F8 ]0x0001064A:	BL	#0XCBBFA7FC	;(PC=0xCBBFB64A )
(             libc.so[0xCBBEB000])[37 B5       ]0x0000F7FC:	PUSH	{R0, R1, R2, R4, R5, LR}	;(SP=0x100FE9B8 R0=0x00001000 R1=0x00000000 R2=0x00000001 R4=0x00000018 R5=0x00000000 LR=0xCBBFB64F )
(             libc.so[0xCBBEB000])[04 46       ]0x0000F7FE:	MOV	R4, R0	;(R0=0x00001000 )
(             libc.so[0xCBBEB000])[4F F0 FF 33 ]0x0000F800:	MOV.W	R3, #-1
(             libc.so[0xCBBEB000])[00 20       ]0x0000F804:	MOVS	R0, #0
(             libc.so[0xCBBEB000])[00 93       ]0x0000F806:	STR	R3, [SP]	;(R3=0xFFFFFFFF SP=0x100FE9A0 )
(             libc.so[0xCBBEB000])[03 22       ]0x0000F808:	MOVS	R2, #3
(             libc.so[0xCBBEB000])[22 23       ]0x0000F80A:	MOVS	R3, #0X22
(             libc.so[0xCBBEB000])[01 90       ]0x0000F80C:	STR	R0, [SP, #4]	;(R0=0x00000000 SP=0x100FE9A0 )
(             libc.so[0xCBBEB000])[21 46       ]0x0000F80E:	MOV	R1, R4	;(R4=0x00001000 )
(             libc.so[0xCBBEB000])[03 F0 24 FA ]0x0000F810:	BL	#0XCBBFDC5C	;(PC=0xCBBFA810 )
(             libc.so[0xCBBEB000])[F7 B5       ]0x00012C5C:	PUSH	{R0, R1, R2, R4, R5, R6, R7, LR} ; mmap	;(SP=0x100FE9A0 R0=0x00000000 R1=0x00001000 R2=0x00000003 R4=0x00001000 R5=0x00000000 R6=0xFFFFFFFF R7=0x00001000 LR=0xCBBFA815 )
(             libc.so[0xCBBEB000])[0E 46       ]0x00012C5E:	MOV	R6, R1	;(R1=0x00001000 )
(             libc.so[0xCBBEB000])[09 9C       ]0x00012C60:	LDR	R4, [SP, #0X24]	;(SP=0x100FE980 )
(             libc.so[0xCBBEB000])[1F 46       ]0x00012C62:	MOV	R7, R3	;(R3=0x00000022 )
(             libc.so[0xCBBEB000])[25 05       ]0x00012C64:	LSLS	R5, R4, #0X14	;(R4=0x00000000 )
(             libc.so[0xCBBEB000])[06 D0       ]0x00012C66:	BEQ	#0XCBBFDC76
(             libc.so[0xCBBEB000])[08 9D       ]0x00012C76:	LDR	R5, [SP, #0X20]	;(SP=0x100FE980 )
(             libc.so[0xCBBEB000])[24 0B       ]0x00012C78:	LSRS	R4, R4, #0XC	;(R4=0x00000000 )
(             libc.so[0xCBBEB000])[01 94       ]0x00012C7A:	STR	R4, [SP, #4]	;(R4=0x00000000 SP=0x100FE980 )
(             libc.so[0xCBBEB000])[00 95       ]0x00012C7C:	STR	R5, [SP]	;(R5=0xFFFFFFFF SP=0x100FE980 )
(             libc.so[0xCBBEB000])[0D F0 CC EB ]0x00012C7E:	BLX	#0XCBC0B418	;(PC=0xCBBFDC7E )
(             libc.so[0xCBBEB000])[0D C0 A0 E1 ]0x00020418:	MOV	IP, SP ; __mmap2	;(SP=0x100FE980 )
(             libc.so[0xCBBEB000])[F0 00 2D E9 ]0x0002041C:	PUSH	{R4, R5, R6, R7}	;(SP=0x100FE980 R4=0x00000000 R5=0xFFFFFFFF R6=0x00001000 R7=0x00000022 )
(             libc.so[0xCBBEB000])[70 00 9C E8 ]0x00020420:	LDM	IP, {R4, R5, R6}	;(IP=0x100FE980 )
(             libc.so[0xCBBEB000])[C0 70 A0 E3 ]0x00020424:	MOV	R7, #0XC0
(             libc.so[0xCBBEB000])[00 00 00 EF ]0x00020428:	SVC	#0	;(PC=0xCBC0B428 )
(             libc.so[0xCBBEB000])[F0 00 BD E8 ]0x0002042C:	POP	{R4, R5, R6, R7}	;(SP=0x100FE970 )
(             libc.so[0xCBBEB000])[01 0A 70 E3 ]0x00020430:	CMN	R0, #0X1000	;(R0=0x30060000 )
(             libc.so[0xCBBEB000])[1E FF 2F 91 ]0x00020434:	BXLS	LR
(             libc.so[0xCBBEB000])[43 1C       ]0x00012C82:	ADDS	R3, R0, #1	;(R0=0x30060000 )
(             libc.so[0xCBBEB000])[04 46       ]0x00012C84:	MOV	R4, R0	;(R0=0x30060000 )
(             libc.so[0xCBBEB000])[0D D0       ]0x00012C86:	BEQ	#0XCBBFDCA4
(             libc.so[0xCBBEB000])[17 F0 22 0F ]0x00012C88:	TST.W	R7, #0X22	;(R7=0x00000022 )
(             libc.so[0xCBBEB000])[0A D0       ]0x00012C8C:	BEQ	#0XCBBFDCA4
(             libc.so[0xCBBEB000])[01 F0 DB FB ]0x00012C8E:	BL	#0XCBBFF448	;(PC=0xCBBFDC8E )
(             libc.so[0xCBBEB000])[1D EE 70 0F ]0x00014448:	MRC	P15, #0, R0, C13, C0, #3 ; __errno	;(R0=0x30060000 )
(             libc.so[0xCBBEB000])[08 30       ]0x0001444C:	ADDS	R0, #8	;(R0=0x02000000 )
(             libc.so[0xCBBEB000])[70 47       ]0x0001444E:	BX	LR	;(LR=0xCBBFDC93 )
(             libc.so[0xCBBEB000])[31 46       ]0x00012C92:	MOV	R1, R6	;(R6=0x00001000 )
(             libc.so[0xCBBEB000])[0C 22       ]0x00012C94:	MOVS	R2, #0XC
(             libc.so[0xCBBEB000])[05 68       ]0x00012C96:	LDR	R5, [R0]	;(R0=0x02000008 )
(             libc.so[0xCBBEB000])[20 46       ]0x00012C98:	MOV	R0, R4	;(R4=0x30060000 )
(             libc.so[0xCBBEB000])[0D F0 12 EC ]0x00012C9A:	BLX	#0XCBC0B4C0	;(PC=0xCBBFDC9A )
(             libc.so[0xCBBEB000])[07 C0 A0 E1 ]0x000204C0:	MOV	IP, R7 ; madvise	;(R7=0x00000022 )
(             libc.so[0xCBBEB000])[DC 70 A0 E3 ]0x000204C4:	MOV	R7, #0XDC
(             libc.so[0xCBBEB000])[00 00 00 EF ]0x000204C8:	SVC	#0	;(PC=0xCBC0B4C8 )
(             libc.so[0xCBBEB000])[0C 70 A0 E1 ]0x000204CC:	MOV	R7, IP	;(IP=0x00000022 )
(             libc.so[0xCBBEB000])[01 0A 70 E3 ]0x000204D0:	CMN	R0, #0X1000	;(R0=0x00000000 )
(             libc.so[0xCBBEB000])[1E FF 2F 91 ]0x000204D4:	BXLS	LR
(             libc.so[0xCBBEB000])[01 F0 D3 FB ]0x00012C9E:	BL	#0XCBBFF448	;(PC=0xCBBFDC9E )
(             libc.so[0xCBBEB000])[1D EE 70 0F ]0x00014448:	MRC	P15, #0, R0, C13, C0, #3 ; __errno	;(R0=0x00000000 )
(             libc.so[0xCBBEB000])[08 30       ]0x0001444C:	ADDS	R0, #8	;(R0=0x02000000 )
(             libc.so[0xCBBEB000])[70 47       ]0x0001444E:	BX	LR	;(LR=0xCBBFDCA3 )
(             libc.so[0xCBBEB000])[05 60       ]0x00012CA2:	STR	R5, [R0]	;(R5=0x00000001 R0=0x02000008 )
(             libc.so[0xCBBEB000])[20 46       ]0x00012CA4:	MOV	R0, R4	;(R4=0x30060000 )
(             libc.so[0xCBBEB000])[FE BD       ]0x00012CA6:	POP	{R1, R2, R3, R4, R5, R6, R7, PC}	;(SP=0x100FE980 )
(             libc.so[0xCBBEB000])[43 1C       ]0x0000F814:	ADDS	R3, R0, #1	;(R0=0x30060000 )
(             libc.so[0xCBBEB000])[05 46       ]0x0000F816:	MOV	R5, R0	;(R0=0x30060000 )
(             libc.so[0xCBBEB000])[04 D0       ]0x0000F818:	BEQ	#0XCBBFA824
(             libc.so[0xCBBEB000])[03 4A       ]0x0000F81A:	LDR	R2, [PC, #0XC]	;(PC=0xCBBFA81A )
(             libc.so[0xCBBEB000])[21 46       ]0x0000F81C:	MOV	R1, R4	;(R4=0x00001000 )
(             libc.so[0xCBBEB000])[7A 44       ]0x0000F81E:	ADD	R2, PC	;(R2=0x00030430 PC=0xCBBFA81E )
(             libc.so[0xCBBEB000])[1D F0 60 FF ]0x0000F820:	BL	#0XCBC186E4	;(PC=0xCBBFA820 )
(             libc.so[0xCBBEB000])[13 B5       ]0x0002D6E4:	PUSH	{R0, R1, R4, LR} ; __bionic_name_mem	;(SP=0x100FE9A0 R0=0x30060000 R1=0x00001000 R4=0x00001000 LR=0xCBBFA825 )
(             libc.so[0xCBBEB000])[04 46       ]0x0002D6E6:	MOV	R4, R0	;(R0=0x30060000 )
(             libc.so[0xCBBEB000])[0B 46       ]0x0002D6E8:	MOV	R3, R1	;(R1=0x00001000 )
(             libc.so[0xCBBEB000])[00 92       ]0x0002D6EA:	STR	R2, [SP]	;(R2=0xCBC2AC52 SP=0x100FE990 )
(             libc.so[0xCBBEB000])[00 21       ]0x0002D6EC:	MOVS	R1, #0
(             libc.so[0xCBBEB000])[22 46       ]0x0002D6EE:	MOV	R2, R4	;(R4=0x30060000 )
(             libc.so[0xCBBEB000])[01 48       ]0x0002D6F0:	LDR	R0, [PC, #4]	;(PC=0xCBC186F0 )
(             libc.so[0xCBBEB000])[F2 F7 90 ED ]0x0002D6F2:	BLX	#0XCBC0B214	;(PC=0xCBC186F2 )
(             libc.so[0xCBBEB000])[0D C0 A0 E1 ]0x00020214:	MOV	IP, SP ; prctl	;(SP=0x100FE990 )
(             libc.so[0xCBBEB000])[F0 00 2D E9 ]0x00020218:	PUSH	{R4, R5, R6, R7}	;(SP=0x100FE990 R4=0x30060000 R5=0x30060000 R6=0xFFFFFFFF R7=0x00001000 )
(             libc.so[0xCBBEB000])[70 00 9C E8 ]0x0002021C:	LDM	IP, {R4, R5, R6}	;(IP=0x100FE990 )
(             libc.so[0xCBBEB000])[AC 70 A0 E3 ]0x00020220:	MOV	R7, #0XAC
(             libc.so[0xCBBEB000])[00 00 00 EF ]0x00020224:	SVC	#0	;(PC=0xCBC0B224 )
(             libc.so[0xCBBEB000])[F0 00 BD E8 ]0x00020228:	POP	{R4, R5, R6, R7}	;(SP=0x100FE980 )
(             libc.so[0xCBBEB000])[01 0A 70 E3 ]0x0002022C:	CMN	R0, #0X1000	;(R0=0x00000000 )
(             libc.so[0xCBBEB000])[1E FF 2F 91 ]0x00020230:	BXLS	LR
(             libc.so[0xCBBEB000])[1C BD       ]0x0002D6F6:	POP	{R2, R3, R4, PC}	;(SP=0x100FE990 )
(             libc.so[0xCBBEB000])[28 46       ]0x0000F824:	MOV	R0, R5	;(R5=0x30060000 )
(             libc.so[0xCBBEB000])[3E BD       ]0x0000F826:	POP	{R1, R2, R3, R4, R5, PC}	;(SP=0x100FE9A0 )
(             libc.so[0xCBBEB000])[42 1C       ]0x0001064E:	ADDS	R2, R0, #1	;(R0=0x30060000 )
(             libc.so[0xCBBEB000])[06 46       ]0x00010650:	MOV	R6, R0	;(R0=0x30060000 )
(             libc.so[0xCBBEB000])[40 F0 26 84 ]0x00010652:	BNE.W	#0XCBBFBEA2
(             libc.so[0xCBBEB000])[4F F0 01 09 ]0x00010EA2:	MOV.W	SB, #1
(             libc.so[0xCBBEB000])[85 E4       ]0x00010EA6:	B	#0XCBBFB7B4
(             libc.so[0xCBBEB000])[99 4D       ]0x000107B4:	LDR	R5, [PC, #0X264]	;(PC=0xCBBFB7B4 )
(             libc.so[0xCBBEB000])[9A 49       ]0x000107B6:	LDR	R1, [PC, #0X268]	;(PC=0xCBBFB7B6 )
(             libc.so[0xCBBEB000])[7D 44       ]0x000107B8:	ADD	R5, PC	;(R5=0x0003D9C4 PC=0xCBBFB7B8 )
(             libc.so[0xCBBEB000])[79 44       ]0x000107BA:	ADD	R1, PC	;(R1=0x0003D9C2 PC=0xCBBFB7BA )
(             libc.so[0xCBBEB000])[D5 F8 B0 01 ]0x000107BC:	LDR.W	R0, [R5, #0X1B0]	;(R5=0xCBC39180 )
(             libc.so[0xCBBEB000])[D5 F8 B4 31 ]0x000107C0:	LDR.W	R3, [R5, #0X1B4]	;(R5=0xCBC39180 )
(             libc.so[0xCBBEB000])[3A 18       ]0x000107C4:	ADDS	R2, R7, R0	;(R7=0x00001000 R0=0x00000000 )
(             libc.so[0xCBBEB000])[C5 F8 B0 21 ]0x000107C6:	STR.W	R2, [R5, #0X1B0]	;(R2=0x00001000 R5=0xCBC39180 )
(             libc.so[0xCBBEB000])[9A 42       ]0x000107CA:	CMP	R2, R3	;(R2=0x00001000 R3=0x00000000 )
(             libc.so[0xCBBEB000])[88 BF       ]0x000107CC:	IT	HI
(             libc.so[0xCBBEB000])[C5 F8 B4 21 ]0x000107CE:	STR.W	R2, [R5, #0X1B4]	;(R2=0x00001000 R5=0xCBC39180 )
(             libc.so[0xCBBEB000])[8D 69       ]0x000107D2:	LDR	R5, [R1, #0X18]	;(R1=0xCBC39180 )
(             libc.so[0xCBBEB000])[2D BB       ]0x000107D4:	CBNZ	R5, #0XCBBFB822	;(R5=0x00000000 )
(             libc.so[0xCBBEB000])[0B 69       ]0x000107D6:	LDR	R3, [R1, #0X10]	;(R1=0xCBC39180 )
(             libc.so[0xCBBEB000])[0B B1       ]0x000107D8:	CBZ	R3, #0XCBBFB7DE	;(R3=0x00000000 )
(             libc.so[0xCBBEB000])[91 48       ]0x000107DE:	LDR	R0, [PC, #0X244]	;(PC=0xCBBFB7DE )
(             libc.so[0xCBBEB000])[78 44       ]0x000107E0:	ADD	R0, PC	;(R0=0x0003D99C PC=0xCBBFB7E0 )
(             libc.so[0xCBBEB000])[06 61       ]0x000107E2:	STR	R6, [R0, #0X10]	;(R6=0x30060000 R0=0xCBC39180 )
(             libc.so[0xCBBEB000])[90 49       ]0x000107E4:	LDR	R1, [PC, #0X240]	;(PC=0xCBBFB7E4 )
(             libc.so[0xCBBEB000])[40 F6 FF 73 ]0x000107E6:	MOVW	R3, #0XFFF
(             libc.so[0xCBBEB000])[90 48       ]0x000107EA:	LDR	R0, [PC, #0X240]	;(PC=0xCBBFB7EA )
(             libc.so[0xCBBEB000])[79 44       ]0x000107EC:	ADD	R1, PC	;(R1=0x0003DB70 PC=0xCBBFB7EC )
(             libc.so[0xCBBEB000])[78 44       ]0x000107EE:	ADD	R0, PC	;(R0=0x0003D98E PC=0xCBBFB7EE )
(             libc.so[0xCBBEB000])[0A 68       ]0x000107F0:	LDR	R2, [R1]	;(R1=0xCBC39360 )
(             libc.so[0xCBBEB000])[C0 F8 C4 61 ]0x000107F2:	STR.W	R6, [R0, #0X1C4]	;(R6=0x30060000 R0=0xCBC39180 )
(             libc.so[0xCBBEB000])[C0 F8 C8 71 ]0x000107F6:	STR.W	R7, [R0, #0X1C8]	;(R7=0x00001000 R0=0xCBC39180 )
(             libc.so[0xCBBEB000])[42 62       ]0x000107FA:	STR	R2, [R0, #0X24]	;(R2=0x305A95F8 R0=0xCBC39180 )
(             libc.so[0xCBBEB000])[00 22       ]0x000107FC:	MOVS	R2, #0
(             libc.so[0xCBBEB000])[C0 F8 D0 91 ]0x000107FE:	STR.W	SB, [R0, #0X1D0]	;(SB=0x00000001 R0=0xCBC39180 )
(             libc.so[0xCBBEB000])[03 62       ]0x00010802:	STR	R3, [R0, #0X20]	;(R3=0x00000FFF R0=0xCBC39180 )
(             libc.so[0xCBBEB000])[00 EB C2 01 ]0x00010804:	ADD.W	R1, R0, R2, LSL #3	;(R0=0xCBC39180 R2=0x00000000 )
(             libc.so[0xCBBEB000])[01 32       ]0x00010808:	ADDS	R2, #1	;(R2=0x00000000 )
(             libc.so[0xCBBEB000])[28 31       ]0x0001080A:	ADDS	R1, #0X28	;(R1=0xCBC39180 )
(             libc.so[0xCBBEB000])[20 2A       ]0x0001080C:	CMP	R2, #0X20	;(R2=0x00000001 )
(             libc.so[0xCBBEB000])[C9 60       ]0x0001080E:	STR	R1, [R1, #0XC]	;(R1=0xCBC391A8 )
(             libc.so[0xCBBEB000])[89 60       ]0x00010810:	STR	R1, [R1, #8]	;(R1=0xCBC391A8 )
(             libc.so[0xCBBEB000])[F7 D1       ]0x00010812:	BNE	#0XCBBFB804
(             libc.so[0xCBBEB000])[00 EB C2 01 ]0x00010804:	ADD.W	R1, R0, R2, LSL #3	;(R0=0xCBC39180 R2=0x00000001 )
(             libc.so[0xCBBEB000])[01 32       ]0x00010808:	ADDS	R2, #1	;(R2=0x00000001 )
(             libc.so[0xCBBEB000])[28 31       ]0x0001080A:	ADDS	R1, #0X28	;(R1=0xCBC39188 )
(             libc.so[0xCBBEB000])[20 2A       ]0x0001080C:	CMP	R2, #0X20	;(R2=0x00000002 )
(             libc.so[0xCBBEB000])[C9 60       ]0x0001080E:	STR	R1, [R1, #0XC]	;(R1=0xCBC391B0 )
(             libc.so[0xCBBEB000])[89 60       ]0x00010810:	STR	R1, [R1, #8]	;(R1=0xCBC391B0 )
(             libc.so[0xCBBEB000])[F7 D1       ]0x00010812:	BNE	#0XCBBFB804
(             libc.so[0xCBBEB000])[00 EB C2 01 ]0x00010804:	ADD.W	R1, R0, R2, LSL #3	;(R0=0xCBC39180 R2=0x00000002 )
(             libc.so[0xCBBEB000])[01 32       ]0x00010808:	ADDS	R2, #1	;(R2=0x00000002 )
(             libc.so[0xCBBEB000])[28 31       ]0x0001080A:	ADDS	R1, #0X28	;(R1=0xCBC39190 )
(             libc.so[0xCBBEB000])[20 2A       ]0x0001080C:	CMP	R2, #0X20	;(R2=0x00000003 )
(             libc.so[0xCBBEB000])[C9 60       ]0x0001080E:	STR	R1, [R1, #0XC]	;(R1=0xCBC391B8 )
(             libc.so[0xCBBEB000])[89 60       ]0x00010810:	STR	R1, [R1, #8]	;(R1=0xCBC391B8 )
(             libc.so[0xCBBEB000])[F7 D1       ]0x00010812:	BNE	#0XCBBFB804
(             libc.so[0xCBBEB000])[00 EB C2 01 ]0x00010804:	ADD.W	R1, R0, R2, LSL #3	;(R0=0xCBC39180 R2=0x00000003 )
(             libc.so[0xCBBEB000])[01 32       ]0x00010808:	ADDS	R2, #1	;(R2=0x00000003 )
(             libc.so[0xCBBEB000])[28 31       ]0x0001080A:	ADDS	R1, #0X28	;(R1=0xCBC39198 )
(             libc.so[0xCBBEB000])[20 2A       ]0x0001080C:	CMP	R2, #0X20	;(R2=0x00000004 )
(             libc.so[0xCBBEB000])[C9 60       ]0x0001080E:	STR	R1, [R1, #0XC]	;(R1=0xCBC391C0 )
(             libc.so[0xCBBEB000])[89 60       ]0x00010810:	STR	R1, [R1, #8]	;(R1=0xCBC391C0 )
(             libc.so[0xCBBEB000])[F7 D1       ]0x00010812:	BNE	#0XCBBFB804
(             libc.so[0xCBBEB000])[00 EB C2 01 ]0x00010804:	ADD.W	R1, R0, R2, LSL #3	;(R0=0xCBC39180 R2=0x00000004 )
(             libc.so[0xCBBEB000])[01 32       ]0x00010808:	ADDS	R2, #1	;(R2=0x00000004 )
(             libc.so[0xCBBEB000])[28 31       ]0x0001080A:	ADDS	R1, #0X28	;(R1=0xCBC391A0 )
(             libc.so[0xCBBEB000])[20 2A       ]0x0001080C:	CMP	R2, #0X20	;(R2=0x00000005 )
(             libc.so[0xCBBEB000])[C9 60       ]0x0001080E:	STR	R1, [R1, #0XC]	;(R1=0xCBC391C8 )
(             libc.so[0xCBBEB000])[89 60       ]0x00010810:	STR	R1, [R1, #8]	;(R1=0xCBC391C8 )
(             libc.so[0xCBBEB000])[F7 D1       ]0x00010812:	BNE	#0XCBBFB804
(             libc.so[0xCBBEB000])[00 EB C2 01 ]0x00010804:	ADD.W	R1, R0, R2, LSL #3	;(R0=0xCBC39180 R2=0x00000005 )
(             libc.so[0xCBBEB000])[01 32       ]0x00010808:	ADDS	R2, #1	;(R2=0x00000005 )
(             libc.so[0xCBBEB000])[28 31       ]0x0001080A:	ADDS	R1, #0X28	;(R1=0xCBC391A8 )
(             libc.so[0xCBBEB000])[20 2A       ]0x0001080C:	CMP	R2, #0X20	;(R2=0x00000006 )
(             libc.so[0xCBBEB000])[C9 60       ]0x0001080E:	STR	R1, [R1, #0XC]	;(R1=0xCBC391D0 )
(             libc.so[0xCBBEB000])[89 60       ]0x00010810:	STR	R1, [R1, #8]	;(R1=0xCBC391D0 )
(             libc.so[0xCBBEB000])[F7 D1       ]0x00010812:	BNE	#0XCBBFB804
(             libc.so[0xCBBEB000])[00 EB C2 01 ]0x00010804:	ADD.W	R1, R0, R2, LSL #3	;(R0=0xCBC39180 R2=0x00000006 )
(             libc.so[0xCBBEB000])[01 32       ]0x00010808:	ADDS	R2, #1	;(R2=0x00000006 )
(             libc.so[0xCBBEB000])[28 31       ]0x0001080A:	ADDS	R1, #0X28	;(R1=0xCBC391B0 )
(             libc.so[0xCBBEB000])[20 2A       ]0x0001080C:	CMP	R2, #0X20	;(R2=0x00000007 )
(             libc.so[0xCBBEB000])[C9 60       ]0x0001080E:	STR	R1, [R1, #0XC]	;(R1=0xCBC391D8 )
(             libc.so[0xCBBEB000])[89 60       ]0x00010810:	STR	R1, [R1, #8]	;(R1=0xCBC391D8 )
(             libc.so[0xCBBEB000])[F7 D1       ]0x00010812:	BNE	#0XCBBFB804
(             libc.so[0xCBBEB000])[00 EB C2 01 ]0x00010804:	ADD.W	R1, R0, R2, LSL #3	;(R0=0xCBC39180 R2=0x00000007 )
(             libc.so[0xCBBEB000])[01 32       ]0x00010808:	ADDS	R2, #1	;(R2=0x00000007 )
(             libc.so[0xCBBEB000])[28 31       ]0x0001080A:	ADDS	R1, #0X28	;(R1=0xCBC391B8 )
(             libc.so[0xCBBEB000])[20 2A       ]0x0001080C:	CMP	R2, #0X20	;(R2=0x00000008 )
(             libc.so[0xCBBEB000])[C9 60       ]0x0001080E:	STR	R1, [R1, #0XC]	;(R1=0xCBC391E0 )
(             libc.so[0xCBBEB000])[89 60       ]0x00010810:	STR	R1, [R1, #8]	;(R1=0xCBC391E0 )
(             libc.so[0xCBBEB000])[F7 D1       ]0x00010812:	BNE	#0XCBBFB804
(             libc.so[0xCBBEB000])[00 EB C2 01 ]0x00010804:	ADD.W	R1, R0, R2, LSL #3	;(R0=0xCBC39180 R2=0x00000008 )
(             libc.so[0xCBBEB000])[01 32       ]0x00010808:	ADDS	R2, #1	;(R2=0x00000008 )
(             libc.so[0xCBBEB000])[28 31       ]0x0001080A:	ADDS	R1, #0X28	;(R1=0xCBC391C0 )
(             libc.so[0xCBBEB000])[20 2A       ]0x0001080C:	CMP	R2, #0X20	;(R2=0x00000009 )
(             libc.so[0xCBBEB000])[C9 60       ]0x0001080E:	STR	R1, [R1, #0XC]	;(R1=0xCBC391E8 )
(             libc.so[0xCBBEB000])[89 60       ]0x00010810:	STR	R1, [R1, #8]	;(R1=0xCBC391E8 )
(             libc.so[0xCBBEB000])[F7 D1       ]0x00010812:	BNE	#0XCBBFB804
(             libc.so[0xCBBEB000])[00 EB C2 01 ]0x00010804:	ADD.W	R1, R0, R2, LSL #3	;(R0=0xCBC39180 R2=0x00000009 )
(             libc.so[0xCBBEB000])[01 32       ]0x00010808:	ADDS	R2, #1	;(R2=0x00000009 )
(             libc.so[0xCBBEB000])[28 31       ]0x0001080A:	ADDS	R1, #0X28	;(R1=0xCBC391C8 )
(             libc.so[0xCBBEB000])[20 2A       ]0x0001080C:	CMP	R2, #0X20	;(R2=0x0000000A )
(             libc.so[0xCBBEB000])[C9 60       ]0x0001080E:	STR	R1, [R1, #0XC]	;(R1=0xCBC391F0 )
(             libc.so[0xCBBEB000])[89 60       ]0x00010810:	STR	R1, [R1, #8]	;(R1=0xCBC391F0 )
(             libc.so[0xCBBEB000])[F7 D1       ]0x00010812:	BNE	#0XCBBFB804
(             libc.so[0xCBBEB000])[00 EB C2 01 ]0x00010804:	ADD.W	R1, R0, R2, LSL #3	;(R0=0xCBC39180 R2=0x0000000A )
(             libc.so[0xCBBEB000])[01 32       ]0x00010808:	ADDS	R2, #1	;(R2=0x0000000A )
(             libc.so[0xCBBEB000])[28 31       ]0x0001080A:	ADDS	R1, #0X28	;(R1=0xCBC391D0 )
(             libc.so[0xCBBEB000])[20 2A       ]0x0001080C:	CMP	R2, #0X20	;(R2=0x0000000B )
(             libc.so[0xCBBEB000])[C9 60       ]0x0001080E:	STR	R1, [R1, #0XC]	;(R1=0xCBC391F8 )
(             libc.so[0xCBBEB000])[89 60       ]0x00010810:	STR	R1, [R1, #8]	;(R1=0xCBC391F8 )
(             libc.so[0xCBBEB000])[F7 D1       ]0x00010812:	BNE	#0XCBBFB804
(             libc.so[0xCBBEB000])[00 EB C2 01 ]0x00010804:	ADD.W	R1, R0, R2, LSL #3	;(R0=0xCBC39180 R2=0x0000000B )
(             libc.so[0xCBBEB000])[01 32       ]0x00010808:	ADDS	R2, #1	;(R2=0x0000000B )
(             libc.so[0xCBBEB000])[28 31       ]0x0001080A:	ADDS	R1, #0X28	;(R1=0xCBC391D8 )
(             libc.so[0xCBBEB000])[20 2A       ]0x0001080C:	CMP	R2, #0X20	;(R2=0x0000000C )
(             libc.so[0xCBBEB000])[C9 60       ]0x0001080E:	STR	R1, [R1, #0XC]	;(R1=0xCBC39200 )
(             libc.so[0xCBBEB000])[89 60       ]0x00010810:	STR	R1, [R1, #8]	;(R1=0xCBC39200 )
(             libc.so[0xCBBEB000])[F7 D1       ]0x00010812:	BNE	#0XCBBFB804
(             libc.so[0xCBBEB000])[00 EB C2 01 ]0x00010804:	ADD.W	R1, R0, R2, LSL #3	;(R0=0xCBC39180 R2=0x0000000C )
(             libc.so[0xCBBEB000])[01 32       ]0x00010808:	ADDS	R2, #1	;(R2=0x0000000C )
(             libc.so[0xCBBEB000])[28 31       ]0x0001080A:	ADDS	R1, #0X28	;(R1=0xCBC391E0 )
(             libc.so[0xCBBEB000])[20 2A       ]0x0001080C:	CMP	R2, #0X20	;(R2=0x0000000D )
(             libc.so[0xCBBEB000])[C9 60       ]0x0001080E:	STR	R1, [R1, #0XC]	;(R1=0xCBC39208 )
(             libc.so[0xCBBEB000])[89 60       ]0x00010810:	STR	R1, [R1, #8]	;(R1=0xCBC39208 )
(             libc.so[0xCBBEB000])[F7 D1       ]0x00010812:	BNE	#0XCBBFB804
(             libc.so[0xCBBEB000])[00 EB C2 01 ]0x00010804:	ADD.W	R1, R0, R2, LSL #3	;(R0=0xCBC39180 R2=0x0000000D )
(             libc.so[0xCBBEB000])[01 32       ]0x00010808:	ADDS	R2, #1	;(R2=0x0000000D )
(             libc.so[0xCBBEB000])[28 31       ]0x0001080A:	ADDS	R1, #0X28	;(R1=0xCBC391E8 )
(             libc.so[0xCBBEB000])[20 2A       ]0x0001080C:	CMP	R2, #0X20	;(R2=0x0000000E )
(             libc.so[0xCBBEB000])[C9 60       ]0x0001080E:	STR	R1, [R1, #0XC]	;(R1=0xCBC39210 )
(             libc.so[0xCBBEB000])[89 60       ]0x00010810:	STR	R1, [R1, #8]	;(R1=0xCBC39210 )
(             libc.so[0xCBBEB000])[F7 D1       ]0x00010812:	BNE	#0XCBBFB804
(             libc.so[0xCBBEB000])[00 EB C2 01 ]0x00010804:	ADD.W	R1, R0, R2, LSL #3	;(R0=0xCBC39180 R2=0x0000000E )
(             libc.so[0xCBBEB000])[01 32       ]0x00010808:	ADDS	R2, #1	;(R2=0x0000000E )
(             libc.so[0xCBBEB000])[28 31       ]0x0001080A:	ADDS	R1, #0X28	;(R1=0xCBC391F0 )
(             libc.so[0xCBBEB000])[20 2A       ]0x0001080C:	CMP	R2, #0X20	;(R2=0x0000000F )
(             libc.so[0xCBBEB000])[C9 60       ]0x0001080E:	STR	R1, [R1, #0XC]	;(R1=0xCBC39218 )
(             libc.so[0xCBBEB000])[89 60       ]0x00010810:	STR	R1, [R1, #8]	;(R1=0xCBC39218 )
(             libc.so[0xCBBEB000])[F7 D1       ]0x00010812:	BNE	#0XCBBFB804
(             libc.so[0xCBBEB000])[00 EB C2 01 ]0x00010804:	ADD.W	R1, R0, R2, LSL #3	;(R0=0xCBC39180 R2=0x0000000F )
(             libc.so[0xCBBEB000])[01 32       ]0x00010808:	ADDS	R2, #1	;(R2=0x0000000F )
(             libc.so[0xCBBEB000])[28 31       ]0x0001080A:	ADDS	R1, #0X28	;(R1=0xCBC391F8 )
(             libc.so[0xCBBEB000])[20 2A       ]0x0001080C:	CMP	R2, #0X20	;(R2=0x00000010 )
(             libc.so[0xCBBEB000])[C9 60       ]0x0001080E:	STR	R1, [R1, #0XC]	;(R1=0xCBC39220 )
(             libc.so[0xCBBEB000])[89 60       ]0x00010810:	STR	R1, [R1, #8]	;(R1=0xCBC39220 )
(             libc.so[0xCBBEB000])[F7 D1       ]0x00010812:	BNE	#0XCBBFB804
(             libc.so[0xCBBEB000])[00 EB C2 01 ]0x00010804:	ADD.W	R1, R0, R2, LSL #3	;(R0=0xCBC39180 R2=0x00000010 )
(             libc.so[0xCBBEB000])[01 32       ]0x00010808:	ADDS	R2, #1	;(R2=0x00000010 )
(             libc.so[0xCBBEB000])[28 31       ]0x0001080A:	ADDS	R1, #0X28	;(R1=0xCBC39200 )
(             libc.so[0xCBBEB000])[20 2A       ]0x0001080C:	CMP	R2, #0X20	;(R2=0x00000011 )
(             libc.so[0xCBBEB000])[C9 60       ]0x0001080E:	STR	R1, [R1, #0XC]	;(R1=0xCBC39228 )
(             libc.so[0xCBBEB000])[89 60       ]0x00010810:	STR	R1, [R1, #8]	;(R1=0xCBC39228 )
(             libc.so[0xCBBEB000])[F7 D1       ]0x00010812:	BNE	#0XCBBFB804
(             libc.so[0xCBBEB000])[00 EB C2 01 ]0x00010804:	ADD.W	R1, R0, R2, LSL #3	;(R0=0xCBC39180 R2=0x00000011 )
(             libc.so[0xCBBEB000])[01 32       ]0x00010808:	ADDS	R2, #1	;(R2=0x00000011 )
(             libc.so[0xCBBEB000])[28 31       ]0x0001080A:	ADDS	R1, #0X28	;(R1=0xCBC39208 )
(             libc.so[0xCBBEB000])[20 2A       ]0x0001080C:	CMP	R2, #0X20	;(R2=0x00000012 )
(             libc.so[0xCBBEB000])[C9 60       ]0x0001080E:	STR	R1, [R1, #0XC]	;(R1=0xCBC39230 )
(             libc.so[0xCBBEB000])[89 60       ]0x00010810:	STR	R1, [R1, #8]	;(R1=0xCBC39230 )
(             libc.so[0xCBBEB000])[F7 D1       ]0x00010812:	BNE	#0XCBBFB804
(             libc.so[0xCBBEB000])[00 EB C2 01 ]0x00010804:	ADD.W	R1, R0, R2, LSL #3	;(R0=0xCBC39180 R2=0x00000012 )
(             libc.so[0xCBBEB000])[01 32       ]0x00010808:	ADDS	R2, #1	;(R2=0x00000012 )
(             libc.so[0xCBBEB000])[28 31       ]0x0001080A:	ADDS	R1, #0X28	;(R1=0xCBC39210 )
(             libc.so[0xCBBEB000])[20 2A       ]0x0001080C:	CMP	R2, #0X20	;(R2=0x00000013 )
(             libc.so[0xCBBEB000])[C9 60       ]0x0001080E:	STR	R1, [R1, #0XC]	;(R1=0xCBC39238 )
(             libc.so[0xCBBEB000])[89 60       ]0x00010810:	STR	R1, [R1, #8]	;(R1=0xCBC39238 )
(             libc.so[0xCBBEB000])[F7 D1       ]0x00010812:	BNE	#0XCBBFB804
(             libc.so[0xCBBEB000])[00 EB C2 01 ]0x00010804:	ADD.W	R1, R0, R2, LSL #3	;(R0=0xCBC39180 R2=0x00000013 )
(             libc.so[0xCBBEB000])[01 32       ]0x00010808:	ADDS	R2, #1	;(R2=0x00000013 )
(             libc.so[0xCBBEB000])[28 31       ]0x0001080A:	ADDS	R1, #0X28	;(R1=0xCBC39218 )
(             libc.so[0xCBBEB000])[20 2A       ]0x0001080C:	CMP	R2, #0X20	;(R2=0x00000014 )
(             libc.so[0xCBBEB000])[C9 60       ]0x0001080E:	STR	R1, [R1, #0XC]	;(R1=0xCBC39240 )
(             libc.so[0xCBBEB000])[89 60       ]0x00010810:	STR	R1, [R1, #8]	;(R1=0xCBC39240 )
(             libc.so[0xCBBEB000])[F7 D1       ]0x00010812:	BNE	#0XCBBFB804
(             libc.so[0xCBBEB000])[00 EB C2 01 ]0x00010804:	ADD.W	R1, R0, R2, LSL #3	;(R0=0xCBC39180 R2=0x00000014 )
(             libc.so[0xCBBEB000])[01 32       ]0x00010808:	ADDS	R2, #1	;(R2=0x00000014 )
(             libc.so[0xCBBEB000])[28 31       ]0x0001080A:	ADDS	R1, #0X28	;(R1=0xCBC39220 )
(             libc.so[0xCBBEB000])[20 2A       ]0x0001080C:	CMP	R2, #0X20	;(R2=0x00000015 )
(             libc.so[0xCBBEB000])[C9 60       ]0x0001080E:	STR	R1, [R1, #0XC]	;(R1=0xCBC39248 )
(             libc.so[0xCBBEB000])[89 60       ]0x00010810:	STR	R1, [R1, #8]	;(R1=0xCBC39248 )
(             libc.so[0xCBBEB000])[F7 D1       ]0x00010812:	BNE	#0XCBBFB804
(             libc.so[0xCBBEB000])[00 EB C2 01 ]0x00010804:	ADD.W	R1, R0, R2, LSL #3	;(R0=0xCBC39180 R2=0x00000015 )
(             libc.so[0xCBBEB000])[01 32       ]0x00010808:	ADDS	R2, #1	;(R2=0x00000015 )
(             libc.so[0xCBBEB000])[28 31       ]0x0001080A:	ADDS	R1, #0X28	;(R1=0xCBC39228 )
(             libc.so[0xCBBEB000])[20 2A       ]0x0001080C:	CMP	R2, #0X20	;(R2=0x00000016 )
(             libc.so[0xCBBEB000])[C9 60       ]0x0001080E:	STR	R1, [R1, #0XC]	;(R1=0xCBC39250 )
(             libc.so[0xCBBEB000])[89 60       ]0x00010810:	STR	R1, [R1, #8]	;(R1=0xCBC39250 )
(             libc.so[0xCBBEB000])[F7 D1       ]0x00010812:	BNE	#0XCBBFB804
(             libc.so[0xCBBEB000])[00 EB C2 01 ]0x00010804:	ADD.W	R1, R0, R2, LSL #3	;(R0=0xCBC39180 R2=0x00000016 )
(             libc.so[0xCBBEB000])[01 32       ]0x00010808:	ADDS	R2, #1	;(R2=0x00000016 )
(             libc.so[0xCBBEB000])[28 31       ]0x0001080A:	ADDS	R1, #0X28	;(R1=0xCBC39230 )
(             libc.so[0xCBBEB000])[20 2A       ]0x0001080C:	CMP	R2, #0X20	;(R2=0x00000017 )
(             libc.so[0xCBBEB000])[C9 60       ]0x0001080E:	STR	R1, [R1, #0XC]	;(R1=0xCBC39258 )
(             libc.so[0xCBBEB000])[89 60       ]0x00010810:	STR	R1, [R1, #8]	;(R1=0xCBC39258 )
(             libc.so[0xCBBEB000])[F7 D1       ]0x00010812:	BNE	#0XCBBFB804
(             libc.so[0xCBBEB000])[00 EB C2 01 ]0x00010804:	ADD.W	R1, R0, R2, LSL #3	;(R0=0xCBC39180 R2=0x00000017 )
(             libc.so[0xCBBEB000])[01 32       ]0x00010808:	ADDS	R2, #1	;(R2=0x00000017 )
(             libc.so[0xCBBEB000])[28 31       ]0x0001080A:	ADDS	R1, #0X28	;(R1=0xCBC39238 )
(             libc.so[0xCBBEB000])[20 2A       ]0x0001080C:	CMP	R2, #0X20	;(R2=0x00000018 )
(             libc.so[0xCBBEB000])[C9 60       ]0x0001080E:	STR	R1, [R1, #0XC]	;(R1=0xCBC39260 )
(             libc.so[0xCBBEB000])[89 60       ]0x00010810:	STR	R1, [R1, #8]	;(R1=0xCBC39260 )
(             libc.so[0xCBBEB000])[F7 D1       ]0x00010812:	BNE	#0XCBBFB804
(             libc.so[0xCBBEB000])[00 EB C2 01 ]0x00010804:	ADD.W	R1, R0, R2, LSL #3	;(R0=0xCBC39180 R2=0x00000018 )
(             libc.so[0xCBBEB000])[01 32       ]0x00010808:	ADDS	R2, #1	;(R2=0x00000018 )
(             libc.so[0xCBBEB000])[28 31       ]0x0001080A:	ADDS	R1, #0X28	;(R1=0xCBC39240 )
(             libc.so[0xCBBEB000])[20 2A       ]0x0001080C:	CMP	R2, #0X20	;(R2=0x00000019 )
(             libc.so[0xCBBEB000])[C9 60       ]0x0001080E:	STR	R1, [R1, #0XC]	;(R1=0xCBC39268 )
(             libc.so[0xCBBEB000])[89 60       ]0x00010810:	STR	R1, [R1, #8]	;(R1=0xCBC39268 )
(             libc.so[0xCBBEB000])[F7 D1       ]0x00010812:	BNE	#0XCBBFB804
(             libc.so[0xCBBEB000])[00 EB C2 01 ]0x00010804:	ADD.W	R1, R0, R2, LSL #3	;(R0=0xCBC39180 R2=0x00000019 )
(             libc.so[0xCBBEB000])[01 32       ]0x00010808:	ADDS	R2, #1	;(R2=0x00000019 )
(             libc.so[0xCBBEB000])[28 31       ]0x0001080A:	ADDS	R1, #0X28	;(R1=0xCBC39248 )
(             libc.so[0xCBBEB000])[20 2A       ]0x0001080C:	CMP	R2, #0X20	;(R2=0x0000001A )
(             libc.so[0xCBBEB000])[C9 60       ]0x0001080E:	STR	R1, [R1, #0XC]	;(R1=0xCBC39270 )
(             libc.so[0xCBBEB000])[89 60       ]0x00010810:	STR	R1, [R1, #8]	;(R1=0xCBC39270 )
(             libc.so[0xCBBEB000])[F7 D1       ]0x00010812:	BNE	#0XCBBFB804
(             libc.so[0xCBBEB000])[00 EB C2 01 ]0x00010804:	ADD.W	R1, R0, R2, LSL #3	;(R0=0xCBC39180 R2=0x0000001A )
(             libc.so[0xCBBEB000])[01 32       ]0x00010808:	ADDS	R2, #1	;(R2=0x0000001A )
(             libc.so[0xCBBEB000])[28 31       ]0x0001080A:	ADDS	R1, #0X28	;(R1=0xCBC39250 )
(             libc.so[0xCBBEB000])[20 2A       ]0x0001080C:	CMP	R2, #0X20	;(R2=0x0000001B )
(             libc.so[0xCBBEB000])[C9 60       ]0x0001080E:	STR	R1, [R1, #0XC]	;(R1=0xCBC39278 )
(             libc.so[0xCBBEB000])[89 60       ]0x00010810:	STR	R1, [R1, #8]	;(R1=0xCBC39278 )
(             libc.so[0xCBBEB000])[F7 D1       ]0x00010812:	BNE	#0XCBBFB804
(             libc.so[0xCBBEB000])[00 EB C2 01 ]0x00010804:	ADD.W	R1, R0, R2, LSL #3	;(R0=0xCBC39180 R2=0x0000001B )
(             libc.so[0xCBBEB000])[01 32       ]0x00010808:	ADDS	R2, #1	;(R2=0x0000001B )
(             libc.so[0xCBBEB000])[28 31       ]0x0001080A:	ADDS	R1, #0X28	;(R1=0xCBC39258 )
(             libc.so[0xCBBEB000])[20 2A       ]0x0001080C:	CMP	R2, #0X20	;(R2=0x0000001C )
(             libc.so[0xCBBEB000])[C9 60       ]0x0001080E:	STR	R1, [R1, #0XC]	;(R1=0xCBC39280 )
(             libc.so[0xCBBEB000])[89 60       ]0x00010810:	STR	R1, [R1, #8]	;(R1=0xCBC39280 )
(             libc.so[0xCBBEB000])[F7 D1       ]0x00010812:	BNE	#0XCBBFB804
(             libc.so[0xCBBEB000])[00 EB C2 01 ]0x00010804:	ADD.W	R1, R0, R2, LSL #3	;(R0=0xCBC39180 R2=0x0000001C )
(             libc.so[0xCBBEB000])[01 32       ]0x00010808:	ADDS	R2, #1	;(R2=0x0000001C )
(             libc.so[0xCBBEB000])[28 31       ]0x0001080A:	ADDS	R1, #0X28	;(R1=0xCBC39260 )
(             libc.so[0xCBBEB000])[20 2A       ]0x0001080C:	CMP	R2, #0X20	;(R2=0x0000001D )
(             libc.so[0xCBBEB000])[C9 60       ]0x0001080E:	STR	R1, [R1, #0XC]	;(R1=0xCBC39288 )
(             libc.so[0xCBBEB000])[89 60       ]0x00010810:	STR	R1, [R1, #8]	;(R1=0xCBC39288 )
(             libc.so[0xCBBEB000])[F7 D1       ]0x00010812:	BNE	#0XCBBFB804
(             libc.so[0xCBBEB000])[00 EB C2 01 ]0x00010804:	ADD.W	R1, R0, R2, LSL #3	;(R0=0xCBC39180 R2=0x0000001D )
(             libc.so[0xCBBEB000])[01 32       ]0x00010808:	ADDS	R2, #1	;(R2=0x0000001D )
(             libc.so[0xCBBEB000])[28 31       ]0x0001080A:	ADDS	R1, #0X28	;(R1=0xCBC39268 )
(             libc.so[0xCBBEB000])[20 2A       ]0x0001080C:	CMP	R2, #0X20	;(R2=0x0000001E )
(             libc.so[0xCBBEB000])[C9 60       ]0x0001080E:	STR	R1, [R1, #0XC]	;(R1=0xCBC39290 )
(             libc.so[0xCBBEB000])[89 60       ]0x00010810:	STR	R1, [R1, #8]	;(R1=0xCBC39290 )
(             libc.so[0xCBBEB000])[F7 D1       ]0x00010812:	BNE	#0XCBBFB804
(             libc.so[0xCBBEB000])[00 EB C2 01 ]0x00010804:	ADD.W	R1, R0, R2, LSL #3	;(R0=0xCBC39180 R2=0x0000001E )
(             libc.so[0xCBBEB000])[01 32       ]0x00010808:	ADDS	R2, #1	;(R2=0x0000001E )
(             libc.so[0xCBBEB000])[28 31       ]0x0001080A:	ADDS	R1, #0X28	;(R1=0xCBC39270 )
(             libc.so[0xCBBEB000])[20 2A       ]0x0001080C:	CMP	R2, #0X20	;(R2=0x0000001F )
(             libc.so[0xCBBEB000])[C9 60       ]0x0001080E:	STR	R1, [R1, #0XC]	;(R1=0xCBC39298 )
(             libc.so[0xCBBEB000])[89 60       ]0x00010810:	STR	R1, [R1, #8]	;(R1=0xCBC39298 )
(             libc.so[0xCBBEB000])[F7 D1       ]0x00010812:	BNE	#0XCBBFB804
(             libc.so[0xCBBEB000])[00 EB C2 01 ]0x00010804:	ADD.W	R1, R0, R2, LSL #3	;(R0=0xCBC39180 R2=0x0000001F )
(             libc.so[0xCBBEB000])[01 32       ]0x00010808:	ADDS	R2, #1	;(R2=0x0000001F )
(             libc.so[0xCBBEB000])[28 31       ]0x0001080A:	ADDS	R1, #0X28	;(R1=0xCBC39278 )
(             libc.so[0xCBBEB000])[20 2A       ]0x0001080C:	CMP	R2, #0X20	;(R2=0x00000020 )
(             libc.so[0xCBBEB000])[C9 60       ]0x0001080E:	STR	R1, [R1, #0XC]	;(R1=0xCBC392A0 )
(             libc.so[0xCBBEB000])[89 60       ]0x00010810:	STR	R1, [R1, #8]	;(R1=0xCBC392A0 )
(             libc.so[0xCBBEB000])[F7 D1       ]0x00010812:	BNE	#0XCBBFB804
(             libc.so[0xCBBEB000])[31 46       ]0x00010814:	MOV	R1, R6	;(R6=0x30060000 )
(             libc.so[0xCBBEB000])[A7 F1 28 02 ]0x00010816:	SUB.W	R2, R7, #0X28	;(R7=0x00001000 )
(             libc.so[0xCBBEB000])[1A E0       ]0x0001081A:	B	#0XCBBFB852
(             libc.so[0xCBBEB000])[FE F7 2D FC ]0x00010852:	BL	#0XCBBFA0B0	;(PC=0xCBBFB852 )
(             libc.so[0xCBBEB000])[10 B5       ]0x0000F0B0:	PUSH	{R4, LR}	;(SP=0x100FE9B8 R4=0x00000018 LR=0xCBBFB857 )
(             libc.so[0xCBBEB000])[01 F1 08 04 ]0x0000F0B2:	ADD.W	R4, R1, #8	;(R1=0x30060000 )
(             libc.so[0xCBBEB000])[14 F0 07 0C ]0x0000F0B6:	ANDS	IP, R4, #7	;(R4=0x30060008 )
(             libc.so[0xCBBEB000])[02 D0       ]0x0000F0BA:	BEQ	#0XCBBFA0C2
(             libc.so[0xCBBEB000])[61 44       ]0x0000F0C2:	ADD	R1, IP	;(R1=0x30060000 IP=0x00000000 )
(             libc.so[0xCBBEB000])[CC EB 02 02 ]0x0000F0C4:	RSB	R2, IP, R2	;(IP=0x00000000 R2=0x00000FD8 )
(             libc.so[0xCBBEB000])[81 61       ]0x0000F0C8:	STR	R1, [R0, #0X18]	;(R1=0x30060000 R0=0xCBC39180 )
(             libc.so[0xCBBEB000])[42 F0 01 03 ]0x0000F0CA:	ORR	R3, R2, #1	;(R2=0x00000FD8 )
(             libc.so[0xCBBEB000])[C2 60       ]0x0000F0CE:	STR	R2, [R0, #0XC]	;(R2=0x00000FD8 R0=0xCBC39180 )
(             libc.so[0xCBBEB000])[4B 60       ]0x0000F0D0:	STR	R3, [R1, #4]	;(R3=0x00000FD9 R1=0x30060000 )
(             libc.so[0xCBBEB000])[89 18       ]0x0000F0D2:	ADDS	R1, R1, R2	;(R1=0x30060000 R2=0x00000FD8 )
(             libc.so[0xCBBEB000])[03 4B       ]0x0000F0D4:	LDR	R3, [PC, #0XC]	;(PC=0xCBBFA0D4 )
(             libc.so[0xCBBEB000])[28 22       ]0x0000F0D6:	MOVS	R2, #0X28
(             libc.so[0xCBBEB000])[4A 60       ]0x0000F0D8:	STR	R2, [R1, #4]	;(R2=0x00000028 R1=0x30060FD8 )
(             libc.so[0xCBBEB000])[7B 44       ]0x0000F0DA:	ADD	R3, PC	;(R3=0x0003F282 PC=0xCBBFA0DA )
(             libc.so[0xCBBEB000])[19 69       ]0x0000F0DC:	LDR	R1, [R3, #0X10]	;(R3=0xCBC39360 )
(             libc.so[0xCBBEB000])[C1 61       ]0x0000F0DE:	STR	R1, [R0, #0X1C]	;(R1=0x00200000 R0=0xCBC39180 )
(             libc.so[0xCBBEB000])[10 BD       ]0x0000F0E0:	POP	{R4, PC}	;(SP=0x100FE9B0 )
(             libc.so[0xCBBEB000])[E7 E2       ]0x00010856:	B	#0XCBBFBE28
(             libc.so[0xCBBEB000])[3F 4B       ]0x00010E28:	LDR	R3, [PC, #0XFC]	;(PC=0xCBBFBE28 )
(             libc.so[0xCBBEB000])[7B 44       ]0x00010E2A:	ADD	R3, PC	;(R3=0x0003D352 PC=0xCBBFBE2A )
(             libc.so[0xCBBEB000])[DE 68       ]0x00010E2C:	LDR	R6, [R3, #0XC]	;(R3=0xCBC39180 )
(             libc.so[0xCBBEB000])[B4 42       ]0x00010E2E:	CMP	R4, R6	;(R4=0x00000018 R6=0x00000FD8 )
(             libc.so[0xCBBEB000])[0C D2       ]0x00010E30:	BHS	#0XCBBFBE4C
(             libc.so[0xCBBEB000])[30 1B       ]0x00010E32:	SUBS	R0, R6, R4	;(R6=0x00000FD8 R4=0x00000018 )
(             libc.so[0xCBBEB000])[9E 69       ]0x00010E34:	LDR	R6, [R3, #0X18]	;(R3=0xCBC39180 )
(             libc.so[0xCBBEB000])[D8 60       ]0x00010E36:	STR	R0, [R3, #0XC]	;(R0=0x00000FC0 R3=0xCBC39180 )
(             libc.so[0xCBBEB000])[32 19       ]0x00010E38:	ADDS	R2, R6, R4	;(R6=0x30060000 R4=0x00000018 )
(             libc.so[0xCBBEB000])[9A 61       ]0x00010E3A:	STR	R2, [R3, #0X18]	;(R2=0x30060018 R3=0xCBC39180 )
(             libc.so[0xCBBEB000])[40 F0 01 03 ]0x00010E3C:	ORR	R3, R0, #1	;(R0=0x00000FC0 )
(             libc.so[0xCBBEB000])[53 60       ]0x00010E40:	STR	R3, [R2, #4]	;(R3=0x00000FC1 R2=0x30060018 )
(             libc.so[0xCBBEB000])[44 F0 03 04 ]0x00010E42:	ORR	R4, R4, #3	;(R4=0x00000018 )
(             libc.so[0xCBBEB000])[74 60       ]0x00010E46:	STR	R4, [R6, #4]	;(R4=0x0000001B R6=0x30060000 )
(             libc.so[0xCBBEB000])[08 36       ]0x00010E48:	ADDS	R6, #8	;(R6=0x30060000 )
(             libc.so[0xCBBEB000])[04 E0       ]0x00010E4A:	B	#0XCBBFBE56
(             libc.so[0xCBBEB000])[35 49       ]0x00010E56:	LDR	R1, [PC, #0XD4]	;(PC=0xCBBFBE56 )
(             libc.so[0xCBBEB000])[79 44       ]0x00010E58:	ADD	R1, PC	;(R1=0x0003D324 PC=0xCBBFBE58 )
(             libc.so[0xCBBEB000])[D1 F8 BC 21 ]0x00010E5A:	LDR.W	R2, [R1, #0X1BC]	;(R1=0xCBC39180 )
(             libc.so[0xCBBEB000])[93 07       ]0x00010E5E:	LSLS	R3, R2, #0X1E	;(R2=0x00000007 )
(             libc.so[0xCBBEB000])[3F D5       ]0x00010E60:	BPL	#0XCBBFBEE2
(             libc.so[0xCBBEB000])[01 F5 E0 70 ]0x00010E62:	ADD.W	R0, R1, #0X1C0	;(R1=0xCBC39180 )
(             libc.so[0xCBBEB000])[FD F7 3C ED ]0x00010E66:	BLX	#0XCBBF98E0	;(PC=0xCBBFBE66 )
(             libc.so[0xCBBEB000])[BE FF FF EA ]0x0000E8E0:	B	#0XCBBF97E0 ; pthread_mutex_unlock	;(PC=0xCBBF98E0 )
(             libc.so[0xCBBEB000])[70 40 2D E9 ]0x0000E7E0:	PUSH	{R4, R5, R6, LR}	;(SP=0x100FE9B8 R4=0x0000001B R5=0x00000000 R6=0x30060008 LR=0xCBBFBE6B )
(             libc.so[0xCBBEB000])[00 40 50 E2 ]0x0000E7E4:	SUBS	R4, R0, #0	;(R0=0xCBC39340 )
(             libc.so[0xCBBEB000])[08 D0 4D E2 ]0x0000E7E8:	SUB	SP, SP, #8	;(SP=0x100FE9A8 )
(             libc.so[0xCBBEB000])[2B 00 00 0A ]0x0000E7EC:	BEQ	#0XCBBF98A0	;(PC=0xCBBF97EC )
(             libc.so[0xCBBEB000])[00 50 94 E5 ]0x0000E7F0:	LDR	R5, [R4]	;(R4=0xCBC39340 )
(             libc.so[0xCBBEB000])[03 69 15 E2 ]0x0000E7F4:	ANDS	R6, R5, #0XC000	;(R5=0x00000001 )
(             libc.so[0xCBBEB000])[02 1A 05 E2 ]0x0000E7F8:	AND	R1, R5, #0X2000	;(R5=0x00000001 )
(             libc.so[0xCBBEB000])[11 00 00 1A ]0x0000E7FC:	BNE	#0XCBBF9848	;(PC=0xCBBF97FC )
(             libc.so[0xCBBEB000])[5F F0 7F F5 ]0x0000E800:	DMB	SY
(             libc.so[0xCBBEB000])[9F 2F 94 E1 ]0x0000E804:	LDREX	R2, [R4]	;(R4=0xCBC39340 )
(             libc.so[0xCBBEB000])[01 30 42 E2 ]0x0000E808:	SUB	R3, R2, #1	;(R2=0x00000001 )
(             libc.so[0xCBBEB000])[93 5F 84 E1 ]0x0000E80C:	STREX	R5, R3, [R4]	;(R3=0x00000000 R4=0xCBC39340 )
(             libc.so[0xCBBEB000])[00 00 55 E3 ]0x0000E810:	CMP	R5, #0	;(R5=0x00000000 )
(             libc.so[0xCBBEB000])[FA FF FF 1A ]0x0000E814:	BNE	#0XCBBF9804	;(PC=0xCBBF9814 )
(             libc.so[0xCBBEB000])[01 C0 81 E3 ]0x0000E818:	ORR	IP, R1, #1	;(R1=0x00000000 )
(             libc.so[0xCBBEB000])[0C 00 52 E1 ]0x0000E81C:	CMP	R2, IP	;(R2=0x00000001 IP=0x00000001 )
(             libc.so[0xCBBEB000])[06 00 00 0A ]0x0000E820:	BEQ	#0XCBBF9840	;(PC=0xCBBF9820 )
(             libc.so[0xCBBEB000])[00 00 A0 E3 ]0x0000E840:	MOV	R0, #0
(             libc.so[0xCBBEB000])[FB FF FF EA ]0x0000E844:	B	#0XCBBF9838	;(PC=0xCBBF9844 )
(             libc.so[0xCBBEB000])[08 D0 8D E2 ]0x0000E838:	ADD	SP, SP, #8	;(SP=0x100FE9A0 )
(             libc.so[0xCBBEB000])[70 80 BD E8 ]0x0000E83C:	POP	{R4, R5, R6, PC}	;(SP=0x100FE9A8 )
(             libc.so[0xCBBEB000])[3A E0       ]0x00010E6A:	B	#0XCBBFBEE2
(             libc.so[0xCBBEB000])[30 46       ]0x00010EE2:	MOV	R0, R6	;(R6=0x30060008 )
(             libc.so[0xCBBEB000])[BD E8 FE 8F ]0x00010EE4:	POP.W	{R1, R2, R3, R4, R5, R6, R7, R8, SB, SL, FP, PC}	;(SP=0x100FE9B8 )
(             libc.so[0xCBBEB000])[08 BD       ]0x0000DBF8:	POP	{R3, PC}	;(SP=0x100FE9E8 )
(             libc.so[0xCBBEB000])[00 40 50 E2 ]0x000233F8:	SUBS	R4, R0, #0	;(R0=0x30060008 )
(             libc.so[0xCBBEB000])[15 00 00 0A ]0x000233FC:	BEQ	#0XCBC0E458	;(PC=0xCBC0E3FC )
(             libc.so[0xCBBEB000])[58 00 9F E5 ]0x00023400:	LDR	R0, [PC, #0X58]	;(PC=0xCBC0E400 )
(             libc.so[0xCBBEB000])[08 70 84 E5 ]0x00023404:	STR	R7, [R4, #8]	;(R7=0xCBBFA0E9 R4=0x30060008 )
(             libc.so[0xCBBEB000])[10 60 84 E5 ]0x00023408:	STR	R6, [R4, #0X10]	;(R6=0xCBBFA0F9 R4=0x30060008 )
(             libc.so[0xCBBEB000])[00 00 8F E0 ]0x0002340C:	ADD	R0, PC, R0	;(PC=0xCBC0E40C R0=0x00026CC8 )
(             libc.so[0xCBBEB000])[0C 50 84 E5 ]0x00023410:	STR	R5, [R4, #0XC]	;(R5=0xCBBFA861 R4=0x30060008 )
(             libc.so[0xCBBEB000])[F0 AC FF EB ]0x00023414:	BL	#0XCBBF97DC	;(PC=0xCBC0E414 )
(             libc.so[0xCBBEB000])[90 FF FF EA ]0x0000E7DC:	B	#0XCBBF9624 ; pthread_mutex_lock	;(PC=0xCBBF97DC )
(             libc.so[0xCBBEB000])[F0 41 2D E9 ]0x0000E624:	PUSH	{R4, R5, R6, R7, R8, LR}	;(SP=0x100FE9F0 R4=0x30060008 R5=0xCBBFA861 R6=0xCBBFA0F9 R7=0xCBBFA0E9 R8=0x00000000 LR=0xCBC0E418 )
(             libc.so[0xCBBEB000])[00 40 50 E2 ]0x0000E628:	SUBS	R4, R0, #0	;(R0=0xCBC350DC )
(             libc.so[0xCBBEB000])[1B 00 00 0A ]0x0000E62C:	BEQ	#0XCBBF96A0	;(PC=0xCBBF962C )
(             libc.so[0xCBBEB000])[00 50 94 E5 ]0x0000E630:	LDR	R5, [R4]	;(R4=0xCBC350DC )
(             libc.so[0xCBBEB000])[03 79 15 E2 ]0x0000E634:	ANDS	R7, R5, #0XC000	;(R5=0x00004000 )
(             libc.so[0xCBBEB000])[02 6A 05 E2 ]0x0000E638:	AND	R6, R5, #0X2000	;(R5=0x00004000 )
(             libc.so[0xCBBEB000])[19 00 00 1A ]0x0000E63C:	BNE	#0XCBBF96A8	;(PC=0xCBBF963C )
(             libc.so[0xCBBEB000])[1C 12 00 FA ]0x0000E6A8:	BLX	#0XCBBFDF20	;(PC=0xCBBF96A8 )
(             libc.so[0xCBBEB000])[1D EE 70 3F ]0x00012F20:	MRC	P15, #0, R3, C13, C0, #3 ; __get_thread	;(R3=0x00000000 )
(             libc.so[0xCBBEB000])[58 68       ]0x00012F24:	LDR	R0, [R3, #4]	;(R3=0x02000000 )
(             libc.so[0xCBBEB000])[70 47       ]0x00012F26:	BX	LR	;(LR=0xCBBF96AC )
(             libc.so[0xCBBEB000])[20 30 90 E5 ]0x0000E6AC:	LDR	R3, [R0, #0X20]	;(R0=0x100FF000 )
(             libc.so[0xCBBEB000])[25 08 53 E1 ]0x0000E6B0:	CMP	R3, R5, LSR #16	;(R3=0x00000000 R5=0x00004000 )
(             libc.so[0xCBBEB000])[25 00 00 0A ]0x0000E6B4:	BEQ	#0XCBBF9750	;(PC=0xCBBF96B4 )
(             libc.so[0xCBBEB000])[02 09 57 E3 ]0x0000E750:	CMP	R7, #0X8000	;(R7=0x00004000 )
(             libc.so[0xCBBEB000])[1E 00 00 0A ]0x0000E754:	BEQ	#0XCBBF97D4	;(PC=0xCBBF9754 )
(             libc.so[0xCBBEB000])[FC 0F 01 E3 ]0x0000E758:	MOVW	R0, #0X1FFC
(             libc.so[0xCBBEB000])[00 E0 05 E0 ]0x0000E75C:	AND	LR, R5, R0	;(R5=0x00004000 R0=0x00001FFC )
(             libc.so[0xCBBEB000])[FC 3F 01 E3 ]0x0000E760:	MOVW	R3, #0X1FFC
(             libc.so[0xCBBEB000])[03 00 5E E1 ]0x0000E764:	CMP	LR, R3	;(LR=0x00000000 R3=0x00001FFC )
(             libc.so[0xCBBEB000])[17 00 00 0A ]0x0000E768:	BEQ	#0XCBBF97CC	;(PC=0xCBBF9768 )
(             libc.so[0xCBBEB000])[04 C0 85 E2 ]0x0000E76C:	ADD	IP, R5, #4	;(R5=0x00004000 )
(             libc.so[0xCBBEB000])[9F 2F 94 E1 ]0x0000E770:	LDREX	R2, [R4]	;(R4=0xCBC350DC )
(             libc.so[0xCBBEB000])[00 00 A0 E3 ]0x0000E774:	MOV	R0, #0
(             libc.so[0xCBBEB000])[05 00 32 E1 ]0x0000E778:	TEQ	R2, R5	;(R2=0x00004000 R5=0x00004000 )
(             libc.so[0xCBBEB000])[9C 0F 84 01 ]0x0000E77C:	STREXEQ	R0, IP, [R4]	;(IP=0x00004004 R4=0xCBC350DC )
(             libc.so[0xCBBEB000])[00 00 50 E3 ]0x0000E780:	CMP	R0, #0	;(R0=0x00000000 )
(             libc.so[0xCBBEB000])[F9 FF FF 1A ]0x0000E784:	BNE	#0XCBBF9770	;(PC=0xCBBF9784 )
(             libc.so[0xCBBEB000])[02 00 55 E1 ]0x0000E788:	CMP	R5, R2	;(R5=0x00004000 R2=0x00004000 )
(             libc.so[0xCBBEB000])[F0 81 BD 08 ]0x0000E78C:	POPEQ	{R4, R5, R6, R7, R8, PC}	;(SP=0x100FE9D8 )
(             libc.so[0xCBBEB000])[44 30 9F E5 ]0x00023418:	LDR	R3, [PC, #0X44]	;(PC=0xCBC0E418 )
(             libc.so[0xCBBEB000])[03 C0 8F E0 ]0x0002341C:	ADD	IP, PC, R3	;(PC=0xCBC0E41C R3=0x00026CBC )
(             libc.so[0xCBBEB000])[00 C0 84 E5 ]0x00023420:	STR	IP, [R4]	;(IP=0xCBC350E0 R4=0x30060008 )
(             libc.so[0xCBBEB000])[06 00 9C E8 ]0x00023424:	LDM	IP, {R1, R2}	;(IP=0xCBC350E0 )
(             libc.so[0xCBBEB000])[0C 00 51 E1 ]0x00023428:	CMP	R1, IP	;(R1=0xCBC350E0 IP=0xCBC350E0 )
(             libc.so[0xCBBEB000])[04 20 84 E5 ]0x0002342C:	STR	R2, [R4, #4]	;(R2=0xCBC350E0 R4=0x30060008 )
(             libc.so[0xCBBEB000])[00 40 82 15 ]0x00023430:	STRNE	R4, [R2]	;(R4=0x30060008 R2=0xCBC350E0 )
(             libc.so[0xCBBEB000])[2C 20 9F E5 ]0x00023434:	LDR	R2, [PC, #0X2C]	;(PC=0xCBC0E434 )
(             libc.so[0xCBBEB000])[00 40 81 05 ]0x00023438:	STREQ	R4, [R1]	;(R4=0x30060008 R1=0xCBC350E0 )
(             libc.so[0xCBBEB000])[28 10 9F E5 ]0x0002343C:	LDR	R1, [PC, #0X28]	;(PC=0xCBC0E43C )
(             libc.so[0xCBBEB000])[02 30 8F E0 ]0x00023440:	ADD	R3, PC, R2	;(PC=0xCBC0E440 R2=0x00026C98 )
(             libc.so[0xCBBEB000])[01 00 8F E0 ]0x00023444:	ADD	R0, PC, R1	;(PC=0xCBC0E444 R1=0x00026C90 )
(             libc.so[0xCBBEB000])[04 40 83 E5 ]0x00023448:	STR	R4, [R3, #4]	;(R4=0x30060008 R3=0xCBC350E0 )
(             libc.so[0xCBBEB000])[23 AD FF EB ]0x0002344C:	BL	#0XCBBF98E0	;(PC=0xCBC0E44C )
(             libc.so[0xCBBEB000])[BE FF FF EA ]0x0000E8E0:	B	#0XCBBF97E0 ; pthread_mutex_unlock	;(PC=0xCBBF98E0 )
(             libc.so[0xCBBEB000])[70 40 2D E9 ]0x0000E7E0:	PUSH	{R4, R5, R6, LR}	;(SP=0x100FE9F0 R4=0x30060008 R5=0xCBBFA861 R6=0xCBBFA0F9 LR=0xCBC0E450 )
(             libc.so[0xCBBEB000])[00 40 50 E2 ]0x0000E7E4:	SUBS	R4, R0, #0	;(R0=0xCBC350DC )
(             libc.so[0xCBBEB000])[08 D0 4D E2 ]0x0000E7E8:	SUB	SP, SP, #8	;(SP=0x100FE9E0 )
(             libc.so[0xCBBEB000])[2B 00 00 0A ]0x0000E7EC:	BEQ	#0XCBBF98A0	;(PC=0xCBBF97EC )
(             libc.so[0xCBBEB000])[00 50 94 E5 ]0x0000E7F0:	LDR	R5, [R4]	;(R4=0xCBC350DC )
(             libc.so[0xCBBEB000])[03 69 15 E2 ]0x0000E7F4:	ANDS	R6, R5, #0XC000	;(R5=0x00004004 )
(             libc.so[0xCBBEB000])[02 1A 05 E2 ]0x0000E7F8:	AND	R1, R5, #0X2000	;(R5=0x00004004 )
(             libc.so[0xCBBEB000])[11 00 00 1A ]0x0000E7FC:	BNE	#0XCBBF9848	;(PC=0xCBBF97FC )
(             libc.so[0xCBBEB000])[04 10 8D E5 ]0x0000E848:	STR	R1, [SP, #4]	;(R1=0x00000000 SP=0x100FE9D8 )
(             libc.so[0xCBBEB000])[B3 11 00 FA ]0x0000E84C:	BLX	#0XCBBFDF20	;(PC=0xCBBF984C )
(             libc.so[0xCBBEB000])[1D EE 70 3F ]0x00012F20:	MRC	P15, #0, R3, C13, C0, #3 ; __get_thread	;(R3=0xCBC350E0 )
(             libc.so[0xCBBEB000])[58 68       ]0x00012F24:	LDR	R0, [R3, #4]	;(R3=0x02000000 )
(             libc.so[0xCBBEB000])[70 47       ]0x00012F26:	BX	LR	;(LR=0xCBBF9850 )
(             libc.so[0xCBBEB000])[04 10 9D E5 ]0x0000E850:	LDR	R1, [SP, #4]	;(SP=0x100FE9D8 )
(             libc.so[0xCBBEB000])[20 30 90 E5 ]0x0000E854:	LDR	R3, [R0, #0X20]	;(R0=0x100FF000 )
(             libc.so[0xCBBEB000])[25 08 53 E1 ]0x0000E858:	CMP	R3, R5, LSR #16	;(R3=0x00000000 R5=0x00004004 )
(             libc.so[0xCBBEB000])[01 00 A0 13 ]0x0000E85C:	MOVNE	R0, #1
(             libc.so[0xCBBEB000])[F4 FF FF 1A ]0x0000E860:	BNE	#0XCBBF9838	;(PC=0xCBBF9860 )
(             libc.so[0xCBBEB000])[FC 0F 01 E3 ]0x0000E864:	MOVW	R0, #0X1FFC
(             libc.so[0xCBBEB000])[00 20 05 E0 ]0x0000E868:	AND	R2, R5, R0	;(R5=0x00004004 R0=0x00001FFC )
(             libc.so[0xCBBEB000])[00 00 52 E3 ]0x0000E86C:	CMP	R2, #0	;(R2=0x00000004 )
(             libc.so[0xCBBEB000])[0C 00 00 0A ]0x0000E870:	BEQ	#0XCBBF98A8	;(PC=0xCBBF9870 )
(             libc.so[0xCBBEB000])[04 30 45 E2 ]0x0000E874:	SUB	R3, R5, #4	;(R5=0x00004004 )
(             libc.so[0xCBBEB000])[9F 0F 94 E1 ]0x0000E878:	LDREX	R0, [R4]	;(R4=0xCBC350DC )
(             libc.so[0xCBBEB000])[00 10 A0 E3 ]0x0000E87C:	MOV	R1, #0
(             libc.so[0xCBBEB000])[05 00 30 E1 ]0x0000E880:	TEQ	R0, R5	;(R0=0x00004004 R5=0x00004004 )
(             libc.so[0xCBBEB000])[93 1F 84 01 ]0x0000E884:	STREXEQ	R1, R3, [R4]	;(R3=0x00004000 R4=0xCBC350DC )
(             libc.so[0xCBBEB000])[00 00 51 E3 ]0x0000E888:	CMP	R1, #0	;(R1=0x00000000 )
(             libc.so[0xCBBEB000])[F9 FF FF 1A ]0x0000E88C:	BNE	#0XCBBF9878	;(PC=0xCBBF988C )
(             libc.so[0xCBBEB000])[00 00 55 E1 ]0x0000E890:	CMP	R5, R0	;(R5=0x00004004 R0=0x00004004 )
(             libc.so[0xCBBEB000])[E9 FF FF 0A ]0x0000E894:	BEQ	#0XCBBF9840	;(PC=0xCBBF9894 )
(             libc.so[0xCBBEB000])[00 00 A0 E3 ]0x0000E840:	MOV	R0, #0
(             libc.so[0xCBBEB000])[FB FF FF EA ]0x0000E844:	B	#0XCBBF9838	;(PC=0xCBBF9844 )
(             libc.so[0xCBBEB000])[08 D0 8D E2 ]0x0000E838:	ADD	SP, SP, #8	;(SP=0x100FE9D8 )
(             libc.so[0xCBBEB000])[70 80 BD E8 ]0x0000E83C:	POP	{R4, R5, R6, PC}	;(SP=0x100FE9E0 )
(             libc.so[0xCBBEB000])[00 00 A0 E3 ]0x00023450:	MOV	R0, #0
(             libc.so[0xCBBEB000])[F8 80 BD E8 ]0x00023454:	POP	{R3, R4, R5, R6, R7, PC}	;(SP=0x100FE9F0 )
(             libc.so[0xCBBEB000])[01 20       ]0x0000F8DE:	MOVS	R0, #1
(             libc.so[0xCBBEB000])[38 BD       ]0x0000F8E0:	POP	{R3, R4, R5, PC}	;(SP=0x100FEA08 )
(             libc.so[0xCBBEB000])[DF F8 94 1B ]0x0000FDE0:	LDR.W	R1, [PC, #0XB94]	;(PC=0xCBBFADE0 )
(             libc.so[0xCBBEB000])[79 44       ]0x0000FDE4:	ADD	R1, PC	;(R1=0x0003E398 PC=0xCBBFADE4 )
(             libc.so[0xCBBEB000])[D1 F8 BC 21 ]0x0000FDE6:	LDR.W	R2, [R1, #0X1BC]	;(R1=0xCBC39180 )
(             libc.so[0xCBBEB000])[93 07       ]0x0000FDEA:	LSLS	R3, R2, #0X1E	;(R2=0x00000007 )
(             libc.so[0xCBBEB000])[02 D4       ]0x0000FDEC:	BMI	#0XCBBFADF4
(             libc.so[0xCBBEB000])[01 F5 E0 70 ]0x0000FDF4:	ADD.W	R0, R1, #0X1C0	;(R1=0xCBC39180 )
(             libc.so[0xCBBEB000])[00 26       ]0x0000FDF8:	MOVS	R6, #0
(             libc.so[0xCBBEB000])[FE F7 F0 EC ]0x0000FDFA:	BLX	#0XCBBF97DC	;(PC=0xCBBFADFA )
(             libc.so[0xCBBEB000])[90 FF FF EA ]0x0000E7DC:	B	#0XCBBF9624 ; pthread_mutex_lock	;(PC=0xCBBF97DC )
(             libc.so[0xCBBEB000])[F0 41 2D E9 ]0x0000E624:	PUSH	{R4, R5, R6, R7, R8, LR}	;(SP=0x100FEA18 R4=0x0000000C R5=0x00000000 R6=0x00000000 R7=0x100FEA58 R8=0x00000000 LR=0xCBBFADFF )
(             libc.so[0xCBBEB000])[00 40 50 E2 ]0x0000E628:	SUBS	R4, R0, #0	;(R0=0xCBC39340 )
(             libc.so[0xCBBEB000])[1B 00 00 0A ]0x0000E62C:	BEQ	#0XCBBF96A0	;(PC=0xCBBF962C )
(             libc.so[0xCBBEB000])[00 50 94 E5 ]0x0000E630:	LDR	R5, [R4]	;(R4=0xCBC39340 )
(             libc.so[0xCBBEB000])[03 79 15 E2 ]0x0000E634:	ANDS	R7, R5, #0XC000	;(R5=0x00000000 )
(             libc.so[0xCBBEB000])[02 6A 05 E2 ]0x0000E638:	AND	R6, R5, #0X2000	;(R5=0x00000000 )
(             libc.so[0xCBBEB000])[19 00 00 1A ]0x0000E63C:	BNE	#0XCBBF96A8	;(PC=0xCBBF963C )
(             libc.so[0xCBBEB000])[01 00 86 E3 ]0x0000E640:	ORR	R0, R6, #1	;(R6=0x00000000 )
(             libc.so[0xCBBEB000])[9F 3F 94 E1 ]0x0000E644:	LDREX	R3, [R4]	;(R4=0xCBC39340 )
(             libc.so[0xCBBEB000])[00 10 A0 E3 ]0x0000E648:	MOV	R1, #0
(             libc.so[0xCBBEB000])[06 00 33 E1 ]0x0000E64C:	TEQ	R3, R6	;(R3=0x00000000 R6=0x00000000 )
(             libc.so[0xCBBEB000])[90 1F 84 01 ]0x0000E650:	STREXEQ	R1, R0, [R4]	;(R0=0x00000001 R4=0xCBC39340 )
(             libc.so[0xCBBEB000])[00 00 51 E3 ]0x0000E654:	CMP	R1, #0	;(R1=0x00000000 )
(             libc.so[0xCBBEB000])[F9 FF FF 1A ]0x0000E658:	BNE	#0XCBBF9644	;(PC=0xCBBF9658 )
(             libc.so[0xCBBEB000])[03 00 56 E1 ]0x0000E65C:	CMP	R6, R3	;(R6=0x00000000 R3=0x00000000 )
(             libc.so[0xCBBEB000])[02 50 86 13 ]0x0000E660:	ORRNE	R5, R6, #2	;(R6=0x00000000 )
(             libc.so[0xCBBEB000])[01 00 00 1A ]0x0000E664:	BNE	#0XCBBF9670	;(PC=0xCBBF9664 )
(             libc.so[0xCBBEB000])[09 00 00 EA ]0x0000E668:	B	#0XCBBF9694	;(PC=0xCBBF9668 )
(             libc.so[0xCBBEB000])[5F F0 7F F5 ]0x0000E694:	DMB	SY
(             libc.so[0xCBBEB000])[00 00 A0 E3 ]0x0000E698:	MOV	R0, #0
(             libc.so[0xCBBEB000])[F0 81 BD E8 ]0x0000E69C:	POP	{R4, R5, R6, R7, R8, PC}	;(SP=0x100FEA00 )
(             libc.so[0xCBBEB000])[00 28       ]0x0000FDFE:	CMP	R0, #0	;(R0=0x00000000 )
(             libc.so[0xCBBEB000])[41 F0 6F 80 ]0x0000FE00:	BNE.W	#0XCBBFBEE2
(             libc.so[0xCBBEB000])[F3 E7       ]0x0000FE04:	B	#0XCBBFADEE
(             libc.so[0xCBBEB000])[F4 2C       ]0x0000FDEE:	CMP	R4, #0XF4	;(R4=0x0000000C )
(             libc.so[0xCBBEB000])[09 D9       ]0x0000FDF0:	BLS	#0XCBBFAE06
(             libc.so[0xCBBEB000])[0A 2C       ]0x0000FE06:	CMP	R4, #0XA	;(R4=0x0000000C )
(             libc.so[0xCBBEB000])[03 D9       ]0x0000FE08:	BLS	#0XCBBFAE12
(             libc.so[0xCBBEB000])[0B 34       ]0x0000FE0A:	ADDS	R4, #0XB	;(R4=0x0000000C )
(             libc.so[0xCBBEB000])[24 F0 07 04 ]0x0000FE0C:	BIC	R4, R4, #7	;(R4=0x00000017 )
(             libc.so[0xCBBEB000])[00 E0       ]0x0000FE10:	B	#0XCBBFAE14
(             libc.so[0xCBBEB000])[DF F8 68 3B ]0x0000FE14:	LDR.W	R3, [PC, #0XB68]	;(PC=0xCBBFAE14 )
(             libc.so[0xCBBEB000])[E2 08       ]0x0000FE18:	LSRS	R2, R4, #3	;(R4=0x00000010 )
(             libc.so[0xCBBEB000])[7B 44       ]0x0000FE1A:	ADD	R3, PC	;(R3=0x0003E362 PC=0xCBBFAE1A )
(             libc.so[0xCBBEB000])[18 68       ]0x0000FE1C:	LDR	R0, [R3]	;(R3=0xCBC39180 )
(             libc.so[0xCBBEB000])[20 FA 02 F1 ]0x0000FE1E:	LSR.W	R1, R0, R2	;(R0=0x00000000 R2=0x00000002 )
(             libc.so[0xCBBEB000])[01 90       ]0x0000FE22:	STR	R0, [SP, #4]	;(R0=0x00000000 SP=0x100FEA18 )
(             libc.so[0xCBBEB000])[8E 07       ]0x0000FE24:	LSLS	R6, R1, #0X1E	;(R1=0x00000000 )
(             libc.so[0xCBBEB000])[21 D0       ]0x0000FE26:	BEQ	#0XCBBFAE6C
(             libc.so[0xCBBEB000])[9D 68       ]0x0000FE6C:	LDR	R5, [R3, #8]	;(R3=0xCBC39180 )
(             libc.so[0xCBBEB000])[AC 42       ]0x0000FE6E:	CMP	R4, R5	;(R4=0x00000010 R5=0x00000000 )
(             libc.so[0xCBBEB000])[40 F2 3F 83 ]0x0000FE70:	BLS.W	#0XCBBFB4F2
(             libc.so[0xCBBEB000])[00 29       ]0x0000FE74:	CMP	R1, #0	;(R1=0x00000000 )
(             libc.so[0xCBBEB000])[74 D0       ]0x0000FE76:	BEQ	#0XCBBFAF62
(             libc.so[0xCBBEB000])[D3 F8 04 80 ]0x0000FF62:	LDR.W	R8, [R3, #4]	;(R3=0xCBC39180 )
(             libc.so[0xCBBEB000])[B8 F1 00 0F ]0x0000FF66:	CMP.W	R8, #0	;(R8=0x00000000 )
(             libc.so[0xCBBEB000])[00 F0 C2 82 ]0x0000FF6A:	BEQ.W	#0XCBBFB4F2
(             libc.so[0xCBBEB000])[DF F8 E0 34 ]0x000104F2:	LDR.W	R3, [PC, #0X4E0]	;(PC=0xCBBFB4F2 )
(             libc.so[0xCBBEB000])[7B 44       ]0x000104F6:	ADD	R3, PC	;(R3=0x0003DC86 PC=0xCBBFB4F6 )
(             libc.so[0xCBBEB000])[98 68       ]0x000104F8:	LDR	R0, [R3, #8]	;(R3=0xCBC39180 )
(             libc.so[0xCBBEB000])[84 42       ]0x000104FA:	CMP	R4, R0	;(R4=0x00000010 R0=0x00000000 )
(             libc.so[0xCBBEB000])[19 D8       ]0x000104FC:	BHI	#0XCBBFB532
(             libc.so[0xCBBEB000])[DE 68       ]0x00010532:	LDR	R6, [R3, #0XC]	;(R3=0xCBC39180 )
(             libc.so[0xCBBEB000])[B4 42       ]0x00010534:	CMP	R4, R6	;(R4=0x00000010 R6=0x00000FC0 )
(             libc.so[0xCBBEB000])[01 D2       ]0x00010536:	BHS	#0XCBBFB53C
(             libc.so[0xCBBEB000])[00 F0 7B BC ]0x00010538:	B.W	#0XCBBFBE32
(             libc.so[0xCBBEB000])[30 1B       ]0x00010E32:	SUBS	R0, R6, R4	;(R6=0x00000FC0 R4=0x00000010 )
(             libc.so[0xCBBEB000])[9E 69       ]0x00010E34:	LDR	R6, [R3, #0X18]	;(R3=0xCBC39180 )
(             libc.so[0xCBBEB000])[D8 60       ]0x00010E36:	STR	R0, [R3, #0XC]	;(R0=0x00000FB0 R3=0xCBC39180 )
(             libc.so[0xCBBEB000])[32 19       ]0x00010E38:	ADDS	R2, R6, R4	;(R6=0x30060018 R4=0x00000010 )
(             libc.so[0xCBBEB000])[9A 61       ]0x00010E3A:	STR	R2, [R3, #0X18]	;(R2=0x30060028 R3=0xCBC39180 )
(             libc.so[0xCBBEB000])[40 F0 01 03 ]0x00010E3C:	ORR	R3, R0, #1	;(R0=0x00000FB0 )
(             libc.so[0xCBBEB000])[53 60       ]0x00010E40:	STR	R3, [R2, #4]	;(R3=0x00000FB1 R2=0x30060028 )
(             libc.so[0xCBBEB000])[44 F0 03 04 ]0x00010E42:	ORR	R4, R4, #3	;(R4=0x00000010 )
(             libc.so[0xCBBEB000])[74 60       ]0x00010E46:	STR	R4, [R6, #4]	;(R4=0x00000013 R6=0x30060018 )
(             libc.so[0xCBBEB000])[08 36       ]0x00010E48:	ADDS	R6, #8	;(R6=0x30060018 )
(             libc.so[0xCBBEB000])[04 E0       ]0x00010E4A:	B	#0XCBBFBE56
(             libc.so[0xCBBEB000])[35 49       ]0x00010E56:	LDR	R1, [PC, #0XD4]	;(PC=0xCBBFBE56 )
(             libc.so[0xCBBEB000])[79 44       ]0x00010E58:	ADD	R1, PC	;(R1=0x0003D324 PC=0xCBBFBE58 )
(             libc.so[0xCBBEB000])[D1 F8 BC 21 ]0x00010E5A:	LDR.W	R2, [R1, #0X1BC]	;(R1=0xCBC39180 )
(             libc.so[0xCBBEB000])[93 07       ]0x00010E5E:	LSLS	R3, R2, #0X1E	;(R2=0x00000007 )
(             libc.so[0xCBBEB000])[3F D5       ]0x00010E60:	BPL	#0XCBBFBEE2
(             libc.so[0xCBBEB000])[01 F5 E0 70 ]0x00010E62:	ADD.W	R0, R1, #0X1C0	;(R1=0xCBC39180 )
(             libc.so[0xCBBEB000])[FD F7 3C ED ]0x00010E66:	BLX	#0XCBBF98E0	;(PC=0xCBBFBE66 )
(             libc.so[0xCBBEB000])[BE FF FF EA ]0x0000E8E0:	B	#0XCBBF97E0 ; pthread_mutex_unlock	;(PC=0xCBBF98E0 )
(             libc.so[0xCBBEB000])[70 40 2D E9 ]0x0000E7E0:	PUSH	{R4, R5, R6, LR}	;(SP=0x100FEA18 R4=0x00000013 R5=0x00000000 R6=0x30060020 LR=0xCBBFBE6B )
(             libc.so[0xCBBEB000])[00 40 50 E2 ]0x0000E7E4:	SUBS	R4, R0, #0	;(R0=0xCBC39340 )
(             libc.so[0xCBBEB000])[08 D0 4D E2 ]0x0000E7E8:	SUB	SP, SP, #8	;(SP=0x100FEA08 )
(             libc.so[0xCBBEB000])[2B 00 00 0A ]0x0000E7EC:	BEQ	#0XCBBF98A0	;(PC=0xCBBF97EC )
(             libc.so[0xCBBEB000])[00 50 94 E5 ]0x0000E7F0:	LDR	R5, [R4]	;(R4=0xCBC39340 )
(             libc.so[0xCBBEB000])[03 69 15 E2 ]0x0000E7F4:	ANDS	R6, R5, #0XC000	;(R5=0x00000001 )
(             libc.so[0xCBBEB000])[02 1A 05 E2 ]0x0000E7F8:	AND	R1, R5, #0X2000	;(R5=0x00000001 )
(             libc.so[0xCBBEB000])[11 00 00 1A ]0x0000E7FC:	BNE	#0XCBBF9848	;(PC=0xCBBF97FC )
(             libc.so[0xCBBEB000])[5F F0 7F F5 ]0x0000E800:	DMB	SY
(             libc.so[0xCBBEB000])[9F 2F 94 E1 ]0x0000E804:	LDREX	R2, [R4]	;(R4=0xCBC39340 )
(             libc.so[0xCBBEB000])[01 30 42 E2 ]0x0000E808:	SUB	R3, R2, #1	;(R2=0x00000001 )
(             libc.so[0xCBBEB000])[93 5F 84 E1 ]0x0000E80C:	STREX	R5, R3, [R4]	;(R3=0x00000000 R4=0xCBC39340 )
(             libc.so[0xCBBEB000])[00 00 55 E3 ]0x0000E810:	CMP	R5, #0	;(R5=0x00000000 )
(             libc.so[0xCBBEB000])[FA FF FF 1A ]0x0000E814:	BNE	#0XCBBF9804	;(PC=0xCBBF9814 )
(             libc.so[0xCBBEB000])[01 C0 81 E3 ]0x0000E818:	ORR	IP, R1, #1	;(R1=0x00000000 )
(             libc.so[0xCBBEB000])[0C 00 52 E1 ]0x0000E81C:	CMP	R2, IP	;(R2=0x00000001 IP=0x00000001 )
(             libc.so[0xCBBEB000])[06 00 00 0A ]0x0000E820:	BEQ	#0XCBBF9840	;(PC=0xCBBF9820 )
(             libc.so[0xCBBEB000])[00 00 A0 E3 ]0x0000E840:	MOV	R0, #0
(             libc.so[0xCBBEB000])[FB FF FF EA ]0x0000E844:	B	#0XCBBF9838	;(PC=0xCBBF9844 )
(             libc.so[0xCBBEB000])[08 D0 8D E2 ]0x0000E838:	ADD	SP, SP, #8	;(SP=0x100FEA00 )
(             libc.so[0xCBBEB000])[70 80 BD E8 ]0x0000E83C:	POP	{R4, R5, R6, PC}	;(SP=0x100FEA08 )
(             libc.so[0xCBBEB000])[3A E0       ]0x00010E6A:	B	#0XCBBFBEE2
(             libc.so[0xCBBEB000])[30 46       ]0x00010EE2:	MOV	R0, R6	;(R6=0x30060020 )
(             libc.so[0xCBBEB000])[BD E8 FE 8F ]0x00010EE4:	POP.W	{R1, R2, R3, R4, R5, R6, R7, R8, SB, SL, FP, PC}	;(SP=0x100FEA18 )
(             libc.so[0xCBBEB000])[08 BD       ]0x0000DBF8:	POP	{R3, PC}	;(SP=0x100FEA48 )
(libnative-lib_jni.so[0xCBBCB000])[00 28       ]0x00008344:	CMP	R0, #0	;(R0=0x30060020 )
(libnative-lib_jni.so[0xCBBCB000])[F6 D0       ]0x00008346:	BEQ	#0XCBBD3336
(libnative-lib_jni.so[0xCBBCB000])[D0 BD       ]0x00008348:	POP	{R4, R6, R7, PC}	;(SP=0x100FEA50 )
(libnative-lib_jni.so[0xCBBCB000])[86 46       ]0x00007D14:	MOV	LR, R0	;(R0=0x30060020 )
(libnative-lib_jni.so[0xCBBCB000])[01 46       ]0x00007D16:	MOV	R1, R0	;(R0=0x30060020 )
(libnative-lib_jni.so[0xCBBCB000])[09 90       ]0x00007D18:	STR	R0, [SP, #0X24]	;(R0=0x30060020 SP=0x100FEA60 )
(libnative-lib_jni.so[0xCBBCB000])[1A 48       ]0x00007D1A:	LDR	R0, [PC, #0X68]	;(PC=0xCBBD2D1A )
(libnative-lib_jni.so[0xCBBCB000])[78 44       ]0x00007D1C:	ADD	R0, PC	;(R0=0x0000CB70 PC=0xCBBD2D1C )
(libnative-lib_jni.so[0xCBBCB000])[08 90       ]0x00007D1E:	STR	R0, [SP, #0X20]	;(R0=0xCBBDF890 SP=0x100FEA60 )
(libnative-lib_jni.so[0xCBBCB000])[09 98       ]0x00007D20:	LDR	R0, [SP, #0X24]	;(SP=0x100FEA60 )
(libnative-lib_jni.so[0xCBBCB000])[0A 90       ]0x00007D22:	STR	R0, [SP, #0X28]	;(R0=0x30060020 SP=0x100FEA60 )
(libnative-lib_jni.so[0xCBBCB000])[0A 9A       ]0x00007D24:	LDR	R2, [SP, #0X28]	;(SP=0x100FEA60 )
(libnative-lib_jni.so[0xCBBCB000])[0B 92       ]0x00007D26:	STR	R2, [SP, #0X2C]	;(R2=0x30060020 SP=0x100FEA60 )
(libnative-lib_jni.so[0xCBBCB000])[0B 9B       ]0x00007D28:	LDR	R3, [SP, #0X2C]	;(SP=0x100FEA60 )
(libnative-lib_jni.so[0xCBBCB000])[4F F0 00 0C ]0x00007D2A:	MOV.W	IP, #0
(libnative-lib_jni.so[0xCBBCB000])[C3 F8 04 C0 ]0x00007D2E:	STR.W	IP, [R3, #4]	;(IP=0x00000000 R3=0x30060020 )
(libnative-lib_jni.so[0xCBBCB000])[C3 F8 00 C0 ]0x00007D32:	STR.W	IP, [R3]	;(IP=0x00000000 R3=0x30060020 )
(libnative-lib_jni.so[0xCBBCB000])[C3 F8 08 C0 ]0x00007D36:	STR.W	IP, [R3, #8]	;(IP=0x00000000 R3=0x30060020 )
(libnative-lib_jni.so[0xCBBCB000])[0C 92       ]0x00007D3A:	STR	R2, [SP, #0X30]	;(R2=0x30060020 SP=0x100FEA60 )
(libnative-lib_jni.so[0xCBBCB000])[0C 9A       ]0x00007D3C:	LDR	R2, [SP, #0X30]	;(SP=0x100FEA60 )
(libnative-lib_jni.so[0xCBBCB000])[0D 92       ]0x00007D3E:	STR	R2, [SP, #0X34]	;(R2=0x30060020 SP=0x100FEA60 )
(libnative-lib_jni.so[0xCBBCB000])[08 9A       ]0x00007D40:	LDR	R2, [SP, #0X20]	;(SP=0x100FEA60 )
(libnative-lib_jni.so[0xCBBCB000])[05 90       ]0x00007D42:	STR	R0, [SP, #0X14]	;(R0=0x30060020 SP=0x100FEA60 )
(libnative-lib_jni.so[0xCBBCB000])[10 46       ]0x00007D44:	MOV	R0, R2	;(R2=0xCBBDF890 )
(libnative-lib_jni.so[0xCBBCB000])[04 91       ]0x00007D46:	STR	R1, [SP, #0X10]	;(R1=0x30060020 SP=0x100FEA60 )
(libnative-lib_jni.so[0xCBBCB000])[CD F8 0C E0 ]0x00007D48:	STR.W	LR, [SP, #0XC]	;(LR=0x30060020 SP=0x100FEA60 )
(libnative-lib_jni.so[0xCBBCB000])[02 92       ]0x00007D4C:	STR	R2, [SP, #8]	;(R2=0xCBBDF890 SP=0x100FEA60 )
(libnative-lib_jni.so[0xCBBCB000])[FF F7 66 ED ]0x00007D4E:	BLX	#0XCBBD281C	;(PC=0xCBBD2D4E )
(libnative-lib_jni.so[0xCBBCB000])[00 C6 8F E2 ]0x0000781C:	ADD	IP, PC, #0, #12	;(PC=0xCBBD281C )
(libnative-lib_jni.so[0xCBBCB000])[12 CA 8C E2 ]0x00007820:	ADD	IP, IP, #0X12000	;(IP=0xCBBD2824 )
(libnative-lib_jni.so[0xCBBCB000])[38 F6 BC E5 ]0x00007824:	LDR	PC, [IP, #0X638]!	;(IP=0xCBBE4824 )
(libnative-lib_jni.so[0xCBBCB000])[80 B5       ]0x00008214:	PUSH	{R7, LR} ; _ZNSt6__ndk111char_traitsIcE6lengthEPKc	;(SP=0x100FEA60 R7=0x100FEA98 LR=0xCBBD2D53 )
(libnative-lib_jni.so[0xCBBCB000])[6F 46       ]0x00008216:	MOV	R7, SP	;(SP=0x100FEA58 )
(libnative-lib_jni.so[0xCBBCB000])[82 B0       ]0x00008218:	SUB	SP, #8	;(SP=0x100FEA58 )
(libnative-lib_jni.so[0xCBBCB000])[01 46       ]0x0000821A:	MOV	R1, R0	;(R0=0xCBBDF890 )
(libnative-lib_jni.so[0xCBBCB000])[01 90       ]0x0000821C:	STR	R0, [SP, #4]	;(R0=0xCBBDF890 SP=0x100FEA50 )
(libnative-lib_jni.so[0xCBBCB000])[01 98       ]0x0000821E:	LDR	R0, [SP, #4]	;(SP=0x100FEA50 )
(libnative-lib_jni.so[0xCBBCB000])[00 91       ]0x00008220:	STR	R1, [SP]	;(R1=0xCBBDF890 SP=0x100FEA50 )
(libnative-lib_jni.so[0xCBBCB000])[FF F7 44 EB ]0x00008222:	BLX	#0XCBBD28AC	;(PC=0xCBBD3222 )
(libnative-lib_jni.so[0xCBBCB000])[00 C6 8F E2 ]0x000078AC:	ADD	IP, PC, #0, #12	;(PC=0xCBBD28AC )
(libnative-lib_jni.so[0xCBBCB000])[12 CA 8C E2 ]0x000078B0:	ADD	IP, IP, #0X12000	;(IP=0xCBBD28B4 )
(libnative-lib_jni.so[0xCBBCB000])[D8 F5 BC E5 ]0x000078B4:	LDR	PC, [IP, #0X5D8]!	;(IP=0xCBBE48B4 )
(             libc.so[0xCBBEB000])[90 F8 00 F0 ]0x00022F84:	PLD	[R0] ; strlen	;(R0=0xCBBDF890 )
(             libc.so[0xCBBEB000])[01 46       ]0x00022F88:	MOV	R1, R0	;(R0=0xCBBDF890 )
(             libc.so[0xCBBEB000])[10 F0 07 03 ]0x00022F8A:	ANDS	R3, R0, #7	;(R0=0xCBBDF890 )
(             libc.so[0xCBBEB000])[00 F0 23 80 ]0x00022F8E:	BEQ.W	#0XCBC0DFD8
(             libc.so[0xCBBEB000])[F1 E8 02 23 ]0x00022FD8:	LDRD	R2, R3, [R1], #8	;(R1=0xCBBDF890 )
(             libc.so[0xCBBEB000])[91 F8 40 F0 ]0x00022FDC:	PLD	[R1, #0X40]	;(R1=0xCBBDF898 )
(             libc.so[0xCBBEB000])[A2 F1 01 3C ]0x00022FE0:	SUB.W	IP, R2, #0X1010101	;(R2=0x6C6C6548 )
(             libc.so[0xCBBEB000])[2C EA 02 0C ]0x00022FE4:	BIC.W	IP, IP, R2	;(IP=0x6B6B6447 R2=0x6C6C6548 )
(             libc.so[0xCBBEB000])[1C F0 80 3C ]0x00022FE8:	ANDS	IP, IP, #0X80808080	;(IP=0x03030007 )
(             libc.so[0xCBBEB000])[40 F0 0F 80 ]0x00022FEC:	BNE.W	#0XCBC0E00E
(             libc.so[0xCBBEB000])[A3 F1 01 3C ]0x00022FF0:	SUB.W	IP, R3, #0X1010101	;(R3=0x7266206F )
(             libc.so[0xCBBEB000])[2C EA 03 0C ]0x00022FF4:	BIC.W	IP, IP, R3	;(IP=0x71651F6E R3=0x7266206F )
(             libc.so[0xCBBEB000])[1C F0 80 3C ]0x00022FF8:	ANDS	IP, IP, #0X80808080	;(IP=0x01011F00 )
(             libc.so[0xCBBEB000])[40 F0 1F 80 ]0x00022FFC:	BNE.W	#0XCBC0E03E
(             libc.so[0xCBBEB000])[FF F7 EA BF ]0x00023000:	B.W	#0XCBC0DFD8
(             libc.so[0xCBBEB000])[F1 E8 02 23 ]0x00022FD8:	LDRD	R2, R3, [R1], #8	;(R1=0xCBBDF898 )
(             libc.so[0xCBBEB000])[91 F8 40 F0 ]0x00022FDC:	PLD	[R1, #0X40]	;(R1=0xCBBDF8A0 )
(             libc.so[0xCBBEB000])[A2 F1 01 3C ]0x00022FE0:	SUB.W	IP, R2, #0X1010101	;(R2=0x43206D6F )
(             libc.so[0xCBBEB000])[2C EA 02 0C ]0x00022FE4:	BIC.W	IP, IP, R2	;(IP=0x421F6C6E R2=0x43206D6F )
(             libc.so[0xCBBEB000])[1C F0 80 3C ]0x00022FE8:	ANDS	IP, IP, #0X80808080	;(IP=0x001F0000 )
(             libc.so[0xCBBEB000])[40 F0 0F 80 ]0x00022FEC:	BNE.W	#0XCBC0E00E
(             libc.so[0xCBBEB000])[A3 F1 01 3C ]0x00022FF0:	SUB.W	IP, R3, #0X1010101	;(R3=0x6C002B2B )
(             libc.so[0xCBBEB000])[2C EA 03 0C ]0x00022FF4:	BIC.W	IP, IP, R3	;(IP=0x6AFF2A2A R3=0x6C002B2B )
(             libc.so[0xCBBEB000])[1C F0 80 3C ]0x00022FF8:	ANDS	IP, IP, #0X80808080	;(IP=0x02FF0000 )
(             libc.so[0xCBBEB000])[40 F0 1F 80 ]0x00022FFC:	BNE.W	#0XCBC0E03E
(             libc.so[0xCBBEB000])[A1 EB 00 00 ]0x0002303E:	SUB.W	R0, R1, R0	;(R1=0xCBBDF8A0 R0=0xCBBDF890 )
(             libc.so[0xCBBEB000])[5F EA 4C 43 ]0x00023042:	LSLS.W	R3, IP, #0X11	;(IP=0x00800000 )
(             libc.so[0xCBBEB000])[40 F0 09 80 ]0x00023046:	BNE.W	#0XCBC0E05C
(             libc.so[0xCBBEB000])[80 F0 0A 80 ]0x0002304A:	BHS.W	#0XCBC0E062
(             libc.so[0xCBBEB000])[5F EA 4C 0C ]0x0002304E:	LSLS.W	IP, IP, #1	;(IP=0x00800000 )
(             libc.so[0xCBBEB000])[40 F0 09 80 ]0x00023052:	BNE.W	#0XCBC0E068
(             libc.so[0xCBBEB000])[A0 F1 02 00 ]0x00023068:	SUB.W	R0, R0, #2	;(R0=0x00000010 )
(             libc.so[0xCBBEB000])[70 47       ]0x0002306C:	BX	LR	;(LR=0xCBBD3227 )
(libnative-lib_jni.so[0xCBBCB000])[02 B0       ]0x00008226:	ADD	SP, #8	;(SP=0x100FEA50 )
(libnative-lib_jni.so[0xCBBCB000])[80 BD       ]0x00008228:	POP	{R7, PC}	;(SP=0x100FEA58 )
(libnative-lib_jni.so[0xCBBCB000])[05 99       ]0x00007D52:	LDR	R1, [SP, #0X14]	;(SP=0x100FEA60 )
(libnative-lib_jni.so[0xCBBCB000])[01 90       ]0x00007D54:	STR	R0, [SP, #4]	;(R0=0x0000000E SP=0x100FEA60 )
(libnative-lib_jni.so[0xCBBCB000])[08 46       ]0x00007D56:	MOV	R0, R1	;(R1=0x30060020 )
(libnative-lib_jni.so[0xCBBCB000])[02 99       ]0x00007D58:	LDR	R1, [SP, #8]	;(SP=0x100FEA60 )
(libnative-lib_jni.so[0xCBBCB000])[01 9A       ]0x00007D5A:	LDR	R2, [SP, #4]	;(SP=0x100FEA60 )
(libnative-lib_jni.so[0xCBBCB000])[FF F7 64 ED ]0x00007D5C:	BLX	#0XCBBD2828	;(PC=0xCBBD2D5C )
(libnative-lib_jni.so[0xCBBCB000])[00 C6 8F E2 ]0x00007828:	ADD	IP, PC, #0, #12	;(PC=0xCBBD2828 )
(libnative-lib_jni.so[0xCBBCB000])[12 CA 8C E2 ]0x0000782C:	ADD	IP, IP, #0X12000	;(IP=0xCBBD2830 )
(libnative-lib_jni.so[0xCBBCB000])[30 F6 BC E5 ]0x00007830:	LDR	PC, [IP, #0X630]!	;(IP=0xCBBE4830 )
(libnative-lib_jni.so[0xCBBCB000])[D0 B5       ]0x0000807C:	PUSH	{R4, R6, R7, LR} ; _ZNSt6__ndk112basic_stringIcNS_11char_traitsIcEENS_9allocatorIcEEE6__initEPKcj	;(SP=0x100FEA60 R4=0x00000000 R6=0x00000000 R7=0x100FEA98 LR=0xCBBD2D61 )
(libnative-lib_jni.so[0xCBBCB000])[02 AF       ]0x0000807E:	ADD	R7, SP, #8	;(SP=0x100FEA50 )
(libnative-lib_jni.so[0xCBBCB000])[BA B0       ]0x00008080:	SUB	SP, #0XE8	;(SP=0x100FEA50 )
(libnative-lib_jni.so[0xCBBCB000])[13 46       ]0x00008082:	MOV	R3, R2	;(R2=0x0000000E )
(libnative-lib_jni.so[0xCBBCB000])[8C 46       ]0x00008084:	MOV	IP, R1	;(R1=0xCBBDF890 )
(libnative-lib_jni.so[0xCBBCB000])[86 46       ]0x00008086:	MOV	LR, R0	;(R0=0x30060020 )
(libnative-lib_jni.so[0xCBBCB000])[60 4C       ]0x00008088:	LDR	R4, [PC, #0X180]	;(PC=0xCBBD3088 )
(libnative-lib_jni.so[0xCBBCB000])[7C 44       ]0x0000808A:	ADD	R4, PC	;(R4=0x00011D32 PC=0xCBBD308A )
(libnative-lib_jni.so[0xCBBCB000])[24 68       ]0x0000808C:	LDR	R4, [R4]	;(R4=0xCBBE4DC0 )
(libnative-lib_jni.so[0xCBBCB000])[24 68       ]0x0000808E:	LDR	R4, [R4]	;(R4=0xCBC39384 )
(libnative-lib_jni.so[0xCBBCB000])[39 94       ]0x00008090:	STR	R4, [SP, #0XE4]	;(R4=0x00001000 SP=0x100FE968 )
(libnative-lib_jni.so[0xCBBCB000])[09 90       ]0x00008092:	STR	R0, [SP, #0X24]	;(R0=0x30060020 SP=0x100FE968 )
(libnative-lib_jni.so[0xCBBCB000])[08 91       ]0x00008094:	STR	R1, [SP, #0X20]	;(R1=0xCBBDF890 SP=0x100FE968 )
(libnative-lib_jni.so[0xCBBCB000])[07 92       ]0x00008096:	STR	R2, [SP, #0X1C]	;(R2=0x0000000E SP=0x100FE968 )
(libnative-lib_jni.so[0xCBBCB000])[09 98       ]0x00008098:	LDR	R0, [SP, #0X24]	;(SP=0x100FE968 )
(libnative-lib_jni.so[0xCBBCB000])[07 99       ]0x0000809A:	LDR	R1, [SP, #0X1C]	;(SP=0x100FE968 )
(libnative-lib_jni.so[0xCBBCB000])[0B 90       ]0x0000809C:	STR	R0, [SP, #0X2C]	;(R0=0x30060020 SP=0x100FE968 )
(libnative-lib_jni.so[0xCBBCB000])[0B 9A       ]0x0000809E:	LDR	R2, [SP, #0X2C]	;(SP=0x100FE968 )
(libnative-lib_jni.so[0xCBBCB000])[0C 92       ]0x000080A0:	STR	R2, [SP, #0X30]	;(R2=0x30060020 SP=0x100FE968 )
(libnative-lib_jni.so[0xCBBCB000])[0C 9A       ]0x000080A2:	LDR	R2, [SP, #0X30]	;(SP=0x100FE968 )
(libnative-lib_jni.so[0xCBBCB000])[0D 92       ]0x000080A4:	STR	R2, [SP, #0X34]	;(R2=0x30060020 SP=0x100FE968 )
(libnative-lib_jni.so[0xCBBCB000])[0D 9A       ]0x000080A6:	LDR	R2, [SP, #0X34]	;(SP=0x100FE968 )
(libnative-lib_jni.so[0xCBBCB000])[0E 92       ]0x000080A8:	STR	R2, [SP, #0X38]	;(R2=0x30060020 SP=0x100FE968 )
(libnative-lib_jni.so[0xCBBCB000])[0E 9A       ]0x000080AA:	LDR	R2, [SP, #0X38]	;(SP=0x100FE968 )
(libnative-lib_jni.so[0xCBBCB000])[10 92       ]0x000080AC:	STR	R2, [SP, #0X40]	;(R2=0x30060020 SP=0x100FE968 )
(libnative-lib_jni.so[0xCBBCB000])[10 9A       ]0x000080AE:	LDR	R2, [SP, #0X40]	;(SP=0x100FE968 )
(libnative-lib_jni.so[0xCBBCB000])[11 92       ]0x000080B0:	STR	R2, [SP, #0X44]	;(R2=0x30060020 SP=0x100FE968 )
(libnative-lib_jni.so[0xCBBCB000])[11 9A       ]0x000080B2:	LDR	R2, [SP, #0X44]	;(SP=0x100FE968 )
(libnative-lib_jni.so[0xCBBCB000])[12 92       ]0x000080B4:	STR	R2, [SP, #0X48]	;(R2=0x30060020 SP=0x100FE968 )
(libnative-lib_jni.so[0xCBBCB000])[4F F0 FF 32 ]0x000080B6:	MOV.W	R2, #-1
(libnative-lib_jni.so[0xCBBCB000])[0A 92       ]0x000080BA:	STR	R2, [SP, #0X28]	;(R2=0xFFFFFFFF SP=0x100FE968 )
(libnative-lib_jni.so[0xCBBCB000])[0A 9A       ]0x000080BC:	LDR	R2, [SP, #0X28]	;(SP=0x100FE968 )
(libnative-lib_jni.so[0xCBBCB000])[10 3A       ]0x000080BE:	SUBS	R2, #0X10	;(R2=0xFFFFFFFF )
(libnative-lib_jni.so[0xCBBCB000])[91 42       ]0x000080C0:	CMP	R1, R2	;(R1=0x0000000E R2=0xFFFFFFEF )
(libnative-lib_jni.so[0xCBBCB000])[04 93       ]0x000080C2:	STR	R3, [SP, #0X10]	;(R3=0x0000000E SP=0x100FE968 )
(libnative-lib_jni.so[0xCBBCB000])[CD F8 0C C0 ]0x000080C4:	STR.W	IP, [SP, #0XC]	;(IP=0xCBBDF890 SP=0x100FE968 )
(libnative-lib_jni.so[0xCBBCB000])[CD F8 08 E0 ]0x000080C8:	STR.W	LR, [SP, #8]	;(LR=0x30060020 SP=0x100FE968 )
(libnative-lib_jni.so[0xCBBCB000])[01 90       ]0x000080CC:	STR	R0, [SP, #4]	;(R0=0x30060020 SP=0x100FE968 )
(libnative-lib_jni.so[0xCBBCB000])[03 D9       ]0x000080CE:	BLS	#0XCBBD30D8
(libnative-lib_jni.so[0xCBBCB000])[07 98       ]0x000080D8:	LDR	R0, [SP, #0X1C]	;(SP=0x100FE968 )
(libnative-lib_jni.so[0xCBBCB000])[0A 28       ]0x000080DA:	CMP	R0, #0XA	;(R0=0x0000000E )
(libnative-lib_jni.so[0xCBBCB000])[19 D8       ]0x000080DC:	BHI	#0XCBBD3112
(libnative-lib_jni.so[0xCBBCB000])[07 98       ]0x00008112:	LDR	R0, [SP, #0X1C]	;(SP=0x100FE968 )
(libnative-lib_jni.so[0xCBBCB000])[32 90       ]0x00008114:	STR	R0, [SP, #0XC8]	;(R0=0x0000000E SP=0x100FE968 )
(libnative-lib_jni.so[0xCBBCB000])[32 98       ]0x00008116:	LDR	R0, [SP, #0XC8]	;(SP=0x100FE968 )
(libnative-lib_jni.so[0xCBBCB000])[0A 28       ]0x00008118:	CMP	R0, #0XA	;(R0=0x0000000E )
(libnative-lib_jni.so[0xCBBCB000])[03 D8       ]0x0000811A:	BHI	#0XCBBD3124
(libnative-lib_jni.so[0xCBBCB000])[32 98       ]0x00008124:	LDR	R0, [SP, #0XC8]	;(SP=0x100FE968 )
(libnative-lib_jni.so[0xCBBCB000])[01 30       ]0x00008126:	ADDS	R0, #1	;(R0=0x0000000E )
(libnative-lib_jni.so[0xCBBCB000])[34 90       ]0x00008128:	STR	R0, [SP, #0XD0]	;(R0=0x0000000F SP=0x100FE968 )
(libnative-lib_jni.so[0xCBBCB000])[34 98       ]0x0000812A:	LDR	R0, [SP, #0XD0]	;(SP=0x100FE968 )
(libnative-lib_jni.so[0xCBBCB000])[0F 30       ]0x0000812C:	ADDS	R0, #0XF	;(R0=0x0000000F )
(libnative-lib_jni.so[0xCBBCB000])[20 F0 0F 00 ]0x0000812E:	BIC	R0, R0, #0XF	;(R0=0x0000001E )
(libnative-lib_jni.so[0xCBBCB000])[01 38       ]0x00008132:	SUBS	R0, #1	;(R0=0x00000010 )
(libnative-lib_jni.so[0xCBBCB000])[31 90       ]0x00008134:	STR	R0, [SP, #0XC4]	;(R0=0x0000000F SP=0x100FE968 )
(libnative-lib_jni.so[0xCBBCB000])[31 98       ]0x00008136:	LDR	R0, [SP, #0XC4]	;(SP=0x100FE968 )
(libnative-lib_jni.so[0xCBBCB000])[0B 28       ]0x00008138:	CMP	R0, #0XB	;(R0=0x0000000F )
(libnative-lib_jni.so[0xCBBCB000])[04 D1       ]0x0000813A:	BNE	#0XCBBD3146
(libnative-lib_jni.so[0xCBBCB000])[31 98       ]0x00008146:	LDR	R0, [SP, #0XC4]	;(SP=0x100FE968 )
(libnative-lib_jni.so[0xCBBCB000])[33 90       ]0x00008148:	STR	R0, [SP, #0XCC]	;(R0=0x0000000F SP=0x100FE968 )
(libnative-lib_jni.so[0xCBBCB000])[FF E7       ]0x0000814A:	B	#0XCBBD314C
(libnative-lib_jni.so[0xCBBCB000])[33 98       ]0x0000814C:	LDR	R0, [SP, #0XCC]	;(SP=0x100FE968 )
(libnative-lib_jni.so[0xCBBCB000])[05 90       ]0x0000814E:	STR	R0, [SP, #0X14]	;(R0=0x0000000F SP=0x100FE968 )
(libnative-lib_jni.so[0xCBBCB000])[01 98       ]0x00008150:	LDR	R0, [SP, #4]	;(SP=0x100FE968 )
(libnative-lib_jni.so[0xCBBCB000])[35 90       ]0x00008152:	STR	R0, [SP, #0XD4]	;(R0=0x30060020 SP=0x100FE968 )
(libnative-lib_jni.so[0xCBBCB000])[35 99       ]0x00008154:	LDR	R1, [SP, #0XD4]	;(SP=0x100FE968 )
(libnative-lib_jni.so[0xCBBCB000])[36 91       ]0x00008156:	STR	R1, [SP, #0XD8]	;(R1=0x30060020 SP=0x100FE968 )
(libnative-lib_jni.so[0xCBBCB000])[36 99       ]0x00008158:	LDR	R1, [SP, #0XD8]	;(SP=0x100FE968 )
(libnative-lib_jni.so[0xCBBCB000])[37 91       ]0x0000815A:	STR	R1, [SP, #0XDC]	;(R1=0x30060020 SP=0x100FE968 )
(libnative-lib_jni.so[0xCBBCB000])[37 99       ]0x0000815C:	LDR	R1, [SP, #0XDC]	;(SP=0x100FE968 )
(libnative-lib_jni.so[0xCBBCB000])[05 9A       ]0x0000815E:	LDR	R2, [SP, #0X14]	;(SP=0x100FE968 )
(libnative-lib_jni.so[0xCBBCB000])[01 32       ]0x00008160:	ADDS	R2, #1	;(R2=0x0000000F )
(libnative-lib_jni.so[0xCBBCB000])[2A 91       ]0x00008162:	STR	R1, [SP, #0XA8]	;(R1=0x30060020 SP=0x100FE968 )
(libnative-lib_jni.so[0xCBBCB000])[29 92       ]0x00008164:	STR	R2, [SP, #0XA4]	;(R2=0x00000010 SP=0x100FE968 )
(libnative-lib_jni.so[0xCBBCB000])[2A 99       ]0x00008166:	LDR	R1, [SP, #0XA8]	;(SP=0x100FE968 )
(libnative-lib_jni.so[0xCBBCB000])[29 9A       ]0x00008168:	LDR	R2, [SP, #0XA4]	;(SP=0x100FE968 )
(libnative-lib_jni.so[0xCBBCB000])[2D 91       ]0x0000816A:	STR	R1, [SP, #0XB4]	;(R1=0x30060020 SP=0x100FE968 )
(libnative-lib_jni.so[0xCBBCB000])[2C 92       ]0x0000816C:	STR	R2, [SP, #0XB0]	;(R2=0x00000010 SP=0x100FE968 )
(libnative-lib_jni.so[0xCBBCB000])[00 21       ]0x0000816E:	MOVS	R1, #0
(libnative-lib_jni.so[0xCBBCB000])[2B 91       ]0x00008170:	STR	R1, [SP, #0XAC]	;(R1=0x00000000 SP=0x100FE968 )
(libnative-lib_jni.so[0xCBBCB000])[2D 99       ]0x00008172:	LDR	R1, [SP, #0XB4]	;(SP=0x100FE968 )
(libnative-lib_jni.so[0xCBBCB000])[2E 91       ]0x00008174:	STR	R1, [SP, #0XB8]	;(R1=0x30060020 SP=0x100FE968 )
(libnative-lib_jni.so[0xCBBCB000])[2C 99       ]0x00008176:	LDR	R1, [SP, #0XB0]	;(SP=0x100FE968 )
(libnative-lib_jni.so[0xCBBCB000])[30 91       ]0x00008178:	STR	R1, [SP, #0XC0]	;(R1=0x00000010 SP=0x100FE968 )
(libnative-lib_jni.so[0xCBBCB000])[01 21       ]0x0000817A:	MOVS	R1, #1
(libnative-lib_jni.so[0xCBBCB000])[2F 91       ]0x0000817C:	STR	R1, [SP, #0XBC]	;(R1=0x00000001 SP=0x100FE968 )
(libnative-lib_jni.so[0xCBBCB000])[30 98       ]0x0000817E:	LDR	R0, [SP, #0XC0]	;(SP=0x100FE968 )
(libnative-lib_jni.so[0xCBBCB000])[FF F7 46 EB ]0x00008180:	BLX	#0XCBBD2810	;(PC=0xCBBD3180 )
(libnative-lib_jni.so[0xCBBCB000])[00 C6 8F E2 ]0x00007810:	ADD	IP, PC, #0, #12	;(PC=0xCBBD2810 )
(libnative-lib_jni.so[0xCBBCB000])[12 CA 8C E2 ]0x00007814:	ADD	IP, IP, #0X12000	;(IP=0xCBBD2818 )
(libnative-lib_jni.so[0xCBBCB000])[40 F6 BC E5 ]0x00007818:	LDR	PC, [IP, #0X640]!	;(IP=0xCBBE4818 )
(libnative-lib_jni.so[0xCBBCB000])[D0 B5       ]0x00008328:	PUSH	{R4, R6, R7, LR} ; _Znwj	;(SP=0x100FE968 R4=0x00001000 R6=0x00000000 R7=0x100FEA58 LR=0xCBBD3185 )
(libnative-lib_jni.so[0xCBBCB000])[02 AF       ]0x0000832A:	ADD	R7, SP, #8	;(SP=0x100FE958 )
(libnative-lib_jni.so[0xCBBCB000])[04 46       ]0x0000832C:	MOV	R4, R0	;(R0=0x00000010 )
(libnative-lib_jni.so[0xCBBCB000])[00 28       ]0x0000832E:	CMP	R0, #0	;(R0=0x00000010 )
(libnative-lib_jni.so[0xCBBCB000])[08 BF       ]0x00008330:	IT	EQ
(libnative-lib_jni.so[0xCBBCB000])[03 E0       ]0x00008334:	B	#0XCBBD333E
(libnative-lib_jni.so[0xCBBCB000])[20 46       ]0x0000833E:	MOV	R0, R4	;(R4=0x00000010 )
(libnative-lib_jni.so[0xCBBCB000])[FF F7 EA EA ]0x00008340:	BLX	#0XCBBD2918	;(PC=0xCBBD3340 )
(libnative-lib_jni.so[0xCBBCB000])[00 C6 8F E2 ]0x00007918:	ADD	IP, PC, #0, #12	;(PC=0xCBBD2918 )
(libnative-lib_jni.so[0xCBBCB000])[12 CA 8C E2 ]0x0000791C:	ADD	IP, IP, #0X12000	;(IP=0xCBBD2920 )
(libnative-lib_jni.so[0xCBBCB000])[90 F5 BC E5 ]0x00007920:	LDR	PC, [IP, #0X590]!	;(IP=0xCBBE4920 )
(             libc.so[0xCBBEB000])[08 B5       ]0x0000DBEC:	PUSH	{R3, LR} ; malloc	;(SP=0x100FE958 R3=0x0000000E LR=0xCBBD3345 )
(             libc.so[0xCBBEB000])[03 4B       ]0x0000DBEE:	LDR	R3, [PC, #0XC]	;(PC=0xCBBF8BEE )
(             libc.so[0xCBBEB000])[7B 44       ]0x0000DBF0:	ADD	R3, PC	;(R3=0x0003C40C PC=0xCBBF8BF0 )
(             libc.so[0xCBBEB000])[19 68       ]0x0000DBF2:	LDR	R1, [R3]	;(R3=0xCBC35000 )
(             libc.so[0xCBBEB000])[0A 68       ]0x0000DBF4:	LDR	R2, [R1]	;(R1=0xCBC34E00 )
(             libc.so[0xCBBEB000])[90 47       ]0x0000DBF6:	BLX	R2	;(PC=0xCBBF8BF6 R2=0xCBBFADCD )
(             libc.so[0xCBBEB000])[DF F8 A4 3B ]0x0000FDCC:	LDR.W	R3, [PC, #0XBA4] ; dlmalloc	;(PC=0xCBBFADCC )
(             libc.so[0xCBBEB000])[2D E9 F7 4F ]0x0000FDD0:	PUSH.W	{R0, R1, R2, R4, R5, R6, R7, R8, SB, SL, FP, LR}	;(SP=0x100FE950 R0=0x00000010 R1=0xCBC34E00 R2=0xCBBFADCD R4=0x00000010 R5=0x00000000 R6=0x00000000 R7=0x100FE960 R8=0x00000000 SB=0x00000000 SL=0x00000000 FP=0x00000000 LR=0xCBBF8BF9 )
(             libc.so[0xCBBEB000])[7B 44       ]0x0000FDD4:	ADD	R3, PC	;(R3=0x0003E588 PC=0xCBBFADD4 )
(             libc.so[0xCBBEB000])[04 46       ]0x0000FDD6:	MOV	R4, R0	;(R0=0x00000010 )
(             libc.so[0xCBBEB000])[18 68       ]0x0000FDD8:	LDR	R0, [R3]	;(R3=0xCBC39360 )
(             libc.so[0xCBBEB000])[08 B9       ]0x0000FDDA:	CBNZ	R0, #0XCBBFADE0	;(R0=0x305A95F8 )
(             libc.so[0xCBBEB000])[DF F8 94 1B ]0x0000FDE0:	LDR.W	R1, [PC, #0XB94]	;(PC=0xCBBFADE0 )
(             libc.so[0xCBBEB000])[79 44       ]0x0000FDE4:	ADD	R1, PC	;(R1=0x0003E398 PC=0xCBBFADE4 )
(             libc.so[0xCBBEB000])[D1 F8 BC 21 ]0x0000FDE6:	LDR.W	R2, [R1, #0X1BC]	;(R1=0xCBC39180 )
(             libc.so[0xCBBEB000])[93 07       ]0x0000FDEA:	LSLS	R3, R2, #0X1E	;(R2=0x00000007 )
(             libc.so[0xCBBEB000])[02 D4       ]0x0000FDEC:	BMI	#0XCBBFADF4
(             libc.so[0xCBBEB000])[01 F5 E0 70 ]0x0000FDF4:	ADD.W	R0, R1, #0X1C0	;(R1=0xCBC39180 )
(             libc.so[0xCBBEB000])[00 26       ]0x0000FDF8:	MOVS	R6, #0
(             libc.so[0xCBBEB000])[FE F7 F0 EC ]0x0000FDFA:	BLX	#0XCBBF97DC	;(PC=0xCBBFADFA )
(             libc.so[0xCBBEB000])[90 FF FF EA ]0x0000E7DC:	B	#0XCBBF9624 ; pthread_mutex_lock	;(PC=0xCBBF97DC )
(             libc.so[0xCBBEB000])[F0 41 2D E9 ]0x0000E624:	PUSH	{R4, R5, R6, R7, R8, LR}	;(SP=0x100FE920 R4=0x00000010 R5=0x00000000 R6=0x00000000 R7=0x100FE960 R8=0x00000000 LR=0xCBBFADFF )
(             libc.so[0xCBBEB000])[00 40 50 E2 ]0x0000E628:	SUBS	R4, R0, #0	;(R0=0xCBC39340 )
(             libc.so[0xCBBEB000])[1B 00 00 0A ]0x0000E62C:	BEQ	#0XCBBF96A0	;(PC=0xCBBF962C )
(             libc.so[0xCBBEB000])[00 50 94 E5 ]0x0000E630:	LDR	R5, [R4]	;(R4=0xCBC39340 )
(             libc.so[0xCBBEB000])[03 79 15 E2 ]0x0000E634:	ANDS	R7, R5, #0XC000	;(R5=0x00000000 )
(             libc.so[0xCBBEB000])[02 6A 05 E2 ]0x0000E638:	AND	R6, R5, #0X2000	;(R5=0x00000000 )
(             libc.so[0xCBBEB000])[19 00 00 1A ]0x0000E63C:	BNE	#0XCBBF96A8	;(PC=0xCBBF963C )
(             libc.so[0xCBBEB000])[01 00 86 E3 ]0x0000E640:	ORR	R0, R6, #1	;(R6=0x00000000 )
(             libc.so[0xCBBEB000])[9F 3F 94 E1 ]0x0000E644:	LDREX	R3, [R4]	;(R4=0xCBC39340 )
(             libc.so[0xCBBEB000])[00 10 A0 E3 ]0x0000E648:	MOV	R1, #0
(             libc.so[0xCBBEB000])[06 00 33 E1 ]0x0000E64C:	TEQ	R3, R6	;(R3=0x00000000 R6=0x00000000 )
(             libc.so[0xCBBEB000])[90 1F 84 01 ]0x0000E650:	STREXEQ	R1, R0, [R4]	;(R0=0x00000001 R4=0xCBC39340 )
(             libc.so[0xCBBEB000])[00 00 51 E3 ]0x0000E654:	CMP	R1, #0	;(R1=0x00000000 )
(             libc.so[0xCBBEB000])[F9 FF FF 1A ]0x0000E658:	BNE	#0XCBBF9644	;(PC=0xCBBF9658 )
(             libc.so[0xCBBEB000])[03 00 56 E1 ]0x0000E65C:	CMP	R6, R3	;(R6=0x00000000 R3=0x00000000 )
(             libc.so[0xCBBEB000])[02 50 86 13 ]0x0000E660:	ORRNE	R5, R6, #2	;(R6=0x00000000 )
(             libc.so[0xCBBEB000])[01 00 00 1A ]0x0000E664:	BNE	#0XCBBF9670	;(PC=0xCBBF9664 )
(             libc.so[0xCBBEB000])[09 00 00 EA ]0x0000E668:	B	#0XCBBF9694	;(PC=0xCBBF9668 )
(             libc.so[0xCBBEB000])[5F F0 7F F5 ]0x0000E694:	DMB	SY
(             libc.so[0xCBBEB000])[00 00 A0 E3 ]0x0000E698:	MOV	R0, #0
(             libc.so[0xCBBEB000])[F0 81 BD E8 ]0x0000E69C:	POP	{R4, R5, R6, R7, R8, PC}	;(SP=0x100FE908 )
(             libc.so[0xCBBEB000])[00 28       ]0x0000FDFE:	CMP	R0, #0	;(R0=0x00000000 )
(             libc.so[0xCBBEB000])[41 F0 6F 80 ]0x0000FE00:	BNE.W	#0XCBBFBEE2
(             libc.so[0xCBBEB000])[F3 E7       ]0x0000FE04:	B	#0XCBBFADEE
(             libc.so[0xCBBEB000])[F4 2C       ]0x0000FDEE:	CMP	R4, #0XF4	;(R4=0x00000010 )
(             libc.so[0xCBBEB000])[09 D9       ]0x0000FDF0:	BLS	#0XCBBFAE06
(             libc.so[0xCBBEB000])[0A 2C       ]0x0000FE06:	CMP	R4, #0XA	;(R4=0x00000010 )
(             libc.so[0xCBBEB000])[03 D9       ]0x0000FE08:	BLS	#0XCBBFAE12
(             libc.so[0xCBBEB000])[0B 34       ]0x0000FE0A:	ADDS	R4, #0XB	;(R4=0x00000010 )
(             libc.so[0xCBBEB000])[24 F0 07 04 ]0x0000FE0C:	BIC	R4, R4, #7	;(R4=0x0000001B )
(             libc.so[0xCBBEB000])[00 E0       ]0x0000FE10:	B	#0XCBBFAE14
(             libc.so[0xCBBEB000])[DF F8 68 3B ]0x0000FE14:	LDR.W	R3, [PC, #0XB68]	;(PC=0xCBBFAE14 )
(             libc.so[0xCBBEB000])[E2 08       ]0x0000FE18:	LSRS	R2, R4, #3	;(R4=0x00000018 )
(             libc.so[0xCBBEB000])[7B 44       ]0x0000FE1A:	ADD	R3, PC	;(R3=0x0003E362 PC=0xCBBFAE1A )
(             libc.so[0xCBBEB000])[18 68       ]0x0000FE1C:	LDR	R0, [R3]	;(R3=0xCBC39180 )
(             libc.so[0xCBBEB000])[20 FA 02 F1 ]0x0000FE1E:	LSR.W	R1, R0, R2	;(R0=0x00000000 R2=0x00000003 )
(             libc.so[0xCBBEB000])[01 90       ]0x0000FE22:	STR	R0, [SP, #4]	;(R0=0x00000000 SP=0x100FE920 )
(             libc.so[0xCBBEB000])[8E 07       ]0x0000FE24:	LSLS	R6, R1, #0X1E	;(R1=0x00000000 )
(             libc.so[0xCBBEB000])[21 D0       ]0x0000FE26:	BEQ	#0XCBBFAE6C
(             libc.so[0xCBBEB000])[9D 68       ]0x0000FE6C:	LDR	R5, [R3, #8]	;(R3=0xCBC39180 )
(             libc.so[0xCBBEB000])[AC 42       ]0x0000FE6E:	CMP	R4, R5	;(R4=0x00000018 R5=0x00000000 )
(             libc.so[0xCBBEB000])[40 F2 3F 83 ]0x0000FE70:	BLS.W	#0XCBBFB4F2
(             libc.so[0xCBBEB000])[00 29       ]0x0000FE74:	CMP	R1, #0	;(R1=0x00000000 )
(             libc.so[0xCBBEB000])[74 D0       ]0x0000FE76:	BEQ	#0XCBBFAF62
(             libc.so[0xCBBEB000])[D3 F8 04 80 ]0x0000FF62:	LDR.W	R8, [R3, #4]	;(R3=0xCBC39180 )
(             libc.so[0xCBBEB000])[B8 F1 00 0F ]0x0000FF66:	CMP.W	R8, #0	;(R8=0x00000000 )
(             libc.so[0xCBBEB000])[00 F0 C2 82 ]0x0000FF6A:	BEQ.W	#0XCBBFB4F2
(             libc.so[0xCBBEB000])[DF F8 E0 34 ]0x000104F2:	LDR.W	R3, [PC, #0X4E0]	;(PC=0xCBBFB4F2 )
(             libc.so[0xCBBEB000])[7B 44       ]0x000104F6:	ADD	R3, PC	;(R3=0x0003DC86 PC=0xCBBFB4F6 )
(             libc.so[0xCBBEB000])[98 68       ]0x000104F8:	LDR	R0, [R3, #8]	;(R3=0xCBC39180 )
(             libc.so[0xCBBEB000])[84 42       ]0x000104FA:	CMP	R4, R0	;(R4=0x00000018 R0=0x00000000 )
(             libc.so[0xCBBEB000])[19 D8       ]0x000104FC:	BHI	#0XCBBFB532
(             libc.so[0xCBBEB000])[DE 68       ]0x00010532:	LDR	R6, [R3, #0XC]	;(R3=0xCBC39180 )
(             libc.so[0xCBBEB000])[B4 42       ]0x00010534:	CMP	R4, R6	;(R4=0x00000018 R6=0x00000FB0 )
(             libc.so[0xCBBEB000])[01 D2       ]0x00010536:	BHS	#0XCBBFB53C
(             libc.so[0xCBBEB000])[00 F0 7B BC ]0x00010538:	B.W	#0XCBBFBE32
(             libc.so[0xCBBEB000])[30 1B       ]0x00010E32:	SUBS	R0, R6, R4	;(R6=0x00000FB0 R4=0x00000018 )
(             libc.so[0xCBBEB000])[9E 69       ]0x00010E34:	LDR	R6, [R3, #0X18]	;(R3=0xCBC39180 )
(             libc.so[0xCBBEB000])[D8 60       ]0x00010E36:	STR	R0, [R3, #0XC]	;(R0=0x00000F98 R3=0xCBC39180 )
(             libc.so[0xCBBEB000])[32 19       ]0x00010E38:	ADDS	R2, R6, R4	;(R6=0x30060028 R4=0x00000018 )
(             libc.so[0xCBBEB000])[9A 61       ]0x00010E3A:	STR	R2, [R3, #0X18]	;(R2=0x30060040 R3=0xCBC39180 )
(             libc.so[0xCBBEB000])[40 F0 01 03 ]0x00010E3C:	ORR	R3, R0, #1	;(R0=0x00000F98 )
(             libc.so[0xCBBEB000])[53 60       ]0x00010E40:	STR	R3, [R2, #4]	;(R3=0x00000F99 R2=0x30060040 )
(             libc.so[0xCBBEB000])[44 F0 03 04 ]0x00010E42:	ORR	R4, R4, #3	;(R4=0x00000018 )
(             libc.so[0xCBBEB000])[74 60       ]0x00010E46:	STR	R4, [R6, #4]	;(R4=0x0000001B R6=0x30060028 )
(             libc.so[0xCBBEB000])[08 36       ]0x00010E48:	ADDS	R6, #8	;(R6=0x30060028 )
(             libc.so[0xCBBEB000])[04 E0       ]0x00010E4A:	B	#0XCBBFBE56
(             libc.so[0xCBBEB000])[35 49       ]0x00010E56:	LDR	R1, [PC, #0XD4]	;(PC=0xCBBFBE56 )
(             libc.so[0xCBBEB000])[79 44       ]0x00010E58:	ADD	R1, PC	;(R1=0x0003D324 PC=0xCBBFBE58 )
(             libc.so[0xCBBEB000])[D1 F8 BC 21 ]0x00010E5A:	LDR.W	R2, [R1, #0X1BC]	;(R1=0xCBC39180 )
(             libc.so[0xCBBEB000])[93 07       ]0x00010E5E:	LSLS	R3, R2, #0X1E	;(R2=0x00000007 )
(             libc.so[0xCBBEB000])[3F D5       ]0x00010E60:	BPL	#0XCBBFBEE2
(             libc.so[0xCBBEB000])[01 F5 E0 70 ]0x00010E62:	ADD.W	R0, R1, #0X1C0	;(R1=0xCBC39180 )
(             libc.so[0xCBBEB000])[FD F7 3C ED ]0x00010E66:	BLX	#0XCBBF98E0	;(PC=0xCBBFBE66 )
(             libc.so[0xCBBEB000])[BE FF FF EA ]0x0000E8E0:	B	#0XCBBF97E0 ; pthread_mutex_unlock	;(PC=0xCBBF98E0 )
(             libc.so[0xCBBEB000])[70 40 2D E9 ]0x0000E7E0:	PUSH	{R4, R5, R6, LR}	;(SP=0x100FE920 R4=0x0000001B R5=0x00000000 R6=0x30060030 LR=0xCBBFBE6B )
(             libc.so[0xCBBEB000])[00 40 50 E2 ]0x0000E7E4:	SUBS	R4, R0, #0	;(R0=0xCBC39340 )
(             libc.so[0xCBBEB000])[08 D0 4D E2 ]0x0000E7E8:	SUB	SP, SP, #8	;(SP=0x100FE910 )
(             libc.so[0xCBBEB000])[2B 00 00 0A ]0x0000E7EC:	BEQ	#0XCBBF98A0	;(PC=0xCBBF97EC )
(             libc.so[0xCBBEB000])[00 50 94 E5 ]0x0000E7F0:	LDR	R5, [R4]	;(R4=0xCBC39340 )
(             libc.so[0xCBBEB000])[03 69 15 E2 ]0x0000E7F4:	ANDS	R6, R5, #0XC000	;(R5=0x00000001 )
(             libc.so[0xCBBEB000])[02 1A 05 E2 ]0x0000E7F8:	AND	R1, R5, #0X2000	;(R5=0x00000001 )
(             libc.so[0xCBBEB000])[11 00 00 1A ]0x0000E7FC:	BNE	#0XCBBF9848	;(PC=0xCBBF97FC )
(             libc.so[0xCBBEB000])[5F F0 7F F5 ]0x0000E800:	DMB	SY
(             libc.so[0xCBBEB000])[9F 2F 94 E1 ]0x0000E804:	LDREX	R2, [R4]	;(R4=0xCBC39340 )
(             libc.so[0xCBBEB000])[01 30 42 E2 ]0x0000E808:	SUB	R3, R2, #1	;(R2=0x00000001 )
(             libc.so[0xCBBEB000])[93 5F 84 E1 ]0x0000E80C:	STREX	R5, R3, [R4]	;(R3=0x00000000 R4=0xCBC39340 )
(             libc.so[0xCBBEB000])[00 00 55 E3 ]0x0000E810:	CMP	R5, #0	;(R5=0x00000000 )
(             libc.so[0xCBBEB000])[FA FF FF 1A ]0x0000E814:	BNE	#0XCBBF9804	;(PC=0xCBBF9814 )
(             libc.so[0xCBBEB000])[01 C0 81 E3 ]0x0000E818:	ORR	IP, R1, #1	;(R1=0x00000000 )
(             libc.so[0xCBBEB000])[0C 00 52 E1 ]0x0000E81C:	CMP	R2, IP	;(R2=0x00000001 IP=0x00000001 )
(             libc.so[0xCBBEB000])[06 00 00 0A ]0x0000E820:	BEQ	#0XCBBF9840	;(PC=0xCBBF9820 )
(             libc.so[0xCBBEB000])[00 00 A0 E3 ]0x0000E840:	MOV	R0, #0
(             libc.so[0xCBBEB000])[FB FF FF EA ]0x0000E844:	B	#0XCBBF9838	;(PC=0xCBBF9844 )
(             libc.so[0xCBBEB000])[08 D0 8D E2 ]0x0000E838:	ADD	SP, SP, #8	;(SP=0x100FE908 )
(             libc.so[0xCBBEB000])[70 80 BD E8 ]0x0000E83C:	POP	{R4, R5, R6, PC}	;(SP=0x100FE910 )
(             libc.so[0xCBBEB000])[3A E0       ]0x00010E6A:	B	#0XCBBFBEE2
(             libc.so[0xCBBEB000])[30 46       ]0x00010EE2:	MOV	R0, R6	;(R6=0x30060030 )
(             libc.so[0xCBBEB000])[BD E8 FE 8F ]0x00010EE4:	POP.W	{R1, R2, R3, R4, R5, R6, R7, R8, SB, SL, FP, PC}	;(SP=0x100FE920 )
(             libc.so[0xCBBEB000])[08 BD       ]0x0000DBF8:	POP	{R3, PC}	;(SP=0x100FE950 )
(libnative-lib_jni.so[0xCBBCB000])[00 28       ]0x00008344:	CMP	R0, #0	;(R0=0x30060030 )
(libnative-lib_jni.so[0xCBBCB000])[F6 D0       ]0x00008346:	BEQ	#0XCBBD3336
(libnative-lib_jni.so[0xCBBCB000])[D0 BD       ]0x00008348:	POP	{R4, R6, R7, PC}	;(SP=0x100FE958 )
(libnative-lib_jni.so[0xCBBCB000])[06 90       ]0x00008184:	STR	R0, [SP, #0X18]	;(R0=0x30060030 SP=0x100FE968 )
(libnative-lib_jni.so[0xCBBCB000])[06 98       ]0x00008186:	LDR	R0, [SP, #0X18]	;(SP=0x100FE968 )
(libnative-lib_jni.so[0xCBBCB000])[01 99       ]0x00008188:	LDR	R1, [SP, #4]	;(SP=0x100FE968 )
(libnative-lib_jni.so[0xCBBCB000])[26 91       ]0x0000818A:	STR	R1, [SP, #0X98]	;(R1=0x30060020 SP=0x100FE968 )
(libnative-lib_jni.so[0xCBBCB000])[25 90       ]0x0000818C:	STR	R0, [SP, #0X94]	;(R0=0x30060030 SP=0x100FE968 )
(libnative-lib_jni.so[0xCBBCB000])[26 98       ]0x0000818E:	LDR	R0, [SP, #0X98]	;(SP=0x100FE968 )
(libnative-lib_jni.so[0xCBBCB000])[25 9A       ]0x00008190:	LDR	R2, [SP, #0X94]	;(SP=0x100FE968 )
(libnative-lib_jni.so[0xCBBCB000])[27 90       ]0x00008192:	STR	R0, [SP, #0X9C]	;(R0=0x30060020 SP=0x100FE968 )
(libnative-lib_jni.so[0xCBBCB000])[27 98       ]0x00008194:	LDR	R0, [SP, #0X9C]	;(SP=0x100FE968 )
(libnative-lib_jni.so[0xCBBCB000])[28 90       ]0x00008196:	STR	R0, [SP, #0XA0]	;(R0=0x30060020 SP=0x100FE968 )
(libnative-lib_jni.so[0xCBBCB000])[28 98       ]0x00008198:	LDR	R0, [SP, #0XA0]	;(SP=0x100FE968 )
(libnative-lib_jni.so[0xCBBCB000])[82 60       ]0x0000819A:	STR	R2, [R0, #8]	;(R2=0x30060030 R0=0x30060020 )
(libnative-lib_jni.so[0xCBBCB000])[05 98       ]0x0000819C:	LDR	R0, [SP, #0X14]	;(SP=0x100FE968 )
(libnative-lib_jni.so[0xCBBCB000])[01 30       ]0x0000819E:	ADDS	R0, #1	;(R0=0x0000000F )
(libnative-lib_jni.so[0xCBBCB000])[22 91       ]0x000081A0:	STR	R1, [SP, #0X88]	;(R1=0x30060020 SP=0x100FE968 )
(libnative-lib_jni.so[0xCBBCB000])[21 90       ]0x000081A2:	STR	R0, [SP, #0X84]	;(R0=0x00000010 SP=0x100FE968 )
(libnative-lib_jni.so[0xCBBCB000])[22 98       ]0x000081A4:	LDR	R0, [SP, #0X88]	;(SP=0x100FE968 )
(libnative-lib_jni.so[0xCBBCB000])[21 9A       ]0x000081A6:	LDR	R2, [SP, #0X84]	;(SP=0x100FE968 )
(libnative-lib_jni.so[0xCBBCB000])[42 F0 01 02 ]0x000081A8:	ORR	R2, R2, #1	;(R2=0x00000010 )
(libnative-lib_jni.so[0xCBBCB000])[23 90       ]0x000081AC:	STR	R0, [SP, #0X8C]	;(R0=0x30060020 SP=0x100FE968 )
(libnative-lib_jni.so[0xCBBCB000])[23 98       ]0x000081AE:	LDR	R0, [SP, #0X8C]	;(SP=0x100FE968 )
(libnative-lib_jni.so[0xCBBCB000])[24 90       ]0x000081B0:	STR	R0, [SP, #0X90]	;(R0=0x30060020 SP=0x100FE968 )
(libnative-lib_jni.so[0xCBBCB000])[24 98       ]0x000081B2:	LDR	R0, [SP, #0X90]	;(SP=0x100FE968 )
(libnative-lib_jni.so[0xCBBCB000])[02 60       ]0x000081B4:	STR	R2, [R0]	;(R2=0x00000011 R0=0x30060020 )
(libnative-lib_jni.so[0xCBBCB000])[07 98       ]0x000081B6:	LDR	R0, [SP, #0X1C]	;(SP=0x100FE968 )
(libnative-lib_jni.so[0xCBBCB000])[1E 91       ]0x000081B8:	STR	R1, [SP, #0X78]	;(R1=0x30060020 SP=0x100FE968 )
(libnative-lib_jni.so[0xCBBCB000])[1D 90       ]0x000081BA:	STR	R0, [SP, #0X74]	;(R0=0x0000000E SP=0x100FE968 )
(libnative-lib_jni.so[0xCBBCB000])[1E 98       ]0x000081BC:	LDR	R0, [SP, #0X78]	;(SP=0x100FE968 )
(libnative-lib_jni.so[0xCBBCB000])[1D 9A       ]0x000081BE:	LDR	R2, [SP, #0X74]	;(SP=0x100FE968 )
(libnative-lib_jni.so[0xCBBCB000])[1F 90       ]0x000081C0:	STR	R0, [SP, #0X7C]	;(R0=0x30060020 SP=0x100FE968 )
(libnative-lib_jni.so[0xCBBCB000])[1F 98       ]0x000081C2:	LDR	R0, [SP, #0X7C]	;(SP=0x100FE968 )
(libnative-lib_jni.so[0xCBBCB000])[20 90       ]0x000081C4:	STR	R0, [SP, #0X80]	;(R0=0x30060020 SP=0x100FE968 )
(libnative-lib_jni.so[0xCBBCB000])[20 98       ]0x000081C6:	LDR	R0, [SP, #0X80]	;(SP=0x100FE968 )
(libnative-lib_jni.so[0xCBBCB000])[42 60       ]0x000081C8:	STR	R2, [R0, #4]	;(R2=0x0000000E R0=0x30060020 )
(libnative-lib_jni.so[0xCBBCB000])[FF E7       ]0x000081CA:	B	#0XCBBD31CC
(libnative-lib_jni.so[0xCBBCB000])[06 98       ]0x000081CC:	LDR	R0, [SP, #0X18]	;(SP=0x100FE968 )
(libnative-lib_jni.so[0xCBBCB000])[1C 90       ]0x000081CE:	STR	R0, [SP, #0X70]	;(R0=0x30060030 SP=0x100FE968 )
(libnative-lib_jni.so[0xCBBCB000])[1C 98       ]0x000081D0:	LDR	R0, [SP, #0X70]	;(SP=0x100FE968 )
(libnative-lib_jni.so[0xCBBCB000])[08 99       ]0x000081D2:	LDR	R1, [SP, #0X20]	;(SP=0x100FE968 )
(libnative-lib_jni.so[0xCBBCB000])[07 9A       ]0x000081D4:	LDR	R2, [SP, #0X1C]	;(SP=0x100FE968 )
(libnative-lib_jni.so[0xCBBCB000])[FF F7 5E EB ]0x000081D6:	BLX	#0XCBBD2894	;(PC=0xCBBD31D6 )
(libnative-lib_jni.so[0xCBBCB000])[00 C6 8F E2 ]0x00007894:	ADD	IP, PC, #0, #12	;(PC=0xCBBD2894 )
(libnative-lib_jni.so[0xCBBCB000])[12 CA 8C E2 ]0x00007898:	ADD	IP, IP, #0X12000	;(IP=0xCBBD289C )
(libnative-lib_jni.so[0xCBBCB000])[E8 F5 BC E5 ]0x0000789C:	LDR	PC, [IP, #0X5E8]!	;(IP=0xCBBE489C )
(libnative-lib_jni.so[0xCBBCB000])[80 B5       ]0x000082A0:	PUSH	{R7, LR} ; _ZNSt6__ndk111char_traitsIcE4copyEPcPKcj	;(SP=0x100FE968 R7=0x100FEA58 LR=0xCBBD31DB )
(libnative-lib_jni.so[0xCBBCB000])[6F 46       ]0x000082A2:	MOV	R7, SP	;(SP=0x100FE960 )
(libnative-lib_jni.so[0xCBBCB000])[8A B0       ]0x000082A4:	SUB	SP, #0X28	;(SP=0x100FE960 )
(libnative-lib_jni.so[0xCBBCB000])[13 46       ]0x000082A6:	MOV	R3, R2	;(R2=0x0000000E )
(libnative-lib_jni.so[0xCBBCB000])[8C 46       ]0x000082A8:	MOV	IP, R1	;(R1=0xCBBDF890 )
(libnative-lib_jni.so[0xCBBCB000])[86 46       ]0x000082AA:	MOV	LR, R0	;(R0=0x30060030 )
(libnative-lib_jni.so[0xCBBCB000])[09 90       ]0x000082AC:	STR	R0, [SP, #0X24]	;(R0=0x30060030 SP=0x100FE938 )
(libnative-lib_jni.so[0xCBBCB000])[08 91       ]0x000082AE:	STR	R1, [SP, #0X20]	;(R1=0xCBBDF890 SP=0x100FE938 )
(libnative-lib_jni.so[0xCBBCB000])[07 92       ]0x000082B0:	STR	R2, [SP, #0X1C]	;(R2=0x0000000E SP=0x100FE938 )
(libnative-lib_jni.so[0xCBBCB000])[07 98       ]0x000082B2:	LDR	R0, [SP, #0X1C]	;(SP=0x100FE938 )
(libnative-lib_jni.so[0xCBBCB000])[00 28       ]0x000082B4:	CMP	R0, #0	;(R0=0x0000000E )
(libnative-lib_jni.so[0xCBBCB000])[06 93       ]0x000082B6:	STR	R3, [SP, #0X18]	;(R3=0x0000000E SP=0x100FE938 )
(libnative-lib_jni.so[0xCBBCB000])[CD F8 14 C0 ]0x000082B8:	STR.W	IP, [SP, #0X14]	;(IP=0xCBBDF890 SP=0x100FE938 )
(libnative-lib_jni.so[0xCBBCB000])[CD F8 10 E0 ]0x000082BC:	STR.W	LR, [SP, #0X10]	;(LR=0x30060030 SP=0x100FE938 )
(libnative-lib_jni.so[0xCBBCB000])[03 D1       ]0x000082C0:	BNE	#0XCBBD32CA
(libnative-lib_jni.so[0xCBBCB000])[09 98       ]0x000082CA:	LDR	R0, [SP, #0X24]	;(SP=0x100FE938 )
(libnative-lib_jni.so[0xCBBCB000])[08 99       ]0x000082CC:	LDR	R1, [SP, #0X20]	;(SP=0x100FE938 )
(libnative-lib_jni.so[0xCBBCB000])[07 9A       ]0x000082CE:	LDR	R2, [SP, #0X1C]	;(SP=0x100FE938 )
(libnative-lib_jni.so[0xCBBCB000])[02 90       ]0x000082D0:	STR	R0, [SP, #8]	;(R0=0x30060030 SP=0x100FE938 )
(libnative-lib_jni.so[0xCBBCB000])[FF F7 0A EB ]0x000082D2:	BLX	#0XCBBD28E8	;(PC=0xCBBD32D2 )
(libnative-lib_jni.so[0xCBBCB000])[00 C6 8F E2 ]0x000078E8:	ADD	IP, PC, #0, #12	;(PC=0xCBBD28E8 )
(libnative-lib_jni.so[0xCBBCB000])[12 CA 8C E2 ]0x000078EC:	ADD	IP, IP, #0X12000	;(IP=0xCBBD28F0 )
(libnative-lib_jni.so[0xCBBCB000])[B0 F5 BC E5 ]0x000078F0:	LDR	PC, [IP, #0X5B0]!	;(IP=0xCBBE48F0 )
(             libc.so[0xCBBEB000])[E7 F7 22 BF ]0x0003A184:	B.W	#0XCBC0CFCC ; __aeabi_memcpy
(             libc.so[0xCBBEB000])[91 F8 40 F0 ]0x00021FCC:	PLD	[R1, #0X40] ; memcpy	;(R1=0xCBBDF890 )
(             libc.so[0xCBBEB000])[2D E9 01 40 ]0x00021FD0:	PUSH.W	{R0, LR}	;(SP=0x100FE938 R0=0x30060030 LR=0xCBBD32D7 )
(             libc.so[0xCBBEB000])[10 2A       ]0x00021FD4:	CMP	R2, #0X10 ; __memcpy_base	;(R2=0x0000000E )
(             libc.so[0xCBBEB000])[41 D3       ]0x00021FD6:	BLO	#0XCBC0D05C
(             libc.so[0xCBBEB000])[5F EA 42 7C ]0x0002205C:	LSLS.W	IP, R2, #0X1D	;(R2=0x0000000E )
(             libc.so[0xCBBEB000])[03 D3       ]0x00022060:	BLO	#0XCBC0D06A
(             libc.so[0xCBBEB000])[21 F9 0D 07 ]0x00022062:	VLD1.8	{D0}, [R1]!	;(R1=0xCBBDF890 )
(             libc.so[0xCBBEB000])[00 F9 0D 07 ]0x00022066:	VST1.8	{D0}, [R0]!	;(D0=0x7266206F6C6C6548 R0=0x30060030 )
(             libc.so[0xCBBEB000])[03 DA       ]0x0002206A:	BGE	#0XCBC0D074
(             libc.so[0xCBBEB000])[A1 F9 0D 03 ]0x0002206C:	VLD4.8	{D0[0], D1[0], D2[0], D3[0]}, [R1]!	;(R1=0xCBBDF898 )
(             libc.so[0xCBBEB000])[80 F9 0D 03 ]0x00022070:	VST4.8	{D0[0], D1[0], D2[0], D3[0]}, [R0]!	;(D0=0x7266206F6C6C656F D1=0x0000006D D2=0x00000020 D3=0x00000043 R0=0x30060038 )
(             libc.so[0xCBBEB000])[5F EA C2 7C ]0x00022074:	LSLS.W	IP, R2, #0X1F	;(R2=0x0000000E )
(             libc.so[0xCBBEB000])[44 BF       ]0x00022078:	ITT	MI
(             libc.so[0xCBBEB000])[21 BF       ]0x00022082:	ITTTT	HS
(             libc.so[0xCBBEB000])[11 F8 01 CB ]0x00022084:	LDRB	IP, [R1], #1	;(R1=0xCBBDF89C )
(             libc.so[0xCBBEB000])[11 F8 01 EB ]0x00022088:	LDRB	LR, [R1], #1	;(R1=0xCBBDF89D )
(             libc.so[0xCBBEB000])[00 F8 01 CB ]0x0002208C:	STRB	IP, [R0], #1	;(IP=0x0000002B R0=0x3006003C )
(             libc.so[0xCBBEB000])[00 F8 01 EB ]0x00022090:	STRB	LR, [R0], #1	;(LR=0x0000002B R0=0x3006003D )
(             libc.so[0xCBBEB000])[BD E8 01 40 ]0x00022094:	POP.W	{R0, LR}	;(SP=0x100FE930 )
(             libc.so[0xCBBEB000])[70 47       ]0x00022098:	BX	LR	;(LR=0xCBBD32D7 )
(libnative-lib_jni.so[0xCBBCB000])[02 99       ]0x000082D6:	LDR	R1, [SP, #8]	;(SP=0x100FE938 )
(libnative-lib_jni.so[0xCBBCB000])[01 90       ]0x000082D8:	STR	R0, [SP, #4]	;(R0=0x30060030 SP=0x100FE938 )
(libnative-lib_jni.so[0xCBBCB000])[03 91       ]0x000082DA:	STR	R1, [SP, #0XC]	;(R1=0x30060030 SP=0x100FE938 )
(libnative-lib_jni.so[0xCBBCB000])[FF E7       ]0x000082DC:	B	#0XCBBD32DE
(libnative-lib_jni.so[0xCBBCB000])[03 98       ]0x000082DE:	LDR	R0, [SP, #0XC]	;(SP=0x100FE938 )
(libnative-lib_jni.so[0xCBBCB000])[0A B0       ]0x000082E0:	ADD	SP, #0X28	;(SP=0x100FE938 )
(libnative-lib_jni.so[0xCBBCB000])[80 BD       ]0x000082E2:	POP	{R7, PC}	;(SP=0x100FE960 )
(libnative-lib_jni.so[0xCBBCB000])[06 99       ]0x000081DA:	LDR	R1, [SP, #0X18]	;(SP=0x100FE968 )
(libnative-lib_jni.so[0xCBBCB000])[07 9A       ]0x000081DC:	LDR	R2, [SP, #0X1C]	;(SP=0x100FE968 )
(libnative-lib_jni.so[0xCBBCB000])[11 44       ]0x000081DE:	ADD	R1, R2	;(R1=0x30060030 R2=0x0000000E )
(libnative-lib_jni.so[0xCBBCB000])[00 22       ]0x000081E0:	MOVS	R2, #0
(libnative-lib_jni.so[0xCBBCB000])[07 F8 0D 2C ]0x000081E2:	STRB	R2, [R7, #-0XD]	;(R2=0x00000000 R7=0x100FEA58 )
(libnative-lib_jni.so[0xCBBCB000])[A7 F1 0D 02 ]0x000081E6:	SUB.W	R2, R7, #0XD	;(R7=0x100FEA58 )
(libnative-lib_jni.so[0xCBBCB000])[00 90       ]0x000081EA:	STR	R0, [SP]	;(R0=0x30060030 SP=0x100FE968 )
(libnative-lib_jni.so[0xCBBCB000])[08 46       ]0x000081EC:	MOV	R0, R1	;(R1=0x3006003E )
(libnative-lib_jni.so[0xCBBCB000])[11 46       ]0x000081EE:	MOV	R1, R2	;(R2=0x100FEA4B )
(libnative-lib_jni.so[0xCBBCB000])[FF F7 56 EB ]0x000081F0:	BLX	#0XCBBD28A0	;(PC=0xCBBD31F0 )
(libnative-lib_jni.so[0xCBBCB000])[00 C6 8F E2 ]0x000078A0:	ADD	IP, PC, #0, #12	;(PC=0xCBBD28A0 )
(libnative-lib_jni.so[0xCBBCB000])[12 CA 8C E2 ]0x000078A4:	ADD	IP, IP, #0X12000	;(IP=0xCBBD28A8 )
(libnative-lib_jni.so[0xCBBCB000])[E0 F5 BC E5 ]0x000078A8:	LDR	PC, [IP, #0X5E0]!	;(IP=0xCBBE48A8 )
(libnative-lib_jni.so[0xCBBCB000])[84 B0       ]0x000082E4:	SUB	SP, #0X10 ; _ZNSt6__ndk111char_traitsIcE6assignERcRKc	;(SP=0x100FE968 )
(libnative-lib_jni.so[0xCBBCB000])[0A 46       ]0x000082E6:	MOV	R2, R1	;(R1=0x100FEA4B )
(libnative-lib_jni.so[0xCBBCB000])[03 46       ]0x000082E8:	MOV	R3, R0	;(R0=0x3006003E )
(libnative-lib_jni.so[0xCBBCB000])[03 90       ]0x000082EA:	STR	R0, [SP, #0XC]	;(R0=0x3006003E SP=0x100FE958 )
(libnative-lib_jni.so[0xCBBCB000])[02 91       ]0x000082EC:	STR	R1, [SP, #8]	;(R1=0x100FEA4B SP=0x100FE958 )
(libnative-lib_jni.so[0xCBBCB000])[02 98       ]0x000082EE:	LDR	R0, [SP, #8]	;(SP=0x100FE958 )
(libnative-lib_jni.so[0xCBBCB000])[00 78       ]0x000082F0:	LDRB	R0, [R0]	;(R0=0x100FEA4B )
(libnative-lib_jni.so[0xCBBCB000])[03 99       ]0x000082F2:	LDR	R1, [SP, #0XC]	;(SP=0x100FE958 )
(libnative-lib_jni.so[0xCBBCB000])[08 70       ]0x000082F4:	STRB	R0, [R1]	;(R0=0x00000000 R1=0x3006003E )
(libnative-lib_jni.so[0xCBBCB000])[01 92       ]0x000082F6:	STR	R2, [SP, #4]	;(R2=0x100FEA4B SP=0x100FE958 )
(libnative-lib_jni.so[0xCBBCB000])[00 93       ]0x000082F8:	STR	R3, [SP]	;(R3=0x3006003E SP=0x100FE958 )
(libnative-lib_jni.so[0xCBBCB000])[04 B0       ]0x000082FA:	ADD	SP, #0X10	;(SP=0x100FE958 )
(libnative-lib_jni.so[0xCBBCB000])[70 47       ]0x000082FC:	BX	LR	;(LR=0xCBBD31F5 )
(libnative-lib_jni.so[0xCBBCB000])[06 48       ]0x000081F4:	LDR	R0, [PC, #0X18]	;(PC=0xCBBD31F4 )
(libnative-lib_jni.so[0xCBBCB000])[78 44       ]0x000081F6:	ADD	R0, PC	;(R0=0x00011BC6 PC=0xCBBD31F6 )
(libnative-lib_jni.so[0xCBBCB000])[00 68       ]0x000081F8:	LDR	R0, [R0]	;(R0=0xCBBE4DC0 )
(libnative-lib_jni.so[0xCBBCB000])[00 68       ]0x000081FA:	LDR	R0, [R0]	;(R0=0xCBC39384 )
(libnative-lib_jni.so[0xCBBCB000])[39 99       ]0x000081FC:	LDR	R1, [SP, #0XE4]	;(SP=0x100FE968 )
(libnative-lib_jni.so[0xCBBCB000])[88 42       ]0x000081FE:	CMP	R0, R1	;(R0=0x00001000 R1=0x00001000 )
(libnative-lib_jni.so[0xCBBCB000])[02 D1       ]0x00008200:	BNE	#0XCBBD3208
(libnative-lib_jni.so[0xCBBCB000])[FF E7       ]0x00008202:	B	#0XCBBD3204
(libnative-lib_jni.so[0xCBBCB000])[3A B0       ]0x00008204:	ADD	SP, #0XE8	;(SP=0x100FE968 )
(libnative-lib_jni.so[0xCBBCB000])[D0 BD       ]0x00008206:	POP	{R4, R6, R7, PC}	;(SP=0x100FEA50 )
(libnative-lib_jni.so[0xCBBCB000])[FF E7       ]0x00007D60:	B	#0XCBBD2D62
(libnative-lib_jni.so[0xCBBCB000])[FF E7       ]0x00007D62:	B	#0XCBBD2D64
(libnative-lib_jni.so[0xCBBCB000])[08 48       ]0x00007D64:	LDR	R0, [PC, #0X20]	;(PC=0xCBBD2D64 )
(libnative-lib_jni.so[0xCBBCB000])[78 44       ]0x00007D66:	ADD	R0, PC	;(R0=0x00012052 PC=0xCBBD2D66 )
(libnative-lib_jni.so[0xCBBCB000])[00 68       ]0x00007D68:	LDR	R0, [R0]	;(R0=0xCBBE4DBC )
(libnative-lib_jni.so[0xCBBCB000])[04 99       ]0x00007D6A:	LDR	R1, [SP, #0X10]	;(SP=0x100FEA60 )
(libnative-lib_jni.so[0xCBBCB000])[01 60       ]0x00007D6C:	STR	R1, [R0]	;(R1=0x30060020 R0=0xCBBE5020 )
(libnative-lib_jni.so[0xCBBCB000])[0E B0       ]0x00007D6E:	ADD	SP, #0X38	;(SP=0x100FEA60 )
(libnative-lib_jni.so[0xCBBCB000])[80 BD       ]0x00007D70:	POP	{R7, PC}	;(SP=0x100FEA98 )
(libnative-lib_jni.so[0xCBBCB000])[80 BD       ]0x00007D94:	POP	{R7, PC}	;(SP=0x100FEAA0 )
(libnative-lib_jni.so[0xCBBCB000])[D0 B5       ]0x00007DEC:	PUSH	{R4, R6, R7, LR} ; JNI_OnLoad	;(SP=0x100FEAA8 R4=0x00000000 R6=0x00000000 R7=0x00000000 LR=0x03000000 )
(libnative-lib_jni.so[0xCBBCB000])[02 AF       ]0x00007DEE:	ADD	R7, SP, #8	;(SP=0x100FEA98 )
(libnative-lib_jni.so[0xCBBCB000])[96 B0       ]0x00007DF0:	SUB	SP, #0X58	;(SP=0x100FEA98 )
(libnative-lib_jni.so[0xCBBCB000])[0A 46       ]0x00007DF2:	MOV	R2, R1	;(R1=0x00000000 )
(libnative-lib_jni.so[0xCBBCB000])[03 46       ]0x00007DF4:	MOV	R3, R0	;(R0=0x0100004C )
(libnative-lib_jni.so[0xCBBCB000])[40 4C       ]0x00007DF6:	LDR	R4, [PC, #0X100]	;(PC=0xCBBD2DF6 )
(libnative-lib_jni.so[0xCBBCB000])[7C 44       ]0x00007DF8:	ADD	R4, PC	;(R4=0x00011FC4 PC=0xCBBD2DF8 )
(libnative-lib_jni.so[0xCBBCB000])[24 68       ]0x00007DFA:	LDR	R4, [R4]	;(R4=0xCBBE4DC0 )
(libnative-lib_jni.so[0xCBBCB000])[24 68       ]0x00007DFC:	LDR	R4, [R4]	;(R4=0xCBC39384 )
(libnative-lib_jni.so[0xCBBCB000])[15 94       ]0x00007DFE:	STR	R4, [SP, #0X54]	;(R4=0x00001000 SP=0x100FEA40 )
(libnative-lib_jni.so[0xCBBCB000])[0C 90       ]0x00007E00:	STR	R0, [SP, #0X30]	;(R0=0x0100004C SP=0x100FEA40 )
(libnative-lib_jni.so[0xCBBCB000])[0B 91       ]0x00007E02:	STR	R1, [SP, #0X2C]	;(R1=0x00000000 SP=0x100FEA40 )
(libnative-lib_jni.so[0xCBBCB000])[0C 98       ]0x00007E04:	LDR	R0, [SP, #0X30]	;(SP=0x100FEA40 )
(libnative-lib_jni.so[0xCBBCB000])[14 A9       ]0x00007E06:	ADD	R1, SP, #0X50	;(SP=0x100FEA40 )
(libnative-lib_jni.so[0xCBBCB000])[06 24       ]0x00007E08:	MOVS	R4, #6
(libnative-lib_jni.so[0xCBBCB000])[C0 F2 01 04 ]0x00007E0A:	MOVT	R4, #1	;(R4=0x00000006 )
(libnative-lib_jni.so[0xCBBCB000])[07 92       ]0x00007E0E:	STR	R2, [SP, #0X1C]	;(R2=0x00000000 SP=0x100FEA40 )
(libnative-lib_jni.so[0xCBBCB000])[22 46       ]0x00007E10:	MOV	R2, R4	;(R4=0x00010006 )
(libnative-lib_jni.so[0xCBBCB000])[06 93       ]0x00007E12:	STR	R3, [SP, #0X18]	;(R3=0x0100004C SP=0x100FEA40 )
(libnative-lib_jni.so[0xCBBCB000])[FF F7 1A ED ]0x00007E14:	BLX	#0XCBBD284C	;(PC=0xCBBD2E14 )
(libnative-lib_jni.so[0xCBBCB000])[00 C6 8F E2 ]0x0000784C:	ADD	IP, PC, #0, #12	;(PC=0xCBBD284C )
(libnative-lib_jni.so[0xCBBCB000])[12 CA 8C E2 ]0x00007850:	ADD	IP, IP, #0X12000	;(IP=0xCBBD2854 )
(libnative-lib_jni.so[0xCBBCB000])[18 F6 BC E5 ]0x00007854:	LDR	PC, [IP, #0X618]!	;(IP=0xCBBE4854 )
(libnative-lib_jni.so[0xCBBCB000])[D0 B5       ]0x00007F10:	PUSH	{R4, R6, R7, LR} ; _ZN7_JavaVM6GetEnvEPPvi	;(SP=0x100FEA40 R4=0x00010006 R6=0x00000000 R7=0x100FEAA0 LR=0xCBBD2E19 )
(libnative-lib_jni.so[0xCBBCB000])[02 AF       ]0x00007F12:	ADD	R7, SP, #8	;(SP=0x100FEA30 )
(libnative-lib_jni.so[0xCBBCB000])[88 B0       ]0x00007F14:	SUB	SP, #0X20	;(SP=0x100FEA30 )
(libnative-lib_jni.so[0xCBBCB000])[13 46       ]0x00007F16:	MOV	R3, R2	;(R2=0x00010006 )
(libnative-lib_jni.so[0xCBBCB000])[8C 46       ]0x00007F18:	MOV	IP, R1	;(R1=0x100FEA90 )
(libnative-lib_jni.so[0xCBBCB000])[86 46       ]0x00007F1A:	MOV	LR, R0	;(R0=0x0100004C )
(libnative-lib_jni.so[0xCBBCB000])[07 90       ]0x00007F1C:	STR	R0, [SP, #0X1C]	;(R0=0x0100004C SP=0x100FEA10 )
(libnative-lib_jni.so[0xCBBCB000])[06 91       ]0x00007F1E:	STR	R1, [SP, #0X18]	;(R1=0x100FEA90 SP=0x100FEA10 )
(libnative-lib_jni.so[0xCBBCB000])[05 92       ]0x00007F20:	STR	R2, [SP, #0X14]	;(R2=0x00010006 SP=0x100FEA10 )
(libnative-lib_jni.so[0xCBBCB000])[07 98       ]0x00007F22:	LDR	R0, [SP, #0X1C]	;(SP=0x100FEA10 )
(libnative-lib_jni.so[0xCBBCB000])[01 68       ]0x00007F24:	LDR	R1, [R0]	;(R0=0x0100004C )
(libnative-lib_jni.so[0xCBBCB000])[89 69       ]0x00007F26:	LDR	R1, [R1, #0X18]	;(R1=0x0100002C )
(libnative-lib_jni.so[0xCBBCB000])[06 9A       ]0x00007F28:	LDR	R2, [SP, #0X18]	;(SP=0x100FEA10 )
(libnative-lib_jni.so[0xCBBCB000])[05 9C       ]0x00007F2A:	LDR	R4, [SP, #0X14]	;(SP=0x100FEA10 )
(libnative-lib_jni.so[0xCBBCB000])[04 91       ]0x00007F2C:	STR	R1, [SP, #0X10]	;(R1=0x01000020 SP=0x100FEA10 )
(libnative-lib_jni.so[0xCBBCB000])[11 46       ]0x00007F2E:	MOV	R1, R2	;(R2=0x100FEA90 )
(libnative-lib_jni.so[0xCBBCB000])[22 46       ]0x00007F30:	MOV	R2, R4	;(R4=0x00010006 )
(libnative-lib_jni.so[0xCBBCB000])[04 9C       ]0x00007F32:	LDR	R4, [SP, #0X10]	;(SP=0x100FEA10 )
(libnative-lib_jni.so[0xCBBCB000])[03 93       ]0x00007F34:	STR	R3, [SP, #0XC]	;(R3=0x00010006 SP=0x100FEA10 )
(libnative-lib_jni.so[0xCBBCB000])[CD F8 08 C0 ]0x00007F36:	STR.W	IP, [SP, #8]	;(IP=0x100FEA90 SP=0x100FEA10 )
(libnative-lib_jni.so[0xCBBCB000])[CD F8 04 E0 ]0x00007F3A:	STR.W	LR, [SP, #4]	;(LR=0x0100004C SP=0x100FEA10 )
(libnative-lib_jni.so[0xCBBCB000])[A0 47       ]0x00007F3E:	BLX	R4	;(PC=0xCBBD2F3E R4=0x01000020 )
(             unknown[0x00000000])[1E FF 2F E1 ]0x01000020:	BX	LR
(libnative-lib_jni.so[0xCBBCB000])[08 B0       ]0x00007F40:	ADD	SP, #0X20	;(SP=0x100FEA10 )
(libnative-lib_jni.so[0xCBBCB000])[D0 BD       ]0x00007F42:	POP	{R4, R6, R7, PC}	;(SP=0x100FEA30 )
(libnative-lib_jni.so[0xCBBCB000])[00 28       ]0x00007E18:	CMP	R0, #0	;(R0=0x00000000 )
(libnative-lib_jni.so[0xCBBCB000])[04 D0       ]0x00007E1A:	BEQ	#0XCBBD2E26
(libnative-lib_jni.so[0xCBBCB000])[14 98       ]0x00007E26:	LDR	R0, [SP, #0X50]	;(SP=0x100FEA40 )
(libnative-lib_jni.so[0xCBBCB000])[34 49       ]0x00007E28:	LDR	R1, [PC, #0XD0]	;(PC=0xCBBD2E28 )
(libnative-lib_jni.so[0xCBBCB000])[79 44       ]0x00007E2A:	ADD	R1, PC	;(R1=0x0000CA71 PC=0xCBBD2E2A )
(libnative-lib_jni.so[0xCBBCB000])[FF F7 14 ED ]0x00007E2C:	BLX	#0XCBBD2858	;(PC=0xCBBD2E2C )
(libnative-lib_jni.so[0xCBBCB000])[00 C6 8F E2 ]0x00007858:	ADD	IP, PC, #0, #12	;(PC=0xCBBD2858 )
(libnative-lib_jni.so[0xCBBCB000])[12 CA 8C E2 ]0x0000785C:	ADD	IP, IP, #0X12000	;(IP=0xCBBD2860 )
(libnative-lib_jni.so[0xCBBCB000])[10 F6 BC E5 ]0x00007860:	LDR	PC, [IP, #0X610]!	;(IP=0xCBBE4860 )
(libnative-lib_jni.so[0xCBBCB000])[80 B5       ]0x00007F44:	PUSH	{R7, LR} ; _ZN7_JNIEnv9FindClassEPKc	;(SP=0x100FEA40 R7=0x100FEAA0 LR=0xCBBD2E31 )
(libnative-lib_jni.so[0xCBBCB000])[6F 46       ]0x00007F46:	MOV	R7, SP	;(SP=0x100FEA38 )
(libnative-lib_jni.so[0xCBBCB000])[86 B0       ]0x00007F48:	SUB	SP, #0X18	;(SP=0x100FEA38 )
(libnative-lib_jni.so[0xCBBCB000])[0A 46       ]0x00007F4A:	MOV	R2, R1	;(R1=0xCBBDF89F )
(libnative-lib_jni.so[0xCBBCB000])[03 46       ]0x00007F4C:	MOV	R3, R0	;(R0=0x01000B1C )
(libnative-lib_jni.so[0xCBBCB000])[05 90       ]0x00007F4E:	STR	R0, [SP, #0X14]	;(R0=0x01000B1C SP=0x100FEA20 )
(libnative-lib_jni.so[0xCBBCB000])[04 91       ]0x00007F50:	STR	R1, [SP, #0X10]	;(R1=0xCBBDF89F SP=0x100FEA20 )
(libnative-lib_jni.so[0xCBBCB000])[05 98       ]0x00007F52:	LDR	R0, [SP, #0X14]	;(SP=0x100FEA20 )
(libnative-lib_jni.so[0xCBBCB000])[01 68       ]0x00007F54:	LDR	R1, [R0]	;(R0=0x01000B1C )
(libnative-lib_jni.so[0xCBBCB000])[89 69       ]0x00007F56:	LDR	R1, [R1, #0X18]	;(R1=0x01000778 )
(libnative-lib_jni.so[0xCBBCB000])[DD F8 10 C0 ]0x00007F58:	LDR.W	IP, [SP, #0X10]	;(SP=0x100FEA20 )
(libnative-lib_jni.so[0xCBBCB000])[03 91       ]0x00007F5C:	STR	R1, [SP, #0XC]	;(R1=0x01000064 SP=0x100FEA20 )
(libnative-lib_jni.so[0xCBBCB000])[61 46       ]0x00007F5E:	MOV	R1, IP	;(IP=0xCBBDF89F )
(libnative-lib_jni.so[0xCBBCB000])[DD F8 0C C0 ]0x00007F60:	LDR.W	IP, [SP, #0XC]	;(SP=0x100FEA20 )
(libnative-lib_jni.so[0xCBBCB000])[02 92       ]0x00007F64:	STR	R2, [SP, #8]	;(R2=0xCBBDF89F SP=0x100FEA20 )
(libnative-lib_jni.so[0xCBBCB000])[01 93       ]0x00007F66:	STR	R3, [SP, #4]	;(R3=0x01000B1C SP=0x100FEA20 )
(libnative-lib_jni.so[0xCBBCB000])[E0 47       ]0x00007F68:	BLX	IP	;(PC=0xCBBD2F68 IP=0x01000064 )
(             unknown[0x00000000])[1E FF 2F E1 ]0x01000064:	BX	LR
(libnative-lib_jni.so[0xCBBCB000])[06 B0       ]0x00007F6A:	ADD	SP, #0X18	;(SP=0x100FEA20 )
(libnative-lib_jni.so[0xCBBCB000])[80 BD       ]0x00007F6C:	POP	{R7, PC}	;(SP=0x100FEA38 )
(libnative-lib_jni.so[0xCBBCB000])[0A 90       ]0x00007E30:	STR	R0, [SP, #0X28]	;(R0=0x00000001 SP=0x100FEA40 )
(libnative-lib_jni.so[0xCBBCB000])[0A 98       ]0x00007E32:	LDR	R0, [SP, #0X28]	;(SP=0x100FEA40 )
(libnative-lib_jni.so[0xCBBCB000])[00 28       ]0x00007E34:	CMP	R0, #0	;(R0=0x00000001 )
(libnative-lib_jni.so[0xCBBCB000])[03 D1       ]0x00007E36:	BNE	#0XCBBD2E40
(libnative-lib_jni.so[0xCBBCB000])[14 98       ]0x00007E40:	LDR	R0, [SP, #0X50]	;(SP=0x100FEA40 )
(libnative-lib_jni.so[0xCBBCB000])[0A 99       ]0x00007E42:	LDR	R1, [SP, #0X28]	;(SP=0x100FEA40 )
(libnative-lib_jni.so[0xCBBCB000])[2E 4A       ]0x00007E44:	LDR	R2, [PC, #0XB8]	;(PC=0xCBBD2E44 )
(libnative-lib_jni.so[0xCBBCB000])[7A 44       ]0x00007E46:	ADD	R2, PC	;(R2=0x000121BA PC=0xCBBD2E46 )
(libnative-lib_jni.so[0xCBBCB000])[01 23       ]0x00007E48:	MOVS	R3, #1
(libnative-lib_jni.so[0xCBBCB000])[FF F7 0C ED ]0x00007E4A:	BLX	#0XCBBD2864	;(PC=0xCBBD2E4A )
(libnative-lib_jni.so[0xCBBCB000])[00 C6 8F E2 ]0x00007864:	ADD	IP, PC, #0, #12	;(PC=0xCBBD2864 )
(libnative-lib_jni.so[0xCBBCB000])[12 CA 8C E2 ]0x00007868:	ADD	IP, IP, #0X12000	;(IP=0xCBBD286C )
(libnative-lib_jni.so[0xCBBCB000])[08 F6 BC E5 ]0x0000786C:	LDR	PC, [IP, #0X608]!	;(IP=0xCBBE486C )
(libnative-lib_jni.so[0xCBBCB000])[F0 B5       ]0x00007F6E:	PUSH	{R4, R5, R6, R7, LR} ; _ZN7_JNIEnv15RegisterNativesEP7_jclassPK15JNINativeMethodi	;(SP=0x100FEA40 R4=0x00010006 R5=0x00000000 R6=0x00000000 R7=0x100FEAA0 LR=0xCBBD2E4F )
(libnative-lib_jni.so[0xCBBCB000])[03 AF       ]0x00007F70:	ADD	R7, SP, #0XC	;(SP=0x100FEA2C )
(libnative-lib_jni.so[0xCBBCB000])[4D F8 04 BD ]0x00007F72:	STR	FP, [SP, #-0X4]!	;(FP=0x00000000 SP=0x100FEA2C )
(libnative-lib_jni.so[0xCBBCB000])[8A B0       ]0x00007F76:	SUB	SP, #0X28	;(SP=0x100FEA28 )
(libnative-lib_jni.so[0xCBBCB000])[9C 46       ]0x00007F78:	MOV	IP, R3	;(R3=0x00000001 )
(libnative-lib_jni.so[0xCBBCB000])[96 46       ]0x00007F7A:	MOV	LR, R2	;(R2=0xCBBE5004 )
(libnative-lib_jni.so[0xCBBCB000])[0C 46       ]0x00007F7C:	MOV	R4, R1	;(R1=0x00000001 )
(libnative-lib_jni.so[0xCBBCB000])[05 46       ]0x00007F7E:	MOV	R5, R0	;(R0=0x01000B1C )
(libnative-lib_jni.so[0xCBBCB000])[09 90       ]0x00007F80:	STR	R0, [SP, #0X24]	;(R0=0x01000B1C SP=0x100FEA00 )
(libnative-lib_jni.so[0xCBBCB000])[08 91       ]0x00007F82:	STR	R1, [SP, #0X20]	;(R1=0x00000001 SP=0x100FEA00 )
(libnative-lib_jni.so[0xCBBCB000])[07 92       ]0x00007F84:	STR	R2, [SP, #0X1C]	;(R2=0xCBBE5004 SP=0x100FEA00 )
(libnative-lib_jni.so[0xCBBCB000])[06 93       ]0x00007F86:	STR	R3, [SP, #0X18]	;(R3=0x00000001 SP=0x100FEA00 )
(libnative-lib_jni.so[0xCBBCB000])[09 98       ]0x00007F88:	LDR	R0, [SP, #0X24]	;(SP=0x100FEA00 )
(libnative-lib_jni.so[0xCBBCB000])[01 68       ]0x00007F8A:	LDR	R1, [R0]	;(R0=0x01000B1C )
(libnative-lib_jni.so[0xCBBCB000])[D1 F8 5C 13 ]0x00007F8C:	LDR.W	R1, [R1, #0X35C]	;(R1=0x01000778 )
(libnative-lib_jni.so[0xCBBCB000])[08 9A       ]0x00007F90:	LDR	R2, [SP, #0X20]	;(SP=0x100FEA00 )
(libnative-lib_jni.so[0xCBBCB000])[07 9B       ]0x00007F92:	LDR	R3, [SP, #0X1C]	;(SP=0x100FEA00 )
(libnative-lib_jni.so[0xCBBCB000])[06 9E       ]0x00007F94:	LDR	R6, [SP, #0X18]	;(SP=0x100FEA00 )
(libnative-lib_jni.so[0xCBBCB000])[05 91       ]0x00007F96:	STR	R1, [SP, #0X14]	;(R1=0x010006EC SP=0x100FEA00 )
(libnative-lib_jni.so[0xCBBCB000])[11 46       ]0x00007F98:	MOV	R1, R2	;(R2=0x00000001 )
(libnative-lib_jni.so[0xCBBCB000])[1A 46       ]0x00007F9A:	MOV	R2, R3	;(R3=0xCBBE5004 )
(libnative-lib_jni.so[0xCBBCB000])[33 46       ]0x00007F9C:	MOV	R3, R6	;(R6=0x00000001 )
(libnative-lib_jni.so[0xCBBCB000])[05 9E       ]0x00007F9E:	LDR	R6, [SP, #0X14]	;(SP=0x100FEA00 )
(libnative-lib_jni.so[0xCBBCB000])[CD F8 10 C0 ]0x00007FA0:	STR.W	IP, [SP, #0X10]	;(IP=0x00000001 SP=0x100FEA00 )
(libnative-lib_jni.so[0xCBBCB000])[CD F8 0C E0 ]0x00007FA4:	STR.W	LR, [SP, #0XC]	;(LR=0xCBBE5004 SP=0x100FEA00 )
(libnative-lib_jni.so[0xCBBCB000])[02 94       ]0x00007FA8:	STR	R4, [SP, #8]	;(R4=0x00000001 SP=0x100FEA00 )
(libnative-lib_jni.so[0xCBBCB000])[01 95       ]0x00007FAA:	STR	R5, [SP, #4]	;(R5=0x01000B1C SP=0x100FEA00 )
(libnative-lib_jni.so[0xCBBCB000])[B0 47       ]0x00007FAC:	BLX	R6	;(PC=0xCBBD2FAC R6=0x010006EC )
(             unknown[0x00000000])[1E FF 2F E1 ]0x010006EC:	BX	LR
(libnative-lib_jni.so[0xCBBCB000])[0A B0       ]0x00007FAE:	ADD	SP, #0X28	;(SP=0x100FEA00 )
(libnative-lib_jni.so[0xCBBCB000])[5D F8 04 BB ]0x00007FB0:	LDR	FP, [SP], #4	;(SP=0x100FEA28 )
(libnative-lib_jni.so[0xCBBCB000])[F0 BD       ]0x00007FB4:	POP	{R4, R5, R6, R7, PC}	;(SP=0x100FEA2C )
(libnative-lib_jni.so[0xCBBCB000])[B0 F1 FF 3F ]0x00007E4E:	CMP.W	R0, #-1	;(R0=0x00000000 )
(libnative-lib_jni.so[0xCBBCB000])[03 DC       ]0x00007E52:	BGT	#0XCBBD2E5C
(libnative-lib_jni.so[0xCBBCB000])[0C 20       ]0x00007E5C:	MOVS	R0, #0XC
(libnative-lib_jni.so[0xCBBCB000])[FF F7 D8 EC ]0x00007E5E:	BLX	#0XCBBD2810	;(PC=0xCBBD2E5E )
(libnative-lib_jni.so[0xCBBCB000])[00 C6 8F E2 ]0x00007810:	ADD	IP, PC, #0, #12	;(PC=0xCBBD2810 )
(libnative-lib_jni.so[0xCBBCB000])[12 CA 8C E2 ]0x00007814:	ADD	IP, IP, #0X12000	;(IP=0xCBBD2818 )
(libnative-lib_jni.so[0xCBBCB000])[40 F6 BC E5 ]0x00007818:	LDR	PC, [IP, #0X640]!	;(IP=0xCBBE4818 )
(libnative-lib_jni.so[0xCBBCB000])[D0 B5       ]0x00008328:	PUSH	{R4, R6, R7, LR} ; _Znwj	;(SP=0x100FEA40 R4=0x00010006 R6=0x00000000 R7=0x100FEAA0 LR=0xCBBD2E63 )
(libnative-lib_jni.so[0xCBBCB000])[02 AF       ]0x0000832A:	ADD	R7, SP, #8	;(SP=0x100FEA30 )
(libnative-lib_jni.so[0xCBBCB000])[04 46       ]0x0000832C:	MOV	R4, R0	;(R0=0x0000000C )
(libnative-lib_jni.so[0xCBBCB000])[00 28       ]0x0000832E:	CMP	R0, #0	;(R0=0x0000000C )
(libnative-lib_jni.so[0xCBBCB000])[08 BF       ]0x00008330:	IT	EQ
(libnative-lib_jni.so[0xCBBCB000])[03 E0       ]0x00008334:	B	#0XCBBD333E
(libnative-lib_jni.so[0xCBBCB000])[20 46       ]0x0000833E:	MOV	R0, R4	;(R4=0x0000000C )
(libnative-lib_jni.so[0xCBBCB000])[FF F7 EA EA ]0x00008340:	BLX	#0XCBBD2918	;(PC=0xCBBD3340 )
(libnative-lib_jni.so[0xCBBCB000])[00 C6 8F E2 ]0x00007918:	ADD	IP, PC, #0, #12	;(PC=0xCBBD2918 )
(libnative-lib_jni.so[0xCBBCB000])[12 CA 8C E2 ]0x0000791C:	ADD	IP, IP, #0X12000	;(IP=0xCBBD2920 )
(libnative-lib_jni.so[0xCBBCB000])[90 F5 BC E5 ]0x00007920:	LDR	PC, [IP, #0X590]!	;(IP=0xCBBE4920 )
(             libc.so[0xCBBEB000])[08 B5       ]0x0000DBEC:	PUSH	{R3, LR} ; malloc	;(SP=0x100FEA30 R3=0x00000001 LR=0xCBBD3345 )
(             libc.so[0xCBBEB000])[03 4B       ]0x0000DBEE:	LDR	R3, [PC, #0XC]	;(PC=0xCBBF8BEE )
(             libc.so[0xCBBEB000])[7B 44       ]0x0000DBF0:	ADD	R3, PC	;(R3=0x0003C40C PC=0xCBBF8BF0 )
(             libc.so[0xCBBEB000])[19 68       ]0x0000DBF2:	LDR	R1, [R3]	;(R3=0xCBC35000 )
(             libc.so[0xCBBEB000])[0A 68       ]0x0000DBF4:	LDR	R2, [R1]	;(R1=0xCBC34E00 )
(             libc.so[0xCBBEB000])[90 47       ]0x0000DBF6:	BLX	R2	;(PC=0xCBBF8BF6 R2=0xCBBFADCD )
(             libc.so[0xCBBEB000])[DF F8 A4 3B ]0x0000FDCC:	LDR.W	R3, [PC, #0XBA4] ; dlmalloc	;(PC=0xCBBFADCC )
(             libc.so[0xCBBEB000])[2D E9 F7 4F ]0x0000FDD0:	PUSH.W	{R0, R1, R2, R4, R5, R6, R7, R8, SB, SL, FP, LR}	;(SP=0x100FEA28 R0=0x0000000C R1=0xCBC34E00 R2=0xCBBFADCD R4=0x0000000C R5=0x00000000 R6=0x00000000 R7=0x100FEA38 R8=0x00000000 SB=0x00000000 SL=0x00000000 FP=0x00000000 LR=0xCBBF8BF9 )
(             libc.so[0xCBBEB000])[7B 44       ]0x0000FDD4:	ADD	R3, PC	;(R3=0x0003E588 PC=0xCBBFADD4 )
(             libc.so[0xCBBEB000])[04 46       ]0x0000FDD6:	MOV	R4, R0	;(R0=0x0000000C )
(             libc.so[0xCBBEB000])[18 68       ]0x0000FDD8:	LDR	R0, [R3]	;(R3=0xCBC39360 )
(             libc.so[0xCBBEB000])[08 B9       ]0x0000FDDA:	CBNZ	R0, #0XCBBFADE0	;(R0=0x305A95F8 )
(             libc.so[0xCBBEB000])[DF F8 94 1B ]0x0000FDE0:	LDR.W	R1, [PC, #0XB94]	;(PC=0xCBBFADE0 )
(             libc.so[0xCBBEB000])[79 44       ]0x0000FDE4:	ADD	R1, PC	;(R1=0x0003E398 PC=0xCBBFADE4 )
(             libc.so[0xCBBEB000])[D1 F8 BC 21 ]0x0000FDE6:	LDR.W	R2, [R1, #0X1BC]	;(R1=0xCBC39180 )
(             libc.so[0xCBBEB000])[93 07       ]0x0000FDEA:	LSLS	R3, R2, #0X1E	;(R2=0x00000007 )
(             libc.so[0xCBBEB000])[02 D4       ]0x0000FDEC:	BMI	#0XCBBFADF4
(             libc.so[0xCBBEB000])[01 F5 E0 70 ]0x0000FDF4:	ADD.W	R0, R1, #0X1C0	;(R1=0xCBC39180 )
(             libc.so[0xCBBEB000])[00 26       ]0x0000FDF8:	MOVS	R6, #0
(             libc.so[0xCBBEB000])[FE F7 F0 EC ]0x0000FDFA:	BLX	#0XCBBF97DC	;(PC=0xCBBFADFA )
(             libc.so[0xCBBEB000])[90 FF FF EA ]0x0000E7DC:	B	#0XCBBF9624 ; pthread_mutex_lock	;(PC=0xCBBF97DC )
(             libc.so[0xCBBEB000])[F0 41 2D E9 ]0x0000E624:	PUSH	{R4, R5, R6, R7, R8, LR}	;(SP=0x100FE9F8 R4=0x0000000C R5=0x00000000 R6=0x00000000 R7=0x100FEA38 R8=0x00000000 LR=0xCBBFADFF )
(             libc.so[0xCBBEB000])[00 40 50 E2 ]0x0000E628:	SUBS	R4, R0, #0	;(R0=0xCBC39340 )
(             libc.so[0xCBBEB000])[1B 00 00 0A ]0x0000E62C:	BEQ	#0XCBBF96A0	;(PC=0xCBBF962C )
(             libc.so[0xCBBEB000])[00 50 94 E5 ]0x0000E630:	LDR	R5, [R4]	;(R4=0xCBC39340 )
(             libc.so[0xCBBEB000])[03 79 15 E2 ]0x0000E634:	ANDS	R7, R5, #0XC000	;(R5=0x00000000 )
(             libc.so[0xCBBEB000])[02 6A 05 E2 ]0x0000E638:	AND	R6, R5, #0X2000	;(R5=0x00000000 )
(             libc.so[0xCBBEB000])[19 00 00 1A ]0x0000E63C:	BNE	#0XCBBF96A8	;(PC=0xCBBF963C )
(             libc.so[0xCBBEB000])[01 00 86 E3 ]0x0000E640:	ORR	R0, R6, #1	;(R6=0x00000000 )
(             libc.so[0xCBBEB000])[9F 3F 94 E1 ]0x0000E644:	LDREX	R3, [R4]	;(R4=0xCBC39340 )
(             libc.so[0xCBBEB000])[00 10 A0 E3 ]0x0000E648:	MOV	R1, #0
(             libc.so[0xCBBEB000])[06 00 33 E1 ]0x0000E64C:	TEQ	R3, R6	;(R3=0x00000000 R6=0x00000000 )
(             libc.so[0xCBBEB000])[90 1F 84 01 ]0x0000E650:	STREXEQ	R1, R0, [R4]	;(R0=0x00000001 R4=0xCBC39340 )
(             libc.so[0xCBBEB000])[00 00 51 E3 ]0x0000E654:	CMP	R1, #0	;(R1=0x00000000 )
(             libc.so[0xCBBEB000])[F9 FF FF 1A ]0x0000E658:	BNE	#0XCBBF9644	;(PC=0xCBBF9658 )
(             libc.so[0xCBBEB000])[03 00 56 E1 ]0x0000E65C:	CMP	R6, R3	;(R6=0x00000000 R3=0x00000000 )
(             libc.so[0xCBBEB000])[02 50 86 13 ]0x0000E660:	ORRNE	R5, R6, #2	;(R6=0x00000000 )
(             libc.so[0xCBBEB000])[01 00 00 1A ]0x0000E664:	BNE	#0XCBBF9670	;(PC=0xCBBF9664 )
(             libc.so[0xCBBEB000])[09 00 00 EA ]0x0000E668:	B	#0XCBBF9694	;(PC=0xCBBF9668 )
(             libc.so[0xCBBEB000])[5F F0 7F F5 ]0x0000E694:	DMB	SY
(             libc.so[0xCBBEB000])[00 00 A0 E3 ]0x0000E698:	MOV	R0, #0
(             libc.so[0xCBBEB000])[F0 81 BD E8 ]0x0000E69C:	POP	{R4, R5, R6, R7, R8, PC}	;(SP=0x100FE9E0 )
(             libc.so[0xCBBEB000])[00 28       ]0x0000FDFE:	CMP	R0, #0	;(R0=0x00000000 )
(             libc.so[0xCBBEB000])[41 F0 6F 80 ]0x0000FE00:	BNE.W	#0XCBBFBEE2
(             libc.so[0xCBBEB000])[F3 E7       ]0x0000FE04:	B	#0XCBBFADEE
(             libc.so[0xCBBEB000])[F4 2C       ]0x0000FDEE:	CMP	R4, #0XF4	;(R4=0x0000000C )
(             libc.so[0xCBBEB000])[09 D9       ]0x0000FDF0:	BLS	#0XCBBFAE06
(             libc.so[0xCBBEB000])[0A 2C       ]0x0000FE06:	CMP	R4, #0XA	;(R4=0x0000000C )
(             libc.so[0xCBBEB000])[03 D9       ]0x0000FE08:	BLS	#0XCBBFAE12
(             libc.so[0xCBBEB000])[0B 34       ]0x0000FE0A:	ADDS	R4, #0XB	;(R4=0x0000000C )
(             libc.so[0xCBBEB000])[24 F0 07 04 ]0x0000FE0C:	BIC	R4, R4, #7	;(R4=0x00000017 )
(             libc.so[0xCBBEB000])[00 E0       ]0x0000FE10:	B	#0XCBBFAE14
(             libc.so[0xCBBEB000])[DF F8 68 3B ]0x0000FE14:	LDR.W	R3, [PC, #0XB68]	;(PC=0xCBBFAE14 )
(             libc.so[0xCBBEB000])[E2 08       ]0x0000FE18:	LSRS	R2, R4, #3	;(R4=0x00000010 )
(             libc.so[0xCBBEB000])[7B 44       ]0x0000FE1A:	ADD	R3, PC	;(R3=0x0003E362 PC=0xCBBFAE1A )
(             libc.so[0xCBBEB000])[18 68       ]0x0000FE1C:	LDR	R0, [R3]	;(R3=0xCBC39180 )
(             libc.so[0xCBBEB000])[20 FA 02 F1 ]0x0000FE1E:	LSR.W	R1, R0, R2	;(R0=0x00000000 R2=0x00000002 )
(             libc.so[0xCBBEB000])[01 90       ]0x0000FE22:	STR	R0, [SP, #4]	;(R0=0x00000000 SP=0x100FE9F8 )
(             libc.so[0xCBBEB000])[8E 07       ]0x0000FE24:	LSLS	R6, R1, #0X1E	;(R1=0x00000000 )
(             libc.so[0xCBBEB000])[21 D0       ]0x0000FE26:	BEQ	#0XCBBFAE6C
(             libc.so[0xCBBEB000])[9D 68       ]0x0000FE6C:	LDR	R5, [R3, #8]	;(R3=0xCBC39180 )
(             libc.so[0xCBBEB000])[AC 42       ]0x0000FE6E:	CMP	R4, R5	;(R4=0x00000010 R5=0x00000000 )
(             libc.so[0xCBBEB000])[40 F2 3F 83 ]0x0000FE70:	BLS.W	#0XCBBFB4F2
(             libc.so[0xCBBEB000])[00 29       ]0x0000FE74:	CMP	R1, #0	;(R1=0x00000000 )
(             libc.so[0xCBBEB000])[74 D0       ]0x0000FE76:	BEQ	#0XCBBFAF62
(             libc.so[0xCBBEB000])[D3 F8 04 80 ]0x0000FF62:	LDR.W	R8, [R3, #4]	;(R3=0xCBC39180 )
(             libc.so[0xCBBEB000])[B8 F1 00 0F ]0x0000FF66:	CMP.W	R8, #0	;(R8=0x00000000 )
(             libc.so[0xCBBEB000])[00 F0 C2 82 ]0x0000FF6A:	BEQ.W	#0XCBBFB4F2
(             libc.so[0xCBBEB000])[DF F8 E0 34 ]0x000104F2:	LDR.W	R3, [PC, #0X4E0]	;(PC=0xCBBFB4F2 )
(             libc.so[0xCBBEB000])[7B 44       ]0x000104F6:	ADD	R3, PC	;(R3=0x0003DC86 PC=0xCBBFB4F6 )
(             libc.so[0xCBBEB000])[98 68       ]0x000104F8:	LDR	R0, [R3, #8]	;(R3=0xCBC39180 )
(             libc.so[0xCBBEB000])[84 42       ]0x000104FA:	CMP	R4, R0	;(R4=0x00000010 R0=0x00000000 )
(             libc.so[0xCBBEB000])[19 D8       ]0x000104FC:	BHI	#0XCBBFB532
(             libc.so[0xCBBEB000])[DE 68       ]0x00010532:	LDR	R6, [R3, #0XC]	;(R3=0xCBC39180 )
(             libc.so[0xCBBEB000])[B4 42       ]0x00010534:	CMP	R4, R6	;(R4=0x00000010 R6=0x00000F98 )
(             libc.so[0xCBBEB000])[01 D2       ]0x00010536:	BHS	#0XCBBFB53C
(             libc.so[0xCBBEB000])[00 F0 7B BC ]0x00010538:	B.W	#0XCBBFBE32
(             libc.so[0xCBBEB000])[30 1B       ]0x00010E32:	SUBS	R0, R6, R4	;(R6=0x00000F98 R4=0x00000010 )
(             libc.so[0xCBBEB000])[9E 69       ]0x00010E34:	LDR	R6, [R3, #0X18]	;(R3=0xCBC39180 )
(             libc.so[0xCBBEB000])[D8 60       ]0x00010E36:	STR	R0, [R3, #0XC]	;(R0=0x00000F88 R3=0xCBC39180 )
(             libc.so[0xCBBEB000])[32 19       ]0x00010E38:	ADDS	R2, R6, R4	;(R6=0x30060040 R4=0x00000010 )
(             libc.so[0xCBBEB000])[9A 61       ]0x00010E3A:	STR	R2, [R3, #0X18]	;(R2=0x30060050 R3=0xCBC39180 )
(             libc.so[0xCBBEB000])[40 F0 01 03 ]0x00010E3C:	ORR	R3, R0, #1	;(R0=0x00000F88 )
(             libc.so[0xCBBEB000])[53 60       ]0x00010E40:	STR	R3, [R2, #4]	;(R3=0x00000F89 R2=0x30060050 )
(             libc.so[0xCBBEB000])[44 F0 03 04 ]0x00010E42:	ORR	R4, R4, #3	;(R4=0x00000010 )
(             libc.so[0xCBBEB000])[74 60       ]0x00010E46:	STR	R4, [R6, #4]	;(R4=0x00000013 R6=0x30060040 )
(             libc.so[0xCBBEB000])[08 36       ]0x00010E48:	ADDS	R6, #8	;(R6=0x30060040 )
(             libc.so[0xCBBEB000])[04 E0       ]0x00010E4A:	B	#0XCBBFBE56
(             libc.so[0xCBBEB000])[35 49       ]0x00010E56:	LDR	R1, [PC, #0XD4]	;(PC=0xCBBFBE56 )
(             libc.so[0xCBBEB000])[79 44       ]0x00010E58:	ADD	R1, PC	;(R1=0x0003D324 PC=0xCBBFBE58 )
(             libc.so[0xCBBEB000])[D1 F8 BC 21 ]0x00010E5A:	LDR.W	R2, [R1, #0X1BC]	;(R1=0xCBC39180 )
(             libc.so[0xCBBEB000])[93 07       ]0x00010E5E:	LSLS	R3, R2, #0X1E	;(R2=0x00000007 )
(             libc.so[0xCBBEB000])[3F D5       ]0x00010E60:	BPL	#0XCBBFBEE2
(             libc.so[0xCBBEB000])[01 F5 E0 70 ]0x00010E62:	ADD.W	R0, R1, #0X1C0	;(R1=0xCBC39180 )
(             libc.so[0xCBBEB000])[FD F7 3C ED ]0x00010E66:	BLX	#0XCBBF98E0	;(PC=0xCBBFBE66 )
(             libc.so[0xCBBEB000])[BE FF FF EA ]0x0000E8E0:	B	#0XCBBF97E0 ; pthread_mutex_unlock	;(PC=0xCBBF98E0 )
(             libc.so[0xCBBEB000])[70 40 2D E9 ]0x0000E7E0:	PUSH	{R4, R5, R6, LR}	;(SP=0x100FE9F8 R4=0x00000013 R5=0x00000000 R6=0x30060048 LR=0xCBBFBE6B )
(             libc.so[0xCBBEB000])[00 40 50 E2 ]0x0000E7E4:	SUBS	R4, R0, #0	;(R0=0xCBC39340 )
(             libc.so[0xCBBEB000])[08 D0 4D E2 ]0x0000E7E8:	SUB	SP, SP, #8	;(SP=0x100FE9E8 )
(             libc.so[0xCBBEB000])[2B 00 00 0A ]0x0000E7EC:	BEQ	#0XCBBF98A0	;(PC=0xCBBF97EC )
(             libc.so[0xCBBEB000])[00 50 94 E5 ]0x0000E7F0:	LDR	R5, [R4]	;(R4=0xCBC39340 )
(             libc.so[0xCBBEB000])[03 69 15 E2 ]0x0000E7F4:	ANDS	R6, R5, #0XC000	;(R5=0x00000001 )
(             libc.so[0xCBBEB000])[02 1A 05 E2 ]0x0000E7F8:	AND	R1, R5, #0X2000	;(R5=0x00000001 )
(             libc.so[0xCBBEB000])[11 00 00 1A ]0x0000E7FC:	BNE	#0XCBBF9848	;(PC=0xCBBF97FC )
(             libc.so[0xCBBEB000])[5F F0 7F F5 ]0x0000E800:	DMB	SY
(             libc.so[0xCBBEB000])[9F 2F 94 E1 ]0x0000E804:	LDREX	R2, [R4]	;(R4=0xCBC39340 )
(             libc.so[0xCBBEB000])[01 30 42 E2 ]0x0000E808:	SUB	R3, R2, #1	;(R2=0x00000001 )
(             libc.so[0xCBBEB000])[93 5F 84 E1 ]0x0000E80C:	STREX	R5, R3, [R4]	;(R3=0x00000000 R4=0xCBC39340 )
(             libc.so[0xCBBEB000])[00 00 55 E3 ]0x0000E810:	CMP	R5, #0	;(R5=0x00000000 )
(             libc.so[0xCBBEB000])[FA FF FF 1A ]0x0000E814:	BNE	#0XCBBF9804	;(PC=0xCBBF9814 )
(             libc.so[0xCBBEB000])[01 C0 81 E3 ]0x0000E818:	ORR	IP, R1, #1	;(R1=0x00000000 )
(             libc.so[0xCBBEB000])[0C 00 52 E1 ]0x0000E81C:	CMP	R2, IP	;(R2=0x00000001 IP=0x00000001 )
(             libc.so[0xCBBEB000])[06 00 00 0A ]0x0000E820:	BEQ	#0XCBBF9840	;(PC=0xCBBF9820 )
(             libc.so[0xCBBEB000])[00 00 A0 E3 ]0x0000E840:	MOV	R0, #0
(             libc.so[0xCBBEB000])[FB FF FF EA ]0x0000E844:	B	#0XCBBF9838	;(PC=0xCBBF9844 )
(             libc.so[0xCBBEB000])[08 D0 8D E2 ]0x0000E838:	ADD	SP, SP, #8	;(SP=0x100FE9E0 )
(             libc.so[0xCBBEB000])[70 80 BD E8 ]0x0000E83C:	POP	{R4, R5, R6, PC}	;(SP=0x100FE9E8 )
(             libc.so[0xCBBEB000])[3A E0       ]0x00010E6A:	B	#0XCBBFBEE2
(             libc.so[0xCBBEB000])[30 46       ]0x00010EE2:	MOV	R0, R6	;(R6=0x30060048 )
(             libc.so[0xCBBEB000])[BD E8 FE 8F ]0x00010EE4:	POP.W	{R1, R2, R3, R4, R5, R6, R7, R8, SB, SL, FP, PC}	;(SP=0x100FE9F8 )
(             libc.so[0xCBBEB000])[08 BD       ]0x0000DBF8:	POP	{R3, PC}	;(SP=0x100FEA28 )
(libnative-lib_jni.so[0xCBBCB000])[00 28       ]0x00008344:	CMP	R0, #0	;(R0=0x30060048 )
(libnative-lib_jni.so[0xCBBCB000])[F6 D0       ]0x00008346:	BEQ	#0XCBBD3336
(libnative-lib_jni.so[0xCBBCB000])[D0 BD       ]0x00008348:	POP	{R4, R6, R7, PC}	;(SP=0x100FEA30 )
(libnative-lib_jni.so[0xCBBCB000])[86 46       ]0x00007E62:	MOV	LR, R0	;(R0=0x30060048 )
(libnative-lib_jni.so[0xCBBCB000])[01 46       ]0x00007E64:	MOV	R1, R0	;(R0=0x30060048 )
(libnative-lib_jni.so[0xCBBCB000])[0F 90       ]0x00007E66:	STR	R0, [SP, #0X3C]	;(R0=0x30060048 SP=0x100FEA40 )
(libnative-lib_jni.so[0xCBBCB000])[26 48       ]0x00007E68:	LDR	R0, [PC, #0X98]	;(PC=0xCBBD2E68 )
(libnative-lib_jni.so[0xCBBCB000])[78 44       ]0x00007E6A:	ADD	R0, PC	;(R0=0x0000CA58 PC=0xCBBD2E6A )
(libnative-lib_jni.so[0xCBBCB000])[0E 90       ]0x00007E6C:	STR	R0, [SP, #0X38]	;(R0=0xCBBDF8C6 SP=0x100FEA40 )
(libnative-lib_jni.so[0xCBBCB000])[0F 98       ]0x00007E6E:	LDR	R0, [SP, #0X3C]	;(SP=0x100FEA40 )
(libnative-lib_jni.so[0xCBBCB000])[10 90       ]0x00007E70:	STR	R0, [SP, #0X40]	;(R0=0x30060048 SP=0x100FEA40 )
(libnative-lib_jni.so[0xCBBCB000])[10 9A       ]0x00007E72:	LDR	R2, [SP, #0X40]	;(SP=0x100FEA40 )
(libnative-lib_jni.so[0xCBBCB000])[11 92       ]0x00007E74:	STR	R2, [SP, #0X44]	;(R2=0x30060048 SP=0x100FEA40 )
(libnative-lib_jni.so[0xCBBCB000])[11 9B       ]0x00007E76:	LDR	R3, [SP, #0X44]	;(SP=0x100FEA40 )
(libnative-lib_jni.so[0xCBBCB000])[4F F0 00 0C ]0x00007E78:	MOV.W	IP, #0
(libnative-lib_jni.so[0xCBBCB000])[C3 F8 04 C0 ]0x00007E7C:	STR.W	IP, [R3, #4]	;(IP=0x00000000 R3=0x30060048 )
(libnative-lib_jni.so[0xCBBCB000])[C3 F8 00 C0 ]0x00007E80:	STR.W	IP, [R3]	;(IP=0x00000000 R3=0x30060048 )
(libnative-lib_jni.so[0xCBBCB000])[C3 F8 08 C0 ]0x00007E84:	STR.W	IP, [R3, #8]	;(IP=0x00000000 R3=0x30060048 )
(libnative-lib_jni.so[0xCBBCB000])[12 92       ]0x00007E88:	STR	R2, [SP, #0X48]	;(R2=0x30060048 SP=0x100FEA40 )
(libnative-lib_jni.so[0xCBBCB000])[12 9A       ]0x00007E8A:	LDR	R2, [SP, #0X48]	;(SP=0x100FEA40 )
(libnative-lib_jni.so[0xCBBCB000])[13 92       ]0x00007E8C:	STR	R2, [SP, #0X4C]	;(R2=0x30060048 SP=0x100FEA40 )
(libnative-lib_jni.so[0xCBBCB000])[0E 9A       ]0x00007E8E:	LDR	R2, [SP, #0X38]	;(SP=0x100FEA40 )
(libnative-lib_jni.so[0xCBBCB000])[05 90       ]0x00007E90:	STR	R0, [SP, #0X14]	;(R0=0x30060048 SP=0x100FEA40 )
(libnative-lib_jni.so[0xCBBCB000])[10 46       ]0x00007E92:	MOV	R0, R2	;(R2=0xCBBDF8C6 )
(libnative-lib_jni.so[0xCBBCB000])[04 91       ]0x00007E94:	STR	R1, [SP, #0X10]	;(R1=0x30060048 SP=0x100FEA40 )
(libnative-lib_jni.so[0xCBBCB000])[CD F8 0C E0 ]0x00007E96:	STR.W	LR, [SP, #0XC]	;(LR=0x30060048 SP=0x100FEA40 )
(libnative-lib_jni.so[0xCBBCB000])[02 92       ]0x00007E9A:	STR	R2, [SP, #8]	;(R2=0xCBBDF8C6 SP=0x100FEA40 )
(libnative-lib_jni.so[0xCBBCB000])[FF F7 BE EC ]0x00007E9C:	BLX	#0XCBBD281C	;(PC=0xCBBD2E9C )
(libnative-lib_jni.so[0xCBBCB000])[00 C6 8F E2 ]0x0000781C:	ADD	IP, PC, #0, #12	;(PC=0xCBBD281C )
(libnative-lib_jni.so[0xCBBCB000])[12 CA 8C E2 ]0x00007820:	ADD	IP, IP, #0X12000	;(IP=0xCBBD2824 )
(libnative-lib_jni.so[0xCBBCB000])[38 F6 BC E5 ]0x00007824:	LDR	PC, [IP, #0X638]!	;(IP=0xCBBE4824 )
(libnative-lib_jni.so[0xCBBCB000])[80 B5       ]0x00008214:	PUSH	{R7, LR} ; _ZNSt6__ndk111char_traitsIcE6lengthEPKc	;(SP=0x100FEA40 R7=0x100FEAA0 LR=0xCBBD2EA1 )
(libnative-lib_jni.so[0xCBBCB000])[6F 46       ]0x00008216:	MOV	R7, SP	;(SP=0x100FEA38 )
(libnative-lib_jni.so[0xCBBCB000])[82 B0       ]0x00008218:	SUB	SP, #8	;(SP=0x100FEA38 )
(libnative-lib_jni.so[0xCBBCB000])[01 46       ]0x0000821A:	MOV	R1, R0	;(R0=0xCBBDF8C6 )
(libnative-lib_jni.so[0xCBBCB000])[01 90       ]0x0000821C:	STR	R0, [SP, #4]	;(R0=0xCBBDF8C6 SP=0x100FEA30 )
(libnative-lib_jni.so[0xCBBCB000])[01 98       ]0x0000821E:	LDR	R0, [SP, #4]	;(SP=0x100FEA30 )
(libnative-lib_jni.so[0xCBBCB000])[00 91       ]0x00008220:	STR	R1, [SP]	;(R1=0xCBBDF8C6 SP=0x100FEA30 )
(libnative-lib_jni.so[0xCBBCB000])[FF F7 44 EB ]0x00008222:	BLX	#0XCBBD28AC	;(PC=0xCBBD3222 )
(libnative-lib_jni.so[0xCBBCB000])[00 C6 8F E2 ]0x000078AC:	ADD	IP, PC, #0, #12	;(PC=0xCBBD28AC )
(libnative-lib_jni.so[0xCBBCB000])[12 CA 8C E2 ]0x000078B0:	ADD	IP, IP, #0X12000	;(IP=0xCBBD28B4 )
(libnative-lib_jni.so[0xCBBCB000])[D8 F5 BC E5 ]0x000078B4:	LDR	PC, [IP, #0X5D8]!	;(IP=0xCBBE48B4 )
(             libc.so[0xCBBEB000])[90 F8 00 F0 ]0x00022F84:	PLD	[R0] ; strlen	;(R0=0xCBBDF8C6 )
(             libc.so[0xCBBEB000])[01 46       ]0x00022F88:	MOV	R1, R0	;(R0=0xCBBDF8C6 )
(             libc.so[0xCBBEB000])[10 F0 07 03 ]0x00022F8A:	ANDS	R3, R0, #7	;(R0=0xCBBDF8C6 )
(             libc.so[0xCBBEB000])[00 F0 23 80 ]0x00022F8E:	BEQ.W	#0XCBC0DFD8
(             libc.so[0xCBBEB000])[C3 F1 08 03 ]0x00022F92:	RSB.W	R3, R3, #8	;(R3=0x00000006 )
(             libc.so[0xCBBEB000])[5F EA C3 7C ]0x00022F96:	LSLS.W	IP, R3, #0X1F	;(R3=0x00000002 )
(             libc.so[0xCBBEB000])[00 F0 03 80 ]0x00022F9A:	BEQ.W	#0XCBC0DFA4
(             libc.so[0xCBBEB000])[C0 F0 0A 80 ]0x00022FA4:	BLO.W	#0XCBC0DFBC
(             libc.so[0xCBBEB000])[13 F0 02 0C ]0x00022FA8:	ANDS	IP, R3, #2	;(R3=0x00000002 )
(             libc.so[0xCBBEB000])[00 F0 06 80 ]0x00022FAC:	BEQ.W	#0XCBC0DFBC
(             libc.so[0xCBBEB000])[11 F8 01 2B ]0x00022FB0:	LDRB	R2, [R1], #1	;(R1=0xCBBDF8C6 )
(             libc.so[0xCBBEB000])[32 B3       ]0x00022FB4:	CBZ	R2, #0XCBC0E004	;(R2=0x00000048 )
(             libc.so[0xCBBEB000])[11 F8 01 2B ]0x00022FB6:	LDRB	R2, [R1], #1	;(R1=0xCBBDF8C7 )
(             libc.so[0xCBBEB000])[1A B3       ]0x00022FBA:	CBZ	R2, #0XCBC0E004	;(R2=0x00000065 )
(             libc.so[0xCBBEB000])[13 F0 04 0F ]0x00022FBC:	TST.W	R3, #4	;(R3=0x00000002 )
(             libc.so[0xCBBEB000])[00 F0 0A 80 ]0x00022FC0:	BEQ.W	#0XCBC0DFD8
(             libc.so[0xCBBEB000])[F1 E8 02 23 ]0x00022FD8:	LDRD	R2, R3, [R1], #8	;(R1=0xCBBDF8C8 )
(             libc.so[0xCBBEB000])[91 F8 40 F0 ]0x00022FDC:	PLD	[R1, #0X40]	;(R1=0xCBBDF8D0 )
(             libc.so[0xCBBEB000])[A2 F1 01 3C ]0x00022FE0:	SUB.W	IP, R2, #0X1010101	;(R2=0x206F6C6C )
(             libc.so[0xCBBEB000])[2C EA 02 0C ]0x00022FE4:	BIC.W	IP, IP, R2	;(IP=0x1F6E6B6B R2=0x206F6C6C )
(             libc.so[0xCBBEB000])[1C F0 80 3C ]0x00022FE8:	ANDS	IP, IP, #0X80808080	;(IP=0x1F000303 )
(             libc.so[0xCBBEB000])[40 F0 0F 80 ]0x00022FEC:	BNE.W	#0XCBC0E00E
(             libc.so[0xCBBEB000])[A3 F1 01 3C ]0x00022FF0:	SUB.W	IP, R3, #0X1010101	;(R3=0x6D6F7266 )
(             libc.so[0xCBBEB000])[2C EA 03 0C ]0x00022FF4:	BIC.W	IP, IP, R3	;(IP=0x6C6E7165 R3=0x6D6F7266 )
(             libc.so[0xCBBEB000])[1C F0 80 3C ]0x00022FF8:	ANDS	IP, IP, #0X80808080	;(IP=0x00000101 )
(             libc.so[0xCBBEB000])[40 F0 1F 80 ]0x00022FFC:	BNE.W	#0XCBC0E03E
(             libc.so[0xCBBEB000])[FF F7 EA BF ]0x00023000:	B.W	#0XCBC0DFD8
(             libc.so[0xCBBEB000])[F1 E8 02 23 ]0x00022FD8:	LDRD	R2, R3, [R1], #8	;(R1=0xCBBDF8D0 )
(             libc.so[0xCBBEB000])[91 F8 40 F0 ]0x00022FDC:	PLD	[R1, #0X40]	;(R1=0xCBBDF8D8 )
(             libc.so[0xCBBEB000])[A2 F1 01 3C ]0x00022FE0:	SUB.W	IP, R2, #0X1010101	;(R2=0x2B2B4320 )
(             libc.so[0xCBBEB000])[2C EA 02 0C ]0x00022FE4:	BIC.W	IP, IP, R2	;(IP=0x2A2A421F R2=0x2B2B4320 )
(             libc.so[0xCBBEB000])[1C F0 80 3C ]0x00022FE8:	ANDS	IP, IP, #0X80808080	;(IP=0x0000001F )
(             libc.so[0xCBBEB000])[40 F0 0F 80 ]0x00022FEC:	BNE.W	#0XCBC0E00E
(             libc.so[0xCBBEB000])[A3 F1 01 3C ]0x00022FF0:	SUB.W	IP, R3, #0X1010101	;(R3=0x4C4E4F20 )
(             libc.so[0xCBBEB000])[2C EA 03 0C ]0x00022FF4:	BIC.W	IP, IP, R3	;(IP=0x4B4D4E1F R3=0x4C4E4F20 )
(             libc.so[0xCBBEB000])[1C F0 80 3C ]0x00022FF8:	ANDS	IP, IP, #0X80808080	;(IP=0x0301001F )
(             libc.so[0xCBBEB000])[40 F0 1F 80 ]0x00022FFC:	BNE.W	#0XCBC0E03E
(             libc.so[0xCBBEB000])[FF F7 EA BF ]0x00023000:	B.W	#0XCBC0DFD8
(             libc.so[0xCBBEB000])[F1 E8 02 23 ]0x00022FD8:	LDRD	R2, R3, [R1], #8	;(R1=0xCBBDF8D8 )
(             libc.so[0xCBBEB000])[91 F8 40 F0 ]0x00022FDC:	PLD	[R1, #0X40]	;(R1=0xCBBDF8E0 )
(             libc.so[0xCBBEB000])[A2 F1 01 3C ]0x00022FE0:	SUB.W	IP, R2, #0X1010101	;(R2=0x2144414F )
(             libc.so[0xCBBEB000])[2C EA 02 0C ]0x00022FE4:	BIC.W	IP, IP, R2	;(IP=0x2043404E R2=0x2144414F )
(             libc.so[0xCBBEB000])[1C F0 80 3C ]0x00022FE8:	ANDS	IP, IP, #0X80808080	;(IP=0x00030000 )
(             libc.so[0xCBBEB000])[40 F0 0F 80 ]0x00022FEC:	BNE.W	#0XCBC0E00E
(             libc.so[0xCBBEB000])[A3 F1 01 3C ]0x00022FF0:	SUB.W	IP, R3, #0X1010101	;(R3=0x74730021 )
(             libc.so[0xCBBEB000])[2C EA 03 0C ]0x00022FF4:	BIC.W	IP, IP, R3	;(IP=0x7371FF20 R3=0x74730021 )
(             libc.so[0xCBBEB000])[1C F0 80 3C ]0x00022FF8:	ANDS	IP, IP, #0X80808080	;(IP=0x0300FF00 )
(             libc.so[0xCBBEB000])[40 F0 1F 80 ]0x00022FFC:	BNE.W	#0XCBC0E03E
(             libc.so[0xCBBEB000])[A1 EB 00 00 ]0x0002303E:	SUB.W	R0, R1, R0	;(R1=0xCBBDF8E0 R0=0xCBBDF8C6 )
(             libc.so[0xCBBEB000])[5F EA 4C 43 ]0x00023042:	LSLS.W	R3, IP, #0X11	;(IP=0x00008000 )
(             libc.so[0xCBBEB000])[40 F0 09 80 ]0x00023046:	BNE.W	#0XCBC0E05C
(             libc.so[0xCBBEB000])[80 F0 0A 80 ]0x0002304A:	BHS.W	#0XCBC0E062
(             libc.so[0xCBBEB000])[A0 F1 03 00 ]0x00023062:	SUB.W	R0, R0, #3	;(R0=0x0000001A )
(             libc.so[0xCBBEB000])[70 47       ]0x00023066:	BX	LR	;(LR=0xCBBD3227 )
(libnative-lib_jni.so[0xCBBCB000])[02 B0       ]0x00008226:	ADD	SP, #8	;(SP=0x100FEA30 )
(libnative-lib_jni.so[0xCBBCB000])[80 BD       ]0x00008228:	POP	{R7, PC}	;(SP=0x100FEA38 )
(libnative-lib_jni.so[0xCBBCB000])[05 99       ]0x00007EA0:	LDR	R1, [SP, #0X14]	;(SP=0x100FEA40 )
(libnative-lib_jni.so[0xCBBCB000])[01 90       ]0x00007EA2:	STR	R0, [SP, #4]	;(R0=0x00000017 SP=0x100FEA40 )
(libnative-lib_jni.so[0xCBBCB000])[08 46       ]0x00007EA4:	MOV	R0, R1	;(R1=0x30060048 )
(libnative-lib_jni.so[0xCBBCB000])[02 99       ]0x00007EA6:	LDR	R1, [SP, #8]	;(SP=0x100FEA40 )
(libnative-lib_jni.so[0xCBBCB000])[01 9A       ]0x00007EA8:	LDR	R2, [SP, #4]	;(SP=0x100FEA40 )
(libnative-lib_jni.so[0xCBBCB000])[FF F7 BE EC ]0x00007EAA:	BLX	#0XCBBD2828	;(PC=0xCBBD2EAA )
(libnative-lib_jni.so[0xCBBCB000])[00 C6 8F E2 ]0x00007828:	ADD	IP, PC, #0, #12	;(PC=0xCBBD2828 )
(libnative-lib_jni.so[0xCBBCB000])[12 CA 8C E2 ]0x0000782C:	ADD	IP, IP, #0X12000	;(IP=0xCBBD2830 )
(libnative-lib_jni.so[0xCBBCB000])[30 F6 BC E5 ]0x00007830:	LDR	PC, [IP, #0X630]!	;(IP=0xCBBE4830 )
(libnative-lib_jni.so[0xCBBCB000])[D0 B5       ]0x0000807C:	PUSH	{R4, R6, R7, LR} ; _ZNSt6__ndk112basic_stringIcNS_11char_traitsIcEENS_9allocatorIcEEE6__initEPKcj	;(SP=0x100FEA40 R4=0x00010006 R6=0x00000000 R7=0x100FEAA0 LR=0xCBBD2EAF )
(libnative-lib_jni.so[0xCBBCB000])[02 AF       ]0x0000807E:	ADD	R7, SP, #8	;(SP=0x100FEA30 )
(libnative-lib_jni.so[0xCBBCB000])[BA B0       ]0x00008080:	SUB	SP, #0XE8	;(SP=0x100FEA30 )
(libnative-lib_jni.so[0xCBBCB000])[13 46       ]0x00008082:	MOV	R3, R2	;(R2=0x00000017 )
(libnative-lib_jni.so[0xCBBCB000])[8C 46       ]0x00008084:	MOV	IP, R1	;(R1=0xCBBDF8C6 )
(libnative-lib_jni.so[0xCBBCB000])[86 46       ]0x00008086:	MOV	LR, R0	;(R0=0x30060048 )
(libnative-lib_jni.so[0xCBBCB000])[60 4C       ]0x00008088:	LDR	R4, [PC, #0X180]	;(PC=0xCBBD3088 )
(libnative-lib_jni.so[0xCBBCB000])[7C 44       ]0x0000808A:	ADD	R4, PC	;(R4=0x00011D32 PC=0xCBBD308A )
(libnative-lib_jni.so[0xCBBCB000])[24 68       ]0x0000808C:	LDR	R4, [R4]	;(R4=0xCBBE4DC0 )
(libnative-lib_jni.so[0xCBBCB000])[24 68       ]0x0000808E:	LDR	R4, [R4]	;(R4=0xCBC39384 )
(libnative-lib_jni.so[0xCBBCB000])[39 94       ]0x00008090:	STR	R4, [SP, #0XE4]	;(R4=0x00001000 SP=0x100FE948 )
(libnative-lib_jni.so[0xCBBCB000])[09 90       ]0x00008092:	STR	R0, [SP, #0X24]	;(R0=0x30060048 SP=0x100FE948 )
(libnative-lib_jni.so[0xCBBCB000])[08 91       ]0x00008094:	STR	R1, [SP, #0X20]	;(R1=0xCBBDF8C6 SP=0x100FE948 )
(libnative-lib_jni.so[0xCBBCB000])[07 92       ]0x00008096:	STR	R2, [SP, #0X1C]	;(R2=0x00000017 SP=0x100FE948 )
(libnative-lib_jni.so[0xCBBCB000])[09 98       ]0x00008098:	LDR	R0, [SP, #0X24]	;(SP=0x100FE948 )
(libnative-lib_jni.so[0xCBBCB000])[07 99       ]0x0000809A:	LDR	R1, [SP, #0X1C]	;(SP=0x100FE948 )
(libnative-lib_jni.so[0xCBBCB000])[0B 90       ]0x0000809C:	STR	R0, [SP, #0X2C]	;(R0=0x30060048 SP=0x100FE948 )
(libnative-lib_jni.so[0xCBBCB000])[0B 9A       ]0x0000809E:	LDR	R2, [SP, #0X2C]	;(SP=0x100FE948 )
(libnative-lib_jni.so[0xCBBCB000])[0C 92       ]0x000080A0:	STR	R2, [SP, #0X30]	;(R2=0x30060048 SP=0x100FE948 )
(libnative-lib_jni.so[0xCBBCB000])[0C 9A       ]0x000080A2:	LDR	R2, [SP, #0X30]	;(SP=0x100FE948 )
(libnative-lib_jni.so[0xCBBCB000])[0D 92       ]0x000080A4:	STR	R2, [SP, #0X34]	;(R2=0x30060048 SP=0x100FE948 )
(libnative-lib_jni.so[0xCBBCB000])[0D 9A       ]0x000080A6:	LDR	R2, [SP, #0X34]	;(SP=0x100FE948 )
(libnative-lib_jni.so[0xCBBCB000])[0E 92       ]0x000080A8:	STR	R2, [SP, #0X38]	;(R2=0x30060048 SP=0x100FE948 )
(libnative-lib_jni.so[0xCBBCB000])[0E 9A       ]0x000080AA:	LDR	R2, [SP, #0X38]	;(SP=0x100FE948 )
(libnative-lib_jni.so[0xCBBCB000])[10 92       ]0x000080AC:	STR	R2, [SP, #0X40]	;(R2=0x30060048 SP=0x100FE948 )
(libnative-lib_jni.so[0xCBBCB000])[10 9A       ]0x000080AE:	LDR	R2, [SP, #0X40]	;(SP=0x100FE948 )
(libnative-lib_jni.so[0xCBBCB000])[11 92       ]0x000080B0:	STR	R2, [SP, #0X44]	;(R2=0x30060048 SP=0x100FE948 )
(libnative-lib_jni.so[0xCBBCB000])[11 9A       ]0x000080B2:	LDR	R2, [SP, #0X44]	;(SP=0x100FE948 )
(libnative-lib_jni.so[0xCBBCB000])[12 92       ]0x000080B4:	STR	R2, [SP, #0X48]	;(R2=0x30060048 SP=0x100FE948 )
(libnative-lib_jni.so[0xCBBCB000])[4F F0 FF 32 ]0x000080B6:	MOV.W	R2, #-1
(libnative-lib_jni.so[0xCBBCB000])[0A 92       ]0x000080BA:	STR	R2, [SP, #0X28]	;(R2=0xFFFFFFFF SP=0x100FE948 )
(libnative-lib_jni.so[0xCBBCB000])[0A 9A       ]0x000080BC:	LDR	R2, [SP, #0X28]	;(SP=0x100FE948 )
(libnative-lib_jni.so[0xCBBCB000])[10 3A       ]0x000080BE:	SUBS	R2, #0X10	;(R2=0xFFFFFFFF )
(libnative-lib_jni.so[0xCBBCB000])[91 42       ]0x000080C0:	CMP	R1, R2	;(R1=0x00000017 R2=0xFFFFFFEF )
(libnative-lib_jni.so[0xCBBCB000])[04 93       ]0x000080C2:	STR	R3, [SP, #0X10]	;(R3=0x00000017 SP=0x100FE948 )
(libnative-lib_jni.so[0xCBBCB000])[CD F8 0C C0 ]0x000080C4:	STR.W	IP, [SP, #0XC]	;(IP=0xCBBDF8C6 SP=0x100FE948 )
(libnative-lib_jni.so[0xCBBCB000])[CD F8 08 E0 ]0x000080C8:	STR.W	LR, [SP, #8]	;(LR=0x30060048 SP=0x100FE948 )
(libnative-lib_jni.so[0xCBBCB000])[01 90       ]0x000080CC:	STR	R0, [SP, #4]	;(R0=0x30060048 SP=0x100FE948 )
(libnative-lib_jni.so[0xCBBCB000])[03 D9       ]0x000080CE:	BLS	#0XCBBD30D8
(libnative-lib_jni.so[0xCBBCB000])[07 98       ]0x000080D8:	LDR	R0, [SP, #0X1C]	;(SP=0x100FE948 )
(libnative-lib_jni.so[0xCBBCB000])[0A 28       ]0x000080DA:	CMP	R0, #0XA	;(R0=0x00000017 )
(libnative-lib_jni.so[0xCBBCB000])[19 D8       ]0x000080DC:	BHI	#0XCBBD3112
(libnative-lib_jni.so[0xCBBCB000])[07 98       ]0x00008112:	LDR	R0, [SP, #0X1C]	;(SP=0x100FE948 )
(libnative-lib_jni.so[0xCBBCB000])[32 90       ]0x00008114:	STR	R0, [SP, #0XC8]	;(R0=0x00000017 SP=0x100FE948 )
(libnative-lib_jni.so[0xCBBCB000])[32 98       ]0x00008116:	LDR	R0, [SP, #0XC8]	;(SP=0x100FE948 )
(libnative-lib_jni.so[0xCBBCB000])[0A 28       ]0x00008118:	CMP	R0, #0XA	;(R0=0x00000017 )
(libnative-lib_jni.so[0xCBBCB000])[03 D8       ]0x0000811A:	BHI	#0XCBBD3124
(libnative-lib_jni.so[0xCBBCB000])[32 98       ]0x00008124:	LDR	R0, [SP, #0XC8]	;(SP=0x100FE948 )
(libnative-lib_jni.so[0xCBBCB000])[01 30       ]0x00008126:	ADDS	R0, #1	;(R0=0x00000017 )
(libnative-lib_jni.so[0xCBBCB000])[34 90       ]0x00008128:	STR	R0, [SP, #0XD0]	;(R0=0x00000018 SP=0x100FE948 )
(libnative-lib_jni.so[0xCBBCB000])[34 98       ]0x0000812A:	LDR	R0, [SP, #0XD0]	;(SP=0x100FE948 )
(libnative-lib_jni.so[0xCBBCB000])[0F 30       ]0x0000812C:	ADDS	R0, #0XF	;(R0=0x00000018 )
(libnative-lib_jni.so[0xCBBCB000])[20 F0 0F 00 ]0x0000812E:	BIC	R0, R0, #0XF	;(R0=0x00000027 )
(libnative-lib_jni.so[0xCBBCB000])[01 38       ]0x00008132:	SUBS	R0, #1	;(R0=0x00000020 )
(libnative-lib_jni.so[0xCBBCB000])[31 90       ]0x00008134:	STR	R0, [SP, #0XC4]	;(R0=0x0000001F SP=0x100FE948 )
(libnative-lib_jni.so[0xCBBCB000])[31 98       ]0x00008136:	LDR	R0, [SP, #0XC4]	;(SP=0x100FE948 )
(libnative-lib_jni.so[0xCBBCB000])[0B 28       ]0x00008138:	CMP	R0, #0XB	;(R0=0x0000001F )
(libnative-lib_jni.so[0xCBBCB000])[04 D1       ]0x0000813A:	BNE	#0XCBBD3146
(libnative-lib_jni.so[0xCBBCB000])[31 98       ]0x00008146:	LDR	R0, [SP, #0XC4]	;(SP=0x100FE948 )
(libnative-lib_jni.so[0xCBBCB000])[33 90       ]0x00008148:	STR	R0, [SP, #0XCC]	;(R0=0x0000001F SP=0x100FE948 )
(libnative-lib_jni.so[0xCBBCB000])[FF E7       ]0x0000814A:	B	#0XCBBD314C
(libnative-lib_jni.so[0xCBBCB000])[33 98       ]0x0000814C:	LDR	R0, [SP, #0XCC]	;(SP=0x100FE948 )
(libnative-lib_jni.so[0xCBBCB000])[05 90       ]0x0000814E:	STR	R0, [SP, #0X14]	;(R0=0x0000001F SP=0x100FE948 )
(libnative-lib_jni.so[0xCBBCB000])[01 98       ]0x00008150:	LDR	R0, [SP, #4]	;(SP=0x100FE948 )
(libnative-lib_jni.so[0xCBBCB000])[35 90       ]0x00008152:	STR	R0, [SP, #0XD4]	;(R0=0x30060048 SP=0x100FE948 )
(libnative-lib_jni.so[0xCBBCB000])[35 99       ]0x00008154:	LDR	R1, [SP, #0XD4]	;(SP=0x100FE948 )
(libnative-lib_jni.so[0xCBBCB000])[36 91       ]0x00008156:	STR	R1, [SP, #0XD8]	;(R1=0x30060048 SP=0x100FE948 )
(libnative-lib_jni.so[0xCBBCB000])[36 99       ]0x00008158:	LDR	R1, [SP, #0XD8]	;(SP=0x100FE948 )
(libnative-lib_jni.so[0xCBBCB000])[37 91       ]0x0000815A:	STR	R1, [SP, #0XDC]	;(R1=0x30060048 SP=0x100FE948 )
(libnative-lib_jni.so[0xCBBCB000])[37 99       ]0x0000815C:	LDR	R1, [SP, #0XDC]	;(SP=0x100FE948 )
(libnative-lib_jni.so[0xCBBCB000])[05 9A       ]0x0000815E:	LDR	R2, [SP, #0X14]	;(SP=0x100FE948 )
(libnative-lib_jni.so[0xCBBCB000])[01 32       ]0x00008160:	ADDS	R2, #1	;(R2=0x0000001F )
(libnative-lib_jni.so[0xCBBCB000])[2A 91       ]0x00008162:	STR	R1, [SP, #0XA8]	;(R1=0x30060048 SP=0x100FE948 )
(libnative-lib_jni.so[0xCBBCB000])[29 92       ]0x00008164:	STR	R2, [SP, #0XA4]	;(R2=0x00000020 SP=0x100FE948 )
(libnative-lib_jni.so[0xCBBCB000])[2A 99       ]0x00008166:	LDR	R1, [SP, #0XA8]	;(SP=0x100FE948 )
(libnative-lib_jni.so[0xCBBCB000])[29 9A       ]0x00008168:	LDR	R2, [SP, #0XA4]	;(SP=0x100FE948 )
(libnative-lib_jni.so[0xCBBCB000])[2D 91       ]0x0000816A:	STR	R1, [SP, #0XB4]	;(R1=0x30060048 SP=0x100FE948 )
(libnative-lib_jni.so[0xCBBCB000])[2C 92       ]0x0000816C:	STR	R2, [SP, #0XB0]	;(R2=0x00000020 SP=0x100FE948 )
(libnative-lib_jni.so[0xCBBCB000])[00 21       ]0x0000816E:	MOVS	R1, #0
(libnative-lib_jni.so[0xCBBCB000])[2B 91       ]0x00008170:	STR	R1, [SP, #0XAC]	;(R1=0x00000000 SP=0x100FE948 )
(libnative-lib_jni.so[0xCBBCB000])[2D 99       ]0x00008172:	LDR	R1, [SP, #0XB4]	;(SP=0x100FE948 )
(libnative-lib_jni.so[0xCBBCB000])[2E 91       ]0x00008174:	STR	R1, [SP, #0XB8]	;(R1=0x30060048 SP=0x100FE948 )
(libnative-lib_jni.so[0xCBBCB000])[2C 99       ]0x00008176:	LDR	R1, [SP, #0XB0]	;(SP=0x100FE948 )
(libnative-lib_jni.so[0xCBBCB000])[30 91       ]0x00008178:	STR	R1, [SP, #0XC0]	;(R1=0x00000020 SP=0x100FE948 )
(libnative-lib_jni.so[0xCBBCB000])[01 21       ]0x0000817A:	MOVS	R1, #1
(libnative-lib_jni.so[0xCBBCB000])[2F 91       ]0x0000817C:	STR	R1, [SP, #0XBC]	;(R1=0x00000001 SP=0x100FE948 )
(libnative-lib_jni.so[0xCBBCB000])[30 98       ]0x0000817E:	LDR	R0, [SP, #0XC0]	;(SP=0x100FE948 )
(libnative-lib_jni.so[0xCBBCB000])[FF F7 46 EB ]0x00008180:	BLX	#0XCBBD2810	;(PC=0xCBBD3180 )
(libnative-lib_jni.so[0xCBBCB000])[00 C6 8F E2 ]0x00007810:	ADD	IP, PC, #0, #12	;(PC=0xCBBD2810 )
(libnative-lib_jni.so[0xCBBCB000])[12 CA 8C E2 ]0x00007814:	ADD	IP, IP, #0X12000	;(IP=0xCBBD2818 )
(libnative-lib_jni.so[0xCBBCB000])[40 F6 BC E5 ]0x00007818:	LDR	PC, [IP, #0X640]!	;(IP=0xCBBE4818 )
(libnative-lib_jni.so[0xCBBCB000])[D0 B5       ]0x00008328:	PUSH	{R4, R6, R7, LR} ; _Znwj	;(SP=0x100FE948 R4=0x00001000 R6=0x00000000 R7=0x100FEA38 LR=0xCBBD3185 )
(libnative-lib_jni.so[0xCBBCB000])[02 AF       ]0x0000832A:	ADD	R7, SP, #8	;(SP=0x100FE938 )
(libnative-lib_jni.so[0xCBBCB000])[04 46       ]0x0000832C:	MOV	R4, R0	;(R0=0x00000020 )
(libnative-lib_jni.so[0xCBBCB000])[00 28       ]0x0000832E:	CMP	R0, #0	;(R0=0x00000020 )
(libnative-lib_jni.so[0xCBBCB000])[08 BF       ]0x00008330:	IT	EQ
(libnative-lib_jni.so[0xCBBCB000])[03 E0       ]0x00008334:	B	#0XCBBD333E
(libnative-lib_jni.so[0xCBBCB000])[20 46       ]0x0000833E:	MOV	R0, R4	;(R4=0x00000020 )
(libnative-lib_jni.so[0xCBBCB000])[FF F7 EA EA ]0x00008340:	BLX	#0XCBBD2918	;(PC=0xCBBD3340 )
(libnative-lib_jni.so[0xCBBCB000])[00 C6 8F E2 ]0x00007918:	ADD	IP, PC, #0, #12	;(PC=0xCBBD2918 )
(libnative-lib_jni.so[0xCBBCB000])[12 CA 8C E2 ]0x0000791C:	ADD	IP, IP, #0X12000	;(IP=0xCBBD2920 )
(libnative-lib_jni.so[0xCBBCB000])[90 F5 BC E5 ]0x00007920:	LDR	PC, [IP, #0X590]!	;(IP=0xCBBE4920 )
(             libc.so[0xCBBEB000])[08 B5       ]0x0000DBEC:	PUSH	{R3, LR} ; malloc	;(SP=0x100FE938 R3=0x00000017 LR=0xCBBD3345 )
(             libc.so[0xCBBEB000])[03 4B       ]0x0000DBEE:	LDR	R3, [PC, #0XC]	;(PC=0xCBBF8BEE )
(             libc.so[0xCBBEB000])[7B 44       ]0x0000DBF0:	ADD	R3, PC	;(R3=0x0003C40C PC=0xCBBF8BF0 )
(             libc.so[0xCBBEB000])[19 68       ]0x0000DBF2:	LDR	R1, [R3]	;(R3=0xCBC35000 )
(             libc.so[0xCBBEB000])[0A 68       ]0x0000DBF4:	LDR	R2, [R1]	;(R1=0xCBC34E00 )
(             libc.so[0xCBBEB000])[90 47       ]0x0000DBF6:	BLX	R2	;(PC=0xCBBF8BF6 R2=0xCBBFADCD )
(             libc.so[0xCBBEB000])[DF F8 A4 3B ]0x0000FDCC:	LDR.W	R3, [PC, #0XBA4] ; dlmalloc	;(PC=0xCBBFADCC )
(             libc.so[0xCBBEB000])[2D E9 F7 4F ]0x0000FDD0:	PUSH.W	{R0, R1, R2, R4, R5, R6, R7, R8, SB, SL, FP, LR}	;(SP=0x100FE930 R0=0x00000020 R1=0xCBC34E00 R2=0xCBBFADCD R4=0x00000020 R5=0x00000000 R6=0x00000000 R7=0x100FE940 R8=0x00000000 SB=0x00000000 SL=0x00000000 FP=0x00000000 LR=0xCBBF8BF9 )
(             libc.so[0xCBBEB000])[7B 44       ]0x0000FDD4:	ADD	R3, PC	;(R3=0x0003E588 PC=0xCBBFADD4 )
(             libc.so[0xCBBEB000])[04 46       ]0x0000FDD6:	MOV	R4, R0	;(R0=0x00000020 )
(             libc.so[0xCBBEB000])[18 68       ]0x0000FDD8:	LDR	R0, [R3]	;(R3=0xCBC39360 )
(             libc.so[0xCBBEB000])[08 B9       ]0x0000FDDA:	CBNZ	R0, #0XCBBFADE0	;(R0=0x305A95F8 )
(             libc.so[0xCBBEB000])[DF F8 94 1B ]0x0000FDE0:	LDR.W	R1, [PC, #0XB94]	;(PC=0xCBBFADE0 )
(             libc.so[0xCBBEB000])[79 44       ]0x0000FDE4:	ADD	R1, PC	;(R1=0x0003E398 PC=0xCBBFADE4 )
(             libc.so[0xCBBEB000])[D1 F8 BC 21 ]0x0000FDE6:	LDR.W	R2, [R1, #0X1BC]	;(R1=0xCBC39180 )
(             libc.so[0xCBBEB000])[93 07       ]0x0000FDEA:	LSLS	R3, R2, #0X1E	;(R2=0x00000007 )
(             libc.so[0xCBBEB000])[02 D4       ]0x0000FDEC:	BMI	#0XCBBFADF4
(             libc.so[0xCBBEB000])[01 F5 E0 70 ]0x0000FDF4:	ADD.W	R0, R1, #0X1C0	;(R1=0xCBC39180 )
(             libc.so[0xCBBEB000])[00 26       ]0x0000FDF8:	MOVS	R6, #0
(             libc.so[0xCBBEB000])[FE F7 F0 EC ]0x0000FDFA:	BLX	#0XCBBF97DC	;(PC=0xCBBFADFA )
(             libc.so[0xCBBEB000])[90 FF FF EA ]0x0000E7DC:	B	#0XCBBF9624 ; pthread_mutex_lock	;(PC=0xCBBF97DC )
(             libc.so[0xCBBEB000])[F0 41 2D E9 ]0x0000E624:	PUSH	{R4, R5, R6, R7, R8, LR}	;(SP=0x100FE900 R4=0x00000020 R5=0x00000000 R6=0x00000000 R7=0x100FE940 R8=0x00000000 LR=0xCBBFADFF )
(             libc.so[0xCBBEB000])[00 40 50 E2 ]0x0000E628:	SUBS	R4, R0, #0	;(R0=0xCBC39340 )
(             libc.so[0xCBBEB000])[1B 00 00 0A ]0x0000E62C:	BEQ	#0XCBBF96A0	;(PC=0xCBBF962C )
(             libc.so[0xCBBEB000])[00 50 94 E5 ]0x0000E630:	LDR	R5, [R4]	;(R4=0xCBC39340 )
(             libc.so[0xCBBEB000])[03 79 15 E2 ]0x0000E634:	ANDS	R7, R5, #0XC000	;(R5=0x00000000 )
(             libc.so[0xCBBEB000])[02 6A 05 E2 ]0x0000E638:	AND	R6, R5, #0X2000	;(R5=0x00000000 )
(             libc.so[0xCBBEB000])[19 00 00 1A ]0x0000E63C:	BNE	#0XCBBF96A8	;(PC=0xCBBF963C )
(             libc.so[0xCBBEB000])[01 00 86 E3 ]0x0000E640:	ORR	R0, R6, #1	;(R6=0x00000000 )
(             libc.so[0xCBBEB000])[9F 3F 94 E1 ]0x0000E644:	LDREX	R3, [R4]	;(R4=0xCBC39340 )
(             libc.so[0xCBBEB000])[00 10 A0 E3 ]0x0000E648:	MOV	R1, #0
(             libc.so[0xCBBEB000])[06 00 33 E1 ]0x0000E64C:	TEQ	R3, R6	;(R3=0x00000000 R6=0x00000000 )
(             libc.so[0xCBBEB000])[90 1F 84 01 ]0x0000E650:	STREXEQ	R1, R0, [R4]	;(R0=0x00000001 R4=0xCBC39340 )
(             libc.so[0xCBBEB000])[00 00 51 E3 ]0x0000E654:	CMP	R1, #0	;(R1=0x00000000 )
(             libc.so[0xCBBEB000])[F9 FF FF 1A ]0x0000E658:	BNE	#0XCBBF9644	;(PC=0xCBBF9658 )
(             libc.so[0xCBBEB000])[03 00 56 E1 ]0x0000E65C:	CMP	R6, R3	;(R6=0x00000000 R3=0x00000000 )
(             libc.so[0xCBBEB000])[02 50 86 13 ]0x0000E660:	ORRNE	R5, R6, #2	;(R6=0x00000000 )
(             libc.so[0xCBBEB000])[01 00 00 1A ]0x0000E664:	BNE	#0XCBBF9670	;(PC=0xCBBF9664 )
(             libc.so[0xCBBEB000])[09 00 00 EA ]0x0000E668:	B	#0XCBBF9694	;(PC=0xCBBF9668 )
(             libc.so[0xCBBEB000])[5F F0 7F F5 ]0x0000E694:	DMB	SY
(             libc.so[0xCBBEB000])[00 00 A0 E3 ]0x0000E698:	MOV	R0, #0
(             libc.so[0xCBBEB000])[F0 81 BD E8 ]0x0000E69C:	POP	{R4, R5, R6, R7, R8, PC}	;(SP=0x100FE8E8 )
(             libc.so[0xCBBEB000])[00 28       ]0x0000FDFE:	CMP	R0, #0	;(R0=0x00000000 )
(             libc.so[0xCBBEB000])[41 F0 6F 80 ]0x0000FE00:	BNE.W	#0XCBBFBEE2
(             libc.so[0xCBBEB000])[F3 E7       ]0x0000FE04:	B	#0XCBBFADEE
(             libc.so[0xCBBEB000])[F4 2C       ]0x0000FDEE:	CMP	R4, #0XF4	;(R4=0x00000020 )
(             libc.so[0xCBBEB000])[09 D9       ]0x0000FDF0:	BLS	#0XCBBFAE06
(             libc.so[0xCBBEB000])[0A 2C       ]0x0000FE06:	CMP	R4, #0XA	;(R4=0x00000020 )
(             libc.so[0xCBBEB000])[03 D9       ]0x0000FE08:	BLS	#0XCBBFAE12
(             libc.so[0xCBBEB000])[0B 34       ]0x0000FE0A:	ADDS	R4, #0XB	;(R4=0x00000020 )
(             libc.so[0xCBBEB000])[24 F0 07 04 ]0x0000FE0C:	BIC	R4, R4, #7	;(R4=0x0000002B )
(             libc.so[0xCBBEB000])[00 E0       ]0x0000FE10:	B	#0XCBBFAE14
(             libc.so[0xCBBEB000])[DF F8 68 3B ]0x0000FE14:	LDR.W	R3, [PC, #0XB68]	;(PC=0xCBBFAE14 )
(             libc.so[0xCBBEB000])[E2 08       ]0x0000FE18:	LSRS	R2, R4, #3	;(R4=0x00000028 )
(             libc.so[0xCBBEB000])[7B 44       ]0x0000FE1A:	ADD	R3, PC	;(R3=0x0003E362 PC=0xCBBFAE1A )
(             libc.so[0xCBBEB000])[18 68       ]0x0000FE1C:	LDR	R0, [R3]	;(R3=0xCBC39180 )
(             libc.so[0xCBBEB000])[20 FA 02 F1 ]0x0000FE1E:	LSR.W	R1, R0, R2	;(R0=0x00000000 R2=0x00000005 )
(             libc.so[0xCBBEB000])[01 90       ]0x0000FE22:	STR	R0, [SP, #4]	;(R0=0x00000000 SP=0x100FE900 )
(             libc.so[0xCBBEB000])[8E 07       ]0x0000FE24:	LSLS	R6, R1, #0X1E	;(R1=0x00000000 )
(             libc.so[0xCBBEB000])[21 D0       ]0x0000FE26:	BEQ	#0XCBBFAE6C
(             libc.so[0xCBBEB000])[9D 68       ]0x0000FE6C:	LDR	R5, [R3, #8]	;(R3=0xCBC39180 )
(             libc.so[0xCBBEB000])[AC 42       ]0x0000FE6E:	CMP	R4, R5	;(R4=0x00000028 R5=0x00000000 )
(             libc.so[0xCBBEB000])[40 F2 3F 83 ]0x0000FE70:	BLS.W	#0XCBBFB4F2
(             libc.so[0xCBBEB000])[00 29       ]0x0000FE74:	CMP	R1, #0	;(R1=0x00000000 )
(             libc.so[0xCBBEB000])[74 D0       ]0x0000FE76:	BEQ	#0XCBBFAF62
(             libc.so[0xCBBEB000])[D3 F8 04 80 ]0x0000FF62:	LDR.W	R8, [R3, #4]	;(R3=0xCBC39180 )
(             libc.so[0xCBBEB000])[B8 F1 00 0F ]0x0000FF66:	CMP.W	R8, #0	;(R8=0x00000000 )
(             libc.so[0xCBBEB000])[00 F0 C2 82 ]0x0000FF6A:	BEQ.W	#0XCBBFB4F2
(             libc.so[0xCBBEB000])[DF F8 E0 34 ]0x000104F2:	LDR.W	R3, [PC, #0X4E0]	;(PC=0xCBBFB4F2 )
(             libc.so[0xCBBEB000])[7B 44       ]0x000104F6:	ADD	R3, PC	;(R3=0x0003DC86 PC=0xCBBFB4F6 )
(             libc.so[0xCBBEB000])[98 68       ]0x000104F8:	LDR	R0, [R3, #8]	;(R3=0xCBC39180 )
(             libc.so[0xCBBEB000])[84 42       ]0x000104FA:	CMP	R4, R0	;(R4=0x00000028 R0=0x00000000 )
(             libc.so[0xCBBEB000])[19 D8       ]0x000104FC:	BHI	#0XCBBFB532
(             libc.so[0xCBBEB000])[DE 68       ]0x00010532:	LDR	R6, [R3, #0XC]	;(R3=0xCBC39180 )
(             libc.so[0xCBBEB000])[B4 42       ]0x00010534:	CMP	R4, R6	;(R4=0x00000028 R6=0x00000F88 )
(             libc.so[0xCBBEB000])[01 D2       ]0x00010536:	BHS	#0XCBBFB53C
(             libc.so[0xCBBEB000])[00 F0 7B BC ]0x00010538:	B.W	#0XCBBFBE32
(             libc.so[0xCBBEB000])[30 1B       ]0x00010E32:	SUBS	R0, R6, R4	;(R6=0x00000F88 R4=0x00000028 )
(             libc.so[0xCBBEB000])[9E 69       ]0x00010E34:	LDR	R6, [R3, #0X18]	;(R3=0xCBC39180 )
(             libc.so[0xCBBEB000])[D8 60       ]0x00010E36:	STR	R0, [R3, #0XC]	;(R0=0x00000F60 R3=0xCBC39180 )
(             libc.so[0xCBBEB000])[32 19       ]0x00010E38:	ADDS	R2, R6, R4	;(R6=0x30060050 R4=0x00000028 )
(             libc.so[0xCBBEB000])[9A 61       ]0x00010E3A:	STR	R2, [R3, #0X18]	;(R2=0x30060078 R3=0xCBC39180 )
(             libc.so[0xCBBEB000])[40 F0 01 03 ]0x00010E3C:	ORR	R3, R0, #1	;(R0=0x00000F60 )
(             libc.so[0xCBBEB000])[53 60       ]0x00010E40:	STR	R3, [R2, #4]	;(R3=0x00000F61 R2=0x30060078 )
(             libc.so[0xCBBEB000])[44 F0 03 04 ]0x00010E42:	ORR	R4, R4, #3	;(R4=0x00000028 )
(             libc.so[0xCBBEB000])[74 60       ]0x00010E46:	STR	R4, [R6, #4]	;(R4=0x0000002B R6=0x30060050 )
(             libc.so[0xCBBEB000])[08 36       ]0x00010E48:	ADDS	R6, #8	;(R6=0x30060050 )
(             libc.so[0xCBBEB000])[04 E0       ]0x00010E4A:	B	#0XCBBFBE56
(             libc.so[0xCBBEB000])[35 49       ]0x00010E56:	LDR	R1, [PC, #0XD4]	;(PC=0xCBBFBE56 )
(             libc.so[0xCBBEB000])[79 44       ]0x00010E58:	ADD	R1, PC	;(R1=0x0003D324 PC=0xCBBFBE58 )
(             libc.so[0xCBBEB000])[D1 F8 BC 21 ]0x00010E5A:	LDR.W	R2, [R1, #0X1BC]	;(R1=0xCBC39180 )
(             libc.so[0xCBBEB000])[93 07       ]0x00010E5E:	LSLS	R3, R2, #0X1E	;(R2=0x00000007 )
(             libc.so[0xCBBEB000])[3F D5       ]0x00010E60:	BPL	#0XCBBFBEE2
(             libc.so[0xCBBEB000])[01 F5 E0 70 ]0x00010E62:	ADD.W	R0, R1, #0X1C0	;(R1=0xCBC39180 )
(             libc.so[0xCBBEB000])[FD F7 3C ED ]0x00010E66:	BLX	#0XCBBF98E0	;(PC=0xCBBFBE66 )
(             libc.so[0xCBBEB000])[BE FF FF EA ]0x0000E8E0:	B	#0XCBBF97E0 ; pthread_mutex_unlock	;(PC=0xCBBF98E0 )
(             libc.so[0xCBBEB000])[70 40 2D E9 ]0x0000E7E0:	PUSH	{R4, R5, R6, LR}	;(SP=0x100FE900 R4=0x0000002B R5=0x00000000 R6=0x30060058 LR=0xCBBFBE6B )
(             libc.so[0xCBBEB000])[00 40 50 E2 ]0x0000E7E4:	SUBS	R4, R0, #0	;(R0=0xCBC39340 )
(             libc.so[0xCBBEB000])[08 D0 4D E2 ]0x0000E7E8:	SUB	SP, SP, #8	;(SP=0x100FE8F0 )
(             libc.so[0xCBBEB000])[2B 00 00 0A ]0x0000E7EC:	BEQ	#0XCBBF98A0	;(PC=0xCBBF97EC )
(             libc.so[0xCBBEB000])[00 50 94 E5 ]0x0000E7F0:	LDR	R5, [R4]	;(R4=0xCBC39340 )
(             libc.so[0xCBBEB000])[03 69 15 E2 ]0x0000E7F4:	ANDS	R6, R5, #0XC000	;(R5=0x00000001 )
(             libc.so[0xCBBEB000])[02 1A 05 E2 ]0x0000E7F8:	AND	R1, R5, #0X2000	;(R5=0x00000001 )
(             libc.so[0xCBBEB000])[11 00 00 1A ]0x0000E7FC:	BNE	#0XCBBF9848	;(PC=0xCBBF97FC )
(             libc.so[0xCBBEB000])[5F F0 7F F5 ]0x0000E800:	DMB	SY
(             libc.so[0xCBBEB000])[9F 2F 94 E1 ]0x0000E804:	LDREX	R2, [R4]	;(R4=0xCBC39340 )
(             libc.so[0xCBBEB000])[01 30 42 E2 ]0x0000E808:	SUB	R3, R2, #1	;(R2=0x00000001 )
(             libc.so[0xCBBEB000])[93 5F 84 E1 ]0x0000E80C:	STREX	R5, R3, [R4]	;(R3=0x00000000 R4=0xCBC39340 )
(             libc.so[0xCBBEB000])[00 00 55 E3 ]0x0000E810:	CMP	R5, #0	;(R5=0x00000000 )
(             libc.so[0xCBBEB000])[FA FF FF 1A ]0x0000E814:	BNE	#0XCBBF9804	;(PC=0xCBBF9814 )
(             libc.so[0xCBBEB000])[01 C0 81 E3 ]0x0000E818:	ORR	IP, R1, #1	;(R1=0x00000000 )
(             libc.so[0xCBBEB000])[0C 00 52 E1 ]0x0000E81C:	CMP	R2, IP	;(R2=0x00000001 IP=0x00000001 )
(             libc.so[0xCBBEB000])[06 00 00 0A ]0x0000E820:	BEQ	#0XCBBF9840	;(PC=0xCBBF9820 )
(             libc.so[0xCBBEB000])[00 00 A0 E3 ]0x0000E840:	MOV	R0, #0
(             libc.so[0xCBBEB000])[FB FF FF EA ]0x0000E844:	B	#0XCBBF9838	;(PC=0xCBBF9844 )
(             libc.so[0xCBBEB000])[08 D0 8D E2 ]0x0000E838:	ADD	SP, SP, #8	;(SP=0x100FE8E8 )
(             libc.so[0xCBBEB000])[70 80 BD E8 ]0x0000E83C:	POP	{R4, R5, R6, PC}	;(SP=0x100FE8F0 )
(             libc.so[0xCBBEB000])[3A E0       ]0x00010E6A:	B	#0XCBBFBEE2
(             libc.so[0xCBBEB000])[30 46       ]0x00010EE2:	MOV	R0, R6	;(R6=0x30060058 )
(             libc.so[0xCBBEB000])[BD E8 FE 8F ]0x00010EE4:	POP.W	{R1, R2, R3, R4, R5, R6, R7, R8, SB, SL, FP, PC}	;(SP=0x100FE900 )
(             libc.so[0xCBBEB000])[08 BD       ]0x0000DBF8:	POP	{R3, PC}	;(SP=0x100FE930 )
(libnative-lib_jni.so[0xCBBCB000])[00 28       ]0x00008344:	CMP	R0, #0	;(R0=0x30060058 )
(libnative-lib_jni.so[0xCBBCB000])[F6 D0       ]0x00008346:	BEQ	#0XCBBD3336
(libnative-lib_jni.so[0xCBBCB000])[D0 BD       ]0x00008348:	POP	{R4, R6, R7, PC}	;(SP=0x100FE938 )
(libnative-lib_jni.so[0xCBBCB000])[06 90       ]0x00008184:	STR	R0, [SP, #0X18]	;(R0=0x30060058 SP=0x100FE948 )
(libnative-lib_jni.so[0xCBBCB000])[06 98       ]0x00008186:	LDR	R0, [SP, #0X18]	;(SP=0x100FE948 )
(libnative-lib_jni.so[0xCBBCB000])[01 99       ]0x00008188:	LDR	R1, [SP, #4]	;(SP=0x100FE948 )
(libnative-lib_jni.so[0xCBBCB000])[26 91       ]0x0000818A:	STR	R1, [SP, #0X98]	;(R1=0x30060048 SP=0x100FE948 )
(libnative-lib_jni.so[0xCBBCB000])[25 90       ]0x0000818C:	STR	R0, [SP, #0X94]	;(R0=0x30060058 SP=0x100FE948 )
(libnative-lib_jni.so[0xCBBCB000])[26 98       ]0x0000818E:	LDR	R0, [SP, #0X98]	;(SP=0x100FE948 )
(libnative-lib_jni.so[0xCBBCB000])[25 9A       ]0x00008190:	LDR	R2, [SP, #0X94]	;(SP=0x100FE948 )
(libnative-lib_jni.so[0xCBBCB000])[27 90       ]0x00008192:	STR	R0, [SP, #0X9C]	;(R0=0x30060048 SP=0x100FE948 )
(libnative-lib_jni.so[0xCBBCB000])[27 98       ]0x00008194:	LDR	R0, [SP, #0X9C]	;(SP=0x100FE948 )
(libnative-lib_jni.so[0xCBBCB000])[28 90       ]0x00008196:	STR	R0, [SP, #0XA0]	;(R0=0x30060048 SP=0x100FE948 )
(libnative-lib_jni.so[0xCBBCB000])[28 98       ]0x00008198:	LDR	R0, [SP, #0XA0]	;(SP=0x100FE948 )
(libnative-lib_jni.so[0xCBBCB000])[82 60       ]0x0000819A:	STR	R2, [R0, #8]	;(R2=0x30060058 R0=0x30060048 )
(libnative-lib_jni.so[0xCBBCB000])[05 98       ]0x0000819C:	LDR	R0, [SP, #0X14]	;(SP=0x100FE948 )
(libnative-lib_jni.so[0xCBBCB000])[01 30       ]0x0000819E:	ADDS	R0, #1	;(R0=0x0000001F )
(libnative-lib_jni.so[0xCBBCB000])[22 91       ]0x000081A0:	STR	R1, [SP, #0X88]	;(R1=0x30060048 SP=0x100FE948 )
(libnative-lib_jni.so[0xCBBCB000])[21 90       ]0x000081A2:	STR	R0, [SP, #0X84]	;(R0=0x00000020 SP=0x100FE948 )
(libnative-lib_jni.so[0xCBBCB000])[22 98       ]0x000081A4:	LDR	R0, [SP, #0X88]	;(SP=0x100FE948 )
(libnative-lib_jni.so[0xCBBCB000])[21 9A       ]0x000081A6:	LDR	R2, [SP, #0X84]	;(SP=0x100FE948 )
(libnative-lib_jni.so[0xCBBCB000])[42 F0 01 02 ]0x000081A8:	ORR	R2, R2, #1	;(R2=0x00000020 )
(libnative-lib_jni.so[0xCBBCB000])[23 90       ]0x000081AC:	STR	R0, [SP, #0X8C]	;(R0=0x30060048 SP=0x100FE948 )
(libnative-lib_jni.so[0xCBBCB000])[23 98       ]0x000081AE:	LDR	R0, [SP, #0X8C]	;(SP=0x100FE948 )
(libnative-lib_jni.so[0xCBBCB000])[24 90       ]0x000081B0:	STR	R0, [SP, #0X90]	;(R0=0x30060048 SP=0x100FE948 )
(libnative-lib_jni.so[0xCBBCB000])[24 98       ]0x000081B2:	LDR	R0, [SP, #0X90]	;(SP=0x100FE948 )
(libnative-lib_jni.so[0xCBBCB000])[02 60       ]0x000081B4:	STR	R2, [R0]	;(R2=0x00000021 R0=0x30060048 )
(libnative-lib_jni.so[0xCBBCB000])[07 98       ]0x000081B6:	LDR	R0, [SP, #0X1C]	;(SP=0x100FE948 )
(libnative-lib_jni.so[0xCBBCB000])[1E 91       ]0x000081B8:	STR	R1, [SP, #0X78]	;(R1=0x30060048 SP=0x100FE948 )
(libnative-lib_jni.so[0xCBBCB000])[1D 90       ]0x000081BA:	STR	R0, [SP, #0X74]	;(R0=0x00000017 SP=0x100FE948 )
(libnative-lib_jni.so[0xCBBCB000])[1E 98       ]0x000081BC:	LDR	R0, [SP, #0X78]	;(SP=0x100FE948 )
(libnative-lib_jni.so[0xCBBCB000])[1D 9A       ]0x000081BE:	LDR	R2, [SP, #0X74]	;(SP=0x100FE948 )
(libnative-lib_jni.so[0xCBBCB000])[1F 90       ]0x000081C0:	STR	R0, [SP, #0X7C]	;(R0=0x30060048 SP=0x100FE948 )
(libnative-lib_jni.so[0xCBBCB000])[1F 98       ]0x000081C2:	LDR	R0, [SP, #0X7C]	;(SP=0x100FE948 )
(libnative-lib_jni.so[0xCBBCB000])[20 90       ]0x000081C4:	STR	R0, [SP, #0X80]	;(R0=0x30060048 SP=0x100FE948 )
(libnative-lib_jni.so[0xCBBCB000])[20 98       ]0x000081C6:	LDR	R0, [SP, #0X80]	;(SP=0x100FE948 )
(libnative-lib_jni.so[0xCBBCB000])[42 60       ]0x000081C8:	STR	R2, [R0, #4]	;(R2=0x00000017 R0=0x30060048 )
(libnative-lib_jni.so[0xCBBCB000])[FF E7       ]0x000081CA:	B	#0XCBBD31CC
(libnative-lib_jni.so[0xCBBCB000])[06 98       ]0x000081CC:	LDR	R0, [SP, #0X18]	;(SP=0x100FE948 )
(libnative-lib_jni.so[0xCBBCB000])[1C 90       ]0x000081CE:	STR	R0, [SP, #0X70]	;(R0=0x30060058 SP=0x100FE948 )
(libnative-lib_jni.so[0xCBBCB000])[1C 98       ]0x000081D0:	LDR	R0, [SP, #0X70]	;(SP=0x100FE948 )
(libnative-lib_jni.so[0xCBBCB000])[08 99       ]0x000081D2:	LDR	R1, [SP, #0X20]	;(SP=0x100FE948 )
(libnative-lib_jni.so[0xCBBCB000])[07 9A       ]0x000081D4:	LDR	R2, [SP, #0X1C]	;(SP=0x100FE948 )
(libnative-lib_jni.so[0xCBBCB000])[FF F7 5E EB ]0x000081D6:	BLX	#0XCBBD2894	;(PC=0xCBBD31D6 )
(libnative-lib_jni.so[0xCBBCB000])[00 C6 8F E2 ]0x00007894:	ADD	IP, PC, #0, #12	;(PC=0xCBBD2894 )
(libnative-lib_jni.so[0xCBBCB000])[12 CA 8C E2 ]0x00007898:	ADD	IP, IP, #0X12000	;(IP=0xCBBD289C )
(libnative-lib_jni.so[0xCBBCB000])[E8 F5 BC E5 ]0x0000789C:	LDR	PC, [IP, #0X5E8]!	;(IP=0xCBBE489C )
(libnative-lib_jni.so[0xCBBCB000])[80 B5       ]0x000082A0:	PUSH	{R7, LR} ; _ZNSt6__ndk111char_traitsIcE4copyEPcPKcj	;(SP=0x100FE948 R7=0x100FEA38 LR=0xCBBD31DB )
(libnative-lib_jni.so[0xCBBCB000])[6F 46       ]0x000082A2:	MOV	R7, SP	;(SP=0x100FE940 )
(libnative-lib_jni.so[0xCBBCB000])[8A B0       ]0x000082A4:	SUB	SP, #0X28	;(SP=0x100FE940 )
(libnative-lib_jni.so[0xCBBCB000])[13 46       ]0x000082A6:	MOV	R3, R2	;(R2=0x00000017 )
(libnative-lib_jni.so[0xCBBCB000])[8C 46       ]0x000082A8:	MOV	IP, R1	;(R1=0xCBBDF8C6 )
(libnative-lib_jni.so[0xCBBCB000])[86 46       ]0x000082AA:	MOV	LR, R0	;(R0=0x30060058 )
(libnative-lib_jni.so[0xCBBCB000])[09 90       ]0x000082AC:	STR	R0, [SP, #0X24]	;(R0=0x30060058 SP=0x100FE918 )
(libnative-lib_jni.so[0xCBBCB000])[08 91       ]0x000082AE:	STR	R1, [SP, #0X20]	;(R1=0xCBBDF8C6 SP=0x100FE918 )
(libnative-lib_jni.so[0xCBBCB000])[07 92       ]0x000082B0:	STR	R2, [SP, #0X1C]	;(R2=0x00000017 SP=0x100FE918 )
(libnative-lib_jni.so[0xCBBCB000])[07 98       ]0x000082B2:	LDR	R0, [SP, #0X1C]	;(SP=0x100FE918 )
(libnative-lib_jni.so[0xCBBCB000])[00 28       ]0x000082B4:	CMP	R0, #0	;(R0=0x00000017 )
(libnative-lib_jni.so[0xCBBCB000])[06 93       ]0x000082B6:	STR	R3, [SP, #0X18]	;(R3=0x00000017 SP=0x100FE918 )
(libnative-lib_jni.so[0xCBBCB000])[CD F8 14 C0 ]0x000082B8:	STR.W	IP, [SP, #0X14]	;(IP=0xCBBDF8C6 SP=0x100FE918 )
(libnative-lib_jni.so[0xCBBCB000])[CD F8 10 E0 ]0x000082BC:	STR.W	LR, [SP, #0X10]	;(LR=0x30060058 SP=0x100FE918 )
(libnative-lib_jni.so[0xCBBCB000])[03 D1       ]0x000082C0:	BNE	#0XCBBD32CA
(libnative-lib_jni.so[0xCBBCB000])[09 98       ]0x000082CA:	LDR	R0, [SP, #0X24]	;(SP=0x100FE918 )
(libnative-lib_jni.so[0xCBBCB000])[08 99       ]0x000082CC:	LDR	R1, [SP, #0X20]	;(SP=0x100FE918 )
(libnative-lib_jni.so[0xCBBCB000])[07 9A       ]0x000082CE:	LDR	R2, [SP, #0X1C]	;(SP=0x100FE918 )
(libnative-lib_jni.so[0xCBBCB000])[02 90       ]0x000082D0:	STR	R0, [SP, #8]	;(R0=0x30060058 SP=0x100FE918 )
(libnative-lib_jni.so[0xCBBCB000])[FF F7 0A EB ]0x000082D2:	BLX	#0XCBBD28E8	;(PC=0xCBBD32D2 )
(libnative-lib_jni.so[0xCBBCB000])[00 C6 8F E2 ]0x000078E8:	ADD	IP, PC, #0, #12	;(PC=0xCBBD28E8 )
(libnative-lib_jni.so[0xCBBCB000])[12 CA 8C E2 ]0x000078EC:	ADD	IP, IP, #0X12000	;(IP=0xCBBD28F0 )
(libnative-lib_jni.so[0xCBBCB000])[B0 F5 BC E5 ]0x000078F0:	LDR	PC, [IP, #0X5B0]!	;(IP=0xCBBE48F0 )
(             libc.so[0xCBBEB000])[E7 F7 22 BF ]0x0003A184:	B.W	#0XCBC0CFCC ; __aeabi_memcpy
(             libc.so[0xCBBEB000])[91 F8 40 F0 ]0x00021FCC:	PLD	[R1, #0X40] ; memcpy	;(R1=0xCBBDF8C6 )
(             libc.so[0xCBBEB000])[2D E9 01 40 ]0x00021FD0:	PUSH.W	{R0, LR}	;(SP=0x100FE918 R0=0x30060058 LR=0xCBBD32D7 )
(             libc.so[0xCBBEB000])[10 2A       ]0x00021FD4:	CMP	R2, #0X10 ; __memcpy_base	;(R2=0x00000017 )
(             libc.so[0xCBBEB000])[41 D3       ]0x00021FD6:	BLO	#0XCBC0D05C
(             libc.so[0xCBBEB000])[C0 F1 00 03 ]0x00021FD8:	RSB.W	R3, R0, #0	;(R0=0x30060058 )
(             libc.so[0xCBBEB000])[13 F0 0F 03 ]0x00021FDC:	ANDS	R3, R3, #0XF	;(R3=0xCFF9FFA8 )
(             libc.so[0xCBBEB000])[1D D0       ]0x00021FE0:	BEQ	#0XCBC0D01E
(             libc.so[0xCBBEB000])[A2 EB 03 02 ]0x00021FE2:	SUB.W	R2, R2, R3	;(R2=0x00000017 R3=0x00000008 )
(             libc.so[0xCBBEB000])[5F EA C3 7C ]0x00021FE6:	LSLS.W	IP, R3, #0X1F	;(R3=0x00000008 )
(             libc.so[0xCBBEB000])[44 BF       ]0x00021FEA:	ITT	MI
(             libc.so[0xCBBEB000])[21 BF       ]0x00021FF4:	ITTTT	HS
(             libc.so[0xCBBEB000])[5F EA 43 7C ]0x00022006:	LSLS.W	IP, R3, #0X1D	;(R3=0x00000008 )
(             libc.so[0xCBBEB000])[03 DA       ]0x0002200A:	BGE	#0XCBC0D014
(             libc.so[0xCBBEB000])[03 D3       ]0x00022014:	BLO	#0XCBC0D01E
(             libc.so[0xCBBEB000])[21 F9 0D 07 ]0x00022016:	VLD1.8	{D0}, [R1]!	;(R1=0xCBBDF8C6 )
(             libc.so[0xCBBEB000])[00 F9 1D 07 ]0x0002201A:	VST1.8	{D0}, [R0:0X40]!	;(D0=0x7266206F6C6C6548 R0=0x30060058 )
(             libc.so[0xCBBEB000])[40 3A       ]0x0002201E:	SUBS	R2, #0X40	;(R2=0x0000000F )
(             libc.so[0xCBBEB000])[0B D3       ]0x00022020:	BLO	#0XCBC0D03A
(             libc.so[0xCBBEB000])[20 32       ]0x0002203A:	ADDS	R2, #0X20	;(R2=0xFFFFFFCF )
(             libc.so[0xCBBEB000])[05 D3       ]0x0002203C:	BLO	#0XCBC0D04A
(             libc.so[0xCBBEB000])[02 F1 20 02 ]0x0002204A:	ADD.W	R2, R2, #0X20	;(R2=0xFFFFFFEF )
(             libc.so[0xCBBEB000])[12 F0 10 0F ]0x0002204E:	TST.W	R2, #0X10	;(R2=0x0000000F )
(             libc.so[0xCBBEB000])[03 D0       ]0x00022052:	BEQ	#0XCBC0D05C
(             libc.so[0xCBBEB000])[5F EA 42 7C ]0x0002205C:	LSLS.W	IP, R2, #0X1D	;(R2=0x0000000F )
(             libc.so[0xCBBEB000])[03 D3       ]0x00022060:	BLO	#0XCBC0D06A
(             libc.so[0xCBBEB000])[21 F9 0D 07 ]0x00022062:	VLD1.8	{D0}, [R1]!	;(R1=0xCBBDF8CE )
(             libc.so[0xCBBEB000])[00 F9 0D 07 ]0x00022066:	VST1.8	{D0}, [R0]!	;(D0=0x4F202B2B43206D6F R0=0x30060060 )
(             libc.so[0xCBBEB000])[03 DA       ]0x0002206A:	BGE	#0XCBC0D074
(             libc.so[0xCBBEB000])[A1 F9 0D 03 ]0x0002206C:	VLD4.8	{D0[0], D1[0], D2[0], D3[0]}, [R1]!	;(R1=0xCBBDF8D6 )
(             libc.so[0xCBBEB000])[80 F9 0D 03 ]0x00022070:	VST4.8	{D0[0], D1[0], D2[0], D3[0]}, [R0]!	;(D0=0x4F202B2B43206D4E D1=0x0000004C D2=0x0000004F D3=0x00000041 R0=0x30060068 )
(             libc.so[0xCBBEB000])[5F EA C2 7C ]0x00022074:	LSLS.W	IP, R2, #0X1F	;(R2=0x0000000F )
(             libc.so[0xCBBEB000])[44 BF       ]0x00022078:	ITT	MI
(             libc.so[0xCBBEB000])[11 F8 01 3B ]0x0002207A:	LDRB	R3, [R1], #1	;(R1=0xCBBDF8DA )
(             libc.so[0xCBBEB000])[00 F8 01 3B ]0x0002207E:	STRB	R3, [R0], #1	;(R3=0x00000044 R0=0x3006006C )
(             libc.so[0xCBBEB000])[21 BF       ]0x00022082:	ITTTT	HS
(             libc.so[0xCBBEB000])[11 F8 01 CB ]0x00022084:	LDRB	IP, [R1], #1	;(R1=0xCBBDF8DB )
(             libc.so[0xCBBEB000])[11 F8 01 EB ]0x00022088:	LDRB	LR, [R1], #1	;(R1=0xCBBDF8DC )
(             libc.so[0xCBBEB000])[00 F8 01 CB ]0x0002208C:	STRB	IP, [R0], #1	;(IP=0x00000021 R0=0x3006006D )
(             libc.so[0xCBBEB000])[00 F8 01 EB ]0x00022090:	STRB	LR, [R0], #1	;(LR=0x00000021 R0=0x3006006E )
(             libc.so[0xCBBEB000])[BD E8 01 40 ]0x00022094:	POP.W	{R0, LR}	;(SP=0x100FE910 )
(             libc.so[0xCBBEB000])[70 47       ]0x00022098:	BX	LR	;(LR=0xCBBD32D7 )
(libnative-lib_jni.so[0xCBBCB000])[02 99       ]0x000082D6:	LDR	R1, [SP, #8]	;(SP=0x100FE918 )
(libnative-lib_jni.so[0xCBBCB000])[01 90       ]0x000082D8:	STR	R0, [SP, #4]	;(R0=0x30060058 SP=0x100FE918 )
(libnative-lib_jni.so[0xCBBCB000])[03 91       ]0x000082DA:	STR	R1, [SP, #0XC]	;(R1=0x30060058 SP=0x100FE918 )
(libnative-lib_jni.so[0xCBBCB000])[FF E7       ]0x000082DC:	B	#0XCBBD32DE
(libnative-lib_jni.so[0xCBBCB000])[03 98       ]0x000082DE:	LDR	R0, [SP, #0XC]	;(SP=0x100FE918 )
(libnative-lib_jni.so[0xCBBCB000])[0A B0       ]0x000082E0:	ADD	SP, #0X28	;(SP=0x100FE918 )
(libnative-lib_jni.so[0xCBBCB000])[80 BD       ]0x000082E2:	POP	{R7, PC}	;(SP=0x100FE940 )
(libnative-lib_jni.so[0xCBBCB000])[06 99       ]0x000081DA:	LDR	R1, [SP, #0X18]	;(SP=0x100FE948 )
(libnative-lib_jni.so[0xCBBCB000])[07 9A       ]0x000081DC:	LDR	R2, [SP, #0X1C]	;(SP=0x100FE948 )
(libnative-lib_jni.so[0xCBBCB000])[11 44       ]0x000081DE:	ADD	R1, R2	;(R1=0x30060058 R2=0x00000017 )
(libnative-lib_jni.so[0xCBBCB000])[00 22       ]0x000081E0:	MOVS	R2, #0
(libnative-lib_jni.so[0xCBBCB000])[07 F8 0D 2C ]0x000081E2:	STRB	R2, [R7, #-0XD]	;(R2=0x00000000 R7=0x100FEA38 )
(libnative-lib_jni.so[0xCBBCB000])[A7 F1 0D 02 ]0x000081E6:	SUB.W	R2, R7, #0XD	;(R7=0x100FEA38 )
(libnative-lib_jni.so[0xCBBCB000])[00 90       ]0x000081EA:	STR	R0, [SP]	;(R0=0x30060058 SP=0x100FE948 )
(libnative-lib_jni.so[0xCBBCB000])[08 46       ]0x000081EC:	MOV	R0, R1	;(R1=0x3006006F )
(libnative-lib_jni.so[0xCBBCB000])[11 46       ]0x000081EE:	MOV	R1, R2	;(R2=0x100FEA2B )
(libnative-lib_jni.so[0xCBBCB000])[FF F7 56 EB ]0x000081F0:	BLX	#0XCBBD28A0	;(PC=0xCBBD31F0 )
(libnative-lib_jni.so[0xCBBCB000])[00 C6 8F E2 ]0x000078A0:	ADD	IP, PC, #0, #12	;(PC=0xCBBD28A0 )
(libnative-lib_jni.so[0xCBBCB000])[12 CA 8C E2 ]0x000078A4:	ADD	IP, IP, #0X12000	;(IP=0xCBBD28A8 )
(libnative-lib_jni.so[0xCBBCB000])[E0 F5 BC E5 ]0x000078A8:	LDR	PC, [IP, #0X5E0]!	;(IP=0xCBBE48A8 )
(libnative-lib_jni.so[0xCBBCB000])[84 B0       ]0x000082E4:	SUB	SP, #0X10 ; _ZNSt6__ndk111char_traitsIcE6assignERcRKc	;(SP=0x100FE948 )
(libnative-lib_jni.so[0xCBBCB000])[0A 46       ]0x000082E6:	MOV	R2, R1	;(R1=0x100FEA2B )
(libnative-lib_jni.so[0xCBBCB000])[03 46       ]0x000082E8:	MOV	R3, R0	;(R0=0x3006006F )
(libnative-lib_jni.so[0xCBBCB000])[03 90       ]0x000082EA:	STR	R0, [SP, #0XC]	;(R0=0x3006006F SP=0x100FE938 )
(libnative-lib_jni.so[0xCBBCB000])[02 91       ]0x000082EC:	STR	R1, [SP, #8]	;(R1=0x100FEA2B SP=0x100FE938 )
(libnative-lib_jni.so[0xCBBCB000])[02 98       ]0x000082EE:	LDR	R0, [SP, #8]	;(SP=0x100FE938 )
(libnative-lib_jni.so[0xCBBCB000])[00 78       ]0x000082F0:	LDRB	R0, [R0]	;(R0=0x100FEA2B )
(libnative-lib_jni.so[0xCBBCB000])[03 99       ]0x000082F2:	LDR	R1, [SP, #0XC]	;(SP=0x100FE938 )
(libnative-lib_jni.so[0xCBBCB000])[08 70       ]0x000082F4:	STRB	R0, [R1]	;(R0=0x00000000 R1=0x3006006F )
(libnative-lib_jni.so[0xCBBCB000])[01 92       ]0x000082F6:	STR	R2, [SP, #4]	;(R2=0x100FEA2B SP=0x100FE938 )
(libnative-lib_jni.so[0xCBBCB000])[00 93       ]0x000082F8:	STR	R3, [SP]	;(R3=0x3006006F SP=0x100FE938 )
(libnative-lib_jni.so[0xCBBCB000])[04 B0       ]0x000082FA:	ADD	SP, #0X10	;(SP=0x100FE938 )
(libnative-lib_jni.so[0xCBBCB000])[70 47       ]0x000082FC:	BX	LR	;(LR=0xCBBD31F5 )
(libnative-lib_jni.so[0xCBBCB000])[06 48       ]0x000081F4:	LDR	R0, [PC, #0X18]	;(PC=0xCBBD31F4 )
(libnative-lib_jni.so[0xCBBCB000])[78 44       ]0x000081F6:	ADD	R0, PC	;(R0=0x00011BC6 PC=0xCBBD31F6 )
(libnative-lib_jni.so[0xCBBCB000])[00 68       ]0x000081F8:	LDR	R0, [R0]	;(R0=0xCBBE4DC0 )
(libnative-lib_jni.so[0xCBBCB000])[00 68       ]0x000081FA:	LDR	R0, [R0]	;(R0=0xCBC39384 )
(libnative-lib_jni.so[0xCBBCB000])[39 99       ]0x000081FC:	LDR	R1, [SP, #0XE4]	;(SP=0x100FE948 )
(libnative-lib_jni.so[0xCBBCB000])[88 42       ]0x000081FE:	CMP	R0, R1	;(R0=0x00001000 R1=0x00001000 )
(libnative-lib_jni.so[0xCBBCB000])[02 D1       ]0x00008200:	BNE	#0XCBBD3208
(libnative-lib_jni.so[0xCBBCB000])[FF E7       ]0x00008202:	B	#0XCBBD3204
(libnative-lib_jni.so[0xCBBCB000])[3A B0       ]0x00008204:	ADD	SP, #0XE8	;(SP=0x100FE948 )
(libnative-lib_jni.so[0xCBBCB000])[D0 BD       ]0x00008206:	POP	{R4, R6, R7, PC}	;(SP=0x100FEA30 )
(libnative-lib_jni.so[0xCBBCB000])[FF E7       ]0x00007EAE:	B	#0XCBBD2EB0
(libnative-lib_jni.so[0xCBBCB000])[FF E7       ]0x00007EB0:	B	#0XCBBD2EB2
(libnative-lib_jni.so[0xCBBCB000])[15 48       ]0x00007EB2:	LDR	R0, [PC, #0X54]	;(PC=0xCBBD2EB2 )
(libnative-lib_jni.so[0xCBBCB000])[78 44       ]0x00007EB4:	ADD	R0, PC	;(R0=0x00011F04 PC=0xCBBD2EB4 )
(libnative-lib_jni.so[0xCBBCB000])[00 68       ]0x00007EB6:	LDR	R0, [R0]	;(R0=0xCBBE4DBC )
(libnative-lib_jni.so[0xCBBCB000])[04 99       ]0x00007EB8:	LDR	R1, [SP, #0X10]	;(SP=0x100FEA40 )
(libnative-lib_jni.so[0xCBBCB000])[01 60       ]0x00007EBA:	STR	R1, [R0]	;(R1=0x30060048 R0=0xCBBE5020 )
(libnative-lib_jni.so[0xCBBCB000])[06 20       ]0x00007EBC:	MOVS	R0, #6
(libnative-lib_jni.so[0xCBBCB000])[C0 F2 01 00 ]0x00007EBE:	MOVT	R0, #1	;(R0=0x00000006 )
(libnative-lib_jni.so[0xCBBCB000])[0D 90       ]0x00007EC2:	STR	R0, [SP, #0X34]	;(R0=0x00010006 SP=0x100FEA40 )
(libnative-lib_jni.so[0xCBBCB000])[05 E0       ]0x00007EC4:	B	#0XCBBD2ED2
(libnative-lib_jni.so[0xCBBCB000])[0D 98       ]0x00007ED2:	LDR	R0, [SP, #0X34]	;(SP=0x100FEA40 )
(libnative-lib_jni.so[0xCBBCB000])[0D 49       ]0x00007ED4:	LDR	R1, [PC, #0X34]	;(PC=0xCBBD2ED4 )
(libnative-lib_jni.so[0xCBBCB000])[79 44       ]0x00007ED6:	ADD	R1, PC	;(R1=0x00011EE6 PC=0xCBBD2ED6 )
(libnative-lib_jni.so[0xCBBCB000])[09 68       ]0x00007ED8:	LDR	R1, [R1]	;(R1=0xCBBE4DC0 )
(libnative-lib_jni.so[0xCBBCB000])[09 68       ]0x00007EDA:	LDR	R1, [R1]	;(R1=0xCBC39384 )
(libnative-lib_jni.so[0xCBBCB000])[15 9A       ]0x00007EDC:	LDR	R2, [SP, #0X54]	;(SP=0x100FEA40 )
(libnative-lib_jni.so[0xCBBCB000])[91 42       ]0x00007EDE:	CMP	R1, R2	;(R1=0x00001000 R2=0x00001000 )
(libnative-lib_jni.so[0xCBBCB000])[00 90       ]0x00007EE0:	STR	R0, [SP]	;(R0=0x00010006 SP=0x100FEA40 )
(libnative-lib_jni.so[0xCBBCB000])[06 D1       ]0x00007EE2:	BNE	#0XCBBD2EF2
(libnative-lib_jni.so[0xCBBCB000])[FF E7       ]0x00007EE4:	B	#0XCBBD2EE6
(libnative-lib_jni.so[0xCBBCB000])[00 98       ]0x00007EE6:	LDR	R0, [SP]	;(SP=0x100FEA40 )
(libnative-lib_jni.so[0xCBBCB000])[16 B0       ]0x00007EE8:	ADD	SP, #0X58	;(SP=0x100FEA40 )
(libnative-lib_jni.so[0xCBBCB000])[D0 BD       ]0x00007EEA:	POP	{R4, R6, R7, PC}	;(SP=0x100FEA98 )
(libnative-lib_jni.so[0xCBBCB000])[80 B5       ]0x00007FB8:	PUSH	{R7, LR} ; _Z13stringFromJNIP7_JNIEnvP8_jobject	;(SP=0x100FEAA8 R7=0x00000000 LR=0x03000000 )
(libnative-lib_jni.so[0xCBBCB000])[6F 46       ]0x00007FBA:	MOV	R7, SP	;(SP=0x100FEAA0 )
(libnative-lib_jni.so[0xCBBCB000])[96 B0       ]0x00007FBC:	SUB	SP, #0X58	;(SP=0x100FEAA0 )
(libnative-lib_jni.so[0xCBBCB000])[0A 46       ]0x00007FBE:	MOV	R2, R1	;(R1=0x00000002 )
(libnative-lib_jni.so[0xCBBCB000])[03 46       ]0x00007FC0:	MOV	R3, R0	;(R0=0x01000B1C )
(libnative-lib_jni.so[0xCBBCB000])[06 90       ]0x00007FC2:	STR	R0, [SP, #0X18]	;(R0=0x01000B1C SP=0x100FEA48 )
(libnative-lib_jni.so[0xCBBCB000])[05 91       ]0x00007FC4:	STR	R1, [SP, #0X14]	;(R1=0x00000002 SP=0x100FEA48 )
(libnative-lib_jni.so[0xCBBCB000])[06 98       ]0x00007FC6:	LDR	R0, [SP, #0X18]	;(SP=0x100FEA48 )
(libnative-lib_jni.so[0xCBBCB000])[20 49       ]0x00007FC8:	LDR	R1, [PC, #0X80]	;(PC=0xCBBD2FC8 )
(libnative-lib_jni.so[0xCBBCB000])[79 44       ]0x00007FCA:	ADD	R1, PC	;(R1=0x00011DEE PC=0xCBBD2FCA )
(libnative-lib_jni.so[0xCBBCB000])[09 68       ]0x00007FCC:	LDR	R1, [R1]	;(R1=0xCBBE4DBC )
(libnative-lib_jni.so[0xCBBCB000])[09 68       ]0x00007FCE:	LDR	R1, [R1]	;(R1=0xCBBE5020 )
(libnative-lib_jni.so[0xCBBCB000])[07 91       ]0x00007FD0:	STR	R1, [SP, #0X1C]	;(R1=0x30060048 SP=0x100FEA48 )
(libnative-lib_jni.so[0xCBBCB000])[07 99       ]0x00007FD2:	LDR	R1, [SP, #0X1C]	;(SP=0x100FEA48 )
(libnative-lib_jni.so[0xCBBCB000])[08 91       ]0x00007FD4:	STR	R1, [SP, #0X20]	;(R1=0x30060048 SP=0x100FEA48 )
(libnative-lib_jni.so[0xCBBCB000])[08 99       ]0x00007FD6:	LDR	R1, [SP, #0X20]	;(SP=0x100FEA48 )
(libnative-lib_jni.so[0xCBBCB000])[09 91       ]0x00007FD8:	STR	R1, [SP, #0X24]	;(R1=0x30060048 SP=0x100FEA48 )
(libnative-lib_jni.so[0xCBBCB000])[09 99       ]0x00007FDA:	LDR	R1, [SP, #0X24]	;(SP=0x100FEA48 )
(libnative-lib_jni.so[0xCBBCB000])[0A 91       ]0x00007FDC:	STR	R1, [SP, #0X28]	;(R1=0x30060048 SP=0x100FEA48 )
(libnative-lib_jni.so[0xCBBCB000])[DD F8 28 C0 ]0x00007FDE:	LDR.W	IP, [SP, #0X28]	;(SP=0x100FEA48 )
(libnative-lib_jni.so[0xCBBCB000])[CD F8 2C C0 ]0x00007FE2:	STR.W	IP, [SP, #0X2C]	;(IP=0x30060048 SP=0x100FEA48 )
(libnative-lib_jni.so[0xCBBCB000])[DD F8 2C C0 ]0x00007FE6:	LDR.W	IP, [SP, #0X2C]	;(SP=0x100FEA48 )
(libnative-lib_jni.so[0xCBBCB000])[CD F8 30 C0 ]0x00007FEA:	STR.W	IP, [SP, #0X30]	;(IP=0x30060048 SP=0x100FEA48 )
(libnative-lib_jni.so[0xCBBCB000])[DD F8 30 C0 ]0x00007FEE:	LDR.W	IP, [SP, #0X30]	;(SP=0x100FEA48 )
(libnative-lib_jni.so[0xCBBCB000])[9C F8 00 C0 ]0x00007FF2:	LDRB.W	IP, [IP]	;(IP=0x30060048 )
(libnative-lib_jni.so[0xCBBCB000])[4F EA CC 7C ]0x00007FF6:	LSL.W	IP, IP, #0X1F	;(IP=0x00000021 )
(libnative-lib_jni.so[0xCBBCB000])[BC F1 00 0F ]0x00007FFA:	CMP.W	IP, #0	;(IP=0x80000000 )
(libnative-lib_jni.so[0xCBBCB000])[04 92       ]0x00007FFE:	STR	R2, [SP, #0X10]	;(R2=0x00000002 SP=0x100FEA48 )
(libnative-lib_jni.so[0xCBBCB000])[03 93       ]0x00008000:	STR	R3, [SP, #0XC]	;(R3=0x01000B1C SP=0x100FEA48 )
(libnative-lib_jni.so[0xCBBCB000])[02 90       ]0x00008002:	STR	R0, [SP, #8]	;(R0=0x01000B1C SP=0x100FEA48 )
(libnative-lib_jni.so[0xCBBCB000])[01 91       ]0x00008004:	STR	R1, [SP, #4]	;(R1=0x30060048 SP=0x100FEA48 )
(libnative-lib_jni.so[0xCBBCB000])[0A D0       ]0x00008006:	BEQ	#0XCBBD301E
(libnative-lib_jni.so[0xCBBCB000])[FF E7       ]0x00008008:	B	#0XCBBD300A
(libnative-lib_jni.so[0xCBBCB000])[01 98       ]0x0000800A:	LDR	R0, [SP, #4]	;(SP=0x100FEA48 )
(libnative-lib_jni.so[0xCBBCB000])[12 90       ]0x0000800C:	STR	R0, [SP, #0X48]	;(R0=0x30060048 SP=0x100FEA48 )
(libnative-lib_jni.so[0xCBBCB000])[12 99       ]0x0000800E:	LDR	R1, [SP, #0X48]	;(SP=0x100FEA48 )
(libnative-lib_jni.so[0xCBBCB000])[13 91       ]0x00008010:	STR	R1, [SP, #0X4C]	;(R1=0x30060048 SP=0x100FEA48 )
(libnative-lib_jni.so[0xCBBCB000])[13 99       ]0x00008012:	LDR	R1, [SP, #0X4C]	;(SP=0x100FEA48 )
(libnative-lib_jni.so[0xCBBCB000])[14 91       ]0x00008014:	STR	R1, [SP, #0X50]	;(R1=0x30060048 SP=0x100FEA48 )
(libnative-lib_jni.so[0xCBBCB000])[14 99       ]0x00008016:	LDR	R1, [SP, #0X50]	;(SP=0x100FEA48 )
(libnative-lib_jni.so[0xCBBCB000])[89 68       ]0x00008018:	LDR	R1, [R1, #8]	;(R1=0x30060048 )
(libnative-lib_jni.so[0xCBBCB000])[00 91       ]0x0000801A:	STR	R1, [SP]	;(R1=0x30060058 SP=0x100FEA48 )
(libnative-lib_jni.so[0xCBBCB000])[0D E0       ]0x0000801C:	B	#0XCBBD303A
(libnative-lib_jni.so[0xCBBCB000])[00 98       ]0x0000803A:	LDR	R0, [SP]	;(SP=0x100FEA48 )
(libnative-lib_jni.so[0xCBBCB000])[15 90       ]0x0000803C:	STR	R0, [SP, #0X54]	;(R0=0x30060058 SP=0x100FEA48 )
(libnative-lib_jni.so[0xCBBCB000])[15 99       ]0x0000803E:	LDR	R1, [SP, #0X54]	;(SP=0x100FEA48 )
(libnative-lib_jni.so[0xCBBCB000])[02 98       ]0x00008040:	LDR	R0, [SP, #8]	;(SP=0x100FEA48 )
(libnative-lib_jni.so[0xCBBCB000])[FF F7 1C EC ]0x00008042:	BLX	#0XCBBD287C	;(PC=0xCBBD3042 )
(libnative-lib_jni.so[0xCBBCB000])[00 C6 8F E2 ]0x0000787C:	ADD	IP, PC, #0, #12	;(PC=0xCBBD287C )
(libnative-lib_jni.so[0xCBBCB000])[12 CA 8C E2 ]0x00007880:	ADD	IP, IP, #0X12000	;(IP=0xCBBD2884 )
(libnative-lib_jni.so[0xCBBCB000])[F8 F5 BC E5 ]0x00007884:	LDR	PC, [IP, #0X5F8]!	;(IP=0xCBBE4884 )
(libnative-lib_jni.so[0xCBBCB000])[80 B5       ]0x00008050:	PUSH	{R7, LR} ; _ZN7_JNIEnv12NewStringUTFEPKc	;(SP=0x100FEA48 R7=0x100FEAA0 LR=0xCBBD3047 )
(libnative-lib_jni.so[0xCBBCB000])[6F 46       ]0x00008052:	MOV	R7, SP	;(SP=0x100FEA40 )
(libnative-lib_jni.so[0xCBBCB000])[86 B0       ]0x00008054:	SUB	SP, #0X18	;(SP=0x100FEA40 )
(libnative-lib_jni.so[0xCBBCB000])[0A 46       ]0x00008056:	MOV	R2, R1	;(R1=0x30060058 )
(libnative-lib_jni.so[0xCBBCB000])[03 46       ]0x00008058:	MOV	R3, R0	;(R0=0x01000B1C )
(libnative-lib_jni.so[0xCBBCB000])[05 90       ]0x0000805A:	STR	R0, [SP, #0X14]	;(R0=0x01000B1C SP=0x100FEA28 )
(libnative-lib_jni.so[0xCBBCB000])[04 91       ]0x0000805C:	STR	R1, [SP, #0X10]	;(R1=0x30060058 SP=0x100FEA28 )
(libnative-lib_jni.so[0xCBBCB000])[05 98       ]0x0000805E:	LDR	R0, [SP, #0X14]	;(SP=0x100FEA28 )
(libnative-lib_jni.so[0xCBBCB000])[01 68       ]0x00008060:	LDR	R1, [R0]	;(R0=0x01000B1C )
(libnative-lib_jni.so[0xCBBCB000])[D1 F8 9C 12 ]0x00008062:	LDR.W	R1, [R1, #0X29C]	;(R1=0x01000778 )
(libnative-lib_jni.so[0xCBBCB000])[DD F8 10 C0 ]0x00008066:	LDR.W	IP, [SP, #0X10]	;(SP=0x100FEA28 )
(libnative-lib_jni.so[0xCBBCB000])[03 91       ]0x0000806A:	STR	R1, [SP, #0XC]	;(R1=0x0100056C SP=0x100FEA28 )
(libnative-lib_jni.so[0xCBBCB000])[61 46       ]0x0000806C:	MOV	R1, IP	;(IP=0x30060058 )
(libnative-lib_jni.so[0xCBBCB000])[DD F8 0C C0 ]0x0000806E:	LDR.W	IP, [SP, #0XC]	;(SP=0x100FEA28 )
(libnative-lib_jni.so[0xCBBCB000])[02 92       ]0x00008072:	STR	R2, [SP, #8]	;(R2=0x30060058 SP=0x100FEA28 )
(libnative-lib_jni.so[0xCBBCB000])[01 93       ]0x00008074:	STR	R3, [SP, #4]	;(R3=0x01000B1C SP=0x100FEA28 )
(libnative-lib_jni.so[0xCBBCB000])[E0 47       ]0x00008076:	BLX	IP	;(PC=0xCBBD3076 IP=0x0100056C )
(             unknown[0x00000000])[1E FF 2F E1 ]0x0100056C:	BX	LR
(libnative-lib_jni.so[0xCBBCB000])[06 B0       ]0x00008078:	ADD	SP, #0X18	;(SP=0x100FEA28 )
(libnative-lib_jni.so[0xCBBCB000])[80 BD       ]0x0000807A:	POP	{R7, PC}	;(SP=0x100FEA40 )
(libnative-lib_jni.so[0xCBBCB000])[16 B0       ]0x00008046:	ADD	SP, #0X58	;(SP=0x100FEA48 )
(libnative-lib_jni.so[0xCBBCB000])[80 BD       ]0x00008048:	POP	{R7, PC}	;(SP=0x100FEAA0 )
